2023-12-24 20:36:06,491 [INFO] Activator:176 - 


2023-12-24 20:36:06,496 [INFO] Activator:177 - !SESSION log4j initialized
2023-12-24 20:36:11,436 [INFO] LogOutputStream:77 - [STDOUT_REDIRECT] 
2023-12-24 20:36:12,304 [INFO] ApplicationProperties:184 - Using Application install path: C:\ST\STM32CubeIDE_1.13.1\STM32CubeIDE\plugins\com.st.stm32cube.common.mx_6.9.1.202307191849
2023-12-24 20:36:12,321 [INFO] DbMcusXml:78 - Set database path to: C:\ST\STM32CubeIDE_1.13.1\STM32CubeIDE\plugins\com.st.stm32cube.common.mx_6.9.1.202307191849\\db\/mcu/
2023-12-24 20:36:12,321 [INFO] ApiDb:274 - Set plugin database path to: C:\ST\STM32CubeIDE_1.13.1\STM32CubeIDE\plugins\com.st.stm32cube.common.mx_6.9.1.202307191849\\db\/plugins/boardmanager/
2023-12-24 20:36:12,321 [WARN] ApiDb:259 - Overriding images path with different value:  => C:\ST\STM32CubeIDE_1.13.1\STM32CubeIDE\plugins\com.st.stm32cube.common.mx_6.9.1.202307191849\\db\/plugins/mcufinder/images/
2023-12-24 20:36:12,331 [INFO] ApiDb:250 - Set database path to: C:\Users\vinee\.stmcufinder\plugins\mcufinder//mcu/
2023-12-24 20:36:12,332 [INFO] DbMcusAds:125 - Set database path to: C:\Users\vinee\.stmcufinder\plugins\mcufinder//mcu/
2023-12-24 20:36:12,334 [INFO] CrossReferenceDbSqlite:203 - Set database path to: C:\Users\vinee\.stmcufinder\plugins\mcufinder//mcu/cs/
2023-12-24 20:36:12,434 [INFO] RulesReader:64 - Compatibility file has been processed (293 Rules)
2023-12-24 20:36:12,512 [INFO] DbMcusXml:78 - Set database path to: C:\ST\STM32CubeIDE_1.13.1\STM32CubeIDE\plugins\com.st.stm32cube.common.mx_6.9.1.202307191849\\db\/mcu/
2023-12-24 20:36:12,514 [INFO] ApiDb:274 - Set plugin database path to: C:\ST\STM32CubeIDE_1.13.1\STM32CubeIDE\plugins\com.st.stm32cube.common.mx_6.9.1.202307191849\\db\/plugins/boardmanager/
2023-12-24 20:36:12,514 [INFO] ApiDb:261 - Set plugin images path to: C:\ST\STM32CubeIDE_1.13.1\STM32CubeIDE\plugins\com.st.stm32cube.common.mx_6.9.1.202307191849\\db\/plugins/mcufinder/images/
2023-12-24 20:36:12,514 [WARN] DbFile:41 - Overriding database path with different value: C:\Users\vinee\.stmcufinder\plugins\mcufinder/ => C:\Users\vinee\.stmcufinder\plugins\mcufinder
2023-12-24 20:36:12,514 [INFO] ApiDb:250 - Set database path to: C:\Users\vinee\.stmcufinder\plugins\mcufinder//mcu/
2023-12-24 20:36:12,514 [WARN] DbFile:41 - Overriding database path with different value: C:\Users\vinee\.stmcufinder\plugins\mcufinder/ => C:\Users\vinee\.stmcufinder\plugins\mcufinder
2023-12-24 20:36:12,514 [INFO] DbMcusAds:125 - Set database path to: C:\Users\vinee\.stmcufinder\plugins\mcufinder//mcu/
2023-12-24 20:36:12,514 [WARN] DbFile:41 - Overriding database path with different value: C:\Users\vinee\.stmcufinder\plugins\mcufinder/ => C:\Users\vinee\.stmcufinder\plugins\mcufinder
2023-12-24 20:36:12,514 [WARN] DbFile:41 - Overriding database path with different value: C:\Users\vinee\.stmcufinder\plugins\mcufinder/ => C:\Users\vinee\.stmcufinder\plugins\mcufinder
2023-12-24 20:36:12,514 [INFO] CrossReferenceDbSqlite:203 - Set database path to: C:\Users\vinee\.stmcufinder\plugins\mcufinder//mcu/cs/
2023-12-24 20:36:12,584 [INFO] MainPanel:262 - HeapMemory: 268435456
2023-12-24 20:36:12,669 [INFO] DbMcusXml:78 - Set database path to: C:\ST\STM32CubeIDE_1.13.1\STM32CubeIDE\plugins\com.st.stm32cube.common.mx_6.9.1.202307191849\\db\/mcu/
2023-12-24 20:36:12,669 [INFO] ApiDb:274 - Set plugin database path to: C:\ST\STM32CubeIDE_1.13.1\STM32CubeIDE\plugins\com.st.stm32cube.common.mx_6.9.1.202307191849\\db\/plugins/boardmanager/
2023-12-24 20:36:12,669 [INFO] ApiDb:261 - Set plugin images path to: C:\ST\STM32CubeIDE_1.13.1\STM32CubeIDE\plugins\com.st.stm32cube.common.mx_6.9.1.202307191849\\db\/plugins/mcufinder/images/
2023-12-24 20:36:12,670 [WARN] DbFile:41 - Overriding database path with different value: C:\Users\vinee\.stmcufinder\plugins\mcufinder/ => C:\Users\vinee\.stmcufinder\plugins\mcufinder
2023-12-24 20:36:12,670 [INFO] ApiDb:250 - Set database path to: C:\Users\vinee\.stmcufinder\plugins\mcufinder//mcu/
2023-12-24 20:36:12,670 [WARN] DbFile:41 - Overriding database path with different value: C:\Users\vinee\.stmcufinder\plugins\mcufinder/ => C:\Users\vinee\.stmcufinder\plugins\mcufinder
2023-12-24 20:36:12,670 [INFO] DbMcusAds:125 - Set database path to: C:\Users\vinee\.stmcufinder\plugins\mcufinder//mcu/
2023-12-24 20:36:12,670 [WARN] DbFile:41 - Overriding database path with different value: C:\Users\vinee\.stmcufinder\plugins\mcufinder/ => C:\Users\vinee\.stmcufinder\plugins\mcufinder
2023-12-24 20:36:12,670 [WARN] DbFile:41 - Overriding database path with different value: C:\Users\vinee\.stmcufinder\plugins\mcufinder/ => C:\Users\vinee\.stmcufinder\plugins\mcufinder
2023-12-24 20:36:12,670 [INFO] CrossReferenceDbSqlite:203 - Set database path to: C:\Users\vinee\.stmcufinder\plugins\mcufinder//mcu/cs/
2023-12-24 20:36:12,686 [INFO] ApplicationProperties:184 - Using Application install path: C:\ST\STM32CubeIDE_1.13.1\STM32CubeIDE\plugins\com.st.stm32cube.common.mx_6.9.1.202307191849
2023-12-24 20:36:12,687 [INFO] PluginManage:196 - Search for loadable plugins [exclusion list=, ]
2023-12-24 20:36:12,689 [INFO] PluginManage:310 - Check plugin analytics
2023-12-24 20:36:12,830 [INFO] AnalyticsPlugin:253 - Accepted Software Licenses: 
2023-12-24 20:36:12,830 [INFO] AnalyticsPlugin:255 - Accepted CMSIS Pack Licenses: 
2023-12-24 20:36:12,830 [INFO] AnalyticsPlugin:257 - Accepted Firmware Licenses: FW.F4.1.27.0
2023-12-24 20:36:12,833 [INFO] PluginManage:359 - Loaded plugin analytics (category:tool,tabindex:-1)
2023-12-24 20:36:12,834 [INFO] PluginManage:310 - Check plugin cadmodel
2023-12-24 20:36:12,846 [INFO] CADModel:105 - Init CAD model plugin
2023-12-24 20:36:12,846 [INFO] PluginManage:359 - Loaded plugin cadmodel (category:power,tabindex:5)
2023-12-24 20:36:12,846 [INFO] PluginManage:310 - Check plugin clock
2023-12-24 20:36:12,865 [INFO] PluginManage:359 - Loaded plugin clock (category:base,tabindex:2)
2023-12-24 20:36:12,865 [INFO] PluginManage:310 - Check plugin ddr
2023-12-24 20:36:12,867 [INFO] PluginManage:359 - Loaded plugin ddr (category:tool,tabindex:6)
2023-12-24 20:36:12,867 [INFO] PluginManage:310 - Check plugin filemanager
2023-12-24 20:36:12,989 [INFO] PluginManage:359 - Loaded plugin filemanager (category:base,tabindex:10)
2023-12-24 20:36:12,989 [INFO] PluginManage:310 - Check plugin ipmanager
2023-12-24 20:36:12,996 [INFO] PluginManage:359 - Loaded plugin ipmanager (category:base,tabindex:5)
2023-12-24 20:36:12,996 [INFO] PluginManage:310 - Check plugin lpbam
2023-12-24 20:36:13,009 [INFO] PluginManage:359 - Loaded plugin lpbam (category:base,tabindex:0)
2023-12-24 20:36:13,009 [INFO] PluginManage:310 - Check plugin memorymap
2023-12-24 20:36:13,030 [INFO] PluginManage:359 - Loaded plugin memorymap (category:base,tabindex:4)
2023-12-24 20:36:13,030 [INFO] PluginManage:310 - Check plugin pinoutandconfiguration
2023-12-24 20:36:13,043 [INFO] PluginManage:359 - Loaded plugin pinoutandconfiguration (category:base,tabindex:1)
2023-12-24 20:36:13,043 [INFO] PluginManage:310 - Check plugin pinoutconfig
2023-12-24 20:36:13,124 [WARN] SupportedApi:132 - Cannot load RTOS API schema: s4s-elt-must-match.1: The content of 'definitions' must match (annotation?, (simpleType | complexType)?, (unique | key | keyref)*)). A problem was found starting at: attribute.
2023-12-24 20:36:13,232 [INFO] PluginManage:359 - Loaded plugin pinoutconfig (category:base,tabindex:0)
2023-12-24 20:36:13,232 [INFO] PluginManage:310 - Check plugin power
2023-12-24 20:36:13,249 [INFO] PluginManage:359 - Loaded plugin power (category:power,tabindex:4)
2023-12-24 20:36:13,249 [INFO] PluginManage:310 - Check plugin projectmanager
2023-12-24 20:36:13,261 [INFO] PluginManage:359 - Loaded plugin projectmanager (category:projectmanager,tabindex:3)
2023-12-24 20:36:13,261 [INFO] PluginManage:310 - Check plugin thirdparty
2023-12-24 20:36:13,481 [INFO] PluginManage:359 - Loaded plugin thirdparty (category:base,tabindex:-1)
2023-12-24 20:36:13,481 [WARN] IntegrityCheckThread:84 - waiting for thirdparty lock release [integrity check]
2023-12-24 20:36:13,482 [INFO] PluginManage:310 - Check plugin tools
2023-12-24 20:36:13,482 [INFO] IntegrityCheckThread:86 - entering critical section [integrity check]
2023-12-24 20:36:13,482 [INFO] ThirdPartyUpdaterWithRetryManager:70 - Updater plugin not ready yet. [1/15]
2023-12-24 20:36:13,506 [INFO] PluginManage:359 - Loaded plugin tools (category:base,tabindex:7)
2023-12-24 20:36:13,506 [INFO] PluginManage:310 - Check plugin tutovideos
2023-12-24 20:36:13,684 [INFO] PluginManage:359 - Loaded plugin tutovideos (category:base,tabindex:-1)
2023-12-24 20:36:13,684 [INFO] PluginManage:310 - Check plugin updater
2023-12-24 20:36:13,695 [INFO] PluginManage:359 - Loaded plugin updater (category:base,tabindex:12)
2023-12-24 20:36:13,695 [INFO] PluginManage:310 - Check plugin userauth
2023-12-24 20:36:13,700 [INFO] UserAuth:113 - Init User Auth plugin
2023-12-24 20:36:13,700 [INFO] PluginManage:359 - Loaded plugin userauth (category:base,tabindex:14)
2023-12-24 20:36:13,700 [INFO] PluginManage:283 - PluginManage : Loaded plugins [17]
2023-12-24 20:36:13,884 [INFO] PinOutPanel:1499 - setPackage(No Configuration,No Configuration)
2023-12-24 20:36:13,975 [INFO] CADModel:165 - CPN selected for project level
2023-12-24 20:36:13,975 [INFO] CADModel:114 - Register for checkConnection events
2023-12-24 20:36:13,998 [INFO] IPUIPlugin:80 - create IPUIPlugin
2023-12-24 20:36:13,998 [INFO] PluginManager:220 - loadIPPluginJar : add adc
2023-12-24 20:36:14,030 [INFO] IPUIPlugin:80 - create IPUIPlugin
2023-12-24 20:36:14,030 [INFO] PluginManager:220 - loadIPPluginJar : add aes
2023-12-24 20:36:14,059 [INFO] IPUIPlugin:80 - create IPUIPlugin
2023-12-24 20:36:14,059 [INFO] PluginManager:220 - loadIPPluginJar : add can
2023-12-24 20:36:14,077 [INFO] IPUIPlugin:80 - create IPUIPlugin
2023-12-24 20:36:14,077 [INFO] PluginManager:220 - loadIPPluginJar : add comp
2023-12-24 20:36:14,102 [INFO] IPUIPlugin:80 - create IPUIPlugin
2023-12-24 20:36:14,102 [INFO] PluginManager:220 - loadIPPluginJar : add cryp
2023-12-24 20:36:14,123 [INFO] IPUIPlugin:80 - create IPUIPlugin
2023-12-24 20:36:14,123 [INFO] PluginManager:220 - loadIPPluginJar : add dfsdm
2023-12-24 20:36:14,138 [INFO] IPUIPlugin:80 - create IPUIPlugin
2023-12-24 20:36:14,139 [INFO] PluginManager:220 - loadIPPluginJar : add dma
2023-12-24 20:36:14,182 [INFO] IPUIPlugin:80 - create IPUIPlugin
2023-12-24 20:36:14,182 [INFO] PluginManager:220 - loadIPPluginJar : add dma3
2023-12-24 20:36:14,202 [INFO] IPUIPlugin:80 - create IPUIPlugin
2023-12-24 20:36:14,202 [INFO] PluginManager:220 - loadIPPluginJar : add fatfs
2023-12-24 20:36:14,256 [INFO] IPUIPlugin:80 - create IPUIPlugin
2023-12-24 20:36:14,256 [INFO] PluginManager:220 - loadIPPluginJar : add fmc
2023-12-24 20:36:14,271 [INFO] IPUIPlugin:80 - create IPUIPlugin
2023-12-24 20:36:14,271 [INFO] PluginManager:220 - loadIPPluginJar : add freertos
2023-12-24 20:36:14,300 [INFO] IPUIPlugin:80 - create IPUIPlugin
2023-12-24 20:36:14,300 [INFO] PluginManager:220 - loadIPPluginJar : add genericplugin
2023-12-24 20:36:14,387 [INFO] IPUIPlugin:80 - create IPUIPlugin
2023-12-24 20:36:14,388 [INFO] PluginManager:220 - loadIPPluginJar : add gfxmmu
2023-12-24 20:36:14,502 [INFO] IPUIPlugin:80 - create IPUIPlugin
2023-12-24 20:36:14,502 [INFO] PluginManager:220 - loadIPPluginJar : add gic
2023-12-24 20:36:14,513 [INFO] IPUIPlugin:80 - create IPUIPlugin
2023-12-24 20:36:14,513 [INFO] PluginManager:220 - loadIPPluginJar : add gpio
2023-12-24 20:36:14,587 [INFO] IPUIPlugin:80 - create IPUIPlugin
2023-12-24 20:36:14,587 [INFO] PluginManager:220 - loadIPPluginJar : add gtzc
2023-12-24 20:36:14,617 [INFO] IPUIPlugin:80 - create IPUIPlugin
2023-12-24 20:36:14,617 [INFO] PluginManager:220 - loadIPPluginJar : add hash
2023-12-24 20:36:14,669 [INFO] IPUIPlugin:80 - create IPUIPlugin
2023-12-24 20:36:14,670 [INFO] PluginManager:220 - loadIPPluginJar : add i2c
2023-12-24 20:36:14,707 [INFO] IPUIPlugin:80 - create IPUIPlugin
2023-12-24 20:36:14,707 [INFO] PluginManager:220 - loadIPPluginJar : add i2s
2023-12-24 20:36:14,742 [INFO] IPUIPlugin:80 - create IPUIPlugin
2023-12-24 20:36:14,742 [INFO] PluginManager:220 - loadIPPluginJar : add i3c
2023-12-24 20:36:14,832 [INFO] IPUIPlugin:80 - create IPUIPlugin
2023-12-24 20:36:14,833 [INFO] PluginManager:220 - loadIPPluginJar : add ipddr
2023-12-24 20:36:14,901 [INFO] IPUIPlugin:80 - create IPUIPlugin
2023-12-24 20:36:14,901 [INFO] PluginManager:220 - loadIPPluginJar : add linkedlist
2023-12-24 20:36:14,929 [INFO] IPUIPlugin:80 - create IPUIPlugin
2023-12-24 20:36:14,929 [INFO] PluginManager:220 - loadIPPluginJar : add lorawan
2023-12-24 20:36:14,960 [INFO] IPUIPlugin:80 - create IPUIPlugin
2023-12-24 20:36:14,960 [INFO] PluginManager:220 - loadIPPluginJar : add ltdc
2023-12-24 20:36:14,971 [INFO] IPUIPlugin:80 - create IPUIPlugin
2023-12-24 20:36:14,972 [INFO] PluginManager:220 - loadIPPluginJar : add mdma
2023-12-24 20:36:14,981 [INFO] IPUIPlugin:80 - create IPUIPlugin
2023-12-24 20:36:14,981 [INFO] PluginManager:220 - loadIPPluginJar : add nvic
2023-12-24 20:36:15,007 [INFO] IPUIPlugin:80 - create IPUIPlugin
2023-12-24 20:36:15,007 [INFO] PluginManager:220 - loadIPPluginJar : add opamp
2023-12-24 20:36:15,051 [INFO] IPUIPlugin:80 - create IPUIPlugin
2023-12-24 20:36:15,051 [INFO] PluginManager:220 - loadIPPluginJar : add openamp
2023-12-24 20:36:15,079 [INFO] IPUIPlugin:80 - create IPUIPlugin
2023-12-24 20:36:15,079 [INFO] PluginManager:220 - loadIPPluginJar : add pdm2pcm
2023-12-24 20:36:15,090 [INFO] IPUIPlugin:80 - create IPUIPlugin
2023-12-24 20:36:15,091 [INFO] PluginManager:220 - loadIPPluginJar : add plateformsettings
2023-12-24 20:36:15,105 [INFO] IPUIPlugin:80 - create IPUIPlugin
2023-12-24 20:36:15,106 [INFO] PluginManager:220 - loadIPPluginJar : add quadspi
2023-12-24 20:36:15,115 [INFO] IPUIPlugin:80 - create IPUIPlugin
2023-12-24 20:36:15,115 [INFO] PluginManager:220 - loadIPPluginJar : add resmgrutility
2023-12-24 20:36:15,151 [INFO] IPUIPlugin:80 - create IPUIPlugin
2023-12-24 20:36:15,151 [INFO] PluginManager:220 - loadIPPluginJar : add sai
2023-12-24 20:36:15,176 [INFO] IPUIPlugin:80 - create IPUIPlugin
2023-12-24 20:36:15,177 [INFO] PluginManager:220 - loadIPPluginJar : add spi
2023-12-24 20:36:15,221 [INFO] IPUIPlugin:80 - create IPUIPlugin
2023-12-24 20:36:15,221 [INFO] PluginManager:220 - loadIPPluginJar : add stm32_wpan
2023-12-24 20:36:15,241 [INFO] IPUIPlugin:80 - create IPUIPlugin
2023-12-24 20:36:15,241 [INFO] PluginManager:220 - loadIPPluginJar : add tim
2023-12-24 20:36:15,286 [INFO] IPUIPlugin:80 - create IPUIPlugin
2023-12-24 20:36:15,286 [INFO] PluginManager:220 - loadIPPluginJar : add touchsensing
2023-12-24 20:36:15,305 [INFO] IPUIPlugin:80 - create IPUIPlugin
2023-12-24 20:36:15,305 [INFO] PluginManager:220 - loadIPPluginJar : add tracer_emb
2023-12-24 20:36:15,324 [INFO] IPUIPlugin:80 - create IPUIPlugin
2023-12-24 20:36:15,324 [INFO] PluginManager:220 - loadIPPluginJar : add ts
2023-12-24 20:36:15,339 [INFO] IPUIPlugin:80 - create IPUIPlugin
2023-12-24 20:36:15,339 [INFO] PluginManager:220 - loadIPPluginJar : add tsc
2023-12-24 20:36:15,355 [INFO] IPUIPlugin:80 - create IPUIPlugin
2023-12-24 20:36:15,355 [INFO] PluginManager:220 - loadIPPluginJar : add ucpd
2023-12-24 20:36:15,385 [INFO] IPUIPlugin:80 - create IPUIPlugin
2023-12-24 20:36:15,385 [INFO] PluginManager:220 - loadIPPluginJar : add usart
2023-12-24 20:36:15,414 [INFO] IPUIPlugin:80 - create IPUIPlugin
2023-12-24 20:36:15,414 [INFO] PluginManager:220 - loadIPPluginJar : add usbx
2023-12-24 20:36:15,527 [INFO] CADModel:165 - CPN selected for project level
2023-12-24 20:36:15,527 [INFO] CADModel:114 - Register for checkConnection events
2023-12-24 20:36:15,527 [FATAL] Updater:308 - Updater called before beeing initialized
2023-12-24 20:36:15,527 [ERROR] CADModel:125 - Updater not yet initialized, retry later 
2023-12-24 20:36:15,651 [INFO] CADModel:165 - CPN selected for project level
2023-12-24 20:36:15,651 [INFO] CADModel:114 - Register for checkConnection events
2023-12-24 20:36:15,651 [FATAL] Updater:308 - Updater called before beeing initialized
2023-12-24 20:36:15,651 [ERROR] CADModel:125 - Updater not yet initialized, retry later 
2023-12-24 20:36:15,654 [FATAL] Updater:308 - Updater called before beeing initialized
2023-12-24 20:36:15,732 [FATAL] Updater:308 - Updater called before beeing initialized
2023-12-24 20:36:15,744 [INFO] DbMcusAds:53 - JSON generation date=Wed Nov 29 16:22:27 IST 2023 (1701255147349)
2023-12-24 20:36:15,744 [FATAL] Updater:308 - Updater called before beeing initialized
2023-12-24 20:36:15,773 [WARN] DetailPanel:346 - Failed to get advertising image, set to default
2023-12-24 20:36:15,851 [FATAL] Updater:308 - Updater called before beeing initialized
2023-12-24 20:36:15,852 [FATAL] Updater:308 - Updater called before beeing initialized
2023-12-24 20:36:15,852 [FATAL] Updater:308 - Updater called before beeing initialized
2023-12-24 20:36:15,852 [WARN] DetailPanel:346 - Failed to get advertising image, set to default
2023-12-24 20:36:15,853 [FATAL] Updater:308 - Updater called before beeing initialized
2023-12-24 20:36:15,896 [ERROR] Updater:1120 - MainUpdater not yet initialized. External WinMGr cannot be set.
2023-12-24 20:36:15,905 [INFO] Updater:1056 - Updater Version found : 6.9.1
2023-12-24 20:36:15,927 [INFO] ApplicationProperties:184 - Using Application install path: C:\ST\STM32CubeIDE_1.13.1\STM32CubeIDE\plugins\com.st.stm32cube.common.mx_6.9.1.202307191849
2023-12-24 20:36:16,039 [INFO] MainUpdater:2868 - connection check result : 10
2023-12-24 20:36:16,039 [INFO] MainUpdater:285 - Updater Check For Update Now.
2023-12-24 20:36:16,039 [INFO] MicroXplorer:498 - Change Database Version : DB.6.0.91
2023-12-24 20:36:16,056 [INFO] McuFinderGlobals:63 - Set McuFinder mode to 2 (CubeIDE integrated)
2023-12-24 20:36:16,056 [INFO] UserAuth:179 - activating auth plugin
2023-12-24 20:36:16,058 [INFO] UserAuth:393 - Internet connection configuration mode: 1
2023-12-24 20:36:16,098 [INFO] JxBrowserEngine:151 - Initiate JxBrowser Engine with user profile folder
2023-12-24 20:36:16,225 [INFO] CheckServerUpdateThread:120 - End of CheckServer Thread
2023-12-24 20:36:16,626 [WARN] PackLoader:240 - Cannot read IP mode file for STMicroelectronics.X-CUBE-SMBUS.2.1.0
2023-12-24 20:36:16,638 [WARN] PackLoader:240 - Cannot read IP mode file for STMicroelectronics.X-CUBE-TOUCHGFX.4.23.0
2023-12-24 20:36:16,669 [WARN] PackLoader:240 - Cannot read IP mode file for STMicroelectronics.X-CUBE-AZRTOS-F7.1.1.0
2023-12-24 20:36:16,686 [WARN] PackLoader:240 - Cannot read IP mode file for STMicroelectronics.FP-SNS-MOTENV1.4.3.2
2023-12-24 20:36:16,697 [WARN] PackLoader:240 - Cannot read IP mode file for STMicroelectronics.FP-SNS-FLIGHT1.5.0.2
2023-12-24 20:36:16,712 [WARN] PackLoader:240 - Cannot read IP mode file for STMicroelectronics.X-CUBE-DISPLAY.3.0.0
2023-12-24 20:36:16,728 [WARN] PackLoader:240 - Cannot read IP mode file for STMicroelectronics.X-CUBE-BLE1.7.0.0
2023-12-24 20:36:16,738 [WARN] PackLoader:240 - Cannot read IP mode file for emotas.I-CUBE-CANOPEN.1.3.0
2023-12-24 20:36:16,749 [WARN] PackLoader:240 - Cannot read IP mode file for STMicroelectronics.X-CUBE-TOUCHGFX.4.22.0
2023-12-24 20:36:16,759 [WARN] PackLoader:240 - Cannot read IP mode file for STMicroelectronics.FP-SNS-SMARTAG2.1.2.0
2023-12-24 20:36:16,775 [INFO] LogOutputStream:77 - [STDOUT_REDIRECT] 1 : Invalid condition id : UX_CORESTACK_Condition cause : null
2023-12-24 20:36:16,775 [INFO] LogOutputStream:77 - [STDOUT_REDIRECT] 1 : Invalid condition id : UX_CORESTACK_Condition cause : null
2023-12-24 20:36:16,776 [INFO] LogOutputStream:77 - [STDOUT_REDIRECT] 1 : Invalid condition id : UX_CORESTACK_Condition cause : null
2023-12-24 20:36:16,777 [INFO] LogOutputStream:77 - [STDOUT_REDIRECT] 1 : Invalid condition id : UX_CORESTACK_Condition cause : null
2023-12-24 20:36:16,777 [INFO] LogOutputStream:77 - [STDOUT_REDIRECT] 1 : Invalid condition id : UX_CORESTACK_Condition cause : null
2023-12-24 20:36:16,779 [WARN] PackLoader:240 - Cannot read IP mode file for STMicroelectronics.X-CUBE-AZRTOS-WL.2.0.0
2023-12-24 20:36:16,792 [WARN] PackLoader:240 - Cannot read IP mode file for WES.I-CUBE-Cesium.1.3.0
2023-12-24 20:36:16,801 [WARN] PackLoader:240 - Cannot read IP mode file for STMicroelectronics.X-CUBE-BLE2.3.3.0
2023-12-24 20:36:16,812 [WARN] PackLoader:240 - Cannot read IP mode file for STMicroelectronics.X-CUBE-ALGOBUILD.1.3.0
2023-12-24 20:36:16,836 [WARN] PackLoader:240 - Cannot read IP mode file for STMicroelectronics.X-CUBE-AZRTOS-G0.1.1.0
2023-12-24 20:36:16,849 [WARN] PackLoader:240 - Cannot read IP mode file for STMicroelectronics.X-CUBE-NFC4.3.0.0
2023-12-24 20:36:16,863 [WARN] PackLoader:240 - Cannot read IP mode file for STMicroelectronics.X-CUBE-BLEMGR.3.0.0
2023-12-24 20:36:16,875 [WARN] PackLoader:240 - Cannot read IP mode file for STMicroelectronics.FP-ATR-SIGFOX1.3.2.0
2023-12-24 20:36:16,904 [WARN] PackLoader:240 - Cannot read IP mode file for SEGGER.I-CUBE-embOS.1.3.1
2023-12-24 20:36:16,938 [WARN] PackLoader:240 - Cannot read IP mode file for STMicroelectronics.X-CUBE-GNSS1.6.0.0
2023-12-24 20:36:16,965 [WARN] PackLoader:240 - Cannot read IP mode file for STMicroelectronics.X-CUBE-AZRTOS-F4.1.1.0
2023-12-24 20:36:16,979 [WARN] PackLoader:240 - Cannot read IP mode file for wolfSSL.I-CUBE-wolfSSL.5.6.4
2023-12-24 20:36:16,989 [WARN] PackLoader:240 - Cannot read IP mode file for wolfSSL.I-CUBE-wolfSSL.5.6.3
2023-12-24 20:36:17,018 [WARN] PackLoader:240 - Cannot read IP mode file for STMicroelectronics.X-CUBE-AZRTOS-L5.2.0.0
2023-12-24 20:36:17,063 [WARN] PackLoader:240 - Cannot read IP mode file for STMicroelectronics.X-CUBE-MEMS1.9.6.0
2023-12-24 20:36:17,164 [WARN] PackLoader:240 - Cannot read IP mode file for STMicroelectronics.X-CUBE-EEPRMA1.4.2.0
2023-12-24 20:36:17,178 [WARN] PackLoader:240 - Cannot read IP mode file for ITTIA_DB.I-CUBE-ITTIADB.8.8.0
2023-12-24 20:36:17,193 [WARN] PackLoader:240 - Cannot read IP mode file for STMicroelectronics.X-CUBE-BLEMGR.2.0.0
2023-12-24 20:36:17,219 [WARN] ConditionMgr:438 - getConditionDescription Invalid condition id : UX DEVICE CLASS RTOS Condition cause : null
2023-12-24 20:36:17,219 [WARN] ConditionMgr:438 - getConditionDescription Invalid condition id : UX DEVICE CLASS RTOS Condition cause : null
2023-12-24 20:36:17,222 [WARN] PackLoader:240 - Cannot read IP mode file for STMicroelectronics.X-CUBE-AZRTOS-H7.3.1.0
2023-12-24 20:36:17,223 [WARN] ConditionMgr:1039 - genDependencies : Invalid condition id : UX DEVICE CLASS RTOS Condition cause : null
2023-12-24 20:36:17,223 [WARN] ConditionMgr:1039 - genDependencies : Invalid condition id : UX DEVICE CLASS RTOS Condition cause : null
2023-12-24 20:36:17,224 [WARN] ConditionMgr:1039 - genDependencies : Invalid condition id : UX DEVICE CLASS RTOS Condition cause : null
2023-12-24 20:36:17,224 [WARN] ConditionMgr:1039 - genDependencies : Invalid condition id : UX DEVICE CLASS RTOS Condition cause : null
2023-12-24 20:36:17,225 [WARN] ConditionMgr:1039 - genDependencies : Invalid condition id : UX DEVICE CLASS RTOS Condition cause : null
2023-12-24 20:36:17,236 [WARN] PackLoader:240 - Cannot read IP mode file for STMicroelectronics.X-CUBE-NFC7.1.0.1
2023-12-24 20:36:17,253 [WARN] PackLoader:240 - Cannot read IP mode file for STMicroelectronics.X-CUBE-NFC6.3.0.0
2023-12-24 20:36:17,266 [WARN] PackLoader:240 - Cannot read IP mode file for STMicroelectronics.X-CUBE-EEPRMA1.4.1.0
2023-12-24 20:36:17,278 [WARN] PackLoader:240 - Cannot read IP mode file for STMicroelectronics.X-CUBE-AI.8.1.0
2023-12-24 20:36:17,306 [WARN] ConditionMgr:438 - getConditionDescription Invalid condition id : LAN8742 Phy interface Condition cause : null
2023-12-24 20:36:17,307 [WARN] PackLoader:240 - Cannot read IP mode file for STMicroelectronics.X-CUBE-AZRTOS-L4.2.0.0
2023-12-24 20:36:17,308 [WARN] ConditionMgr:1039 - genDependencies : Invalid condition id : LAN8742 Phy interface Condition cause : null
2023-12-24 20:36:17,308 [WARN] ConditionMgr:1039 - genDependencies : Invalid condition id : LAN8742 Phy interface Condition cause : null
2023-12-24 20:36:17,308 [WARN] ConditionMgr:1039 - genDependencies : Invalid condition id : LAN8742 Phy interface Condition cause : null
2023-12-24 20:36:17,322 [WARN] PackLoader:240 - Cannot read IP mode file for STMicroelectronics.X-CUBE-SFXS2LP1.4.0.0
2023-12-24 20:36:17,333 [WARN] PackLoader:240 - Cannot read IP mode file for STMicroelectronics.X-CUBE-ISPU.1.1.0
2023-12-24 20:36:17,355 [WARN] ConditionMgr:438 - getConditionDescription Invalid condition id : UX DEVICE CLASS RTOS Condition cause : null
2023-12-24 20:36:17,355 [WARN] ConditionMgr:438 - getConditionDescription Invalid condition id : UX DEVICE CLASS RTOS Condition cause : null
2023-12-24 20:36:17,356 [WARN] PackLoader:240 - Cannot read IP mode file for STMicroelectronics.X-CUBE-AZRTOS-WB.2.0.0
2023-12-24 20:36:17,356 [WARN] ConditionMgr:1039 - genDependencies : Invalid condition id : UX DEVICE CLASS RTOS Condition cause : null
2023-12-24 20:36:17,356 [WARN] ConditionMgr:1039 - genDependencies : Invalid condition id : UX DEVICE CLASS RTOS Condition cause : null
2023-12-24 20:36:17,357 [WARN] ConditionMgr:1039 - genDependencies : Invalid condition id : UX DEVICE CLASS RTOS Condition cause : null
2023-12-24 20:36:17,357 [WARN] ConditionMgr:1039 - genDependencies : Invalid condition id : UX DEVICE CLASS RTOS Condition cause : null
2023-12-24 20:36:17,357 [WARN] ConditionMgr:1039 - genDependencies : Invalid condition id : UX DEVICE CLASS RTOS Condition cause : null
2023-12-24 20:36:17,374 [WARN] PackLoader:240 - Cannot read IP mode file for STMicroelectronics.X-CUBE-SUBG2.5.0.0
2023-12-24 20:36:17,393 [WARN] PackLoader:240 - Cannot read IP mode file for STMicroelectronics.X-CUBE-TOF1.3.3.1
2023-12-24 20:36:17,420 [WARN] PackLoader:240 - Cannot read IP mode file for STMicroelectronics.X-CUBE-AZRTOS-G4.2.0.0
2023-12-24 20:36:17,442 [WARN] PackLoader:240 - Cannot read IP mode file for Infineon.AIROC-Wi-Fi-Bluetooth-STM32.1.5.1
2023-12-24 20:36:17,456 [WARN] PackLoader:240 - Cannot read IP mode file for STMicroelectronics.FP-SNS-MOTENVWB1.1.3.1
2023-12-24 20:36:17,469 [WARN] PackLoader:240 - Cannot read IP mode file for STMicroelectronics.X-CUBE-ISPU.2.0.0
2023-12-24 20:36:17,508 [WARN] PackLoader:240 - Cannot read IP mode file for STMicroelectronics.X-CUBE-MEMS1.10.0.0
2023-12-24 20:36:17,593 [WARN] PackLoader:240 - Cannot read IP mode file for STMicroelectronics.X-CUBE-FREERTOS.1.1.0
2023-12-24 20:36:17,608 [WARN] PackLoader:240 - Cannot read IP mode file for portGmbH.I-Cube-SoM-uGOAL.1.1.0
2023-12-24 20:36:17,626 [WARN] PackLoader:240 - Cannot read IP mode file for STMicroelectronics.X-CUBE-ALS.1.0.1
2023-12-24 20:36:17,642 [WARN] PackLoader:240 - Cannot read IP mode file for STMicroelectronics.FP-ATR-ASTRA1.2.0.0
2023-12-24 20:36:17,678 [WARN] PackLoader:240 - Cannot read IP mode file for STMicroelectronics.X-CUBE-TOF1.3.4.0
2023-12-24 20:36:17,715 [WARN] PackLoader:240 - Cannot read IP mode file for STMicroelectronics.X-CUBE-AZRTOS-H7.3.2.0
2023-12-24 20:36:17,717 [INFO] ThirdParty:978 - Integrity check success = true
2023-12-24 20:36:17,717 [INFO] IntegrityCheckThread:100 - exiting critical section [integrity check]
2023-12-24 20:36:17,717 [INFO] IntegrityCheckThread:103 - End integrity checks thread
2023-12-24 20:36:18,448 [INFO] WebApp:157 - Instantiating new browser for Auth
2023-12-24 20:36:18,886 [INFO] WebApp:753 - Register for checkConnection events
2023-12-24 20:36:18,887 [INFO] WebApp:390 - Apply proxy settings
2023-12-24 20:36:18,887 [INFO] WebApp:475 - Chromium requires no authentication
2023-12-24 20:36:18,898 [INFO] WebApp:418 - Direct internet connection detected
2023-12-24 20:36:19,050 [INFO] WebApp:188 - Starting web application
2023-12-24 20:36:19,050 [INFO] WebApp:520 - Web application path used C:\ST\STM32CubeIDE_1.13.1\STM32CubeIDE\plugins\com.st.stm32cube.common.mx_6.9.1.202307191849\db\plugins\mcufinder\reactClient1\index.html
2023-12-24 20:36:39,766 [ERROR] LogOutputStream:75 - [STDERR_REDIRECT] SLF4J: Failed to load class "org.slf4j.impl.StaticLoggerBinder".
2023-12-24 20:36:39,766 [ERROR] LogOutputStream:75 - [STDERR_REDIRECT] SLF4J: Defaulting to no-operation (NOP) logger implementation
2023-12-24 20:36:39,767 [ERROR] LogOutputStream:75 - [STDERR_REDIRECT] SLF4J: See http://www.slf4j.org/codes.html#StaticLoggerBinder for further details.
