2023-12-21 01:03:11,096 [INFO] Activator:176 - 


2023-12-21 01:03:11,105 [INFO] Activator:177 - !SESSION log4j initialized
2023-12-21 01:03:18,005 [INFO] LogOutputStream:77 - [STDOUT_REDIRECT] 
2023-12-21 01:03:19,667 [INFO] ApplicationProperties:184 - Using Application install path: C:\ST\STM32CubeIDE_1.13.1\STM32CubeIDE\plugins\com.st.stm32cube.common.mx_6.9.1.202307191849
2023-12-21 01:03:19,685 [INFO] DbMcusXml:78 - Set database path to: C:\ST\STM32CubeIDE_1.13.1\STM32CubeIDE\plugins\com.st.stm32cube.common.mx_6.9.1.202307191849\\db\/mcu/
2023-12-21 01:03:19,685 [INFO] ApiDb:274 - Set plugin database path to: C:\ST\STM32CubeIDE_1.13.1\STM32CubeIDE\plugins\com.st.stm32cube.common.mx_6.9.1.202307191849\\db\/plugins/boardmanager/
2023-12-21 01:03:19,685 [WARN] ApiDb:259 - Overriding images path with different value:  => C:\ST\STM32CubeIDE_1.13.1\STM32CubeIDE\plugins\com.st.stm32cube.common.mx_6.9.1.202307191849\\db\/plugins/mcufinder/images/
2023-12-21 01:03:19,696 [INFO] ApiDb:250 - Set database path to: C:\Users\vinee\.stmcufinder\plugins\mcufinder//mcu/
2023-12-21 01:03:19,697 [INFO] DbMcusAds:125 - Set database path to: C:\Users\vinee\.stmcufinder\plugins\mcufinder//mcu/
2023-12-21 01:03:19,699 [INFO] CrossReferenceDbSqlite:203 - Set database path to: C:\Users\vinee\.stmcufinder\plugins\mcufinder//mcu/cs/
2023-12-21 01:03:19,827 [INFO] RulesReader:64 - Compatibility file has been processed (293 Rules)
2023-12-21 01:03:19,907 [INFO] DbMcusXml:78 - Set database path to: C:\ST\STM32CubeIDE_1.13.1\STM32CubeIDE\plugins\com.st.stm32cube.common.mx_6.9.1.202307191849\\db\/mcu/
2023-12-21 01:03:19,907 [INFO] ApiDb:274 - Set plugin database path to: C:\ST\STM32CubeIDE_1.13.1\STM32CubeIDE\plugins\com.st.stm32cube.common.mx_6.9.1.202307191849\\db\/plugins/boardmanager/
2023-12-21 01:03:19,907 [INFO] ApiDb:261 - Set plugin images path to: C:\ST\STM32CubeIDE_1.13.1\STM32CubeIDE\plugins\com.st.stm32cube.common.mx_6.9.1.202307191849\\db\/plugins/mcufinder/images/
2023-12-21 01:03:19,907 [WARN] DbFile:41 - Overriding database path with different value: C:\Users\vinee\.stmcufinder\plugins\mcufinder/ => C:\Users\vinee\.stmcufinder\plugins\mcufinder
2023-12-21 01:03:19,907 [INFO] ApiDb:250 - Set database path to: C:\Users\vinee\.stmcufinder\plugins\mcufinder//mcu/
2023-12-21 01:03:19,907 [WARN] DbFile:41 - Overriding database path with different value: C:\Users\vinee\.stmcufinder\plugins\mcufinder/ => C:\Users\vinee\.stmcufinder\plugins\mcufinder
2023-12-21 01:03:19,907 [INFO] DbMcusAds:125 - Set database path to: C:\Users\vinee\.stmcufinder\plugins\mcufinder//mcu/
2023-12-21 01:03:19,909 [WARN] DbFile:41 - Overriding database path with different value: C:\Users\vinee\.stmcufinder\plugins\mcufinder/ => C:\Users\vinee\.stmcufinder\plugins\mcufinder
2023-12-21 01:03:19,909 [WARN] DbFile:41 - Overriding database path with different value: C:\Users\vinee\.stmcufinder\plugins\mcufinder/ => C:\Users\vinee\.stmcufinder\plugins\mcufinder
2023-12-21 01:03:19,909 [INFO] CrossReferenceDbSqlite:203 - Set database path to: C:\Users\vinee\.stmcufinder\plugins\mcufinder//mcu/cs/
2023-12-21 01:03:19,981 [INFO] MainPanel:262 - HeapMemory: 268435456
2023-12-21 01:03:20,069 [INFO] DbMcusXml:78 - Set database path to: C:\ST\STM32CubeIDE_1.13.1\STM32CubeIDE\plugins\com.st.stm32cube.common.mx_6.9.1.202307191849\\db\/mcu/
2023-12-21 01:03:20,069 [INFO] ApiDb:274 - Set plugin database path to: C:\ST\STM32CubeIDE_1.13.1\STM32CubeIDE\plugins\com.st.stm32cube.common.mx_6.9.1.202307191849\\db\/plugins/boardmanager/
2023-12-21 01:03:20,069 [INFO] ApiDb:261 - Set plugin images path to: C:\ST\STM32CubeIDE_1.13.1\STM32CubeIDE\plugins\com.st.stm32cube.common.mx_6.9.1.202307191849\\db\/plugins/mcufinder/images/
2023-12-21 01:03:20,070 [WARN] DbFile:41 - Overriding database path with different value: C:\Users\vinee\.stmcufinder\plugins\mcufinder/ => C:\Users\vinee\.stmcufinder\plugins\mcufinder
2023-12-21 01:03:20,070 [INFO] ApiDb:250 - Set database path to: C:\Users\vinee\.stmcufinder\plugins\mcufinder//mcu/
2023-12-21 01:03:20,070 [WARN] DbFile:41 - Overriding database path with different value: C:\Users\vinee\.stmcufinder\plugins\mcufinder/ => C:\Users\vinee\.stmcufinder\plugins\mcufinder
2023-12-21 01:03:20,070 [INFO] DbMcusAds:125 - Set database path to: C:\Users\vinee\.stmcufinder\plugins\mcufinder//mcu/
2023-12-21 01:03:20,070 [WARN] DbFile:41 - Overriding database path with different value: C:\Users\vinee\.stmcufinder\plugins\mcufinder/ => C:\Users\vinee\.stmcufinder\plugins\mcufinder
2023-12-21 01:03:20,070 [WARN] DbFile:41 - Overriding database path with different value: C:\Users\vinee\.stmcufinder\plugins\mcufinder/ => C:\Users\vinee\.stmcufinder\plugins\mcufinder
2023-12-21 01:03:20,071 [INFO] CrossReferenceDbSqlite:203 - Set database path to: C:\Users\vinee\.stmcufinder\plugins\mcufinder//mcu/cs/
2023-12-21 01:03:20,087 [INFO] ApplicationProperties:184 - Using Application install path: C:\ST\STM32CubeIDE_1.13.1\STM32CubeIDE\plugins\com.st.stm32cube.common.mx_6.9.1.202307191849
2023-12-21 01:03:20,088 [INFO] PluginManage:196 - Search for loadable plugins [exclusion list=, ]
2023-12-21 01:03:20,089 [INFO] PluginManage:310 - Check plugin analytics
2023-12-21 01:03:20,241 [INFO] AnalyticsPlugin:253 - Accepted Software Licenses: 
2023-12-21 01:03:20,241 [INFO] AnalyticsPlugin:255 - Accepted CMSIS Pack Licenses: 
2023-12-21 01:03:20,241 [INFO] AnalyticsPlugin:257 - Accepted Firmware Licenses: FW.F4.1.27.0
2023-12-21 01:03:20,243 [INFO] PluginManage:359 - Loaded plugin analytics (category:tool,tabindex:-1)
2023-12-21 01:03:20,244 [INFO] PluginManage:310 - Check plugin cadmodel
2023-12-21 01:03:20,258 [INFO] CADModel:105 - Init CAD model plugin
2023-12-21 01:03:20,258 [INFO] PluginManage:359 - Loaded plugin cadmodel (category:power,tabindex:5)
2023-12-21 01:03:20,258 [INFO] PluginManage:310 - Check plugin clock
2023-12-21 01:03:20,278 [INFO] PluginManage:359 - Loaded plugin clock (category:base,tabindex:2)
2023-12-21 01:03:20,278 [INFO] PluginManage:310 - Check plugin ddr
2023-12-21 01:03:20,281 [INFO] PluginManage:359 - Loaded plugin ddr (category:tool,tabindex:6)
2023-12-21 01:03:20,281 [INFO] PluginManage:310 - Check plugin filemanager
2023-12-21 01:03:20,403 [INFO] PluginManage:359 - Loaded plugin filemanager (category:base,tabindex:10)
2023-12-21 01:03:20,403 [INFO] PluginManage:310 - Check plugin ipmanager
2023-12-21 01:03:20,409 [INFO] PluginManage:359 - Loaded plugin ipmanager (category:base,tabindex:5)
2023-12-21 01:03:20,409 [INFO] PluginManage:310 - Check plugin lpbam
2023-12-21 01:03:20,424 [INFO] PluginManage:359 - Loaded plugin lpbam (category:base,tabindex:0)
2023-12-21 01:03:20,424 [INFO] PluginManage:310 - Check plugin memorymap
2023-12-21 01:03:20,445 [INFO] PluginManage:359 - Loaded plugin memorymap (category:base,tabindex:4)
2023-12-21 01:03:20,445 [INFO] PluginManage:310 - Check plugin pinoutandconfiguration
2023-12-21 01:03:20,461 [INFO] PluginManage:359 - Loaded plugin pinoutandconfiguration (category:base,tabindex:1)
2023-12-21 01:03:20,461 [INFO] PluginManage:310 - Check plugin pinoutconfig
2023-12-21 01:03:20,543 [WARN] SupportedApi:132 - Cannot load RTOS API schema: s4s-elt-must-match.1: The content of 'definitions' must match (annotation?, (simpleType | complexType)?, (unique | key | keyref)*)). A problem was found starting at: attribute.
2023-12-21 01:03:20,651 [INFO] PluginManage:359 - Loaded plugin pinoutconfig (category:base,tabindex:0)
2023-12-21 01:03:20,651 [INFO] PluginManage:310 - Check plugin power
2023-12-21 01:03:20,668 [INFO] PluginManage:359 - Loaded plugin power (category:power,tabindex:4)
2023-12-21 01:03:20,669 [INFO] PluginManage:310 - Check plugin projectmanager
2023-12-21 01:03:20,680 [INFO] PluginManage:359 - Loaded plugin projectmanager (category:projectmanager,tabindex:3)
2023-12-21 01:03:20,680 [INFO] PluginManage:310 - Check plugin thirdparty
2023-12-21 01:03:20,918 [INFO] PluginManage:359 - Loaded plugin thirdparty (category:base,tabindex:-1)
2023-12-21 01:03:20,918 [INFO] PluginManage:310 - Check plugin tools
2023-12-21 01:03:20,918 [WARN] IntegrityCheckThread:84 - waiting for thirdparty lock release [integrity check]
2023-12-21 01:03:20,918 [INFO] IntegrityCheckThread:86 - entering critical section [integrity check]
2023-12-21 01:03:20,918 [INFO] ThirdPartyUpdaterWithRetryManager:70 - Updater plugin not ready yet. [1/15]
2023-12-21 01:03:20,950 [INFO] PluginManage:359 - Loaded plugin tools (category:base,tabindex:7)
2023-12-21 01:03:20,950 [INFO] PluginManage:310 - Check plugin tutovideos
2023-12-21 01:03:21,116 [INFO] PluginManage:359 - Loaded plugin tutovideos (category:base,tabindex:-1)
2023-12-21 01:03:21,117 [INFO] PluginManage:310 - Check plugin updater
2023-12-21 01:03:21,127 [INFO] PluginManage:359 - Loaded plugin updater (category:base,tabindex:12)
2023-12-21 01:03:21,127 [INFO] PluginManage:310 - Check plugin userauth
2023-12-21 01:03:21,131 [INFO] UserAuth:113 - Init User Auth plugin
2023-12-21 01:03:21,131 [INFO] PluginManage:359 - Loaded plugin userauth (category:base,tabindex:14)
2023-12-21 01:03:21,131 [INFO] PluginManage:283 - PluginManage : Loaded plugins [17]
2023-12-21 01:03:21,316 [INFO] PinOutPanel:1499 - setPackage(No Configuration,No Configuration)
2023-12-21 01:03:21,403 [INFO] CADModel:165 - CPN selected for project level
2023-12-21 01:03:21,403 [INFO] CADModel:114 - Register for checkConnection events
2023-12-21 01:03:21,426 [INFO] IPUIPlugin:80 - create IPUIPlugin
2023-12-21 01:03:21,426 [INFO] PluginManager:220 - loadIPPluginJar : add adc
2023-12-21 01:03:21,457 [INFO] IPUIPlugin:80 - create IPUIPlugin
2023-12-21 01:03:21,457 [INFO] PluginManager:220 - loadIPPluginJar : add aes
2023-12-21 01:03:21,494 [INFO] IPUIPlugin:80 - create IPUIPlugin
2023-12-21 01:03:21,494 [INFO] PluginManager:220 - loadIPPluginJar : add can
2023-12-21 01:03:21,516 [INFO] IPUIPlugin:80 - create IPUIPlugin
2023-12-21 01:03:21,517 [INFO] PluginManager:220 - loadIPPluginJar : add comp
2023-12-21 01:03:21,544 [INFO] IPUIPlugin:80 - create IPUIPlugin
2023-12-21 01:03:21,544 [INFO] PluginManager:220 - loadIPPluginJar : add cryp
2023-12-21 01:03:21,571 [INFO] IPUIPlugin:80 - create IPUIPlugin
2023-12-21 01:03:21,571 [INFO] PluginManager:220 - loadIPPluginJar : add dfsdm
2023-12-21 01:03:21,583 [INFO] IPUIPlugin:80 - create IPUIPlugin
2023-12-21 01:03:21,584 [INFO] PluginManager:220 - loadIPPluginJar : add dma
2023-12-21 01:03:21,621 [INFO] IPUIPlugin:80 - create IPUIPlugin
2023-12-21 01:03:21,622 [INFO] PluginManager:220 - loadIPPluginJar : add dma3
2023-12-21 01:03:21,638 [INFO] IPUIPlugin:80 - create IPUIPlugin
2023-12-21 01:03:21,638 [INFO] PluginManager:220 - loadIPPluginJar : add fatfs
2023-12-21 01:03:21,673 [INFO] IPUIPlugin:80 - create IPUIPlugin
2023-12-21 01:03:21,673 [INFO] PluginManager:220 - loadIPPluginJar : add fmc
2023-12-21 01:03:21,686 [INFO] IPUIPlugin:80 - create IPUIPlugin
2023-12-21 01:03:21,686 [INFO] PluginManager:220 - loadIPPluginJar : add freertos
2023-12-21 01:03:21,705 [INFO] IPUIPlugin:80 - create IPUIPlugin
2023-12-21 01:03:21,705 [INFO] PluginManager:220 - loadIPPluginJar : add genericplugin
2023-12-21 01:03:21,773 [INFO] IPUIPlugin:80 - create IPUIPlugin
2023-12-21 01:03:21,773 [INFO] PluginManager:220 - loadIPPluginJar : add gfxmmu
2023-12-21 01:03:21,864 [INFO] IPUIPlugin:80 - create IPUIPlugin
2023-12-21 01:03:21,864 [INFO] PluginManager:220 - loadIPPluginJar : add gic
2023-12-21 01:03:21,875 [INFO] IPUIPlugin:80 - create IPUIPlugin
2023-12-21 01:03:21,875 [INFO] PluginManager:220 - loadIPPluginJar : add gpio
2023-12-21 01:03:21,944 [INFO] IPUIPlugin:80 - create IPUIPlugin
2023-12-21 01:03:21,944 [INFO] PluginManager:220 - loadIPPluginJar : add gtzc
2023-12-21 01:03:21,969 [INFO] IPUIPlugin:80 - create IPUIPlugin
2023-12-21 01:03:21,969 [INFO] PluginManager:220 - loadIPPluginJar : add hash
2023-12-21 01:03:22,011 [INFO] IPUIPlugin:80 - create IPUIPlugin
2023-12-21 01:03:22,011 [INFO] PluginManager:220 - loadIPPluginJar : add i2c
2023-12-21 01:03:22,045 [INFO] IPUIPlugin:80 - create IPUIPlugin
2023-12-21 01:03:22,046 [INFO] PluginManager:220 - loadIPPluginJar : add i2s
2023-12-21 01:03:22,081 [INFO] IPUIPlugin:80 - create IPUIPlugin
2023-12-21 01:03:22,082 [INFO] PluginManager:220 - loadIPPluginJar : add i3c
2023-12-21 01:03:22,173 [INFO] IPUIPlugin:80 - create IPUIPlugin
2023-12-21 01:03:22,173 [INFO] PluginManager:220 - loadIPPluginJar : add ipddr
2023-12-21 01:03:22,250 [INFO] IPUIPlugin:80 - create IPUIPlugin
2023-12-21 01:03:22,251 [INFO] PluginManager:220 - loadIPPluginJar : add linkedlist
2023-12-21 01:03:22,281 [INFO] IPUIPlugin:80 - create IPUIPlugin
2023-12-21 01:03:22,281 [INFO] PluginManager:220 - loadIPPluginJar : add lorawan
2023-12-21 01:03:22,313 [INFO] IPUIPlugin:80 - create IPUIPlugin
2023-12-21 01:03:22,313 [INFO] PluginManager:220 - loadIPPluginJar : add ltdc
2023-12-21 01:03:22,327 [INFO] IPUIPlugin:80 - create IPUIPlugin
2023-12-21 01:03:22,327 [INFO] PluginManager:220 - loadIPPluginJar : add mdma
2023-12-21 01:03:22,338 [INFO] IPUIPlugin:80 - create IPUIPlugin
2023-12-21 01:03:22,338 [INFO] PluginManager:220 - loadIPPluginJar : add nvic
2023-12-21 01:03:22,369 [INFO] IPUIPlugin:80 - create IPUIPlugin
2023-12-21 01:03:22,369 [INFO] PluginManager:220 - loadIPPluginJar : add opamp
2023-12-21 01:03:22,420 [INFO] IPUIPlugin:80 - create IPUIPlugin
2023-12-21 01:03:22,420 [INFO] PluginManager:220 - loadIPPluginJar : add openamp
2023-12-21 01:03:22,455 [INFO] IPUIPlugin:80 - create IPUIPlugin
2023-12-21 01:03:22,456 [INFO] PluginManager:220 - loadIPPluginJar : add pdm2pcm
2023-12-21 01:03:22,468 [INFO] IPUIPlugin:80 - create IPUIPlugin
2023-12-21 01:03:22,470 [INFO] PluginManager:220 - loadIPPluginJar : add plateformsettings
2023-12-21 01:03:22,488 [INFO] IPUIPlugin:80 - create IPUIPlugin
2023-12-21 01:03:22,488 [INFO] PluginManager:220 - loadIPPluginJar : add quadspi
2023-12-21 01:03:22,499 [INFO] IPUIPlugin:80 - create IPUIPlugin
2023-12-21 01:03:22,499 [INFO] PluginManager:220 - loadIPPluginJar : add resmgrutility
2023-12-21 01:03:22,541 [INFO] IPUIPlugin:80 - create IPUIPlugin
2023-12-21 01:03:22,541 [INFO] PluginManager:220 - loadIPPluginJar : add sai
2023-12-21 01:03:22,569 [INFO] IPUIPlugin:80 - create IPUIPlugin
2023-12-21 01:03:22,569 [INFO] PluginManager:220 - loadIPPluginJar : add spi
2023-12-21 01:03:22,614 [INFO] IPUIPlugin:80 - create IPUIPlugin
2023-12-21 01:03:22,614 [INFO] PluginManager:220 - loadIPPluginJar : add stm32_wpan
2023-12-21 01:03:22,633 [INFO] IPUIPlugin:80 - create IPUIPlugin
2023-12-21 01:03:22,633 [INFO] PluginManager:220 - loadIPPluginJar : add tim
2023-12-21 01:03:22,678 [INFO] IPUIPlugin:80 - create IPUIPlugin
2023-12-21 01:03:22,678 [INFO] PluginManager:220 - loadIPPluginJar : add touchsensing
2023-12-21 01:03:22,698 [INFO] IPUIPlugin:80 - create IPUIPlugin
2023-12-21 01:03:22,698 [INFO] PluginManager:220 - loadIPPluginJar : add tracer_emb
2023-12-21 01:03:22,718 [INFO] IPUIPlugin:80 - create IPUIPlugin
2023-12-21 01:03:22,718 [INFO] PluginManager:220 - loadIPPluginJar : add ts
2023-12-21 01:03:22,736 [INFO] IPUIPlugin:80 - create IPUIPlugin
2023-12-21 01:03:22,736 [INFO] PluginManager:220 - loadIPPluginJar : add tsc
2023-12-21 01:03:22,755 [INFO] IPUIPlugin:80 - create IPUIPlugin
2023-12-21 01:03:22,755 [INFO] PluginManager:220 - loadIPPluginJar : add ucpd
2023-12-21 01:03:22,792 [INFO] IPUIPlugin:80 - create IPUIPlugin
2023-12-21 01:03:22,792 [INFO] PluginManager:220 - loadIPPluginJar : add usart
2023-12-21 01:03:22,829 [INFO] IPUIPlugin:80 - create IPUIPlugin
2023-12-21 01:03:22,829 [INFO] PluginManager:220 - loadIPPluginJar : add usbx
2023-12-21 01:03:22,944 [INFO] CADModel:165 - CPN selected for project level
2023-12-21 01:03:22,945 [INFO] CADModel:114 - Register for checkConnection events
2023-12-21 01:03:22,945 [FATAL] Updater:308 - Updater called before beeing initialized
2023-12-21 01:03:22,945 [ERROR] CADModel:125 - Updater not yet initialized, retry later 
2023-12-21 01:03:23,075 [INFO] CADModel:165 - CPN selected for project level
2023-12-21 01:03:23,075 [INFO] CADModel:114 - Register for checkConnection events
2023-12-21 01:03:23,075 [FATAL] Updater:308 - Updater called before beeing initialized
2023-12-21 01:03:23,076 [ERROR] CADModel:125 - Updater not yet initialized, retry later 
2023-12-21 01:03:23,079 [FATAL] Updater:308 - Updater called before beeing initialized
2023-12-21 01:03:23,161 [FATAL] Updater:308 - Updater called before beeing initialized
2023-12-21 01:03:23,170 [INFO] DbMcusAds:53 - JSON generation date=Wed Nov 29 16:22:27 IST 2023 (1701255147349)
2023-12-21 01:03:23,171 [FATAL] Updater:308 - Updater called before beeing initialized
2023-12-21 01:03:23,204 [WARN] DetailPanel:346 - Failed to get advertising image, set to default
2023-12-21 01:03:23,296 [FATAL] Updater:308 - Updater called before beeing initialized
2023-12-21 01:03:23,298 [FATAL] Updater:308 - Updater called before beeing initialized
2023-12-21 01:03:23,298 [FATAL] Updater:308 - Updater called before beeing initialized
2023-12-21 01:03:23,298 [WARN] DetailPanel:346 - Failed to get advertising image, set to default
2023-12-21 01:03:23,299 [FATAL] Updater:308 - Updater called before beeing initialized
2023-12-21 01:03:23,356 [ERROR] Updater:1120 - MainUpdater not yet initialized. External WinMGr cannot be set.
2023-12-21 01:03:23,367 [INFO] Updater:1056 - Updater Version found : 6.9.1
2023-12-21 01:03:23,388 [INFO] ApplicationProperties:184 - Using Application install path: C:\ST\STM32CubeIDE_1.13.1\STM32CubeIDE\plugins\com.st.stm32cube.common.mx_6.9.1.202307191849
2023-12-21 01:03:23,575 [INFO] MainUpdater:2868 - connection check result : 10
2023-12-21 01:03:23,575 [INFO] MainUpdater:3562 - Updater definition file requires update
2023-12-21 01:03:23,576 [INFO] MainUpdater:285 - Updater Check For Update Now.
2023-12-21 01:03:23,576 [INFO] MicroXplorer:498 - Change Database Version : DB.6.0.91
2023-12-21 01:03:23,594 [INFO] McuFinderGlobals:63 - Set McuFinder mode to 2 (CubeIDE integrated)
2023-12-21 01:03:23,594 [INFO] UserAuth:179 - activating auth plugin
2023-12-21 01:03:23,596 [INFO] UserAuth:393 - Internet connection configuration mode: 1
2023-12-21 01:03:23,617 [INFO] JxBrowserEngine:151 - Initiate JxBrowser Engine with user profile folder
2023-12-21 01:03:23,921 [WARN] MainUpdater:1189 - Updater busy. Cannot search thirdparties
2023-12-21 01:03:23,921 [INFO] ThirdPartyUpdaterWithRetryManager:96 - Updater plugin is busy. [1/15]
2023-12-21 01:03:25,731 [INFO] ServerAccessManage:473 - Download File updaters.zip
2023-12-21 01:03:25,798 [INFO] FileExtend:240 - Unzip File : updaters.zip
2023-12-21 01:03:25,798 [INFO] FileExtend:255 - Standard Zip Deflate
2023-12-21 01:03:26,140 [INFO] WebApp:157 - Instantiating new browser for Auth
2023-12-21 01:03:26,870 [INFO] WebApp:753 - Register for checkConnection events
2023-12-21 01:03:26,870 [INFO] WebApp:390 - Apply proxy settings
2023-12-21 01:03:26,870 [INFO] WebApp:475 - Chromium requires no authentication
2023-12-21 01:03:26,881 [INFO] WebApp:418 - Direct internet connection detected
2023-12-21 01:03:26,926 [WARN] MainUpdater:1189 - Updater busy. Cannot search thirdparties
2023-12-21 01:03:26,926 [INFO] ThirdPartyUpdaterWithRetryManager:96 - Updater plugin is busy. [2/15]
2023-12-21 01:03:27,111 [INFO] WebApp:188 - Starting web application
2023-12-21 01:03:27,112 [INFO] WebApp:520 - Web application path used C:\ST\STM32CubeIDE_1.13.1\STM32CubeIDE\plugins\com.st.stm32cube.common.mx_6.9.1.202307191849\db\plugins\mcufinder\reactClient1\index.html
2023-12-21 01:03:27,846 [INFO] ServerAccessManage:473 - Download File PacksControlFlags.xml
2023-12-21 01:03:29,248 [INFO] ServerAccessManage:473 - Download File cubemx.pidx
2023-12-21 01:03:29,348 [INFO] LoadServerUpdatesThread:373 - End of LoadServerUpdate Thread
2023-12-21 01:03:29,509 [INFO] CheckServerUpdateThread:120 - End of CheckServer Thread
2023-12-21 01:03:30,081 [WARN] PackLoader:240 - Cannot read IP mode file for STMicroelectronics.X-CUBE-SMBUS.2.1.0
2023-12-21 01:03:30,096 [WARN] PackLoader:240 - Cannot read IP mode file for STMicroelectronics.X-CUBE-TOUCHGFX.4.23.0
2023-12-21 01:03:30,128 [WARN] PackLoader:240 - Cannot read IP mode file for STMicroelectronics.X-CUBE-AZRTOS-F7.1.1.0
2023-12-21 01:03:30,148 [WARN] PackLoader:240 - Cannot read IP mode file for STMicroelectronics.FP-SNS-MOTENV1.4.3.2
2023-12-21 01:03:30,161 [WARN] PackLoader:240 - Cannot read IP mode file for STMicroelectronics.FP-SNS-FLIGHT1.5.0.2
2023-12-21 01:03:30,174 [WARN] PackLoader:240 - Cannot read IP mode file for STMicroelectronics.X-CUBE-DISPLAY.3.0.0
2023-12-21 01:03:30,193 [WARN] PackLoader:240 - Cannot read IP mode file for STMicroelectronics.X-CUBE-BLE1.7.0.0
2023-12-21 01:03:30,204 [WARN] PackLoader:240 - Cannot read IP mode file for emotas.I-CUBE-CANOPEN.1.3.0
2023-12-21 01:03:30,214 [WARN] PackLoader:240 - Cannot read IP mode file for STMicroelectronics.X-CUBE-TOUCHGFX.4.22.0
2023-12-21 01:03:30,224 [WARN] PackLoader:240 - Cannot read IP mode file for STMicroelectronics.FP-SNS-SMARTAG2.1.2.0
2023-12-21 01:03:30,241 [INFO] LogOutputStream:77 - [STDOUT_REDIRECT] 1 : Invalid condition id : UX_CORESTACK_Condition cause : null
2023-12-21 01:03:30,241 [INFO] LogOutputStream:77 - [STDOUT_REDIRECT] 1 : Invalid condition id : UX_CORESTACK_Condition cause : null
2023-12-21 01:03:30,243 [INFO] LogOutputStream:77 - [STDOUT_REDIRECT] 1 : Invalid condition id : UX_CORESTACK_Condition cause : null
2023-12-21 01:03:30,244 [INFO] LogOutputStream:77 - [STDOUT_REDIRECT] 1 : Invalid condition id : UX_CORESTACK_Condition cause : null
2023-12-21 01:03:30,244 [INFO] LogOutputStream:77 - [STDOUT_REDIRECT] 1 : Invalid condition id : UX_CORESTACK_Condition cause : null
2023-12-21 01:03:30,248 [WARN] PackLoader:240 - Cannot read IP mode file for STMicroelectronics.X-CUBE-AZRTOS-WL.2.0.0
2023-12-21 01:03:30,260 [WARN] PackLoader:240 - Cannot read IP mode file for WES.I-CUBE-Cesium.1.3.0
2023-12-21 01:03:30,270 [WARN] PackLoader:240 - Cannot read IP mode file for STMicroelectronics.X-CUBE-BLE2.3.3.0
2023-12-21 01:03:30,283 [WARN] PackLoader:240 - Cannot read IP mode file for STMicroelectronics.X-CUBE-ALGOBUILD.1.3.0
2023-12-21 01:03:30,304 [WARN] PackLoader:240 - Cannot read IP mode file for STMicroelectronics.X-CUBE-AZRTOS-G0.1.1.0
2023-12-21 01:03:30,319 [WARN] PackLoader:240 - Cannot read IP mode file for STMicroelectronics.X-CUBE-NFC4.3.0.0
2023-12-21 01:03:30,334 [WARN] PackLoader:240 - Cannot read IP mode file for STMicroelectronics.X-CUBE-BLEMGR.3.0.0
2023-12-21 01:03:30,346 [WARN] PackLoader:240 - Cannot read IP mode file for STMicroelectronics.FP-ATR-SIGFOX1.3.2.0
2023-12-21 01:03:30,374 [WARN] PackLoader:240 - Cannot read IP mode file for SEGGER.I-CUBE-embOS.1.3.1
2023-12-21 01:03:30,410 [WARN] PackLoader:240 - Cannot read IP mode file for STMicroelectronics.X-CUBE-GNSS1.6.0.0
2023-12-21 01:03:30,436 [WARN] PackLoader:240 - Cannot read IP mode file for STMicroelectronics.X-CUBE-AZRTOS-F4.1.1.0
2023-12-21 01:03:30,450 [WARN] PackLoader:240 - Cannot read IP mode file for wolfSSL.I-CUBE-wolfSSL.5.6.4
2023-12-21 01:03:30,460 [WARN] PackLoader:240 - Cannot read IP mode file for wolfSSL.I-CUBE-wolfSSL.5.6.3
2023-12-21 01:03:30,485 [WARN] PackLoader:240 - Cannot read IP mode file for STMicroelectronics.X-CUBE-AZRTOS-L5.2.0.0
2023-12-21 01:03:30,526 [WARN] PackLoader:240 - Cannot read IP mode file for STMicroelectronics.X-CUBE-MEMS1.9.6.0
2023-12-21 01:03:30,639 [WARN] PackLoader:240 - Cannot read IP mode file for STMicroelectronics.X-CUBE-EEPRMA1.4.2.0
2023-12-21 01:03:30,656 [WARN] PackLoader:240 - Cannot read IP mode file for ITTIA_DB.I-CUBE-ITTIADB.8.8.0
2023-12-21 01:03:30,670 [WARN] PackLoader:240 - Cannot read IP mode file for STMicroelectronics.X-CUBE-BLEMGR.2.0.0
2023-12-21 01:03:30,695 [WARN] ConditionMgr:438 - getConditionDescription Invalid condition id : UX DEVICE CLASS RTOS Condition cause : null
2023-12-21 01:03:30,695 [WARN] ConditionMgr:438 - getConditionDescription Invalid condition id : UX DEVICE CLASS RTOS Condition cause : null
2023-12-21 01:03:30,697 [WARN] PackLoader:240 - Cannot read IP mode file for STMicroelectronics.X-CUBE-AZRTOS-H7.3.1.0
2023-12-21 01:03:30,698 [WARN] ConditionMgr:1039 - genDependencies : Invalid condition id : UX DEVICE CLASS RTOS Condition cause : null
2023-12-21 01:03:30,698 [WARN] ConditionMgr:1039 - genDependencies : Invalid condition id : UX DEVICE CLASS RTOS Condition cause : null
2023-12-21 01:03:30,699 [WARN] ConditionMgr:1039 - genDependencies : Invalid condition id : UX DEVICE CLASS RTOS Condition cause : null
2023-12-21 01:03:30,699 [WARN] ConditionMgr:1039 - genDependencies : Invalid condition id : UX DEVICE CLASS RTOS Condition cause : null
2023-12-21 01:03:30,699 [WARN] ConditionMgr:1039 - genDependencies : Invalid condition id : UX DEVICE CLASS RTOS Condition cause : null
2023-12-21 01:03:30,715 [WARN] PackLoader:240 - Cannot read IP mode file for STMicroelectronics.X-CUBE-NFC7.1.0.1
2023-12-21 01:03:30,730 [WARN] PackLoader:240 - Cannot read IP mode file for STMicroelectronics.X-CUBE-NFC6.3.0.0
2023-12-21 01:03:30,742 [WARN] PackLoader:240 - Cannot read IP mode file for STMicroelectronics.X-CUBE-EEPRMA1.4.1.0
2023-12-21 01:03:30,753 [WARN] PackLoader:240 - Cannot read IP mode file for STMicroelectronics.X-CUBE-AI.8.1.0
2023-12-21 01:03:30,782 [WARN] ConditionMgr:438 - getConditionDescription Invalid condition id : LAN8742 Phy interface Condition cause : null
2023-12-21 01:03:30,783 [WARN] PackLoader:240 - Cannot read IP mode file for STMicroelectronics.X-CUBE-AZRTOS-L4.2.0.0
2023-12-21 01:03:30,784 [WARN] ConditionMgr:1039 - genDependencies : Invalid condition id : LAN8742 Phy interface Condition cause : null
2023-12-21 01:03:30,785 [WARN] ConditionMgr:1039 - genDependencies : Invalid condition id : LAN8742 Phy interface Condition cause : null
2023-12-21 01:03:30,785 [WARN] ConditionMgr:1039 - genDependencies : Invalid condition id : LAN8742 Phy interface Condition cause : null
2023-12-21 01:03:30,801 [WARN] PackLoader:240 - Cannot read IP mode file for STMicroelectronics.X-CUBE-SFXS2LP1.4.0.0
2023-12-21 01:03:30,814 [WARN] PackLoader:240 - Cannot read IP mode file for STMicroelectronics.X-CUBE-ISPU.1.1.0
2023-12-21 01:03:30,838 [WARN] ConditionMgr:438 - getConditionDescription Invalid condition id : UX DEVICE CLASS RTOS Condition cause : null
2023-12-21 01:03:30,838 [WARN] ConditionMgr:438 - getConditionDescription Invalid condition id : UX DEVICE CLASS RTOS Condition cause : null
2023-12-21 01:03:30,840 [WARN] PackLoader:240 - Cannot read IP mode file for STMicroelectronics.X-CUBE-AZRTOS-WB.2.0.0
2023-12-21 01:03:30,840 [WARN] ConditionMgr:1039 - genDependencies : Invalid condition id : UX DEVICE CLASS RTOS Condition cause : null
2023-12-21 01:03:30,840 [WARN] ConditionMgr:1039 - genDependencies : Invalid condition id : UX DEVICE CLASS RTOS Condition cause : null
2023-12-21 01:03:30,840 [WARN] ConditionMgr:1039 - genDependencies : Invalid condition id : UX DEVICE CLASS RTOS Condition cause : null
2023-12-21 01:03:30,841 [WARN] ConditionMgr:1039 - genDependencies : Invalid condition id : UX DEVICE CLASS RTOS Condition cause : null
2023-12-21 01:03:30,841 [WARN] ConditionMgr:1039 - genDependencies : Invalid condition id : UX DEVICE CLASS RTOS Condition cause : null
2023-12-21 01:03:30,859 [WARN] PackLoader:240 - Cannot read IP mode file for STMicroelectronics.X-CUBE-SUBG2.5.0.0
2023-12-21 01:03:30,880 [WARN] PackLoader:240 - Cannot read IP mode file for STMicroelectronics.X-CUBE-TOF1.3.3.1
2023-12-21 01:03:30,909 [WARN] PackLoader:240 - Cannot read IP mode file for STMicroelectronics.X-CUBE-AZRTOS-G4.2.0.0
2023-12-21 01:03:30,933 [WARN] PackLoader:240 - Cannot read IP mode file for Infineon.AIROC-Wi-Fi-Bluetooth-STM32.1.5.1
2023-12-21 01:03:30,948 [WARN] PackLoader:240 - Cannot read IP mode file for STMicroelectronics.FP-SNS-MOTENVWB1.1.3.1
2023-12-21 01:03:30,960 [WARN] PackLoader:240 - Cannot read IP mode file for STMicroelectronics.X-CUBE-ISPU.2.0.0
2023-12-21 01:03:31,008 [WARN] PackLoader:240 - Cannot read IP mode file for STMicroelectronics.X-CUBE-MEMS1.10.0.0
2023-12-21 01:03:31,092 [WARN] PackLoader:240 - Cannot read IP mode file for STMicroelectronics.X-CUBE-FREERTOS.1.1.0
2023-12-21 01:03:31,107 [WARN] PackLoader:240 - Cannot read IP mode file for portGmbH.I-Cube-SoM-uGOAL.1.1.0
2023-12-21 01:03:31,120 [WARN] PackLoader:240 - Cannot read IP mode file for STMicroelectronics.X-CUBE-ALS.1.0.1
2023-12-21 01:03:31,133 [WARN] PackLoader:240 - Cannot read IP mode file for STMicroelectronics.FP-ATR-ASTRA1.2.0.0
2023-12-21 01:03:31,150 [WARN] PackLoader:240 - Cannot read IP mode file for STMicroelectronics.X-CUBE-TOF1.3.4.0
2023-12-21 01:03:31,186 [WARN] PackLoader:240 - Cannot read IP mode file for STMicroelectronics.X-CUBE-AZRTOS-H7.3.2.0
2023-12-21 01:03:31,189 [INFO] ThirdParty:978 - Integrity check success = true
2023-12-21 01:03:31,189 [INFO] IntegrityCheckThread:100 - exiting critical section [integrity check]
2023-12-21 01:03:31,189 [INFO] IntegrityCheckThread:103 - End integrity checks thread
2023-12-21 01:03:34,435 [INFO] McuFinderGlobals:63 - Set McuFinder mode to 2 (CubeIDE integrated)
2023-12-21 01:03:34,455 [INFO] MainUpdater:2868 - connection check result : 10
2023-12-21 01:03:34,931 [INFO] ApiDb:581 - Connected to CubeFinder SQLite database (C:\Users\vinee\.stmcufinder\plugins\mcufinder\mcu\cube-finder-db.db)
2023-12-21 01:03:35,001 [INFO] ApiDb:668 - CubeFinder database Data Model version=2.1
2023-12-21 01:03:35,001 [INFO] ApiDb:669 - CubeFinder database Configuration version=3.0.39
2023-12-21 01:03:35,001 [INFO] ApiDb:670 - CubeFinder database generation date=2023-11-06 (1699269565)
2023-12-21 01:03:35,001 [INFO] ApiDb:671 - CubeFinder database FW Pack versions=[FP-ATR-ASTRA1_V2.0.0, FP-SNS-FLIGHT1_V5.0.1, FP-SNS-FLIGHT1_V5.0.2, FP-SNS-MOTENV1_V4.3.1, FP-SNS-MOTENV1_V4.3.2, FP-SNS-MOTENVWB1_V1.3.0, FP-SNS-SMARTAG2_V1.2.0, STM32Cube_FW_C0_V1.1.0, STM32Cube_FW_F4_V1.28.0, STM32Cube_FW_F7_V1.17.0, STM32Cube_FW_G0_V1.6.1, STM32Cube_FW_G4_V1.5.1, STM32Cube_FW_H5_V0.5.1, STM32Cube_FW_H5_V1.1.1, STM32Cube_FW_H5_V1.2.0RC2, STM32Cube_FW_H7_V1.11.0, STM32Cube_FW_L0_V1.12.2, STM32Cube_FW_L5_V1.5.0, STM32Cube_FW_U5_V1.3.0RC4, STM32Cube_FW_U5_V1.4.0, STM32Cube_FW_WBA_V1.0.0RC1, STM32Cube_FW_WBA_V1.1.0RC1, STM32Cube_FW_WBA_V1.2.0, STM32Cube_FW_WBA_V1.2.0RC2, STM32Cube_FW_WB_V1.15.0RC1, STM32Cube_FW_WB_V1.16.0, STM32Cube_FW_WB_V1.16.0RC2, STM32Cube_FW_WB_V1.18.0, STM32Cube_FW_WL_V1.3.0, X-CUBE-ALGOBUILD_V1.3.0, X-CUBE-ALS_V1.0.1, X-CUBE-AZRTOS-F4_V1.1.0, X-CUBE-AZRTOS-F7_V1.1.0, X-CUBE-AZRTOS-G0_V1.1.0, X-CUBE-AZRTOS-G4_V2.0.0, X-CUBE-AZRTOS-H7_V3.1.0, X-CUBE-AZRTOS-L4_V1.0.0, X-CUBE-AZRTOS-L4_V2.0.0, X-CUBE-AZRTOS-L5_V1.1.0, X-CUBE-AZRTOS-WB_V2.0.0, X-CUBE-AZRTOS-WL_V2.0.0, X-CUBE-BLE1_V7.0.0, X-CUBE-BLE2_V3.3.0, X-CUBE-BLEMGR_V2.0.0, X-CUBE-EEPRMA1_V4.1.0, X-CUBE-EEPRMA1_V4.2.0, X-CUBE-FREERTOS_V1.1.0, X-CUBE-GNSS1_V6.0.0, X-CUBE-MEMS1_V10.0.0, X-CUBE-MEMS1_V9.1.0, X-CUBE-MEMS1_V9.4.0, X-CUBE-MEMS1_V9.6.0, X-CUBE-NFC4_V3.0.0, X-CUBE-NFC7_V1.0.1, X-CUBE-SFXS2LP1_V4.0.0, X-CUBE-SUBG2_V5.0.0, X-CUBE-TOF1_V3.3.1]
2023-12-21 01:03:35,118 [INFO] DbBoardsSqlite:226 - include board P-NUCLEO-WB55-NUCLEO as a kit item of type 'Nucleo-64'
2023-12-21 01:03:35,119 [INFO] DbBoardsSqlite:226 - include board P-NUCLEO-WB55-USBDONGLE as a kit item of type 'Nucleo USB Dongle'
2023-12-21 01:03:35,120 [INFO] DbBoardsSqlite:226 - include board STEVAL-IDP005V1 as a kit item of type 'Evaluation Board'
2023-12-21 01:03:35,120 [INFO] DbBoardsSqlite:226 - include board STEVAL-IDP005V2 as a kit item of type 'Evaluation Board'
2023-12-21 01:03:35,446 [INFO] ApiDb:240 - Found 323 in-development CPN: [B-G473E-ZEST1S, B-WB1M-WPAN1, B-WL5M-SUBG1, NUCLEO-C031C6, NUCLEO-H503RB, NUCLEO-H563ZI, NUCLEO-U545RE-Q, NUCLEO-U5A5ZJ-Q, NUCLEO-WBA52CG, STEVAL-PROTEUS1, STEVAL-SMARTAG2, STEVAL-STWINBX1, STM320518-EVAL, STM32C0116-DK, STM32C011D6Y3TR, STM32C011D6Y6TR, STM32C011F4P3, STM32C011F4P6, STM32C011F4U3, STM32C011F4U6TR, STM32C011F6P3, STM32C011F6P6, STM32C011F6U3, STM32C011F6U6TR, STM32C011J4M3, STM32C011J4M6, STM32C011J6M3, STM32C011J6M6, STM32C0316-DK, STM32C031C4T3, STM32C031C4T6, STM32C031C4U3, STM32C031C4U6, STM32C031C6T3, STM32C031C6T6, STM32C031C6U3, STM32C031C6U6, STM32C031F4P3, STM32C031F4P6, STM32C031F6P3, STM32C031F6P6, STM32C031G4U3, STM32C031G4U6, STM32C031G6U3, STM32C031G6U6, STM32C031K4T3, STM32C031K4T6, STM32C031K4U3, STM32C031K4U6, STM32C031K6T3, STM32C031K6T6, STM32C031K6U3, STM32C031K6U6, STM32G071K8TXN, STM32G071K8UXN, STM32G081GBU6N, STM32G081KBT6N, STM32G081KBUXN, STM32G0B1CCT6N, STM32G0B1KCT6, STM32G0B1NEY6TR, STM32G0B1RCT6N, STM32G0C1CCT6, STM32G0C1CCT6N, STM32G0C1CCU6N, STM32G0C1CET6N, STM32G0C1CEU6N, STM32G0C1KCT6, STM32G0C1NEY6TR, STM32G0C1RCI6N, STM32G0C1RCT6N, STM32G0C1REI6N, STM32G0C1RET6N, STM32G0C1VCI6, STM32G0C1VEI6, STM32G471CCT6, STM32G471CCU6, STM32G471CET3, STM32G471CET6, STM32G471CEU3, STM32G471CEU6, STM32G471MCT6, STM32G471MET3, STM32G471MET6, STM32G471MEY6TR, STM32G471QCT6, STM32G471QET3, STM32G471RCT6, STM32G471RET3, STM32G471RET6, STM32G471VCH6, STM32G471VCI6, STM32G471VCT6, STM32G471VEH3, STM32G471VEH6, STM32G471VEI3, STM32G471VEI6, STM32G471VET3, STM32G471VET6, STM32G474CCT6, STM32H503CBT6, STM32H503CBU6, STM32H503EBY6TR, STM32H503KBU6, STM32H503RBT6, STM32H562AGI6, STM32H562AII6, STM32H562IGK6, STM32H562IGT6, STM32H562IIK6, STM32H562IIT6, STM32H562RGT6, STM32H562RGV6, STM32H562RIT6, STM32H562RIV6, STM32H562VGT6, STM32H562VIT6, STM32H562ZGT6, STM32H562ZIT6, STM32H563AGI6, STM32H563AII3Q, STM32H563AII6, STM32H563IGK6, STM32H563IGT6, STM32H563IIK3Q, STM32H563IIK6, STM32H563IIT3Q, STM32H563IIT6, STM32H563MIY3QTR, STM32H563RGT6, STM32H563RGV6, STM32H563RIT6, STM32H563RIV6, STM32H563VGT6, STM32H563VIT3Q, STM32H563VIT6, STM32H563ZGT6, STM32H563ZIT3Q, STM32H563ZIT6, STM32H573AII3Q, STM32H573AII6, STM32H573I-DK, STM32H573IIK3Q, STM32H573IIK6, STM32H573IIT3Q, STM32H573IIT6, STM32H573MIY3QTR, STM32H573RIT6, STM32H573RIV6, STM32H573VIT3Q, STM32H573VIT6, STM32H573ZIT3Q, STM32H573ZIT6, STM32L4R5QGI6STR, STM32MP131AAE3, STM32MP131AAF3, STM32MP131AAG3, STM32MP131CAE3, STM32MP131CAF3, STM32MP131CAG3, STM32MP131DAE7, STM32MP131DAF7, STM32MP131DAG7, STM32MP131FAE7, STM32MP131FAF7, STM32MP131FAG7, STM32MP133AAE3, STM32MP133AAF3, STM32MP133AAG3, STM32MP133CAE3, STM32MP133CAF3, STM32MP133CAG3, STM32MP133DAE7, STM32MP133DAF7, STM32MP133DAG7, STM32MP133FAE7, STM32MP133FAF7, STM32MP133FAG7, STM32MP135AAE3, STM32MP135AAF3, STM32MP135AAG3, STM32MP135CAE3, STM32MP135CAF3, STM32MP135CAG3, STM32MP135DAE7, STM32MP135DAF7, STM32MP135DAG7, STM32MP135F-DK, STM32MP135FAE7, STM32MP135FAF7, STM32MP135FAF7T, STM32MP135FAF7U, STM32MP135FAG7, STM32U535CBT6, STM32U535CBT6Q, STM32U535CBU6, STM32U535CBU6Q, STM32U535CCT6, STM32U535CCT6Q, STM32U535CCU6, STM32U535CCU6Q, STM32U535CET6, STM32U535CET6Q, STM32U535CEU6, STM32U535CEU6Q, STM32U535JEY6QTR, STM32U535NCY6QTR, STM32U535NEY6QTR, STM32U535RBI6, STM32U535RBI6Q, STM32U535RBT6, STM32U535RBT6Q, STM32U535RCI6, STM32U535RCI6Q, STM32U535RCT6, STM32U535RCT6Q, STM32U535REI6, STM32U535REI6Q, STM32U535RET6, STM32U535RET6Q, STM32U535VCI6, STM32U535VCI6Q, STM32U535VCT6, STM32U535VCT6Q, STM32U535VEI6, STM32U535VEI6Q, STM32U535VET6, STM32U535VET6Q, STM32U545CET6, STM32U545CET6Q, STM32U545CEU6, STM32U545CEU6Q, STM32U545JEY6QTR, STM32U545NEY6QTR, STM32U545REI6, STM32U545REI6Q, STM32U545RET6, STM32U545RET6Q, STM32U545VEI6, STM32U545VEI6Q, STM32U545VET6, STM32U545VET6Q, STM32U595AIH6, STM32U595AIH6Q, STM32U595AJH6, STM32U595AJH6Q, STM32U595QII6, STM32U595QII6Q, STM32U595QJI6, STM32U595QJI6Q, STM32U595RIT6, STM32U595RIT6Q, STM32U595RJT6, STM32U595RJT6Q, STM32U595VIT6, STM32U595VIT6Q, STM32U595VJT6, STM32U595VJT6Q, STM32U595ZIT6, STM32U595ZIT6Q, STM32U595ZIY6QTR, STM32U595ZJT6, STM32U595ZJT6Q, STM32U595ZJY6QTR, STM32U599BJY6QTR, STM32U599NIH6Q, STM32U599NJH6Q, STM32U599VIT6Q, STM32U599VJT6, STM32U599VJT6Q, STM32U599ZIT6Q, STM32U599ZIY6QTR, STM32U599ZJT6Q, STM32U599ZJY6QTR, STM32U5A5AJH6, STM32U5A5AJH6Q, STM32U5A5QJI6, STM32U5A5QJI6Q, STM32U5A5RJT6, STM32U5A5RJT6Q, STM32U5A5VJT6, STM32U5A5VJT6Q, STM32U5A5ZJT6, STM32U5A5ZJT6Q, STM32U5A5ZJY6QTR, STM32U5A9BJY6QTR, STM32U5A9J-DK, STM32U5A9NJH6Q, STM32U5A9VJT6Q, STM32U5A9ZJT6Q, STM32U5A9ZJY6QTR, STM32U5F7VIT6, STM32U5F7VIT6Q, STM32U5F7VJT6, STM32U5F7VJT6Q, STM32U5F9BJY6QTR, STM32U5F9NJH6Q, STM32U5F9VIT6Q, STM32U5F9VJT6Q, STM32U5F9ZIJ6QTR, STM32U5F9ZIT6Q, STM32U5F9ZJJ6QTR, STM32U5F9ZJT6Q, STM32U5G7VJT6, STM32U5G7VJT6Q, STM32U5G9BJY6QTR, STM32U5G9J-DK1, STM32U5G9J-DK2, STM32U5G9NJH6Q, STM32U5G9VJT6Q, STM32U5G9ZJJ6QTR, STM32U5G9ZJT6Q, STM32WB1MMCH6, STM32WBA52CEU6, STM32WBA52CEU6T, STM32WBA52CGU6, STM32WBA52CGU6T, STM32WBA52KEU6, STM32WBA52KEU6T, STM32WBA52KGU6, STM32WBA52KGU6T, STM32WL5MOCH6, STM32WL5MOCH6TR]
2023-12-21 01:03:35,449 [INFO] ApiDb:668 - CubeFinder database Data Model version=2.1
2023-12-21 01:03:35,449 [INFO] ApiDb:669 - CubeFinder database Configuration version=3.0.39
2023-12-21 01:03:35,449 [INFO] ApiDb:670 - CubeFinder database generation date=2023-11-06 (1699269565)
2023-12-21 01:03:35,449 [INFO] ApiDb:671 - CubeFinder database FW Pack versions=[FP-ATR-ASTRA1_V2.0.0, FP-SNS-FLIGHT1_V5.0.1, FP-SNS-FLIGHT1_V5.0.2, FP-SNS-MOTENV1_V4.3.1, FP-SNS-MOTENV1_V4.3.2, FP-SNS-MOTENVWB1_V1.3.0, FP-SNS-SMARTAG2_V1.2.0, STM32Cube_FW_C0_V1.1.0, STM32Cube_FW_F4_V1.28.0, STM32Cube_FW_F7_V1.17.0, STM32Cube_FW_G0_V1.6.1, STM32Cube_FW_G4_V1.5.1, STM32Cube_FW_H5_V0.5.1, STM32Cube_FW_H5_V1.1.1, STM32Cube_FW_H5_V1.2.0RC2, STM32Cube_FW_H7_V1.11.0, STM32Cube_FW_L0_V1.12.2, STM32Cube_FW_L5_V1.5.0, STM32Cube_FW_U5_V1.3.0RC4, STM32Cube_FW_U5_V1.4.0, STM32Cube_FW_WBA_V1.0.0RC1, STM32Cube_FW_WBA_V1.1.0RC1, STM32Cube_FW_WBA_V1.2.0, STM32Cube_FW_WBA_V1.2.0RC2, STM32Cube_FW_WB_V1.15.0RC1, STM32Cube_FW_WB_V1.16.0, STM32Cube_FW_WB_V1.16.0RC2, STM32Cube_FW_WB_V1.18.0, STM32Cube_FW_WL_V1.3.0, X-CUBE-ALGOBUILD_V1.3.0, X-CUBE-ALS_V1.0.1, X-CUBE-AZRTOS-F4_V1.1.0, X-CUBE-AZRTOS-F7_V1.1.0, X-CUBE-AZRTOS-G0_V1.1.0, X-CUBE-AZRTOS-G4_V2.0.0, X-CUBE-AZRTOS-H7_V3.1.0, X-CUBE-AZRTOS-L4_V1.0.0, X-CUBE-AZRTOS-L4_V2.0.0, X-CUBE-AZRTOS-L5_V1.1.0, X-CUBE-AZRTOS-WB_V2.0.0, X-CUBE-AZRTOS-WL_V2.0.0, X-CUBE-BLE1_V7.0.0, X-CUBE-BLE2_V3.3.0, X-CUBE-BLEMGR_V2.0.0, X-CUBE-EEPRMA1_V4.1.0, X-CUBE-EEPRMA1_V4.2.0, X-CUBE-FREERTOS_V1.1.0, X-CUBE-GNSS1_V6.0.0, X-CUBE-MEMS1_V10.0.0, X-CUBE-MEMS1_V9.1.0, X-CUBE-MEMS1_V9.4.0, X-CUBE-MEMS1_V9.6.0, X-CUBE-NFC4_V3.0.0, X-CUBE-NFC7_V1.0.1, X-CUBE-SFXS2LP1_V4.0.0, X-CUBE-SUBG2_V5.0.0, X-CUBE-TOF1_V3.3.1]
2023-12-21 01:03:36,720 [INFO] ApiDb:240 - Found 323 in-development CPN: [B-G473E-ZEST1S, B-WB1M-WPAN1, B-WL5M-SUBG1, NUCLEO-C031C6, NUCLEO-H503RB, NUCLEO-H563ZI, NUCLEO-U545RE-Q, NUCLEO-U5A5ZJ-Q, NUCLEO-WBA52CG, STEVAL-PROTEUS1, STEVAL-SMARTAG2, STEVAL-STWINBX1, STM320518-EVAL, STM32C0116-DK, STM32C011D6Y3TR, STM32C011D6Y6TR, STM32C011F4P3, STM32C011F4P6, STM32C011F4U3, STM32C011F4U6TR, STM32C011F6P3, STM32C011F6P6, STM32C011F6U3, STM32C011F6U6TR, STM32C011J4M3, STM32C011J4M6, STM32C011J6M3, STM32C011J6M6, STM32C0316-DK, STM32C031C4T3, STM32C031C4T6, STM32C031C4U3, STM32C031C4U6, STM32C031C6T3, STM32C031C6T6, STM32C031C6U3, STM32C031C6U6, STM32C031F4P3, STM32C031F4P6, STM32C031F6P3, STM32C031F6P6, STM32C031G4U3, STM32C031G4U6, STM32C031G6U3, STM32C031G6U6, STM32C031K4T3, STM32C031K4T6, STM32C031K4U3, STM32C031K4U6, STM32C031K6T3, STM32C031K6T6, STM32C031K6U3, STM32C031K6U6, STM32G071K8TXN, STM32G071K8UXN, STM32G081GBU6N, STM32G081KBT6N, STM32G081KBUXN, STM32G0B1CCT6N, STM32G0B1KCT6, STM32G0B1NEY6TR, STM32G0B1RCT6N, STM32G0C1CCT6, STM32G0C1CCT6N, STM32G0C1CCU6N, STM32G0C1CET6N, STM32G0C1CEU6N, STM32G0C1KCT6, STM32G0C1NEY6TR, STM32G0C1RCI6N, STM32G0C1RCT6N, STM32G0C1REI6N, STM32G0C1RET6N, STM32G0C1VCI6, STM32G0C1VEI6, STM32G471CCT6, STM32G471CCU6, STM32G471CET3, STM32G471CET6, STM32G471CEU3, STM32G471CEU6, STM32G471MCT6, STM32G471MET3, STM32G471MET6, STM32G471MEY6TR, STM32G471QCT6, STM32G471QET3, STM32G471RCT6, STM32G471RET3, STM32G471RET6, STM32G471VCH6, STM32G471VCI6, STM32G471VCT6, STM32G471VEH3, STM32G471VEH6, STM32G471VEI3, STM32G471VEI6, STM32G471VET3, STM32G471VET6, STM32G474CCT6, STM32H503CBT6, STM32H503CBU6, STM32H503EBY6TR, STM32H503KBU6, STM32H503RBT6, STM32H562AGI6, STM32H562AII6, STM32H562IGK6, STM32H562IGT6, STM32H562IIK6, STM32H562IIT6, STM32H562RGT6, STM32H562RGV6, STM32H562RIT6, STM32H562RIV6, STM32H562VGT6, STM32H562VIT6, STM32H562ZGT6, STM32H562ZIT6, STM32H563AGI6, STM32H563AII3Q, STM32H563AII6, STM32H563IGK6, STM32H563IGT6, STM32H563IIK3Q, STM32H563IIK6, STM32H563IIT3Q, STM32H563IIT6, STM32H563MIY3QTR, STM32H563RGT6, STM32H563RGV6, STM32H563RIT6, STM32H563RIV6, STM32H563VGT6, STM32H563VIT3Q, STM32H563VIT6, STM32H563ZGT6, STM32H563ZIT3Q, STM32H563ZIT6, STM32H573AII3Q, STM32H573AII6, STM32H573I-DK, STM32H573IIK3Q, STM32H573IIK6, STM32H573IIT3Q, STM32H573IIT6, STM32H573MIY3QTR, STM32H573RIT6, STM32H573RIV6, STM32H573VIT3Q, STM32H573VIT6, STM32H573ZIT3Q, STM32H573ZIT6, STM32L4R5QGI6STR, STM32MP131AAE3, STM32MP131AAF3, STM32MP131AAG3, STM32MP131CAE3, STM32MP131CAF3, STM32MP131CAG3, STM32MP131DAE7, STM32MP131DAF7, STM32MP131DAG7, STM32MP131FAE7, STM32MP131FAF7, STM32MP131FAG7, STM32MP133AAE3, STM32MP133AAF3, STM32MP133AAG3, STM32MP133CAE3, STM32MP133CAF3, STM32MP133CAG3, STM32MP133DAE7, STM32MP133DAF7, STM32MP133DAG7, STM32MP133FAE7, STM32MP133FAF7, STM32MP133FAG7, STM32MP135AAE3, STM32MP135AAF3, STM32MP135AAG3, STM32MP135CAE3, STM32MP135CAF3, STM32MP135CAG3, STM32MP135DAE7, STM32MP135DAF7, STM32MP135DAG7, STM32MP135F-DK, STM32MP135FAE7, STM32MP135FAF7, STM32MP135FAF7T, STM32MP135FAF7U, STM32MP135FAG7, STM32U535CBT6, STM32U535CBT6Q, STM32U535CBU6, STM32U535CBU6Q, STM32U535CCT6, STM32U535CCT6Q, STM32U535CCU6, STM32U535CCU6Q, STM32U535CET6, STM32U535CET6Q, STM32U535CEU6, STM32U535CEU6Q, STM32U535JEY6QTR, STM32U535NCY6QTR, STM32U535NEY6QTR, STM32U535RBI6, STM32U535RBI6Q, STM32U535RBT6, STM32U535RBT6Q, STM32U535RCI6, STM32U535RCI6Q, STM32U535RCT6, STM32U535RCT6Q, STM32U535REI6, STM32U535REI6Q, STM32U535RET6, STM32U535RET6Q, STM32U535VCI6, STM32U535VCI6Q, STM32U535VCT6, STM32U535VCT6Q, STM32U535VEI6, STM32U535VEI6Q, STM32U535VET6, STM32U535VET6Q, STM32U545CET6, STM32U545CET6Q, STM32U545CEU6, STM32U545CEU6Q, STM32U545JEY6QTR, STM32U545NEY6QTR, STM32U545REI6, STM32U545REI6Q, STM32U545RET6, STM32U545RET6Q, STM32U545VEI6, STM32U545VEI6Q, STM32U545VET6, STM32U545VET6Q, STM32U595AIH6, STM32U595AIH6Q, STM32U595AJH6, STM32U595AJH6Q, STM32U595QII6, STM32U595QII6Q, STM32U595QJI6, STM32U595QJI6Q, STM32U595RIT6, STM32U595RIT6Q, STM32U595RJT6, STM32U595RJT6Q, STM32U595VIT6, STM32U595VIT6Q, STM32U595VJT6, STM32U595VJT6Q, STM32U595ZIT6, STM32U595ZIT6Q, STM32U595ZIY6QTR, STM32U595ZJT6, STM32U595ZJT6Q, STM32U595ZJY6QTR, STM32U599BJY6QTR, STM32U599NIH6Q, STM32U599NJH6Q, STM32U599VIT6Q, STM32U599VJT6, STM32U599VJT6Q, STM32U599ZIT6Q, STM32U599ZIY6QTR, STM32U599ZJT6Q, STM32U599ZJY6QTR, STM32U5A5AJH6, STM32U5A5AJH6Q, STM32U5A5QJI6, STM32U5A5QJI6Q, STM32U5A5RJT6, STM32U5A5RJT6Q, STM32U5A5VJT6, STM32U5A5VJT6Q, STM32U5A5ZJT6, STM32U5A5ZJT6Q, STM32U5A5ZJY6QTR, STM32U5A9BJY6QTR, STM32U5A9J-DK, STM32U5A9NJH6Q, STM32U5A9VJT6Q, STM32U5A9ZJT6Q, STM32U5A9ZJY6QTR, STM32U5F7VIT6, STM32U5F7VIT6Q, STM32U5F7VJT6, STM32U5F7VJT6Q, STM32U5F9BJY6QTR, STM32U5F9NJH6Q, STM32U5F9VIT6Q, STM32U5F9VJT6Q, STM32U5F9ZIJ6QTR, STM32U5F9ZIT6Q, STM32U5F9ZJJ6QTR, STM32U5F9ZJT6Q, STM32U5G7VJT6, STM32U5G7VJT6Q, STM32U5G9BJY6QTR, STM32U5G9J-DK1, STM32U5G9J-DK2, STM32U5G9NJH6Q, STM32U5G9VJT6Q, STM32U5G9ZJJ6QTR, STM32U5G9ZJT6Q, STM32WB1MMCH6, STM32WBA52CEU6, STM32WBA52CEU6T, STM32WBA52CGU6, STM32WBA52CGU6T, STM32WBA52KEU6, STM32WBA52KEU6T, STM32WBA52KGU6, STM32WBA52KGU6T, STM32WL5MOCH6, STM32WL5MOCH6TR]
2023-12-21 01:03:36,724 [INFO] DbMcus:217 - Found 3882 MCUs, 3882 are supported
2023-12-21 01:03:36,726 [INFO] ApiDb:423 - Load user favorites file C:\Users\vinee/.stm32cubeide/favorites.mcus.txt: 0 item(s)
2023-12-21 01:03:36,726 [INFO] ApiDb:427 - User favorites MCUs=[]
2023-12-21 01:03:36,727 [INFO] DbMcus:223 - Set 0 / 0 favorites MCUs
2023-12-21 01:03:37,015 [INFO] BoardInfo:880 - No configuration file found for board P-NUCLEO-WB55
2023-12-21 01:03:37,015 [INFO] DbBoards:157 - Kit is not supported: P-NUCLEO-WB55
2023-12-21 01:03:37,018 [INFO] BoardInfo:880 - No configuration file found for board STEVAL-BFA001V1B
2023-12-21 01:03:37,019 [INFO] DbBoards:157 - Kit is not supported: STEVAL-BFA001V1B
2023-12-21 01:03:37,019 [INFO] BoardInfo:880 - No configuration file found for board STEVAL-BFA001V2B
2023-12-21 01:03:37,020 [INFO] DbBoards:157 - Kit is not supported: STEVAL-BFA001V2B
2023-12-21 01:03:37,022 [INFO] BoardInfo:880 - No configuration file found for board STEVAL-MKBOXPRO
2023-12-21 01:03:37,022 [INFO] DbBoards:157 - Board is not supported: STEVAL-MKBOXPRO
2023-12-21 01:03:37,094 [INFO] DbBoards:161 - Found 191 boards, 187 are supported
2023-12-21 01:03:37,097 [INFO] ApiDb:423 - Load user favorites file C:\Users\vinee/.stm32cubeide/favorites.boards.txt: 0 item(s)
2023-12-21 01:03:37,097 [INFO] ApiDb:427 - User favorites Boards=[]
2023-12-21 01:03:37,097 [INFO] DbBoards:190 - Set 0 / 0 favorites Boards
2023-12-21 01:03:37,097 [INFO] McuFinderGlobals:76 - Set McuFinderConnectedMode to true
2023-12-21 01:03:37,104 [INFO] MultiScanPanel:200 - Auto-refresh data requested => check proxy status ongoing
2023-12-21 01:03:37,107 [INFO] FinderPluginLoader:95 - Searching for filters in installed packs
2023-12-21 01:03:38,409 [INFO] LoadUrlFilesThread:185 - End of LoadServerUrlFiles without Thread
2023-12-21 01:03:38,422 [INFO] DetailPanel:341 - Set advertising image to C:/Users/vinee/STM32Cube/Repository/\en.prom-stm32wl3-mcu-finder.jpg
2023-12-21 01:03:47,863 [ERROR] LogOutputStream:75 - [STDERR_REDIRECT] SLF4J: Failed to load class "org.slf4j.impl.StaticLoggerBinder".
2023-12-21 01:03:47,864 [ERROR] LogOutputStream:75 - [STDERR_REDIRECT] SLF4J: Defaulting to no-operation (NOP) logger implementation
2023-12-21 01:03:47,865 [ERROR] LogOutputStream:75 - [STDERR_REDIRECT] SLF4J: See http://www.slf4j.org/codes.html#StaticLoggerBinder for further details.
2023-12-21 01:04:50,505 [INFO] MainUpdater:2868 - connection check result : 10
2023-12-21 01:04:50,505 [INFO] MainUpdater:2868 - connection check result : 10
2023-12-21 01:04:50,530 [INFO] MicroXplorer:468 - Change Database Path : 
2023-12-21 01:04:50,530 [INFO] MicroXplorer:498 - Change Database Version : DB.6.0.91
2023-12-21 01:04:50,533 [WARN] ThirdParty:871 - waiting for thirdparty lock release [close project]
2023-12-21 01:04:50,533 [INFO] ThirdParty:873 - entering critical section [close project]
2023-12-21 01:04:50,534 [INFO] ThirdParty:883 - exiting critical section [close project]
2023-12-21 01:04:50,535 [INFO] PinOutPanel:1499 - setPackage(No Configuration,No Configuration)
2023-12-21 01:04:50,539 [INFO] UtilMem:75 - Begin LoadConfig() Used Memory: 467084096 Bytes (593494016)
2023-12-21 01:04:50,540 [INFO] MicroXplorer:468 - Change Database Path : 
2023-12-21 01:04:50,540 [INFO] MicroXplorer:498 - Change Database Version : DB.6.0.91
2023-12-21 01:04:50,540 [INFO] OpenFileManager:308 - Change cursor
2023-12-21 01:04:50,724 [INFO] Mcu:1946 - Initializing MCU STM32F407VGTx STM32F407VGTx STM32F407VGT6
2023-12-21 01:04:52,098 [INFO] Context:659 - Trying to add GPIOservice into a context  which must be forbidden
2023-12-21 01:04:52,439 [INFO] ImportTextPane:194 - (OptionalMessage_ERROR) Unable to find key (Mcu.ThirdPartyNb) in loaded IOC file
2023-12-21 01:04:52,440 [INFO] ImportTextPane:194 - (OptionalMessage_ERROR) Unable to find key (Mcu.PinsNb) in loaded IOC file
2023-12-21 01:04:52,440 [INFO] ImportTextPane:194 - (OptionalMessage_ERROR) Unable to find key (Mcu.IPNb) in loaded IOC file
2023-12-21 01:04:52,587 [INFO] RtosManager:555 - Registered RTOS mode: class=CMSIS, group=RTOS, mode=CMSIS_V1, owner=FREERTOS
2023-12-21 01:04:52,587 [INFO] RtosManager:555 - Registered RTOS mode: class=CMSIS, group=RTOS2, mode=CMSIS_V2, owner=FREERTOS
2023-12-21 01:04:52,587 [INFO] RtosManager:555 - Registered RTOS mode: class=RTOS, group=Core, mode=CMSIS_V1, owner=FREERTOS
2023-12-21 01:04:52,587 [INFO] RtosManager:555 - Registered RTOS mode: class=RTOS, group=Core, mode=CMSIS_V2, owner=FREERTOS
2023-12-21 01:04:52,588 [WARN] ModelIntegratedComponent:184 - Missing modes for component STMicroelectronics:FreeRTOS:0.0.1:STMicroelectronics:RTOS:FreeRTOS:Core:::10.2.0:
2023-12-21 01:04:52,596 [WARN] ModelIntegratedComponent:63 - No mode defined for component null
2023-12-21 01:04:52,596 [WARN] ModelIntegratedComponent:63 - No mode defined for component null
2023-12-21 01:04:52,596 [WARN] ModelIntegratedComponent:63 - No mode defined for component null
2023-12-21 01:04:52,596 [WARN] ModelIntegratedComponent:63 - No mode defined for component null
2023-12-21 01:04:52,596 [WARN] ModelIntegratedComponent:63 - No mode defined for component null
2023-12-21 01:04:52,596 [WARN] ModelIntegratedComponent:63 - No mode defined for component null
2023-12-21 01:04:52,596 [WARN] ModelIntegratedComponent:63 - No mode defined for component null
2023-12-21 01:04:52,596 [WARN] ModelIntegratedComponent:63 - No mode defined for component null
2023-12-21 01:04:52,596 [WARN] ModelIntegratedComponent:63 - No mode defined for component null
2023-12-21 01:04:52,596 [WARN] ModelIntegratedComponent:63 - No mode defined for component null
2023-12-21 01:04:52,596 [WARN] ModelIntegratedComponent:63 - No mode defined for component null
2023-12-21 01:04:52,596 [WARN] ModelIntegratedComponent:63 - No mode defined for component null
2023-12-21 01:04:52,596 [WARN] ModelIntegratedComponent:63 - No mode defined for component null
2023-12-21 01:04:52,597 [WARN] ModelIntegratedComponent:63 - No mode defined for component null
2023-12-21 01:04:52,597 [WARN] ModelIntegratedComponent:63 - No mode defined for component null
2023-12-21 01:04:52,597 [WARN] ModelIntegratedComponent:63 - No mode defined for component null
2023-12-21 01:04:52,597 [WARN] ModelIntegratedComponent:63 - No mode defined for component null
2023-12-21 01:04:52,597 [WARN] ModelIntegratedComponent:63 - No mode defined for component null
2023-12-21 01:04:52,597 [WARN] ModelIntegratedComponent:63 - No mode defined for component null
2023-12-21 01:04:52,597 [WARN] ModelIntegratedComponent:63 - No mode defined for component null
2023-12-21 01:04:52,597 [WARN] ModelIntegratedComponent:63 - No mode defined for component null
2023-12-21 01:04:52,597 [WARN] ModelIntegratedComponent:63 - No mode defined for component null
2023-12-21 01:04:52,597 [WARN] ModelIntegratedComponent:63 - No mode defined for component null
2023-12-21 01:04:52,597 [WARN] ModelIntegratedComponent:63 - No mode defined for component null
2023-12-21 01:04:52,597 [WARN] ModelIntegratedComponent:63 - No mode defined for component null
2023-12-21 01:04:52,597 [WARN] ModelIntegratedComponent:63 - No mode defined for component null
2023-12-21 01:04:52,597 [WARN] ModelIntegratedComponent:63 - No mode defined for component null
2023-12-21 01:04:52,597 [WARN] ModelIntegratedComponent:63 - No mode defined for component null
2023-12-21 01:04:52,597 [WARN] ModelIntegratedComponent:63 - No mode defined for component null
2023-12-21 01:04:52,597 [WARN] ModelIntegratedComponent:63 - No mode defined for component null
2023-12-21 01:04:52,597 [WARN] ModelIntegratedComponent:63 - No mode defined for component null
2023-12-21 01:04:52,597 [WARN] ModelIntegratedComponent:63 - No mode defined for component null
2023-12-21 01:04:52,597 [WARN] ModelIntegratedComponent:63 - No mode defined for component null
2023-12-21 01:04:52,661 [INFO] ThirdPartyModel:298 - Start build external matchings
2023-12-21 01:04:53,171 [INFO] ThirdPartyModel:316 - End build external matchings
2023-12-21 01:04:53,393 [INFO] UtilMem:75 - End LoadConfig() Used Memory: 333260888 Bytes (793772032)
2023-12-21 01:04:53,412 [WARN] ThirdParty:833 - waiting for thirdparty lock release [change project]
2023-12-21 01:04:53,412 [INFO] ThirdParty:835 - entering critical section [change project]
2023-12-21 01:04:53,412 [INFO] ThirdParty:1030 - CMSIS Pack Vendor :STMicroelectronics X-CUBE-ISPU 1.1.0
2023-12-21 01:04:53,413 [INFO] ThirdParty:1030 - CMSIS Pack Vendor :STMicroelectronics USBPD 4.1
2023-12-21 01:04:53,413 [INFO] ThirdParty:1030 - CMSIS Pack Vendor :STMicroelectronics X-CUBE-GNSS1 6.0.0
2023-12-21 01:04:53,413 [INFO] ThirdParty:1030 - CMSIS Pack Vendor :STMicroelectronics USB_HOST 2.0.0
2023-12-21 01:04:53,413 [INFO] ThirdParty:1030 - CMSIS Pack Vendor :STMicroelectronics X-CUBE-AZRTOS-F4 1.1.0
2023-12-21 01:04:53,413 [INFO] ThirdParty:1030 - CMSIS Pack Vendor :STMicroelectronics LIBJPEG 8.0.0
2023-12-21 01:04:53,413 [INFO] ThirdParty:1030 - CMSIS Pack Vendor :wolfSSL I-CUBE-wolfSSL 5.6.4
2023-12-21 01:04:53,413 [INFO] ThirdParty:1030 - CMSIS Pack Vendor :wolfSSL I-CUBE-wolfSSL 5.6.3
2023-12-21 01:04:53,413 [INFO] ThirdParty:1030 - CMSIS Pack Vendor :STMicroelectronics X-CUBE-SMBUS 2.1.0
2023-12-21 01:04:53,413 [INFO] ThirdParty:1030 - CMSIS Pack Vendor :STMicroelectronics USB_DEVICE 3.0.0
2023-12-21 01:04:53,413 [INFO] ThirdParty:1030 - CMSIS Pack Vendor :STMicroelectronics X-CUBE-AZRTOS-WB 2.0.0
2023-12-21 01:04:53,413 [INFO] ThirdParty:1030 - CMSIS Pack Vendor :STMicroelectronics X-CUBE-TOUCHGFX 4.23.0
2023-12-21 01:04:53,413 [INFO] ThirdParty:1030 - CMSIS Pack Vendor :STMicroelectronics X-CUBE-AZRTOS-F7 1.1.0
2023-12-21 01:04:53,413 [INFO] ThirdParty:1030 - CMSIS Pack Vendor :STMicroelectronics X-CUBE-AZRTOS-L5 2.0.0
2023-12-21 01:04:53,413 [INFO] ThirdParty:1030 - CMSIS Pack Vendor :STMicroelectronics USB_DEVICE 2.0.0
2023-12-21 01:04:53,413 [INFO] ThirdParty:1030 - CMSIS Pack Vendor :STMicroelectronics X-CUBE-MEMS1 9.6.0
2023-12-21 01:04:53,413 [INFO] ThirdParty:1030 - CMSIS Pack Vendor :STMicroelectronics X-CUBE-EEPRMA1 4.2.0
2023-12-21 01:04:53,413 [INFO] ThirdParty:1030 - CMSIS Pack Vendor :ITTIA_DB I-CUBE-ITTIADB 8.8.0
2023-12-21 01:04:53,413 [INFO] ThirdParty:1030 - CMSIS Pack Vendor :STMicroelectronics FP-SNS-MOTENV1 4.3.2
2023-12-21 01:04:53,413 [INFO] ThirdParty:1030 - CMSIS Pack Vendor :STMicroelectronics X-CUBE-ALGOBUILD 1.3.0
2023-12-21 01:04:53,413 [INFO] ThirdParty:1030 - CMSIS Pack Vendor :STMicroelectronics FreeRTOS 0.0.1
2023-12-21 01:04:53,413 [INFO] ThirdParty:1030 - CMSIS Pack Vendor :STMicroelectronics X-CUBE-AZRTOS-G0 1.1.0
2023-12-21 01:04:53,413 [INFO] ThirdParty:1030 - CMSIS Pack Vendor :STMicroelectronics X-CUBE-BLEMGR 2.0.0
2023-12-21 01:04:53,413 [INFO] ThirdParty:1030 - CMSIS Pack Vendor :STMicroelectronics X-CUBE-NFC4 3.0.0
2023-12-21 01:04:53,413 [INFO] ThirdParty:1030 - CMSIS Pack Vendor :STMicroelectronics X-CUBE-SUBG2 5.0.0
2023-12-21 01:04:53,414 [INFO] ThirdParty:1030 - CMSIS Pack Vendor :STMicroelectronics STM32_WPAN 1.0.0
2023-12-21 01:04:53,414 [INFO] ThirdParty:1030 - CMSIS Pack Vendor :STMicroelectronics lwIP 2.0.3
2023-12-21 01:04:53,414 [INFO] ThirdParty:1030 - CMSIS Pack Vendor :STMicroelectronics FP-SNS-FLIGHT1 5.0.2
2023-12-21 01:04:53,414 [INFO] ThirdParty:1030 - CMSIS Pack Vendor :STMicroelectronics USB_HOST 1.0.0
2023-12-21 01:04:53,414 [INFO] ThirdParty:1030 - CMSIS Pack Vendor :STMicroelectronics X-CUBE-TOF1 3.3.1
2023-12-21 01:04:53,414 [INFO] ThirdParty:1030 - CMSIS Pack Vendor :STMicroelectronics X-CUBE-AZRTOS-G4 2.0.0
2023-12-21 01:04:53,414 [INFO] ThirdParty:1030 - CMSIS Pack Vendor :STMicroelectronics PDM2PCM 3.1.0
2023-12-21 01:04:53,414 [INFO] ThirdParty:1030 - CMSIS Pack Vendor :STMicroelectronics X-CUBE-AZRTOS-H7 3.1.0
2023-12-21 01:04:53,414 [INFO] ThirdParty:1030 - CMSIS Pack Vendor :Infineon AIROC-Wi-Fi-Bluetooth-STM32 1.5.1
2023-12-21 01:04:53,414 [INFO] ThirdParty:1030 - CMSIS Pack Vendor :STMicroelectronics X-CUBE-BLEMGR 3.0.0
2023-12-21 01:04:53,414 [INFO] ThirdParty:1030 - CMSIS Pack Vendor :STMicroelectronics PDM2PCM 3.3.0
2023-12-21 01:04:53,414 [INFO] ThirdParty:1030 - CMSIS Pack Vendor :STMicroelectronics X-CUBE-DISPLAY 3.0.0
2023-12-21 01:04:53,414 [INFO] ThirdParty:1030 - CMSIS Pack Vendor :STMicroelectronics FP-SNS-MOTENVWB1 1.3.1
2023-12-21 01:04:53,414 [INFO] ThirdParty:1030 - CMSIS Pack Vendor :STMicroelectronics X-CUBE-BLE1 7.0.0
2023-12-21 01:04:53,414 [INFO] ThirdParty:1030 - CMSIS Pack Vendor :STMicroelectronics FP-ATR-SIGFOX1 3.2.0
2023-12-21 01:04:53,414 [INFO] ThirdParty:1030 - CMSIS Pack Vendor :STMicroelectronics X-CUBE-ISPU 2.0.0
2023-12-21 01:04:53,414 [INFO] ThirdParty:1030 - CMSIS Pack Vendor :STMicroelectronics HAL Drivers 0.0.0
2023-12-21 01:04:53,414 [INFO] ThirdParty:1030 - CMSIS Pack Vendor :STMicroelectronics MBEDTLS 2.16.2
2023-12-21 01:04:53,414 [INFO] ThirdParty:1030 - CMSIS Pack Vendor :emotas I-CUBE-CANOPEN 1.3.0
2023-12-21 01:04:53,414 [INFO] ThirdParty:1030 - CMSIS Pack Vendor :STMicroelectronics X-CUBE-MEMS1 10.0.0
2023-12-21 01:04:53,415 [INFO] ThirdParty:1030 - CMSIS Pack Vendor :STMicroelectronics X-CUBE-FREERTOS 1.1.0
2023-12-21 01:04:53,415 [INFO] ThirdParty:1030 - CMSIS Pack Vendor :STMicroelectronics X-CUBE-TOUCHGFX 4.22.0
2023-12-21 01:04:53,415 [INFO] ThirdParty:1030 - CMSIS Pack Vendor :STMicroelectronics X-CUBE-NFC7 1.0.1
2023-12-21 01:04:53,415 [INFO] ThirdParty:1030 - CMSIS Pack Vendor :STMicroelectronics MBEDTLS 2.14.1
2023-12-21 01:04:53,415 [INFO] ThirdParty:1030 - CMSIS Pack Vendor :STMicroelectronics X-CUBE-NFC6 3.0.0
2023-12-21 01:04:53,415 [INFO] ThirdParty:1030 - CMSIS Pack Vendor :STMicroelectronics X-CUBE-EEPRMA1 4.1.0
2023-12-21 01:04:53,415 [INFO] ThirdParty:1030 - CMSIS Pack Vendor :portGmbH I-Cube-SoM-uGOAL 1.1.0
2023-12-21 01:04:53,415 [INFO] ThirdParty:1030 - CMSIS Pack Vendor :STMicroelectronics X-CUBE-ALS 1.0.1
2023-12-21 01:04:53,415 [INFO] ThirdParty:1030 - CMSIS Pack Vendor :STMicroelectronics ThreadX 1.0.0
2023-12-21 01:04:53,415 [INFO] ThirdParty:1030 - CMSIS Pack Vendor :STMicroelectronics FP-SNS-SMARTAG2 1.2.0
2023-12-21 01:04:53,415 [INFO] ThirdParty:1030 - CMSIS Pack Vendor :STMicroelectronics X-CUBE-AZRTOS-WL 2.0.0
2023-12-21 01:04:53,415 [INFO] ThirdParty:1030 - CMSIS Pack Vendor :SEGGER I-CUBE-embOS 1.3.1
2023-12-21 01:04:53,415 [INFO] ThirdParty:1030 - CMSIS Pack Vendor :STMicroelectronics USB_DEVICE 1.0.0
2023-12-21 01:04:53,415 [INFO] ThirdParty:1030 - CMSIS Pack Vendor :STMicroelectronics X-CUBE-AI 8.1.0
2023-12-21 01:04:53,416 [INFO] ThirdParty:1030 - CMSIS Pack Vendor :STMicroelectronics X-CUBE-AZRTOS-L4 2.0.0
2023-12-21 01:04:53,416 [INFO] ThirdParty:1030 - CMSIS Pack Vendor :STMicroelectronics ThreadX 0.0.2
2023-12-21 01:04:53,416 [INFO] ThirdParty:1030 - CMSIS Pack Vendor :WES I-CUBE-Cesium 1.3.0
2023-12-21 01:04:53,416 [INFO] ThirdParty:1030 - CMSIS Pack Vendor :STMicroelectronics FP-ATR-ASTRA1 2.0.0
2023-12-21 01:04:53,416 [INFO] ThirdParty:1030 - CMSIS Pack Vendor :STMicroelectronics lwIP 2.1.2
2023-12-21 01:04:53,416 [INFO] ThirdParty:1030 - CMSIS Pack Vendor :STMicroelectronics X-CUBE-SFXS2LP1 4.0.0
2023-12-21 01:04:53,416 [INFO] ThirdParty:1030 - CMSIS Pack Vendor :STMicroelectronics X-CUBE-BLE2 3.3.0
2023-12-21 01:04:53,416 [INFO] ThirdParty:1030 - CMSIS Pack Vendor :STMicroelectronics X-CUBE-TOF1 3.4.0
2023-12-21 01:04:53,416 [INFO] ThirdParty:1030 - CMSIS Pack Vendor :STMicroelectronics X-CUBE-AZRTOS-H7 3.2.0
2023-12-21 01:04:53,416 [INFO] ThirdParty:1030 - CMSIS Pack Vendor :STMicroelectronics PDM2PCM 3.2.0
2023-12-21 01:04:53,416 [INFO] ThirdParty:841 - exiting critical section [change project]
2023-12-21 01:04:53,753 [INFO] PinOutPanel:1499 - setPackage(No Configuration,No Configuration)
2023-12-21 01:04:53,754 [INFO] PinOutPanel:1499 - setPackage(STM32F407VGTx,LQFP100)
2023-12-21 01:04:54,158 [INFO] UtilMem:75 - Before build in PCC Used Memory: 563487320 Bytes (793772032)
2023-12-21 01:04:55,168 [INFO] UtilMem:75 - After build in PCC Used Memory: 624843088 Bytes (793772032)
2023-12-21 01:04:55,196 [INFO] IPUIPlugin:80 - create IPUIPlugin
2023-12-21 01:04:55,196 [INFO] IPUIPlugin:80 - create IPUIPlugin
2023-12-21 01:04:55,196 [INFO] IPUIPlugin:80 - create IPUIPlugin
2023-12-21 01:04:55,196 [INFO] IPUIPlugin:80 - create IPUIPlugin
2023-12-21 01:04:55,196 [INFO] IPUIPlugin:80 - create IPUIPlugin
2023-12-21 01:04:55,196 [INFO] IPUIPlugin:80 - create IPUIPlugin
2023-12-21 01:04:55,196 [INFO] IPUIPlugin:80 - create IPUIPlugin
2023-12-21 01:04:55,197 [INFO] IPUIPlugin:80 - create IPUIPlugin
2023-12-21 01:04:55,197 [INFO] IPUIPlugin:80 - create IPUIPlugin
2023-12-21 01:04:55,197 [INFO] IPUIPlugin:80 - create IPUIPlugin
2023-12-21 01:04:55,197 [INFO] IPUIPlugin:80 - create IPUIPlugin
2023-12-21 01:04:55,197 [INFO] IPUIPlugin:80 - create IPUIPlugin
2023-12-21 01:04:55,197 [INFO] IPUIPlugin:80 - create IPUIPlugin
2023-12-21 01:04:55,197 [INFO] IPUIPlugin:80 - create IPUIPlugin
2023-12-21 01:04:55,197 [INFO] IPUIPlugin:80 - create IPUIPlugin
2023-12-21 01:04:55,197 [INFO] IPUIPlugin:80 - create IPUIPlugin
2023-12-21 01:04:55,197 [INFO] IPUIPlugin:80 - create IPUIPlugin
2023-12-21 01:04:55,197 [INFO] IPUIPlugin:80 - create IPUIPlugin
2023-12-21 01:04:55,198 [INFO] IPUIPlugin:80 - create IPUIPlugin
2023-12-21 01:04:55,198 [INFO] IPUIPlugin:80 - create IPUIPlugin
2023-12-21 01:04:55,198 [INFO] IPUIPlugin:80 - create IPUIPlugin
2023-12-21 01:04:55,198 [INFO] IPUIPlugin:80 - create IPUIPlugin
2023-12-21 01:04:55,198 [INFO] IPUIPlugin:80 - create IPUIPlugin
2023-12-21 01:04:55,198 [INFO] IPUIPlugin:80 - create IPUIPlugin
2023-12-21 01:04:55,198 [INFO] IPUIPlugin:80 - create IPUIPlugin
2023-12-21 01:04:55,199 [INFO] IPUIPlugin:80 - create IPUIPlugin
2023-12-21 01:04:55,199 [INFO] IPUIPlugin:80 - create IPUIPlugin
2023-12-21 01:04:55,199 [INFO] IPUIPlugin:80 - create IPUIPlugin
2023-12-21 01:04:55,199 [INFO] IPUIPlugin:80 - create IPUIPlugin
2023-12-21 01:04:55,199 [INFO] IPUIPlugin:80 - create IPUIPlugin
2023-12-21 01:04:55,199 [INFO] IPUIPlugin:80 - create IPUIPlugin
2023-12-21 01:04:55,200 [INFO] IPUIPlugin:80 - create IPUIPlugin
2023-12-21 01:04:55,200 [INFO] IPUIPlugin:80 - create IPUIPlugin
2023-12-21 01:04:55,200 [INFO] IPUIPlugin:80 - create IPUIPlugin
2023-12-21 01:04:55,200 [INFO] IPUIPlugin:80 - create IPUIPlugin
2023-12-21 01:04:55,200 [INFO] IPUIPlugin:80 - create IPUIPlugin
2023-12-21 01:04:55,200 [INFO] IPUIPlugin:80 - create IPUIPlugin
2023-12-21 01:04:55,201 [INFO] IPUIPlugin:80 - create IPUIPlugin
2023-12-21 01:04:55,201 [INFO] IPUIPlugin:80 - create IPUIPlugin
2023-12-21 01:04:55,201 [INFO] IPUIPlugin:80 - create IPUIPlugin
2023-12-21 01:04:55,201 [INFO] IPUIPlugin:80 - create IPUIPlugin
2023-12-21 01:04:55,201 [INFO] IPUIPlugin:80 - create IPUIPlugin
2023-12-21 01:04:55,201 [INFO] IPUIPlugin:80 - create IPUIPlugin
2023-12-21 01:04:55,202 [INFO] IPUIPlugin:80 - create IPUIPlugin
2023-12-21 01:04:55,202 [INFO] IPUIPlugin:80 - create IPUIPlugin
2023-12-21 01:04:55,202 [INFO] IPUIPlugin:80 - create IPUIPlugin
2023-12-21 01:04:55,202 [INFO] IPUIPlugin:80 - create IPUIPlugin
2023-12-21 01:04:55,202 [INFO] IPUIPlugin:80 - create IPUIPlugin
2023-12-21 01:04:55,203 [INFO] IPUIPlugin:80 - create IPUIPlugin
2023-12-21 01:04:55,203 [INFO] IPUIPlugin:80 - create IPUIPlugin
2023-12-21 01:04:55,203 [INFO] IPUIPlugin:80 - create IPUIPlugin
2023-12-21 01:04:55,203 [INFO] IPUIPlugin:80 - create IPUIPlugin
2023-12-21 01:04:55,203 [INFO] IPUIPlugin:80 - create IPUIPlugin
2023-12-21 01:04:55,204 [INFO] IPUIPlugin:80 - create IPUIPlugin
2023-12-21 01:04:55,205 [INFO] IPUIPlugin:80 - create IPUIPlugin
2023-12-21 01:04:55,205 [INFO] IPUIPlugin:80 - create IPUIPlugin
2023-12-21 01:04:55,205 [INFO] IPUIPlugin:80 - create IPUIPlugin
2023-12-21 01:04:55,206 [INFO] IPUIPlugin:80 - create IPUIPlugin
2023-12-21 01:04:55,377 [INFO] ApiDbMcu:507 - Load IP Config File for PDM2PCM
2023-12-21 01:04:55,579 [INFO] CADModel:165 - CPN selected for project levelSTM32F407VGT6
2023-12-21 01:04:55,579 [INFO] CADModel:114 - Register for checkConnection events
2023-12-21 01:04:55,634 [INFO] OpenFileManager:328 - Restore cursor
2023-12-21 01:04:56,291 [INFO] UtilMem:75 - End SaveConfig() Used Memory: 556070760 Bytes (793772032)
2023-12-21 01:04:56,341 [INFO] UtilMem:75 - End SaveConfig() Used Memory: 593297256 Bytes (793772032)
2023-12-21 01:04:56,856 [INFO] BlockDiagram:2759 - set Specific Code input for plugin: RCC
2023-12-21 01:04:56,856 [INFO] BlockDiagram:2759 - set Specific Code input for plugin: NVIC
2023-12-21 01:04:56,858 [INFO] CodeGenerator:799 - code generatio: config db path: C:\ST\STM32CubeIDE_1.13.1\STM32CubeIDE\plugins\com.st.stm32cube.common.mx_6.9.1.202307191849\\db\
2023-12-21 01:04:57,108 [INFO] CodeEngine:255 - oldGeneratedFile, C:\Users\vinee\STM32CubeIDE\workspace_1.13.1\SimpleQueue\MXTmpFiles\license.tmp_save
2023-12-21 01:04:57,478 [INFO] CodeEngine:279 - Generated code: C:\Users\vinee\STM32CubeIDE\workspace_1.13.1\SimpleQueue\MXTmpFiles\license.tmp
2023-12-21 01:04:57,503 [INFO] CodeEngine:255 - oldGeneratedFile, C:\Users\vinee\STM32CubeIDE\workspace_1.13.1\SimpleQueue\Core\Src\stm32f4xx_it.c_save
2023-12-21 01:04:57,752 [INFO] CodeEngine:279 - Generated code: C:\Users\vinee\STM32CubeIDE\workspace_1.13.1\SimpleQueue\Core\Src\stm32f4xx_it.c
2023-12-21 01:04:57,763 [INFO] CodeEngine:255 - oldGeneratedFile, C:\Users\vinee\STM32CubeIDE\workspace_1.13.1\SimpleQueue\Core\Inc\stm32f4xx_it.h_save
2023-12-21 01:04:57,877 [INFO] CodeEngine:279 - Generated code: C:\Users\vinee\STM32CubeIDE\workspace_1.13.1\SimpleQueue\Core\Inc\stm32f4xx_it.h
2023-12-21 01:04:57,996 [INFO] CodeEngine:255 - oldGeneratedFile, C:\Users\vinee\STM32CubeIDE\workspace_1.13.1\SimpleQueue\Core\Src\stm32f4xx_hal_msp.c_save
2023-12-21 01:04:58,186 [INFO] CodeEngine:279 - Generated code: C:\Users\vinee\STM32CubeIDE\workspace_1.13.1\SimpleQueue\Core\Src\stm32f4xx_hal_msp.c
2023-12-21 01:04:58,200 [INFO] CodeEngine:255 - oldGeneratedFile, C:\Users\vinee\STM32CubeIDE\workspace_1.13.1\SimpleQueue\MXTmpFiles\system.tmp_save
2023-12-21 01:04:58,301 [INFO] CodeEngine:279 - Generated code: C:\Users\vinee\STM32CubeIDE\workspace_1.13.1\SimpleQueue\MXTmpFiles\system.tmp
2023-12-21 01:04:58,321 [INFO] CodeEngine:311 - oldGeneratedFile, C:\Users\vinee\STM32CubeIDE\workspace_1.13.1\SimpleQueue\Core\Inc\stm32f4xx_hal_conf.h_save
2023-12-21 01:04:58,473 [INFO] CodeEngine:335 - Generated code: C:\Users\vinee\STM32CubeIDE\workspace_1.13.1\SimpleQueue\Core\Inc\stm32f4xx_hal_conf.h
2023-12-21 01:04:58,552 [INFO] CodeEngine:255 - oldGeneratedFile, C:\Users\vinee\STM32CubeIDE\workspace_1.13.1\SimpleQueue\Core\Inc\main.h_save
2023-12-21 01:04:58,695 [INFO] CodeEngine:279 - Generated code: C:\Users\vinee\STM32CubeIDE\workspace_1.13.1\SimpleQueue\Core\Inc\main.h
2023-12-21 01:04:58,707 [INFO] CodeEngine:255 - oldGeneratedFile, C:\Users\vinee\STM32CubeIDE\workspace_1.13.1\SimpleQueue\Core\Src\main.c_save
2023-12-21 01:04:58,881 [INFO] CodeEngine:279 - Generated code: C:\Users\vinee\STM32CubeIDE\workspace_1.13.1\SimpleQueue\Core\Src\main.c
2023-12-21 01:04:59,692 [INFO] ProjectBuilder:3064 - Time for Copy HAL[1] : 149mS.
2023-12-21 01:04:59,698 [INFO] ProjectBuilder:4404 - Project Generator version: 4.1.0
2023-12-21 01:04:59,935 [INFO] ConfigFileManager:1457 - The Die is : DIE413
2023-12-21 01:04:59,957 [INFO] ApiDbMcu:507 - Load IP Config File for FATFS
2023-12-21 01:04:59,970 [INFO] ApiDbMcu:507 - Load IP Config File for FREERTOS
2023-12-21 01:04:59,980 [INFO] ApiDbMcu:507 - Load IP Config File for LIBJPEG
2023-12-21 01:04:59,993 [INFO] ApiDbMcu:507 - Load IP Config File for LWIP
2023-12-21 01:05:00,007 [INFO] ApiDbMcu:507 - Load IP Config File for MBEDTLS
2023-12-21 01:05:00,025 [INFO] ApiDbMcu:507 - Load IP Config File for USB_DEVICE
2023-12-21 01:05:00,037 [INFO] ApiDbMcu:507 - Load IP Config File for USB_HOST
2023-12-21 01:05:00,936 [INFO] LogOutputStream:77 - [STDOUT_REDIRECT] 
2023-12-21 01:05:05,083 [INFO] ProjectBuilder:4626 - Time for Generating toolchain IDE Files: 5385mS.
2023-12-21 01:05:05,084 [INFO] ProjectBuilder:2935 - Time for Copy CMSIS : 1mS.
2023-12-21 01:05:05,086 [INFO] ProjectBuilder:2935 - Time for Copy CMSIS : 0mS.
2023-12-21 01:05:06,238 [INFO] McuFinderGlobals:76 - Set McuFinderConnectedMode to true
2023-12-21 01:05:06,241 [INFO] ApiDb:448 - Save user favorites file C:\Users\vinee/.stm32cubeide/favorites.mcus.txt: 0 item(s)
2023-12-21 01:05:06,242 [INFO] ApiDb:452 - User favorites MCUs=[]
2023-12-21 01:06:07,810 [INFO] NvicIntPanel:101 - NVIC parent = com.st.microxplorer.plugins.ip.nvic.MultiNvicIntPanel[,0,0,450x248,layout=javax.swing.BoxLayout,alignmentX=0.0,alignmentY=0.0,border=,flags=9,maximumSize=,minimumSize=,preferredSize=]
2023-12-21 01:06:09,316 [INFO] NvicIntPanel:101 - NVIC parent = com.st.microxplorer.plugins.ip.nvic.MultiNvicIntPanel[,0,0,0x0,invalid,layout=javax.swing.BoxLayout,alignmentX=0.0,alignmentY=0.0,border=,flags=9,maximumSize=,minimumSize=,preferredSize=]
2023-12-21 01:06:37,316 [INFO] NvicIntPanel:101 - NVIC parent = com.st.microxplorer.plugins.ip.nvic.MultiNvicIntPanel[,0,0,0x0,invalid,layout=javax.swing.BoxLayout,alignmentX=0.0,alignmentY=0.0,border=,flags=9,maximumSize=,minimumSize=,preferredSize=]
2023-12-21 01:06:39,803 [INFO] NvicIntPanel:101 - NVIC parent = com.st.microxplorer.plugins.ip.nvic.MultiNvicIntPanel[,0,0,0x0,invalid,layout=javax.swing.BoxLayout,alignmentX=0.0,alignmentY=0.0,border=,flags=9,maximumSize=,minimumSize=,preferredSize=]
2023-12-21 01:06:42,144 [INFO] NvicIntPanel:101 - NVIC parent = com.st.microxplorer.plugins.ip.nvic.MultiNvicIntPanel[,0,0,0x0,invalid,layout=javax.swing.BoxLayout,alignmentX=0.0,alignmentY=0.0,border=,flags=9,maximumSize=,minimumSize=,preferredSize=]
2023-12-21 01:06:44,204 [INFO] NvicIntPanel:101 - NVIC parent = com.st.microxplorer.plugins.ip.nvic.MultiNvicIntPanel[,0,0,0x0,invalid,layout=javax.swing.BoxLayout,alignmentX=0.0,alignmentY=0.0,border=,flags=9,maximumSize=,minimumSize=,preferredSize=]
2023-12-21 01:06:53,306 [INFO] UtilMem:75 - End SaveConfig() Used Memory: 564436240 Bytes (1073741824)
2023-12-21 01:06:54,517 [INFO] UtilMem:75 - End SaveConfig() Used Memory: 497575328 Bytes (1073741824)
2023-12-21 01:06:56,105 [INFO] UtilMem:75 - End SaveConfig() Used Memory: 660813640 Bytes (1073741824)
2023-12-21 01:06:56,320 [INFO] BlockDiagram:2759 - set Specific Code input for plugin: SYS
2023-12-21 01:06:56,320 [INFO] BlockDiagram:2759 - set Specific Code input for plugin: RCC
2023-12-21 01:06:56,320 [INFO] BlockDiagram:2759 - set Specific Code input for plugin: NVIC
2023-12-21 01:06:56,320 [INFO] BlockDiagram:2759 - set Specific Code input for plugin: USART
2023-12-21 01:06:56,320 [INFO] BlockDiagram:2759 - set Specific Code input for plugin: GPIO
2023-12-21 01:06:56,321 [INFO] CodeGenerator:799 - code generatio: config db path: C:\ST\STM32CubeIDE_1.13.1\STM32CubeIDE\plugins\com.st.stm32cube.common.mx_6.9.1.202307191849\\db\
2023-12-21 01:06:56,418 [INFO] CodeEngine:255 - oldGeneratedFile, C:\Users\vinee\STM32CubeIDE\workspace_1.13.1\SimpleQueue\MXTmpFiles\license.tmp_save
2023-12-21 01:06:56,511 [INFO] CodeEngine:279 - Generated code: C:\Users\vinee\STM32CubeIDE\workspace_1.13.1\SimpleQueue\MXTmpFiles\license.tmp
2023-12-21 01:06:56,564 [INFO] CodeEngine:255 - oldGeneratedFile, C:\Users\vinee\STM32CubeIDE\workspace_1.13.1\SimpleQueue\MXTmpFiles\gpio.tmp_save
2023-12-21 01:06:56,658 [INFO] CodeEngine:279 - Generated code: C:\Users\vinee\STM32CubeIDE\workspace_1.13.1\SimpleQueue\MXTmpFiles\gpio.tmp
2023-12-21 01:06:56,727 [INFO] CodeEngine:255 - oldGeneratedFile, C:\Users\vinee\STM32CubeIDE\workspace_1.13.1\SimpleQueue\Core\Src\stm32f4xx_it.c_save
2023-12-21 01:06:56,839 [INFO] CodeEngine:279 - Generated code: C:\Users\vinee\STM32CubeIDE\workspace_1.13.1\SimpleQueue\Core\Src\stm32f4xx_it.c
2023-12-21 01:06:56,845 [INFO] CodeEngine:255 - oldGeneratedFile, C:\Users\vinee\STM32CubeIDE\workspace_1.13.1\SimpleQueue\Core\Inc\stm32f4xx_it.h_save
2023-12-21 01:06:56,922 [INFO] CodeEngine:279 - Generated code: C:\Users\vinee\STM32CubeIDE\workspace_1.13.1\SimpleQueue\Core\Inc\stm32f4xx_it.h
2023-12-21 01:06:56,940 [INFO] CodeEngine:255 - oldGeneratedFile, C:\Users\vinee\STM32CubeIDE\workspace_1.13.1\SimpleQueue\Core\Src\stm32f4xx_hal_msp.c_save
2023-12-21 01:06:57,058 [INFO] CodeEngine:279 - Generated code: C:\Users\vinee\STM32CubeIDE\workspace_1.13.1\SimpleQueue\Core\Src\stm32f4xx_hal_msp.c
2023-12-21 01:06:57,062 [INFO] CodeEngine:255 - oldGeneratedFile, C:\Users\vinee\STM32CubeIDE\workspace_1.13.1\SimpleQueue\MXTmpFiles\system.tmp_save
2023-12-21 01:06:57,130 [INFO] CodeEngine:279 - Generated code: C:\Users\vinee\STM32CubeIDE\workspace_1.13.1\SimpleQueue\MXTmpFiles\system.tmp
2023-12-21 01:06:57,146 [INFO] CodeEngine:255 - oldGeneratedFile, C:\Users\vinee\STM32CubeIDE\workspace_1.13.1\SimpleQueue\Core\Src\stm32f4xx_hal_timebase_tim.c_save
2023-12-21 01:06:57,236 [INFO] CodeEngine:279 - Generated code: C:\Users\vinee\STM32CubeIDE\workspace_1.13.1\SimpleQueue\Core\Src\stm32f4xx_hal_timebase_tim.c
2023-12-21 01:06:57,253 [INFO] CodeEngine:311 - oldGeneratedFile, C:\Users\vinee\STM32CubeIDE\workspace_1.13.1\SimpleQueue\Core\Inc\stm32f4xx_hal_conf.h_save
2023-12-21 01:06:57,355 [INFO] CodeEngine:335 - Generated code: C:\Users\vinee\STM32CubeIDE\workspace_1.13.1\SimpleQueue\Core\Inc\stm32f4xx_hal_conf.h
2023-12-21 01:06:57,399 [INFO] CodeEngine:255 - oldGeneratedFile, C:\Users\vinee\STM32CubeIDE\workspace_1.13.1\SimpleQueue\Core\Inc\main.h_save
2023-12-21 01:06:57,488 [INFO] CodeEngine:279 - Generated code: C:\Users\vinee\STM32CubeIDE\workspace_1.13.1\SimpleQueue\Core\Inc\main.h
2023-12-21 01:06:57,502 [INFO] CodeEngine:255 - oldGeneratedFile, C:\Users\vinee\STM32CubeIDE\workspace_1.13.1\SimpleQueue\Core\Src\main.c_save
2023-12-21 01:06:57,620 [INFO] CodeEngine:279 - Generated code: C:\Users\vinee\STM32CubeIDE\workspace_1.13.1\SimpleQueue\Core\Src\main.c
2023-12-21 01:06:58,059 [INFO] ProjectBuilder:3064 - Time for Copy HAL[1] : 125mS.
2023-12-21 01:06:58,062 [INFO] ProjectBuilder:4404 - Project Generator version: 4.1.0
2023-12-21 01:06:58,276 [INFO] ConfigFileManager:1457 - The Die is : DIE413
2023-12-21 01:06:59,533 [INFO] ProjectBuilder:4626 - Time for Generating toolchain IDE Files: 1470mS.
2023-12-21 01:06:59,533 [INFO] ProjectBuilder:2935 - Time for Copy CMSIS : 0mS.
2023-12-21 01:06:59,536 [INFO] ProjectBuilder:2935 - Time for Copy CMSIS : 0mS.
2023-12-21 01:07:14,730 [INFO] RtosManager:919 - Current active RTOS is FREERTOS [Cortex-M4NS]
2023-12-21 01:07:15,079 [ERROR] RtosPanel:558 - Can not restore the selected Tab for FREERTOS(A reason can be that the tab is no more available.)
2023-12-21 01:07:15,130 [ERROR] RtosPanel:558 - Can not restore the selected Tab for FREERTOS(A reason can be that the tab is no more available.)
2023-12-21 01:07:23,696 [ERROR] RtosPanel:558 - Can not restore the selected Tab for FREERTOS(A reason can be that the tab is no more available.)
2023-12-21 01:07:25,267 [INFO] UtilMem:75 - End SaveConfig() Used Memory: 594461880 Bytes (1073741824)
2023-12-21 01:07:26,269 [INFO] UtilMem:75 - End SaveConfig() Used Memory: 621202616 Bytes (1073741824)
2023-12-21 01:07:27,482 [INFO] UtilMem:75 - End SaveConfig() Used Memory: 660522168 Bytes (1073741824)
2023-12-21 01:07:27,603 [INFO] BlockDiagram:2759 - set Specific Code input for plugin: FREERTOS
2023-12-21 01:07:27,603 [INFO] BlockDiagram:2759 - set Specific Code input for plugin: SYS
2023-12-21 01:07:27,603 [INFO] BlockDiagram:2759 - set Specific Code input for plugin: RCC
2023-12-21 01:07:27,603 [INFO] BlockDiagram:2759 - set Specific Code input for plugin: NVIC
2023-12-21 01:07:27,603 [INFO] BlockDiagram:2759 - set Specific Code input for plugin: USART
2023-12-21 01:07:27,603 [INFO] BlockDiagram:2759 - set Specific Code input for plugin: GPIO
2023-12-21 01:07:27,604 [INFO] CodeGenerator:799 - code generatio: config db path: C:\ST\STM32CubeIDE_1.13.1\STM32CubeIDE\plugins\com.st.stm32cube.common.mx_6.9.1.202307191849\\db\
2023-12-21 01:07:27,687 [INFO] CodeEngine:255 - oldGeneratedFile, C:\Users\vinee\STM32CubeIDE\workspace_1.13.1\SimpleQueue\MXTmpFiles\license.tmp_save
2023-12-21 01:07:27,754 [INFO] CodeEngine:279 - Generated code: C:\Users\vinee\STM32CubeIDE\workspace_1.13.1\SimpleQueue\MXTmpFiles\license.tmp
2023-12-21 01:07:27,767 [INFO] CodeEngine:255 - oldGeneratedFile, C:\Users\vinee\STM32CubeIDE\workspace_1.13.1\SimpleQueue\MXTmpFiles\gpio.tmp_save
2023-12-21 01:07:27,843 [INFO] CodeEngine:279 - Generated code: C:\Users\vinee\STM32CubeIDE\workspace_1.13.1\SimpleQueue\MXTmpFiles\gpio.tmp
2023-12-21 01:07:27,889 [INFO] Middleware:1439 - No code input for Bsp Dependency
2023-12-21 01:07:27,900 [INFO] CodeEngine:255 - oldGeneratedFile, C:\Users\vinee\STM32CubeIDE\workspace_1.13.1\SimpleQueue\MXTmpFiles\rtos_inc.tmp_save
2023-12-21 01:07:27,981 [INFO] CodeEngine:279 - Generated code: C:\Users\vinee\STM32CubeIDE\workspace_1.13.1\SimpleQueue\MXTmpFiles\rtos_inc.tmp
2023-12-21 01:07:27,990 [INFO] CodeEngine:255 - oldGeneratedFile, C:\Users\vinee\STM32CubeIDE\workspace_1.13.1\SimpleQueue\MXTmpFiles\rtos_vars.tmp_save
2023-12-21 01:07:28,056 [INFO] CodeEngine:279 - Generated code: C:\Users\vinee\STM32CubeIDE\workspace_1.13.1\SimpleQueue\MXTmpFiles\rtos_vars.tmp
2023-12-21 01:07:28,064 [INFO] CodeEngine:255 - oldGeneratedFile, C:\Users\vinee\STM32CubeIDE\workspace_1.13.1\SimpleQueue\MXTmpFiles\rtos_pfp.tmp_save
2023-12-21 01:07:28,129 [INFO] CodeEngine:279 - Generated code: C:\Users\vinee\STM32CubeIDE\workspace_1.13.1\SimpleQueue\MXTmpFiles\rtos_pfp.tmp
2023-12-21 01:07:28,138 [INFO] CodeEngine:255 - oldGeneratedFile, C:\Users\vinee\STM32CubeIDE\workspace_1.13.1\SimpleQueue\MXTmpFiles\rtos_obj_creat.tmp_save
2023-12-21 01:07:28,238 [INFO] CodeEngine:279 - Generated code: C:\Users\vinee\STM32CubeIDE\workspace_1.13.1\SimpleQueue\MXTmpFiles\rtos_obj_creat.tmp
2023-12-21 01:07:28,247 [INFO] CodeEngine:255 - oldGeneratedFile, C:\Users\vinee\STM32CubeIDE\workspace_1.13.1\SimpleQueue\MXTmpFiles\rtos_kernelStart.tmp_save
2023-12-21 01:07:28,308 [INFO] CodeEngine:279 - Generated code: C:\Users\vinee\STM32CubeIDE\workspace_1.13.1\SimpleQueue\MXTmpFiles\rtos_kernelStart.tmp
2023-12-21 01:07:28,318 [INFO] CodeEngine:255 - oldGeneratedFile, C:\Users\vinee\STM32CubeIDE\workspace_1.13.1\SimpleQueue\MXTmpFiles\rtos_default_thread.tmp_save
2023-12-21 01:07:28,383 [INFO] CodeEngine:279 - Generated code: C:\Users\vinee\STM32CubeIDE\workspace_1.13.1\SimpleQueue\MXTmpFiles\rtos_default_thread.tmp
2023-12-21 01:07:28,392 [INFO] CodeEngine:255 - oldGeneratedFile, C:\Users\vinee\STM32CubeIDE\workspace_1.13.1\SimpleQueue\MXTmpFiles\rtos_threads.tmp_save
2023-12-21 01:07:28,444 [INFO] CodeEngine:279 - Generated code: C:\Users\vinee\STM32CubeIDE\workspace_1.13.1\SimpleQueue\MXTmpFiles\rtos_threads.tmp
2023-12-21 01:07:28,452 [INFO] Middleware:1439 - No code input for Bsp Dependency
2023-12-21 01:07:28,457 [INFO] CodeEngine:255 - oldGeneratedFile, C:\Users\vinee\STM32CubeIDE\workspace_1.13.1\SimpleQueue\MXTmpFiles\rtos_inc.tmp_save
2023-12-21 01:07:28,532 [INFO] CodeEngine:279 - Generated code: C:\Users\vinee\STM32CubeIDE\workspace_1.13.1\SimpleQueue\MXTmpFiles\rtos_inc.tmp
2023-12-21 01:07:28,537 [INFO] CodeEngine:255 - oldGeneratedFile, C:\Users\vinee\STM32CubeIDE\workspace_1.13.1\SimpleQueue\MXTmpFiles\rtos_vars.tmp_save
2023-12-21 01:07:28,585 [INFO] CodeEngine:279 - Generated code: C:\Users\vinee\STM32CubeIDE\workspace_1.13.1\SimpleQueue\MXTmpFiles\rtos_vars.tmp
2023-12-21 01:07:28,589 [INFO] CodeEngine:255 - oldGeneratedFile, C:\Users\vinee\STM32CubeIDE\workspace_1.13.1\SimpleQueue\MXTmpFiles\rtos_pfp.tmp_save
2023-12-21 01:07:28,635 [INFO] CodeEngine:279 - Generated code: C:\Users\vinee\STM32CubeIDE\workspace_1.13.1\SimpleQueue\MXTmpFiles\rtos_pfp.tmp
2023-12-21 01:07:28,646 [INFO] CodeEngine:255 - oldGeneratedFile, C:\Users\vinee\STM32CubeIDE\workspace_1.13.1\SimpleQueue\MXTmpFiles\rtos_obj_creat.tmp_save
2023-12-21 01:07:28,695 [INFO] CodeEngine:279 - Generated code: C:\Users\vinee\STM32CubeIDE\workspace_1.13.1\SimpleQueue\MXTmpFiles\rtos_obj_creat.tmp
2023-12-21 01:07:28,699 [INFO] CodeEngine:255 - oldGeneratedFile, C:\Users\vinee\STM32CubeIDE\workspace_1.13.1\SimpleQueue\MXTmpFiles\rtos_kernelStart.tmp_save
2023-12-21 01:07:28,745 [INFO] CodeEngine:279 - Generated code: C:\Users\vinee\STM32CubeIDE\workspace_1.13.1\SimpleQueue\MXTmpFiles\rtos_kernelStart.tmp
2023-12-21 01:07:28,749 [INFO] CodeEngine:255 - oldGeneratedFile, C:\Users\vinee\STM32CubeIDE\workspace_1.13.1\SimpleQueue\MXTmpFiles\rtos_default_thread.tmp_save
2023-12-21 01:07:28,797 [INFO] CodeEngine:279 - Generated code: C:\Users\vinee\STM32CubeIDE\workspace_1.13.1\SimpleQueue\MXTmpFiles\rtos_default_thread.tmp
2023-12-21 01:07:28,801 [INFO] CodeEngine:255 - oldGeneratedFile, C:\Users\vinee\STM32CubeIDE\workspace_1.13.1\SimpleQueue\MXTmpFiles\rtos_threads.tmp_save
2023-12-21 01:07:28,847 [INFO] CodeEngine:279 - Generated code: C:\Users\vinee\STM32CubeIDE\workspace_1.13.1\SimpleQueue\MXTmpFiles\rtos_threads.tmp
2023-12-21 01:07:28,863 [INFO] CodeEngine:255 - oldGeneratedFile, C:\Users\vinee\STM32CubeIDE\workspace_1.13.1\SimpleQueue\Core\Inc\FreeRTOSConfig.h_save
2023-12-21 01:07:28,952 [INFO] CodeEngine:279 - Generated code: C:\Users\vinee\STM32CubeIDE\workspace_1.13.1\SimpleQueue\Core\Inc\FreeRTOSConfig.h
2023-12-21 01:07:28,962 [INFO] CodeEngine:255 - oldGeneratedFile, C:\Users\vinee\STM32CubeIDE\workspace_1.13.1\SimpleQueue\Core\Src\freertos.c_save
2023-12-21 01:07:29,052 [INFO] CodeEngine:279 - Generated code: C:\Users\vinee\STM32CubeIDE\workspace_1.13.1\SimpleQueue\Core\Src\freertos.c
2023-12-21 01:07:29,070 [INFO] CodeEngine:255 - oldGeneratedFile, C:\Users\vinee\STM32CubeIDE\workspace_1.13.1\SimpleQueue\Core\Src\stm32f4xx_it.c_save
2023-12-21 01:07:29,181 [INFO] CodeEngine:279 - Generated code: C:\Users\vinee\STM32CubeIDE\workspace_1.13.1\SimpleQueue\Core\Src\stm32f4xx_it.c
2023-12-21 01:07:29,195 [INFO] CodeEngine:255 - oldGeneratedFile, C:\Users\vinee\STM32CubeIDE\workspace_1.13.1\SimpleQueue\Core\Inc\stm32f4xx_it.h_save
2023-12-21 01:07:29,264 [INFO] CodeEngine:279 - Generated code: C:\Users\vinee\STM32CubeIDE\workspace_1.13.1\SimpleQueue\Core\Inc\stm32f4xx_it.h
2023-12-21 01:07:29,283 [INFO] CodeEngine:255 - oldGeneratedFile, C:\Users\vinee\STM32CubeIDE\workspace_1.13.1\SimpleQueue\Core\Src\stm32f4xx_hal_msp.c_save
2023-12-21 01:07:29,378 [INFO] CodeEngine:279 - Generated code: C:\Users\vinee\STM32CubeIDE\workspace_1.13.1\SimpleQueue\Core\Src\stm32f4xx_hal_msp.c
2023-12-21 01:07:29,381 [INFO] CodeEngine:255 - oldGeneratedFile, C:\Users\vinee\STM32CubeIDE\workspace_1.13.1\SimpleQueue\MXTmpFiles\system.tmp_save
2023-12-21 01:07:29,433 [INFO] CodeEngine:279 - Generated code: C:\Users\vinee\STM32CubeIDE\workspace_1.13.1\SimpleQueue\MXTmpFiles\system.tmp
2023-12-21 01:07:29,451 [INFO] CodeEngine:255 - oldGeneratedFile, C:\Users\vinee\STM32CubeIDE\workspace_1.13.1\SimpleQueue\Core\Src\stm32f4xx_hal_timebase_tim.c_save
2023-12-21 01:07:29,523 [INFO] CodeEngine:279 - Generated code: C:\Users\vinee\STM32CubeIDE\workspace_1.13.1\SimpleQueue\Core\Src\stm32f4xx_hal_timebase_tim.c
2023-12-21 01:07:29,538 [INFO] CodeEngine:311 - oldGeneratedFile, C:\Users\vinee\STM32CubeIDE\workspace_1.13.1\SimpleQueue\Core\Inc\stm32f4xx_hal_conf.h_save
2023-12-21 01:07:29,631 [INFO] CodeEngine:335 - Generated code: C:\Users\vinee\STM32CubeIDE\workspace_1.13.1\SimpleQueue\Core\Inc\stm32f4xx_hal_conf.h
2023-12-21 01:07:29,670 [INFO] CodeEngine:255 - oldGeneratedFile, C:\Users\vinee\STM32CubeIDE\workspace_1.13.1\SimpleQueue\Core\Inc\main.h_save
2023-12-21 01:07:29,752 [INFO] CodeEngine:279 - Generated code: C:\Users\vinee\STM32CubeIDE\workspace_1.13.1\SimpleQueue\Core\Inc\main.h
2023-12-21 01:07:29,767 [INFO] CodeEngine:255 - oldGeneratedFile, C:\Users\vinee\STM32CubeIDE\workspace_1.13.1\SimpleQueue\Core\Src\main.c_save
2023-12-21 01:07:29,868 [INFO] CodeEngine:279 - Generated code: C:\Users\vinee\STM32CubeIDE\workspace_1.13.1\SimpleQueue\Core\Src\main.c
2023-12-21 01:07:30,268 [INFO] ProjectBuilder:3064 - Time for Copy HAL[1] : 159mS.
2023-12-21 01:07:30,271 [INFO] ProjectBuilder:4404 - Project Generator version: 4.1.0
2023-12-21 01:07:30,431 [INFO] ConfigFileManager:1457 - The Die is : DIE413
2023-12-21 01:07:31,675 [INFO] ProjectBuilder:4626 - Time for Generating toolchain IDE Files: 1404mS.
2023-12-21 01:07:31,676 [INFO] ProjectBuilder:2935 - Time for Copy CMSIS : 0mS.
2023-12-21 01:07:31,685 [INFO] ProjectBuilder:2935 - Time for Copy CMSIS : 0mS.
2023-12-21 01:08:01,400 [ERROR] RtosPanel:558 - Can not restore the selected Tab for FREERTOS(A reason can be that the tab is no more available.)
2023-12-21 01:08:01,499 [ERROR] RtosPanel:558 - Can not restore the selected Tab for FREERTOS(A reason can be that the tab is no more available.)
2023-12-21 01:08:02,601 [INFO] UtilMem:75 - End SaveConfig() Used Memory: 619441544 Bytes (1073741824)
2023-12-21 01:08:03,479 [INFO] UtilMem:75 - End SaveConfig() Used Memory: 653857672 Bytes (1073741824)
2023-12-21 01:08:04,597 [INFO] UtilMem:75 - End SaveConfig() Used Memory: 809547784 Bytes (1073741824)
2023-12-21 01:08:04,765 [INFO] BlockDiagram:2759 - set Specific Code input for plugin: FREERTOS
2023-12-21 01:08:04,765 [INFO] BlockDiagram:2759 - set Specific Code input for plugin: SYS
2023-12-21 01:08:04,765 [INFO] BlockDiagram:2759 - set Specific Code input for plugin: RCC
2023-12-21 01:08:04,765 [INFO] BlockDiagram:2759 - set Specific Code input for plugin: NVIC
2023-12-21 01:08:04,765 [INFO] BlockDiagram:2759 - set Specific Code input for plugin: USART
2023-12-21 01:08:04,765 [INFO] BlockDiagram:2759 - set Specific Code input for plugin: GPIO
2023-12-21 01:08:04,766 [INFO] CodeGenerator:799 - code generatio: config db path: C:\ST\STM32CubeIDE_1.13.1\STM32CubeIDE\plugins\com.st.stm32cube.common.mx_6.9.1.202307191849\\db\
2023-12-21 01:08:04,914 [INFO] CodeEngine:255 - oldGeneratedFile, C:\Users\vinee\STM32CubeIDE\workspace_1.13.1\SimpleQueue\MXTmpFiles\license.tmp_save
2023-12-21 01:08:04,998 [INFO] CodeEngine:279 - Generated code: C:\Users\vinee\STM32CubeIDE\workspace_1.13.1\SimpleQueue\MXTmpFiles\license.tmp
2023-12-21 01:08:05,014 [INFO] CodeEngine:255 - oldGeneratedFile, C:\Users\vinee\STM32CubeIDE\workspace_1.13.1\SimpleQueue\MXTmpFiles\gpio.tmp_save
2023-12-21 01:08:05,116 [INFO] CodeEngine:279 - Generated code: C:\Users\vinee\STM32CubeIDE\workspace_1.13.1\SimpleQueue\MXTmpFiles\gpio.tmp
2023-12-21 01:08:05,168 [INFO] Middleware:1439 - No code input for Bsp Dependency
2023-12-21 01:08:05,174 [INFO] CodeEngine:255 - oldGeneratedFile, C:\Users\vinee\STM32CubeIDE\workspace_1.13.1\SimpleQueue\MXTmpFiles\rtos_inc.tmp_save
2023-12-21 01:08:05,284 [INFO] CodeEngine:279 - Generated code: C:\Users\vinee\STM32CubeIDE\workspace_1.13.1\SimpleQueue\MXTmpFiles\rtos_inc.tmp
2023-12-21 01:08:05,286 [INFO] CodeEngine:255 - oldGeneratedFile, C:\Users\vinee\STM32CubeIDE\workspace_1.13.1\SimpleQueue\MXTmpFiles\rtos_vars.tmp_save
2023-12-21 01:08:05,347 [INFO] CodeEngine:279 - Generated code: C:\Users\vinee\STM32CubeIDE\workspace_1.13.1\SimpleQueue\MXTmpFiles\rtos_vars.tmp
2023-12-21 01:08:05,350 [INFO] CodeEngine:255 - oldGeneratedFile, C:\Users\vinee\STM32CubeIDE\workspace_1.13.1\SimpleQueue\MXTmpFiles\rtos_pfp.tmp_save
2023-12-21 01:08:05,404 [INFO] CodeEngine:279 - Generated code: C:\Users\vinee\STM32CubeIDE\workspace_1.13.1\SimpleQueue\MXTmpFiles\rtos_pfp.tmp
2023-12-21 01:08:05,407 [INFO] CodeEngine:255 - oldGeneratedFile, C:\Users\vinee\STM32CubeIDE\workspace_1.13.1\SimpleQueue\MXTmpFiles\rtos_obj_creat.tmp_save
2023-12-21 01:08:05,469 [INFO] CodeEngine:279 - Generated code: C:\Users\vinee\STM32CubeIDE\workspace_1.13.1\SimpleQueue\MXTmpFiles\rtos_obj_creat.tmp
2023-12-21 01:08:05,471 [INFO] CodeEngine:255 - oldGeneratedFile, C:\Users\vinee\STM32CubeIDE\workspace_1.13.1\SimpleQueue\MXTmpFiles\rtos_kernelStart.tmp_save
2023-12-21 01:08:05,525 [INFO] CodeEngine:279 - Generated code: C:\Users\vinee\STM32CubeIDE\workspace_1.13.1\SimpleQueue\MXTmpFiles\rtos_kernelStart.tmp
2023-12-21 01:08:05,527 [INFO] CodeEngine:255 - oldGeneratedFile, C:\Users\vinee\STM32CubeIDE\workspace_1.13.1\SimpleQueue\MXTmpFiles\rtos_default_thread.tmp_save
2023-12-21 01:08:05,589 [INFO] CodeEngine:279 - Generated code: C:\Users\vinee\STM32CubeIDE\workspace_1.13.1\SimpleQueue\MXTmpFiles\rtos_default_thread.tmp
2023-12-21 01:08:05,592 [INFO] CodeEngine:255 - oldGeneratedFile, C:\Users\vinee\STM32CubeIDE\workspace_1.13.1\SimpleQueue\MXTmpFiles\rtos_threads.tmp_save
2023-12-21 01:08:05,646 [INFO] CodeEngine:279 - Generated code: C:\Users\vinee\STM32CubeIDE\workspace_1.13.1\SimpleQueue\MXTmpFiles\rtos_threads.tmp
2023-12-21 01:08:05,653 [INFO] Middleware:1439 - No code input for Bsp Dependency
2023-12-21 01:08:05,659 [INFO] CodeEngine:255 - oldGeneratedFile, C:\Users\vinee\STM32CubeIDE\workspace_1.13.1\SimpleQueue\MXTmpFiles\rtos_inc.tmp_save
2023-12-21 01:08:05,749 [INFO] CodeEngine:279 - Generated code: C:\Users\vinee\STM32CubeIDE\workspace_1.13.1\SimpleQueue\MXTmpFiles\rtos_inc.tmp
2023-12-21 01:08:05,754 [INFO] CodeEngine:255 - oldGeneratedFile, C:\Users\vinee\STM32CubeIDE\workspace_1.13.1\SimpleQueue\MXTmpFiles\rtos_vars.tmp_save
2023-12-21 01:08:05,822 [INFO] CodeEngine:279 - Generated code: C:\Users\vinee\STM32CubeIDE\workspace_1.13.1\SimpleQueue\MXTmpFiles\rtos_vars.tmp
2023-12-21 01:08:05,826 [INFO] CodeEngine:255 - oldGeneratedFile, C:\Users\vinee\STM32CubeIDE\workspace_1.13.1\SimpleQueue\MXTmpFiles\rtos_pfp.tmp_save
2023-12-21 01:08:05,883 [INFO] CodeEngine:279 - Generated code: C:\Users\vinee\STM32CubeIDE\workspace_1.13.1\SimpleQueue\MXTmpFiles\rtos_pfp.tmp
2023-12-21 01:08:05,895 [INFO] CodeEngine:255 - oldGeneratedFile, C:\Users\vinee\STM32CubeIDE\workspace_1.13.1\SimpleQueue\MXTmpFiles\rtos_obj_creat.tmp_save
2023-12-21 01:08:05,952 [INFO] CodeEngine:279 - Generated code: C:\Users\vinee\STM32CubeIDE\workspace_1.13.1\SimpleQueue\MXTmpFiles\rtos_obj_creat.tmp
2023-12-21 01:08:05,956 [INFO] CodeEngine:255 - oldGeneratedFile, C:\Users\vinee\STM32CubeIDE\workspace_1.13.1\SimpleQueue\MXTmpFiles\rtos_kernelStart.tmp_save
2023-12-21 01:08:06,016 [INFO] CodeEngine:279 - Generated code: C:\Users\vinee\STM32CubeIDE\workspace_1.13.1\SimpleQueue\MXTmpFiles\rtos_kernelStart.tmp
2023-12-21 01:08:06,020 [INFO] CodeEngine:255 - oldGeneratedFile, C:\Users\vinee\STM32CubeIDE\workspace_1.13.1\SimpleQueue\MXTmpFiles\rtos_default_thread.tmp_save
2023-12-21 01:08:06,075 [INFO] CodeEngine:279 - Generated code: C:\Users\vinee\STM32CubeIDE\workspace_1.13.1\SimpleQueue\MXTmpFiles\rtos_default_thread.tmp
2023-12-21 01:08:06,079 [INFO] CodeEngine:255 - oldGeneratedFile, C:\Users\vinee\STM32CubeIDE\workspace_1.13.1\SimpleQueue\MXTmpFiles\rtos_threads.tmp_save
2023-12-21 01:08:06,132 [INFO] CodeEngine:279 - Generated code: C:\Users\vinee\STM32CubeIDE\workspace_1.13.1\SimpleQueue\MXTmpFiles\rtos_threads.tmp
2023-12-21 01:08:06,145 [INFO] CodeEngine:255 - oldGeneratedFile, C:\Users\vinee\STM32CubeIDE\workspace_1.13.1\SimpleQueue\Core\Inc\FreeRTOSConfig.h_save
2023-12-21 01:08:06,222 [INFO] CodeEngine:279 - Generated code: C:\Users\vinee\STM32CubeIDE\workspace_1.13.1\SimpleQueue\Core\Inc\FreeRTOSConfig.h
2023-12-21 01:08:06,235 [INFO] CodeEngine:255 - oldGeneratedFile, C:\Users\vinee\STM32CubeIDE\workspace_1.13.1\SimpleQueue\Core\Src\freertos.c_save
2023-12-21 01:08:06,298 [INFO] CodeEngine:279 - Generated code: C:\Users\vinee\STM32CubeIDE\workspace_1.13.1\SimpleQueue\Core\Src\freertos.c
2023-12-21 01:08:06,315 [INFO] CodeEngine:255 - oldGeneratedFile, C:\Users\vinee\STM32CubeIDE\workspace_1.13.1\SimpleQueue\Core\Src\stm32f4xx_it.c_save
2023-12-21 01:08:06,395 [INFO] CodeEngine:279 - Generated code: C:\Users\vinee\STM32CubeIDE\workspace_1.13.1\SimpleQueue\Core\Src\stm32f4xx_it.c
2023-12-21 01:08:06,408 [INFO] CodeEngine:255 - oldGeneratedFile, C:\Users\vinee\STM32CubeIDE\workspace_1.13.1\SimpleQueue\Core\Inc\stm32f4xx_it.h_save
2023-12-21 01:08:06,467 [INFO] CodeEngine:279 - Generated code: C:\Users\vinee\STM32CubeIDE\workspace_1.13.1\SimpleQueue\Core\Inc\stm32f4xx_it.h
2023-12-21 01:08:06,486 [INFO] CodeEngine:255 - oldGeneratedFile, C:\Users\vinee\STM32CubeIDE\workspace_1.13.1\SimpleQueue\Core\Src\stm32f4xx_hal_msp.c_save
2023-12-21 01:08:06,566 [INFO] CodeEngine:279 - Generated code: C:\Users\vinee\STM32CubeIDE\workspace_1.13.1\SimpleQueue\Core\Src\stm32f4xx_hal_msp.c
2023-12-21 01:08:06,569 [INFO] CodeEngine:255 - oldGeneratedFile, C:\Users\vinee\STM32CubeIDE\workspace_1.13.1\SimpleQueue\MXTmpFiles\system.tmp_save
2023-12-21 01:08:06,624 [INFO] CodeEngine:279 - Generated code: C:\Users\vinee\STM32CubeIDE\workspace_1.13.1\SimpleQueue\MXTmpFiles\system.tmp
2023-12-21 01:08:06,638 [INFO] CodeEngine:255 - oldGeneratedFile, C:\Users\vinee\STM32CubeIDE\workspace_1.13.1\SimpleQueue\Core\Src\stm32f4xx_hal_timebase_tim.c_save
2023-12-21 01:08:06,726 [INFO] CodeEngine:279 - Generated code: C:\Users\vinee\STM32CubeIDE\workspace_1.13.1\SimpleQueue\Core\Src\stm32f4xx_hal_timebase_tim.c
2023-12-21 01:08:06,741 [INFO] CodeEngine:311 - oldGeneratedFile, C:\Users\vinee\STM32CubeIDE\workspace_1.13.1\SimpleQueue\Core\Inc\stm32f4xx_hal_conf.h_save
2023-12-21 01:08:06,845 [INFO] CodeEngine:335 - Generated code: C:\Users\vinee\STM32CubeIDE\workspace_1.13.1\SimpleQueue\Core\Inc\stm32f4xx_hal_conf.h
2023-12-21 01:08:06,883 [INFO] CodeEngine:255 - oldGeneratedFile, C:\Users\vinee\STM32CubeIDE\workspace_1.13.1\SimpleQueue\Core\Inc\main.h_save
2023-12-21 01:08:06,965 [INFO] CodeEngine:279 - Generated code: C:\Users\vinee\STM32CubeIDE\workspace_1.13.1\SimpleQueue\Core\Inc\main.h
2023-12-21 01:08:06,980 [INFO] CodeEngine:255 - oldGeneratedFile, C:\Users\vinee\STM32CubeIDE\workspace_1.13.1\SimpleQueue\Core\Src\main.c_save
2023-12-21 01:08:07,098 [INFO] CodeEngine:279 - Generated code: C:\Users\vinee\STM32CubeIDE\workspace_1.13.1\SimpleQueue\Core\Src\main.c
2023-12-21 01:08:07,572 [INFO] ProjectBuilder:3064 - Time for Copy HAL[1] : 185mS.
2023-12-21 01:08:07,575 [INFO] ProjectBuilder:4404 - Project Generator version: 4.1.0
2023-12-21 01:08:07,785 [INFO] ConfigFileManager:1457 - The Die is : DIE413
2023-12-21 01:08:08,847 [INFO] ProjectBuilder:4626 - Time for Generating toolchain IDE Files: 1272mS.
2023-12-21 01:08:08,849 [INFO] ProjectBuilder:2935 - Time for Copy CMSIS : 2mS.
2023-12-21 01:08:08,854 [INFO] ProjectBuilder:2935 - Time for Copy CMSIS : 0mS.
2023-12-21 02:14:52,770 [ERROR] RtosPanel:558 - Can not restore the selected Tab for FREERTOS(A reason can be that the tab is no more available.)
2023-12-21 02:23:46,151 [INFO] NvicIntPanel:101 - NVIC parent = com.st.microxplorer.plugins.ip.nvic.MultiNvicIntPanel[,0,0,0x0,invalid,layout=javax.swing.BoxLayout,alignmentX=0.0,alignmentY=0.0,border=,flags=9,maximumSize=,minimumSize=,preferredSize=]
2023-12-21 02:32:13,333 [ERROR] LogOutputStream:75 - [STDERR_REDIRECT] 
