2023-12-25 02:22:26,840 [ERROR] LogOutputStream:75 - [STDERR_REDIRECT] 
2023-12-25 02:24:13,313 [INFO] Activator:176 - 


2023-12-25 02:24:13,316 [INFO] Activator:177 - !SESSION log4j initialized
2023-12-25 02:24:21,377 [INFO] LogOutputStream:77 - [STDOUT_REDIRECT] 
2023-12-25 02:24:22,543 [INFO] ApplicationProperties:184 - Using Application install path: C:\ST\STM32CubeIDE_1.13.1\STM32CubeIDE\plugins\com.st.stm32cube.common.mx_6.9.1.202307191849
2023-12-25 02:24:22,568 [INFO] DbMcusXml:78 - Set database path to: C:\ST\STM32CubeIDE_1.13.1\STM32CubeIDE\plugins\com.st.stm32cube.common.mx_6.9.1.202307191849\\db\/mcu/
2023-12-25 02:24:22,574 [INFO] ApiDb:274 - Set plugin database path to: C:\ST\STM32CubeIDE_1.13.1\STM32CubeIDE\plugins\com.st.stm32cube.common.mx_6.9.1.202307191849\\db\/plugins/boardmanager/
2023-12-25 02:24:22,575 [WARN] ApiDb:259 - Overriding images path with different value:  => C:\ST\STM32CubeIDE_1.13.1\STM32CubeIDE\plugins\com.st.stm32cube.common.mx_6.9.1.202307191849\\db\/plugins/mcufinder/images/
2023-12-25 02:24:22,586 [INFO] ApiDb:250 - Set database path to: C:\Users\vinee\.stmcufinder\plugins\mcufinder//mcu/
2023-12-25 02:24:22,588 [INFO] DbMcusAds:125 - Set database path to: C:\Users\vinee\.stmcufinder\plugins\mcufinder//mcu/
2023-12-25 02:24:22,591 [INFO] CrossReferenceDbSqlite:203 - Set database path to: C:\Users\vinee\.stmcufinder\plugins\mcufinder//mcu/cs/
2023-12-25 02:24:22,750 [INFO] RulesReader:64 - Compatibility file has been processed (293 Rules)
2023-12-25 02:24:22,858 [INFO] DbMcusXml:78 - Set database path to: C:\ST\STM32CubeIDE_1.13.1\STM32CubeIDE\plugins\com.st.stm32cube.common.mx_6.9.1.202307191849\\db\/mcu/
2023-12-25 02:24:22,858 [INFO] ApiDb:274 - Set plugin database path to: C:\ST\STM32CubeIDE_1.13.1\STM32CubeIDE\plugins\com.st.stm32cube.common.mx_6.9.1.202307191849\\db\/plugins/boardmanager/
2023-12-25 02:24:22,858 [INFO] ApiDb:261 - Set plugin images path to: C:\ST\STM32CubeIDE_1.13.1\STM32CubeIDE\plugins\com.st.stm32cube.common.mx_6.9.1.202307191849\\db\/plugins/mcufinder/images/
2023-12-25 02:24:22,858 [WARN] DbFile:41 - Overriding database path with different value: C:\Users\vinee\.stmcufinder\plugins\mcufinder/ => C:\Users\vinee\.stmcufinder\plugins\mcufinder
2023-12-25 02:24:22,859 [INFO] ApiDb:250 - Set database path to: C:\Users\vinee\.stmcufinder\plugins\mcufinder//mcu/
2023-12-25 02:24:22,859 [WARN] DbFile:41 - Overriding database path with different value: C:\Users\vinee\.stmcufinder\plugins\mcufinder/ => C:\Users\vinee\.stmcufinder\plugins\mcufinder
2023-12-25 02:24:22,859 [INFO] DbMcusAds:125 - Set database path to: C:\Users\vinee\.stmcufinder\plugins\mcufinder//mcu/
2023-12-25 02:24:22,859 [WARN] DbFile:41 - Overriding database path with different value: C:\Users\vinee\.stmcufinder\plugins\mcufinder/ => C:\Users\vinee\.stmcufinder\plugins\mcufinder
2023-12-25 02:24:22,859 [WARN] DbFile:41 - Overriding database path with different value: C:\Users\vinee\.stmcufinder\plugins\mcufinder/ => C:\Users\vinee\.stmcufinder\plugins\mcufinder
2023-12-25 02:24:22,859 [INFO] CrossReferenceDbSqlite:203 - Set database path to: C:\Users\vinee\.stmcufinder\plugins\mcufinder//mcu/cs/
2023-12-25 02:24:22,950 [INFO] MainPanel:262 - HeapMemory: 268435456
2023-12-25 02:24:23,053 [INFO] DbMcusXml:78 - Set database path to: C:\ST\STM32CubeIDE_1.13.1\STM32CubeIDE\plugins\com.st.stm32cube.common.mx_6.9.1.202307191849\\db\/mcu/
2023-12-25 02:24:23,053 [INFO] ApiDb:274 - Set plugin database path to: C:\ST\STM32CubeIDE_1.13.1\STM32CubeIDE\plugins\com.st.stm32cube.common.mx_6.9.1.202307191849\\db\/plugins/boardmanager/
2023-12-25 02:24:23,053 [INFO] ApiDb:261 - Set plugin images path to: C:\ST\STM32CubeIDE_1.13.1\STM32CubeIDE\plugins\com.st.stm32cube.common.mx_6.9.1.202307191849\\db\/plugins/mcufinder/images/
2023-12-25 02:24:23,053 [WARN] DbFile:41 - Overriding database path with different value: C:\Users\vinee\.stmcufinder\plugins\mcufinder/ => C:\Users\vinee\.stmcufinder\plugins\mcufinder
2023-12-25 02:24:23,054 [INFO] ApiDb:250 - Set database path to: C:\Users\vinee\.stmcufinder\plugins\mcufinder//mcu/
2023-12-25 02:24:23,054 [WARN] DbFile:41 - Overriding database path with different value: C:\Users\vinee\.stmcufinder\plugins\mcufinder/ => C:\Users\vinee\.stmcufinder\plugins\mcufinder
2023-12-25 02:24:23,054 [INFO] DbMcusAds:125 - Set database path to: C:\Users\vinee\.stmcufinder\plugins\mcufinder//mcu/
2023-12-25 02:24:23,054 [WARN] DbFile:41 - Overriding database path with different value: C:\Users\vinee\.stmcufinder\plugins\mcufinder/ => C:\Users\vinee\.stmcufinder\plugins\mcufinder
2023-12-25 02:24:23,054 [WARN] DbFile:41 - Overriding database path with different value: C:\Users\vinee\.stmcufinder\plugins\mcufinder/ => C:\Users\vinee\.stmcufinder\plugins\mcufinder
2023-12-25 02:24:23,054 [INFO] CrossReferenceDbSqlite:203 - Set database path to: C:\Users\vinee\.stmcufinder\plugins\mcufinder//mcu/cs/
2023-12-25 02:24:23,108 [INFO] ApplicationProperties:184 - Using Application install path: C:\ST\STM32CubeIDE_1.13.1\STM32CubeIDE\plugins\com.st.stm32cube.common.mx_6.9.1.202307191849
2023-12-25 02:24:23,110 [INFO] PluginManage:196 - Search for loadable plugins [exclusion list=, ]
2023-12-25 02:24:23,111 [INFO] PluginManage:310 - Check plugin analytics
2023-12-25 02:24:23,495 [INFO] AnalyticsPlugin:253 - Accepted Software Licenses: 
2023-12-25 02:24:23,495 [INFO] AnalyticsPlugin:255 - Accepted CMSIS Pack Licenses: 
2023-12-25 02:24:23,495 [INFO] AnalyticsPlugin:257 - Accepted Firmware Licenses: FW.F4.1.27.0
2023-12-25 02:24:23,502 [INFO] PluginManage:359 - Loaded plugin analytics (category:tool,tabindex:-1)
2023-12-25 02:24:23,503 [INFO] PluginManage:310 - Check plugin cadmodel
2023-12-25 02:24:23,513 [INFO] CADModel:105 - Init CAD model plugin
2023-12-25 02:24:23,513 [INFO] PluginManage:359 - Loaded plugin cadmodel (category:power,tabindex:5)
2023-12-25 02:24:23,514 [INFO] PluginManage:310 - Check plugin clock
2023-12-25 02:24:23,535 [INFO] PluginManage:359 - Loaded plugin clock (category:base,tabindex:2)
2023-12-25 02:24:23,535 [INFO] PluginManage:310 - Check plugin ddr
2023-12-25 02:24:23,543 [INFO] PluginManage:359 - Loaded plugin ddr (category:tool,tabindex:6)
2023-12-25 02:24:23,543 [INFO] PluginManage:310 - Check plugin filemanager
2023-12-25 02:24:23,957 [INFO] PluginManage:359 - Loaded plugin filemanager (category:base,tabindex:10)
2023-12-25 02:24:23,958 [INFO] PluginManage:310 - Check plugin ipmanager
2023-12-25 02:24:23,973 [INFO] PluginManage:359 - Loaded plugin ipmanager (category:base,tabindex:5)
2023-12-25 02:24:23,974 [INFO] PluginManage:310 - Check plugin lpbam
2023-12-25 02:24:23,997 [INFO] PluginManage:359 - Loaded plugin lpbam (category:base,tabindex:0)
2023-12-25 02:24:23,998 [INFO] PluginManage:310 - Check plugin memorymap
2023-12-25 02:24:24,052 [INFO] PluginManage:359 - Loaded plugin memorymap (category:base,tabindex:4)
2023-12-25 02:24:24,052 [INFO] PluginManage:310 - Check plugin pinoutandconfiguration
2023-12-25 02:24:24,076 [INFO] PluginManage:359 - Loaded plugin pinoutandconfiguration (category:base,tabindex:1)
2023-12-25 02:24:24,077 [INFO] PluginManage:310 - Check plugin pinoutconfig
2023-12-25 02:24:24,292 [WARN] SupportedApi:132 - Cannot load RTOS API schema: s4s-elt-must-match.1: The content of 'definitions' must match (annotation?, (simpleType | complexType)?, (unique | key | keyref)*)). A problem was found starting at: attribute.
2023-12-25 02:24:24,790 [INFO] PluginManage:359 - Loaded plugin pinoutconfig (category:base,tabindex:0)
2023-12-25 02:24:24,790 [INFO] PluginManage:310 - Check plugin power
2023-12-25 02:24:24,801 [INFO] PluginManage:359 - Loaded plugin power (category:power,tabindex:4)
2023-12-25 02:24:24,801 [INFO] PluginManage:310 - Check plugin projectmanager
2023-12-25 02:24:24,823 [INFO] PluginManage:359 - Loaded plugin projectmanager (category:projectmanager,tabindex:3)
2023-12-25 02:24:24,823 [INFO] PluginManage:310 - Check plugin thirdparty
2023-12-25 02:24:25,032 [WARN] IntegrityCheckThread:84 - waiting for thirdparty lock release [integrity check]
2023-12-25 02:24:25,033 [INFO] PluginManage:359 - Loaded plugin thirdparty (category:base,tabindex:-1)
2023-12-25 02:24:25,033 [INFO] IntegrityCheckThread:86 - entering critical section [integrity check]
2023-12-25 02:24:25,034 [INFO] PluginManage:310 - Check plugin tools
2023-12-25 02:24:25,034 [INFO] ThirdPartyUpdaterWithRetryManager:70 - Updater plugin not ready yet. [1/15]
2023-12-25 02:24:25,038 [INFO] PluginManage:359 - Loaded plugin tools (category:base,tabindex:7)
2023-12-25 02:24:25,038 [INFO] PluginManage:310 - Check plugin tutovideos
2023-12-25 02:24:25,373 [INFO] PluginManage:359 - Loaded plugin tutovideos (category:base,tabindex:-1)
2023-12-25 02:24:25,373 [INFO] PluginManage:310 - Check plugin updater
2023-12-25 02:24:25,392 [INFO] PluginManage:359 - Loaded plugin updater (category:base,tabindex:12)
2023-12-25 02:24:25,392 [INFO] PluginManage:310 - Check plugin userauth
2023-12-25 02:24:25,399 [INFO] UserAuth:113 - Init User Auth plugin
2023-12-25 02:24:25,399 [INFO] PluginManage:359 - Loaded plugin userauth (category:base,tabindex:14)
2023-12-25 02:24:25,400 [INFO] PluginManage:283 - PluginManage : Loaded plugins [17]
2023-12-25 02:24:25,658 [INFO] PinOutPanel:1499 - setPackage(No Configuration,No Configuration)
2023-12-25 02:24:25,777 [INFO] CADModel:165 - CPN selected for project level
2023-12-25 02:24:25,777 [INFO] CADModel:114 - Register for checkConnection events
2023-12-25 02:24:25,796 [INFO] IPUIPlugin:80 - create IPUIPlugin
2023-12-25 02:24:25,796 [INFO] PluginManager:220 - loadIPPluginJar : add adc
2023-12-25 02:24:25,799 [INFO] IPUIPlugin:80 - create IPUIPlugin
2023-12-25 02:24:25,799 [INFO] PluginManager:220 - loadIPPluginJar : add aes
2023-12-25 02:24:25,802 [INFO] IPUIPlugin:80 - create IPUIPlugin
2023-12-25 02:24:25,802 [INFO] PluginManager:220 - loadIPPluginJar : add can
2023-12-25 02:24:25,804 [INFO] IPUIPlugin:80 - create IPUIPlugin
2023-12-25 02:24:25,805 [INFO] PluginManager:220 - loadIPPluginJar : add comp
2023-12-25 02:24:25,807 [INFO] IPUIPlugin:80 - create IPUIPlugin
2023-12-25 02:24:25,807 [INFO] PluginManager:220 - loadIPPluginJar : add cryp
2023-12-25 02:24:25,810 [INFO] IPUIPlugin:80 - create IPUIPlugin
2023-12-25 02:24:25,810 [INFO] PluginManager:220 - loadIPPluginJar : add dfsdm
2023-12-25 02:24:25,817 [INFO] IPUIPlugin:80 - create IPUIPlugin
2023-12-25 02:24:25,818 [INFO] PluginManager:220 - loadIPPluginJar : add dma
2023-12-25 02:24:25,820 [INFO] IPUIPlugin:80 - create IPUIPlugin
2023-12-25 02:24:25,820 [INFO] PluginManager:220 - loadIPPluginJar : add dma3
2023-12-25 02:24:25,822 [INFO] IPUIPlugin:80 - create IPUIPlugin
2023-12-25 02:24:25,822 [INFO] PluginManager:220 - loadIPPluginJar : add fatfs
2023-12-25 02:24:25,826 [INFO] IPUIPlugin:80 - create IPUIPlugin
2023-12-25 02:24:25,826 [INFO] PluginManager:220 - loadIPPluginJar : add fmc
2023-12-25 02:24:25,831 [INFO] IPUIPlugin:80 - create IPUIPlugin
2023-12-25 02:24:25,832 [INFO] PluginManager:220 - loadIPPluginJar : add freertos
2023-12-25 02:24:25,833 [INFO] IPUIPlugin:80 - create IPUIPlugin
2023-12-25 02:24:25,833 [INFO] PluginManager:220 - loadIPPluginJar : add genericplugin
2023-12-25 02:24:25,835 [INFO] IPUIPlugin:80 - create IPUIPlugin
2023-12-25 02:24:25,835 [INFO] PluginManager:220 - loadIPPluginJar : add gfxmmu
2023-12-25 02:24:25,842 [INFO] IPUIPlugin:80 - create IPUIPlugin
2023-12-25 02:24:25,842 [INFO] PluginManager:220 - loadIPPluginJar : add gic
2023-12-25 02:24:25,846 [INFO] IPUIPlugin:80 - create IPUIPlugin
2023-12-25 02:24:25,847 [INFO] PluginManager:220 - loadIPPluginJar : add gpio
2023-12-25 02:24:25,850 [INFO] IPUIPlugin:80 - create IPUIPlugin
2023-12-25 02:24:25,851 [INFO] PluginManager:220 - loadIPPluginJar : add gtzc
2023-12-25 02:24:25,853 [INFO] IPUIPlugin:80 - create IPUIPlugin
2023-12-25 02:24:25,853 [INFO] PluginManager:220 - loadIPPluginJar : add hash
2023-12-25 02:24:25,856 [INFO] IPUIPlugin:80 - create IPUIPlugin
2023-12-25 02:24:25,856 [INFO] PluginManager:220 - loadIPPluginJar : add i2c
2023-12-25 02:24:25,858 [INFO] IPUIPlugin:80 - create IPUIPlugin
2023-12-25 02:24:25,858 [INFO] PluginManager:220 - loadIPPluginJar : add i2s
2023-12-25 02:24:25,861 [INFO] IPUIPlugin:80 - create IPUIPlugin
2023-12-25 02:24:25,861 [INFO] PluginManager:220 - loadIPPluginJar : add i3c
2023-12-25 02:24:25,864 [INFO] IPUIPlugin:80 - create IPUIPlugin
2023-12-25 02:24:25,864 [INFO] PluginManager:220 - loadIPPluginJar : add ipddr
2023-12-25 02:24:25,872 [INFO] IPUIPlugin:80 - create IPUIPlugin
2023-12-25 02:24:25,872 [INFO] PluginManager:220 - loadIPPluginJar : add linkedlist
2023-12-25 02:24:25,875 [INFO] IPUIPlugin:80 - create IPUIPlugin
2023-12-25 02:24:25,875 [INFO] PluginManager:220 - loadIPPluginJar : add lorawan
2023-12-25 02:24:25,877 [INFO] IPUIPlugin:80 - create IPUIPlugin
2023-12-25 02:24:25,878 [INFO] PluginManager:220 - loadIPPluginJar : add ltdc
2023-12-25 02:24:25,884 [INFO] IPUIPlugin:80 - create IPUIPlugin
2023-12-25 02:24:25,885 [INFO] PluginManager:220 - loadIPPluginJar : add mdma
2023-12-25 02:24:25,888 [INFO] IPUIPlugin:80 - create IPUIPlugin
2023-12-25 02:24:25,888 [INFO] PluginManager:220 - loadIPPluginJar : add nvic
2023-12-25 02:24:25,892 [INFO] IPUIPlugin:80 - create IPUIPlugin
2023-12-25 02:24:25,892 [INFO] PluginManager:220 - loadIPPluginJar : add opamp
2023-12-25 02:24:25,895 [INFO] IPUIPlugin:80 - create IPUIPlugin
2023-12-25 02:24:25,896 [INFO] PluginManager:220 - loadIPPluginJar : add openamp
2023-12-25 02:24:25,899 [INFO] IPUIPlugin:80 - create IPUIPlugin
2023-12-25 02:24:25,899 [INFO] PluginManager:220 - loadIPPluginJar : add pdm2pcm
2023-12-25 02:24:25,906 [INFO] IPUIPlugin:80 - create IPUIPlugin
2023-12-25 02:24:25,909 [INFO] PluginManager:220 - loadIPPluginJar : add plateformsettings
2023-12-25 02:24:25,911 [INFO] IPUIPlugin:80 - create IPUIPlugin
2023-12-25 02:24:25,911 [INFO] PluginManager:220 - loadIPPluginJar : add quadspi
2023-12-25 02:24:25,921 [INFO] IPUIPlugin:80 - create IPUIPlugin
2023-12-25 02:24:25,921 [INFO] PluginManager:220 - loadIPPluginJar : add resmgrutility
2023-12-25 02:24:25,925 [INFO] IPUIPlugin:80 - create IPUIPlugin
2023-12-25 02:24:25,925 [INFO] PluginManager:220 - loadIPPluginJar : add sai
2023-12-25 02:24:25,926 [INFO] IPUIPlugin:80 - create IPUIPlugin
2023-12-25 02:24:25,926 [INFO] PluginManager:220 - loadIPPluginJar : add spi
2023-12-25 02:24:25,933 [INFO] IPUIPlugin:80 - create IPUIPlugin
2023-12-25 02:24:25,933 [INFO] PluginManager:220 - loadIPPluginJar : add stm32_wpan
2023-12-25 02:24:25,935 [INFO] IPUIPlugin:80 - create IPUIPlugin
2023-12-25 02:24:25,935 [INFO] PluginManager:220 - loadIPPluginJar : add tim
2023-12-25 02:24:25,938 [INFO] IPUIPlugin:80 - create IPUIPlugin
2023-12-25 02:24:25,938 [INFO] PluginManager:220 - loadIPPluginJar : add touchsensing
2023-12-25 02:24:25,940 [INFO] IPUIPlugin:80 - create IPUIPlugin
2023-12-25 02:24:25,940 [INFO] PluginManager:220 - loadIPPluginJar : add tracer_emb
2023-12-25 02:24:25,941 [INFO] IPUIPlugin:80 - create IPUIPlugin
2023-12-25 02:24:25,941 [INFO] PluginManager:220 - loadIPPluginJar : add ts
2023-12-25 02:24:25,943 [INFO] IPUIPlugin:80 - create IPUIPlugin
2023-12-25 02:24:25,943 [INFO] PluginManager:220 - loadIPPluginJar : add tsc
2023-12-25 02:24:25,945 [INFO] IPUIPlugin:80 - create IPUIPlugin
2023-12-25 02:24:25,945 [INFO] PluginManager:220 - loadIPPluginJar : add ucpd
2023-12-25 02:24:25,948 [INFO] IPUIPlugin:80 - create IPUIPlugin
2023-12-25 02:24:25,948 [INFO] PluginManager:220 - loadIPPluginJar : add usart
2023-12-25 02:24:25,952 [INFO] IPUIPlugin:80 - create IPUIPlugin
2023-12-25 02:24:25,952 [INFO] PluginManager:220 - loadIPPluginJar : add usbx
2023-12-25 02:24:26,086 [INFO] CADModel:165 - CPN selected for project level
2023-12-25 02:24:26,086 [INFO] CADModel:114 - Register for checkConnection events
2023-12-25 02:24:26,086 [FATAL] Updater:308 - Updater called before beeing initialized
2023-12-25 02:24:26,086 [ERROR] CADModel:125 - Updater not yet initialized, retry later 
2023-12-25 02:24:26,278 [INFO] CADModel:165 - CPN selected for project level
2023-12-25 02:24:26,278 [INFO] CADModel:114 - Register for checkConnection events
2023-12-25 02:24:26,278 [FATAL] Updater:308 - Updater called before beeing initialized
2023-12-25 02:24:26,278 [ERROR] CADModel:125 - Updater not yet initialized, retry later 
2023-12-25 02:24:26,283 [FATAL] Updater:308 - Updater called before beeing initialized
2023-12-25 02:24:26,426 [FATAL] Updater:308 - Updater called before beeing initialized
2023-12-25 02:24:26,441 [INFO] DbMcusAds:53 - JSON generation date=Wed Nov 29 16:22:27 IST 2023 (1701255147349)
2023-12-25 02:24:26,441 [FATAL] Updater:308 - Updater called before beeing initialized
2023-12-25 02:24:26,491 [WARN] DetailPanel:346 - Failed to get advertising image, set to default
2023-12-25 02:24:26,627 [FATAL] Updater:308 - Updater called before beeing initialized
2023-12-25 02:24:26,629 [FATAL] Updater:308 - Updater called before beeing initialized
2023-12-25 02:24:26,629 [FATAL] Updater:308 - Updater called before beeing initialized
2023-12-25 02:24:26,629 [WARN] DetailPanel:346 - Failed to get advertising image, set to default
2023-12-25 02:24:26,630 [FATAL] Updater:308 - Updater called before beeing initialized
2023-12-25 02:24:26,697 [ERROR] Updater:1120 - MainUpdater not yet initialized. External WinMGr cannot be set.
2023-12-25 02:24:26,701 [INFO] Updater:1056 - Updater Version found : 6.9.1
2023-12-25 02:24:26,734 [INFO] ApplicationProperties:184 - Using Application install path: C:\ST\STM32CubeIDE_1.13.1\STM32CubeIDE\plugins\com.st.stm32cube.common.mx_6.9.1.202307191849
2023-12-25 02:24:28,035 [INFO] ThirdPartyUpdaterWithRetryManager:70 - Updater plugin not ready yet. [2/15]
2023-12-25 02:24:28,146 [INFO] MainUpdater:2868 - connection check result : 10
2023-12-25 02:24:28,147 [INFO] MainUpdater:285 - Updater Check For Update Now.
2023-12-25 02:24:28,147 [INFO] MicroXplorer:498 - Change Database Version : DB.6.0.91
2023-12-25 02:24:28,157 [INFO] McuFinderGlobals:63 - Set McuFinder mode to 2 (CubeIDE integrated)
2023-12-25 02:24:28,157 [INFO] UserAuth:179 - activating auth plugin
2023-12-25 02:24:28,162 [INFO] UserAuth:393 - Internet connection configuration mode: 1
2023-12-25 02:24:28,221 [INFO] JxBrowserEngine:151 - Initiate JxBrowser Engine with user profile folder
2023-12-25 02:24:28,420 [INFO] CheckServerUpdateThread:120 - End of CheckServer Thread
2023-12-25 02:24:30,916 [INFO] WebApp:157 - Instantiating new browser for Auth
2023-12-25 02:24:31,250 [WARN] PackLoader:240 - Cannot read IP mode file for STMicroelectronics.X-CUBE-SMBUS.2.1.0
2023-12-25 02:24:31,269 [WARN] PackLoader:240 - Cannot read IP mode file for STMicroelectronics.X-CUBE-TOUCHGFX.4.23.0
2023-12-25 02:24:31,328 [WARN] PackLoader:240 - Cannot read IP mode file for STMicroelectronics.X-CUBE-AZRTOS-F7.1.1.0
2023-12-25 02:24:31,358 [WARN] PackLoader:240 - Cannot read IP mode file for STMicroelectronics.FP-SNS-MOTENV1.4.3.2
2023-12-25 02:24:31,379 [WARN] PackLoader:240 - Cannot read IP mode file for STMicroelectronics.FP-SNS-FLIGHT1.5.0.2
2023-12-25 02:24:31,405 [WARN] PackLoader:240 - Cannot read IP mode file for STMicroelectronics.X-CUBE-DISPLAY.3.0.0
2023-12-25 02:24:31,442 [WARN] PackLoader:240 - Cannot read IP mode file for STMicroelectronics.X-CUBE-BLE1.7.0.0
2023-12-25 02:24:31,459 [WARN] PackLoader:240 - Cannot read IP mode file for emotas.I-CUBE-CANOPEN.1.3.0
2023-12-25 02:24:31,473 [WARN] PackLoader:240 - Cannot read IP mode file for STMicroelectronics.X-CUBE-TOUCHGFX.4.22.0
2023-12-25 02:24:31,497 [WARN] PackLoader:240 - Cannot read IP mode file for STMicroelectronics.FP-SNS-SMARTAG2.1.2.0
2023-12-25 02:24:31,530 [INFO] LogOutputStream:77 - [STDOUT_REDIRECT] 1 : Invalid condition id : UX_CORESTACK_Condition cause : null
2023-12-25 02:24:31,532 [INFO] LogOutputStream:77 - [STDOUT_REDIRECT] 1 : Invalid condition id : UX_CORESTACK_Condition cause : null
2023-12-25 02:24:31,534 [INFO] LogOutputStream:77 - [STDOUT_REDIRECT] 1 : Invalid condition id : UX_CORESTACK_Condition cause : null
2023-12-25 02:24:31,537 [INFO] LogOutputStream:77 - [STDOUT_REDIRECT] 1 : Invalid condition id : UX_CORESTACK_Condition cause : null
2023-12-25 02:24:31,538 [INFO] LogOutputStream:77 - [STDOUT_REDIRECT] 1 : Invalid condition id : UX_CORESTACK_Condition cause : null
2023-12-25 02:24:31,544 [WARN] PackLoader:240 - Cannot read IP mode file for STMicroelectronics.X-CUBE-AZRTOS-WL.2.0.0
2023-12-25 02:24:31,569 [WARN] PackLoader:240 - Cannot read IP mode file for WES.I-CUBE-Cesium.1.3.0
2023-12-25 02:24:31,590 [WARN] PackLoader:240 - Cannot read IP mode file for STMicroelectronics.X-CUBE-BLE2.3.3.0
2023-12-25 02:24:31,609 [WARN] PackLoader:240 - Cannot read IP mode file for STMicroelectronics.X-CUBE-ALGOBUILD.1.3.0
2023-12-25 02:24:31,654 [WARN] PackLoader:240 - Cannot read IP mode file for STMicroelectronics.X-CUBE-AZRTOS-G0.1.1.0
2023-12-25 02:24:31,679 [WARN] PackLoader:240 - Cannot read IP mode file for STMicroelectronics.X-CUBE-NFC4.3.0.0
2023-12-25 02:24:31,705 [WARN] PackLoader:240 - Cannot read IP mode file for STMicroelectronics.X-CUBE-BLEMGR.3.0.0
2023-12-25 02:24:31,720 [WARN] PackLoader:240 - Cannot read IP mode file for STMicroelectronics.FP-ATR-SIGFOX1.3.2.0
2023-12-25 02:24:31,758 [WARN] PackLoader:240 - Cannot read IP mode file for SEGGER.I-CUBE-embOS.1.3.1
2023-12-25 02:24:31,839 [WARN] PackLoader:240 - Cannot read IP mode file for STMicroelectronics.X-CUBE-GNSS1.6.0.0
2023-12-25 02:24:31,893 [WARN] PackLoader:240 - Cannot read IP mode file for STMicroelectronics.X-CUBE-AZRTOS-F4.1.1.0
2023-12-25 02:24:31,946 [WARN] PackLoader:240 - Cannot read IP mode file for wolfSSL.I-CUBE-wolfSSL.5.6.4
2023-12-25 02:24:31,968 [WARN] PackLoader:240 - Cannot read IP mode file for wolfSSL.I-CUBE-wolfSSL.5.6.3
2023-12-25 02:24:32,010 [WARN] PackLoader:240 - Cannot read IP mode file for STMicroelectronics.X-CUBE-AZRTOS-L5.2.0.0
2023-12-25 02:24:32,024 [INFO] WebApp:753 - Register for checkConnection events
2023-12-25 02:24:32,025 [INFO] WebApp:390 - Apply proxy settings
2023-12-25 02:24:32,025 [INFO] WebApp:475 - Chromium requires no authentication
2023-12-25 02:24:32,057 [INFO] WebApp:418 - Direct internet connection detected
2023-12-25 02:24:32,115 [WARN] PackLoader:240 - Cannot read IP mode file for STMicroelectronics.X-CUBE-MEMS1.9.6.0
2023-12-25 02:24:32,341 [WARN] PackLoader:240 - Cannot read IP mode file for STMicroelectronics.X-CUBE-EEPRMA1.4.2.0
2023-12-25 02:24:32,361 [WARN] PackLoader:240 - Cannot read IP mode file for ITTIA_DB.I-CUBE-ITTIADB.8.8.0
2023-12-25 02:24:32,383 [WARN] PackLoader:240 - Cannot read IP mode file for STMicroelectronics.X-CUBE-BLEMGR.2.0.0
2023-12-25 02:24:32,423 [WARN] ConditionMgr:438 - getConditionDescription Invalid condition id : UX DEVICE CLASS RTOS Condition cause : null
2023-12-25 02:24:32,423 [WARN] ConditionMgr:438 - getConditionDescription Invalid condition id : UX DEVICE CLASS RTOS Condition cause : null
2023-12-25 02:24:32,426 [WARN] PackLoader:240 - Cannot read IP mode file for STMicroelectronics.X-CUBE-AZRTOS-H7.3.1.0
2023-12-25 02:24:32,427 [WARN] ConditionMgr:1039 - genDependencies : Invalid condition id : UX DEVICE CLASS RTOS Condition cause : null
2023-12-25 02:24:32,427 [WARN] ConditionMgr:1039 - genDependencies : Invalid condition id : UX DEVICE CLASS RTOS Condition cause : null
2023-12-25 02:24:32,428 [WARN] ConditionMgr:1039 - genDependencies : Invalid condition id : UX DEVICE CLASS RTOS Condition cause : null
2023-12-25 02:24:32,428 [WARN] ConditionMgr:1039 - genDependencies : Invalid condition id : UX DEVICE CLASS RTOS Condition cause : null
2023-12-25 02:24:32,428 [WARN] ConditionMgr:1039 - genDependencies : Invalid condition id : UX DEVICE CLASS RTOS Condition cause : null
2023-12-25 02:24:32,448 [WARN] PackLoader:240 - Cannot read IP mode file for STMicroelectronics.X-CUBE-NFC7.1.0.1
2023-12-25 02:24:32,470 [WARN] PackLoader:240 - Cannot read IP mode file for STMicroelectronics.X-CUBE-NFC6.3.0.0
2023-12-25 02:24:32,489 [WARN] PackLoader:240 - Cannot read IP mode file for STMicroelectronics.X-CUBE-EEPRMA1.4.1.0
2023-12-25 02:24:32,507 [WARN] PackLoader:240 - Cannot read IP mode file for STMicroelectronics.X-CUBE-AI.8.1.0
2023-12-25 02:24:32,545 [WARN] ConditionMgr:438 - getConditionDescription Invalid condition id : LAN8742 Phy interface Condition cause : null
2023-12-25 02:24:32,546 [WARN] PackLoader:240 - Cannot read IP mode file for STMicroelectronics.X-CUBE-AZRTOS-L4.2.0.0
2023-12-25 02:24:32,548 [WARN] ConditionMgr:1039 - genDependencies : Invalid condition id : LAN8742 Phy interface Condition cause : null
2023-12-25 02:24:32,548 [WARN] ConditionMgr:1039 - genDependencies : Invalid condition id : LAN8742 Phy interface Condition cause : null
2023-12-25 02:24:32,548 [WARN] ConditionMgr:1039 - genDependencies : Invalid condition id : LAN8742 Phy interface Condition cause : null
2023-12-25 02:24:32,566 [WARN] PackLoader:240 - Cannot read IP mode file for STMicroelectronics.X-CUBE-SFXS2LP1.4.0.0
2023-12-25 02:24:32,583 [WARN] PackLoader:240 - Cannot read IP mode file for STMicroelectronics.X-CUBE-ISPU.1.1.0
2023-12-25 02:24:32,625 [WARN] ConditionMgr:438 - getConditionDescription Invalid condition id : UX DEVICE CLASS RTOS Condition cause : null
2023-12-25 02:24:32,626 [WARN] ConditionMgr:438 - getConditionDescription Invalid condition id : UX DEVICE CLASS RTOS Condition cause : null
2023-12-25 02:24:32,628 [WARN] PackLoader:240 - Cannot read IP mode file for STMicroelectronics.X-CUBE-AZRTOS-WB.2.0.0
2023-12-25 02:24:32,629 [WARN] ConditionMgr:1039 - genDependencies : Invalid condition id : UX DEVICE CLASS RTOS Condition cause : null
2023-12-25 02:24:32,629 [WARN] ConditionMgr:1039 - genDependencies : Invalid condition id : UX DEVICE CLASS RTOS Condition cause : null
2023-12-25 02:24:32,630 [WARN] ConditionMgr:1039 - genDependencies : Invalid condition id : UX DEVICE CLASS RTOS Condition cause : null
2023-12-25 02:24:32,630 [WARN] ConditionMgr:1039 - genDependencies : Invalid condition id : UX DEVICE CLASS RTOS Condition cause : null
2023-12-25 02:24:32,630 [WARN] ConditionMgr:1039 - genDependencies : Invalid condition id : UX DEVICE CLASS RTOS Condition cause : null
2023-12-25 02:24:32,656 [WARN] PackLoader:240 - Cannot read IP mode file for STMicroelectronics.X-CUBE-SUBG2.5.0.0
2023-12-25 02:24:32,681 [WARN] PackLoader:240 - Cannot read IP mode file for STMicroelectronics.X-CUBE-TOF1.3.3.1
2023-12-25 02:24:32,720 [WARN] PackLoader:240 - Cannot read IP mode file for STMicroelectronics.X-CUBE-AZRTOS-G4.2.0.0
2023-12-25 02:24:32,754 [WARN] PackLoader:240 - Cannot read IP mode file for Infineon.AIROC-Wi-Fi-Bluetooth-STM32.1.5.1
2023-12-25 02:24:32,773 [WARN] PackLoader:240 - Cannot read IP mode file for STMicroelectronics.FP-SNS-MOTENVWB1.1.3.1
2023-12-25 02:24:32,791 [WARN] PackLoader:240 - Cannot read IP mode file for STMicroelectronics.X-CUBE-ISPU.2.0.0
2023-12-25 02:24:32,853 [WARN] PackLoader:240 - Cannot read IP mode file for STMicroelectronics.X-CUBE-MEMS1.10.0.0
2023-12-25 02:24:32,932 [INFO] WebApp:188 - Starting web application
2023-12-25 02:24:32,932 [INFO] WebApp:520 - Web application path used C:\ST\STM32CubeIDE_1.13.1\STM32CubeIDE\plugins\com.st.stm32cube.common.mx_6.9.1.202307191849\db\plugins\mcufinder\reactClient1\index.html
2023-12-25 02:24:33,024 [WARN] PackLoader:240 - Cannot read IP mode file for STMicroelectronics.X-CUBE-FREERTOS.1.1.0
2023-12-25 02:24:33,042 [WARN] PackLoader:240 - Cannot read IP mode file for portGmbH.I-Cube-SoM-uGOAL.1.1.0
2023-12-25 02:24:33,058 [WARN] PackLoader:240 - Cannot read IP mode file for STMicroelectronics.X-CUBE-ALS.1.0.1
2023-12-25 02:24:33,073 [WARN] PackLoader:240 - Cannot read IP mode file for STMicroelectronics.FP-ATR-ASTRA1.2.0.0
2023-12-25 02:24:33,096 [WARN] PackLoader:240 - Cannot read IP mode file for STMicroelectronics.X-CUBE-TOF1.3.4.0
2023-12-25 02:24:33,140 [WARN] PackLoader:240 - Cannot read IP mode file for STMicroelectronics.X-CUBE-AZRTOS-H7.3.2.0
2023-12-25 02:24:33,145 [INFO] ThirdParty:978 - Integrity check success = true
2023-12-25 02:24:33,146 [INFO] IntegrityCheckThread:100 - exiting critical section [integrity check]
2023-12-25 02:24:33,146 [INFO] IntegrityCheckThread:103 - End integrity checks thread
2023-12-25 02:24:33,854 [ERROR] LogOutputStream:75 - [STDERR_REDIRECT] Dec 25, 2023 2:24:33 AM org.glassfish.grizzly.http.server.NetworkListener start
2023-12-25 02:24:33,856 [ERROR] LogOutputStream:75 - [STDERR_REDIRECT] INFO: Started listener bound to [localhost:1598]
2023-12-25 02:24:33,856 [ERROR] LogOutputStream:75 - [STDERR_REDIRECT] 
2023-12-25 02:24:33,858 [ERROR] LogOutputStream:75 - [STDERR_REDIRECT] Dec 25, 2023 2:24:33 AM org.glassfish.grizzly.http.server.HttpServer start
2023-12-25 02:24:33,859 [ERROR] LogOutputStream:75 - [STDERR_REDIRECT] INFO: [HttpServer] Started.
2023-12-25 02:24:33,860 [ERROR] LogOutputStream:75 - [STDERR_REDIRECT] 
2023-12-25 02:31:28,031 [ERROR] LogOutputStream:75 - [STDERR_REDIRECT] Dec 25, 2023 2:31:28 AM com.genuitec.eclipse.lsp4j.jsonrpc.services.GenericEndpoint lambda$2
2023-12-25 02:31:28,035 [ERROR] LogOutputStream:75 - [STDERR_REDIRECT] SEVERE: A delegate object is null, jsonrpc methods of 'public abstract com.genuitec.eclipse.lsp4j.services.WorkspaceService com.genuitec.eclipse.lsp4j.services.LanguageServer.getWorkspaceService()' are ignored
2023-12-25 02:31:28,035 [ERROR] LogOutputStream:75 - [STDERR_REDIRECT] 
2023-12-25 02:54:54,559 [ERROR] LogOutputStream:75 - [STDERR_REDIRECT] 2:54:54.554 ERROR Chromium process exit code: 1
2023-12-25 02:54:54,560 [ERROR] LogOutputStream:75 - [STDERR_REDIRECT] 
2023-12-25 02:54:54,562 [ERROR] LogOutputStream:75 - [STDERR_REDIRECT] 2:54:54.560 ERROR Crash dump dir: C:\Users\vinee\AppData\Local\JxBrowser\7.30.2\CrashReports
2023-12-25 02:54:54,562 [ERROR] LogOutputStream:75 - [STDERR_REDIRECT] 
2023-12-25 02:54:54,564 [ERROR] WebApp:339 - JxBrowser engine crashed! Exit code: 1
2023-12-25 02:56:36,805 [INFO] Activator:176 - 


2023-12-25 02:56:36,808 [INFO] Activator:177 - !SESSION log4j initialized
2023-12-25 02:56:44,729 [INFO] LogOutputStream:77 - [STDOUT_REDIRECT] 
2023-12-25 02:56:45,732 [INFO] ApplicationProperties:184 - Using Application install path: C:\ST\STM32CubeIDE_1.13.1\STM32CubeIDE\plugins\com.st.stm32cube.common.mx_6.9.1.202307191849
2023-12-25 02:56:45,756 [INFO] DbMcusXml:78 - Set database path to: C:\ST\STM32CubeIDE_1.13.1\STM32CubeIDE\plugins\com.st.stm32cube.common.mx_6.9.1.202307191849\\db\/mcu/
2023-12-25 02:56:45,756 [INFO] ApiDb:274 - Set plugin database path to: C:\ST\STM32CubeIDE_1.13.1\STM32CubeIDE\plugins\com.st.stm32cube.common.mx_6.9.1.202307191849\\db\/plugins/boardmanager/
2023-12-25 02:56:45,757 [WARN] ApiDb:259 - Overriding images path with different value:  => C:\ST\STM32CubeIDE_1.13.1\STM32CubeIDE\plugins\com.st.stm32cube.common.mx_6.9.1.202307191849\\db\/plugins/mcufinder/images/
2023-12-25 02:56:45,772 [INFO] ApiDb:250 - Set database path to: C:\Users\vinee\.stmcufinder\plugins\mcufinder//mcu/
2023-12-25 02:56:45,775 [INFO] DbMcusAds:125 - Set database path to: C:\Users\vinee\.stmcufinder\plugins\mcufinder//mcu/
2023-12-25 02:56:45,779 [INFO] CrossReferenceDbSqlite:203 - Set database path to: C:\Users\vinee\.stmcufinder\plugins\mcufinder//mcu/cs/
2023-12-25 02:56:45,940 [INFO] RulesReader:64 - Compatibility file has been processed (293 Rules)
2023-12-25 02:56:46,041 [INFO] DbMcusXml:78 - Set database path to: C:\ST\STM32CubeIDE_1.13.1\STM32CubeIDE\plugins\com.st.stm32cube.common.mx_6.9.1.202307191849\\db\/mcu/
2023-12-25 02:56:46,042 [INFO] ApiDb:274 - Set plugin database path to: C:\ST\STM32CubeIDE_1.13.1\STM32CubeIDE\plugins\com.st.stm32cube.common.mx_6.9.1.202307191849\\db\/plugins/boardmanager/
2023-12-25 02:56:46,042 [INFO] ApiDb:261 - Set plugin images path to: C:\ST\STM32CubeIDE_1.13.1\STM32CubeIDE\plugins\com.st.stm32cube.common.mx_6.9.1.202307191849\\db\/plugins/mcufinder/images/
2023-12-25 02:56:46,042 [WARN] DbFile:41 - Overriding database path with different value: C:\Users\vinee\.stmcufinder\plugins\mcufinder/ => C:\Users\vinee\.stmcufinder\plugins\mcufinder
2023-12-25 02:56:46,042 [INFO] ApiDb:250 - Set database path to: C:\Users\vinee\.stmcufinder\plugins\mcufinder//mcu/
2023-12-25 02:56:46,042 [WARN] DbFile:41 - Overriding database path with different value: C:\Users\vinee\.stmcufinder\plugins\mcufinder/ => C:\Users\vinee\.stmcufinder\plugins\mcufinder
2023-12-25 02:56:46,043 [INFO] DbMcusAds:125 - Set database path to: C:\Users\vinee\.stmcufinder\plugins\mcufinder//mcu/
2023-12-25 02:56:46,043 [WARN] DbFile:41 - Overriding database path with different value: C:\Users\vinee\.stmcufinder\plugins\mcufinder/ => C:\Users\vinee\.stmcufinder\plugins\mcufinder
2023-12-25 02:56:46,043 [WARN] DbFile:41 - Overriding database path with different value: C:\Users\vinee\.stmcufinder\plugins\mcufinder/ => C:\Users\vinee\.stmcufinder\plugins\mcufinder
2023-12-25 02:56:46,043 [INFO] CrossReferenceDbSqlite:203 - Set database path to: C:\Users\vinee\.stmcufinder\plugins\mcufinder//mcu/cs/
2023-12-25 02:56:46,131 [INFO] MainPanel:262 - HeapMemory: 268435456
2023-12-25 02:56:46,226 [INFO] DbMcusXml:78 - Set database path to: C:\ST\STM32CubeIDE_1.13.1\STM32CubeIDE\plugins\com.st.stm32cube.common.mx_6.9.1.202307191849\\db\/mcu/
2023-12-25 02:56:46,226 [INFO] ApiDb:274 - Set plugin database path to: C:\ST\STM32CubeIDE_1.13.1\STM32CubeIDE\plugins\com.st.stm32cube.common.mx_6.9.1.202307191849\\db\/plugins/boardmanager/
2023-12-25 02:56:46,226 [INFO] ApiDb:261 - Set plugin images path to: C:\ST\STM32CubeIDE_1.13.1\STM32CubeIDE\plugins\com.st.stm32cube.common.mx_6.9.1.202307191849\\db\/plugins/mcufinder/images/
2023-12-25 02:56:46,227 [WARN] DbFile:41 - Overriding database path with different value: C:\Users\vinee\.stmcufinder\plugins\mcufinder/ => C:\Users\vinee\.stmcufinder\plugins\mcufinder
2023-12-25 02:56:46,227 [INFO] ApiDb:250 - Set database path to: C:\Users\vinee\.stmcufinder\plugins\mcufinder//mcu/
2023-12-25 02:56:46,227 [WARN] DbFile:41 - Overriding database path with different value: C:\Users\vinee\.stmcufinder\plugins\mcufinder/ => C:\Users\vinee\.stmcufinder\plugins\mcufinder
2023-12-25 02:56:46,227 [INFO] DbMcusAds:125 - Set database path to: C:\Users\vinee\.stmcufinder\plugins\mcufinder//mcu/
2023-12-25 02:56:46,227 [WARN] DbFile:41 - Overriding database path with different value: C:\Users\vinee\.stmcufinder\plugins\mcufinder/ => C:\Users\vinee\.stmcufinder\plugins\mcufinder
2023-12-25 02:56:46,228 [WARN] DbFile:41 - Overriding database path with different value: C:\Users\vinee\.stmcufinder\plugins\mcufinder/ => C:\Users\vinee\.stmcufinder\plugins\mcufinder
2023-12-25 02:56:46,228 [INFO] CrossReferenceDbSqlite:203 - Set database path to: C:\Users\vinee\.stmcufinder\plugins\mcufinder//mcu/cs/
2023-12-25 02:56:46,254 [INFO] ApplicationProperties:184 - Using Application install path: C:\ST\STM32CubeIDE_1.13.1\STM32CubeIDE\plugins\com.st.stm32cube.common.mx_6.9.1.202307191849
2023-12-25 02:56:46,255 [INFO] PluginManage:196 - Search for loadable plugins [exclusion list=, ]
2023-12-25 02:56:46,257 [INFO] PluginManage:310 - Check plugin analytics
2023-12-25 02:56:46,500 [INFO] AnalyticsPlugin:253 - Accepted Software Licenses: 
2023-12-25 02:56:46,501 [INFO] AnalyticsPlugin:255 - Accepted CMSIS Pack Licenses: 
2023-12-25 02:56:46,501 [INFO] AnalyticsPlugin:257 - Accepted Firmware Licenses: FW.F4.1.27.0
2023-12-25 02:56:46,505 [INFO] PluginManage:359 - Loaded plugin analytics (category:tool,tabindex:-1)
2023-12-25 02:56:46,506 [INFO] PluginManage:310 - Check plugin cadmodel
2023-12-25 02:56:46,512 [INFO] CADModel:105 - Init CAD model plugin
2023-12-25 02:56:46,513 [INFO] PluginManage:359 - Loaded plugin cadmodel (category:power,tabindex:5)
2023-12-25 02:56:46,513 [INFO] PluginManage:310 - Check plugin clock
2023-12-25 02:56:46,532 [INFO] PluginManage:359 - Loaded plugin clock (category:base,tabindex:2)
2023-12-25 02:56:46,532 [INFO] PluginManage:310 - Check plugin ddr
2023-12-25 02:56:46,536 [INFO] PluginManage:359 - Loaded plugin ddr (category:tool,tabindex:6)
2023-12-25 02:56:46,536 [INFO] PluginManage:310 - Check plugin filemanager
2023-12-25 02:56:46,699 [INFO] PluginManage:359 - Loaded plugin filemanager (category:base,tabindex:10)
2023-12-25 02:56:46,699 [INFO] PluginManage:310 - Check plugin ipmanager
2023-12-25 02:56:46,709 [INFO] PluginManage:359 - Loaded plugin ipmanager (category:base,tabindex:5)
2023-12-25 02:56:46,709 [INFO] PluginManage:310 - Check plugin lpbam
2023-12-25 02:56:46,721 [INFO] PluginManage:359 - Loaded plugin lpbam (category:base,tabindex:0)
2023-12-25 02:56:46,722 [INFO] PluginManage:310 - Check plugin memorymap
2023-12-25 02:56:46,736 [INFO] PluginManage:359 - Loaded plugin memorymap (category:base,tabindex:4)
2023-12-25 02:56:46,736 [INFO] PluginManage:310 - Check plugin pinoutandconfiguration
2023-12-25 02:56:46,743 [INFO] PluginManage:359 - Loaded plugin pinoutandconfiguration (category:base,tabindex:1)
2023-12-25 02:56:46,743 [INFO] PluginManage:310 - Check plugin pinoutconfig
2023-12-25 02:56:46,845 [WARN] SupportedApi:132 - Cannot load RTOS API schema: s4s-elt-must-match.1: The content of 'definitions' must match (annotation?, (simpleType | complexType)?, (unique | key | keyref)*)). A problem was found starting at: attribute.
2023-12-25 02:56:47,015 [INFO] PluginManage:359 - Loaded plugin pinoutconfig (category:base,tabindex:0)
2023-12-25 02:56:47,015 [INFO] PluginManage:310 - Check plugin power
2023-12-25 02:56:47,026 [INFO] PluginManage:359 - Loaded plugin power (category:power,tabindex:4)
2023-12-25 02:56:47,027 [INFO] PluginManage:310 - Check plugin projectmanager
2023-12-25 02:56:47,057 [INFO] PluginManage:359 - Loaded plugin projectmanager (category:projectmanager,tabindex:3)
2023-12-25 02:56:47,057 [INFO] PluginManage:310 - Check plugin thirdparty
2023-12-25 02:56:47,240 [WARN] IntegrityCheckThread:84 - waiting for thirdparty lock release [integrity check]
2023-12-25 02:56:47,241 [INFO] IntegrityCheckThread:86 - entering critical section [integrity check]
2023-12-25 02:56:47,241 [INFO] PluginManage:359 - Loaded plugin thirdparty (category:base,tabindex:-1)
2023-12-25 02:56:47,241 [INFO] PluginManage:310 - Check plugin tools
2023-12-25 02:56:47,242 [INFO] ThirdPartyUpdaterWithRetryManager:70 - Updater plugin not ready yet. [1/15]
2023-12-25 02:56:47,247 [INFO] PluginManage:359 - Loaded plugin tools (category:base,tabindex:7)
2023-12-25 02:56:47,247 [INFO] PluginManage:310 - Check plugin tutovideos
2023-12-25 02:56:47,501 [INFO] PluginManage:359 - Loaded plugin tutovideos (category:base,tabindex:-1)
2023-12-25 02:56:47,501 [INFO] PluginManage:310 - Check plugin updater
2023-12-25 02:56:47,514 [INFO] PluginManage:359 - Loaded plugin updater (category:base,tabindex:12)
2023-12-25 02:56:47,514 [INFO] PluginManage:310 - Check plugin userauth
2023-12-25 02:56:47,521 [INFO] UserAuth:113 - Init User Auth plugin
2023-12-25 02:56:47,521 [INFO] PluginManage:359 - Loaded plugin userauth (category:base,tabindex:14)
2023-12-25 02:56:47,522 [INFO] PluginManage:283 - PluginManage : Loaded plugins [17]
2023-12-25 02:56:47,796 [INFO] PinOutPanel:1499 - setPackage(No Configuration,No Configuration)
2023-12-25 02:56:47,930 [INFO] CADModel:165 - CPN selected for project level
2023-12-25 02:56:47,931 [INFO] CADModel:114 - Register for checkConnection events
2023-12-25 02:56:47,951 [INFO] IPUIPlugin:80 - create IPUIPlugin
2023-12-25 02:56:47,951 [INFO] PluginManager:220 - loadIPPluginJar : add adc
2023-12-25 02:56:47,954 [INFO] IPUIPlugin:80 - create IPUIPlugin
2023-12-25 02:56:47,954 [INFO] PluginManager:220 - loadIPPluginJar : add aes
2023-12-25 02:56:47,958 [INFO] IPUIPlugin:80 - create IPUIPlugin
2023-12-25 02:56:47,958 [INFO] PluginManager:220 - loadIPPluginJar : add can
2023-12-25 02:56:47,960 [INFO] IPUIPlugin:80 - create IPUIPlugin
2023-12-25 02:56:47,960 [INFO] PluginManager:220 - loadIPPluginJar : add comp
2023-12-25 02:56:47,963 [INFO] IPUIPlugin:80 - create IPUIPlugin
2023-12-25 02:56:47,963 [INFO] PluginManager:220 - loadIPPluginJar : add cryp
2023-12-25 02:56:47,965 [INFO] IPUIPlugin:80 - create IPUIPlugin
2023-12-25 02:56:47,965 [INFO] PluginManager:220 - loadIPPluginJar : add dfsdm
2023-12-25 02:56:47,971 [INFO] IPUIPlugin:80 - create IPUIPlugin
2023-12-25 02:56:47,972 [INFO] PluginManager:220 - loadIPPluginJar : add dma
2023-12-25 02:56:47,974 [INFO] IPUIPlugin:80 - create IPUIPlugin
2023-12-25 02:56:47,974 [INFO] PluginManager:220 - loadIPPluginJar : add dma3
2023-12-25 02:56:47,976 [INFO] IPUIPlugin:80 - create IPUIPlugin
2023-12-25 02:56:47,977 [INFO] PluginManager:220 - loadIPPluginJar : add fatfs
2023-12-25 02:56:47,981 [INFO] IPUIPlugin:80 - create IPUIPlugin
2023-12-25 02:56:47,981 [INFO] PluginManager:220 - loadIPPluginJar : add fmc
2023-12-25 02:56:47,988 [INFO] IPUIPlugin:80 - create IPUIPlugin
2023-12-25 02:56:47,988 [INFO] PluginManager:220 - loadIPPluginJar : add freertos
2023-12-25 02:56:47,989 [INFO] IPUIPlugin:80 - create IPUIPlugin
2023-12-25 02:56:47,990 [INFO] PluginManager:220 - loadIPPluginJar : add genericplugin
2023-12-25 02:56:47,992 [INFO] IPUIPlugin:80 - create IPUIPlugin
2023-12-25 02:56:47,992 [INFO] PluginManager:220 - loadIPPluginJar : add gfxmmu
2023-12-25 02:56:47,998 [INFO] IPUIPlugin:80 - create IPUIPlugin
2023-12-25 02:56:47,999 [INFO] PluginManager:220 - loadIPPluginJar : add gic
2023-12-25 02:56:48,003 [INFO] IPUIPlugin:80 - create IPUIPlugin
2023-12-25 02:56:48,003 [INFO] PluginManager:220 - loadIPPluginJar : add gpio
2023-12-25 02:56:48,005 [INFO] IPUIPlugin:80 - create IPUIPlugin
2023-12-25 02:56:48,006 [INFO] PluginManager:220 - loadIPPluginJar : add gtzc
2023-12-25 02:56:48,008 [INFO] IPUIPlugin:80 - create IPUIPlugin
2023-12-25 02:56:48,009 [INFO] PluginManager:220 - loadIPPluginJar : add hash
2023-12-25 02:56:48,011 [INFO] IPUIPlugin:80 - create IPUIPlugin
2023-12-25 02:56:48,011 [INFO] PluginManager:220 - loadIPPluginJar : add i2c
2023-12-25 02:56:48,014 [INFO] IPUIPlugin:80 - create IPUIPlugin
2023-12-25 02:56:48,014 [INFO] PluginManager:220 - loadIPPluginJar : add i2s
2023-12-25 02:56:48,017 [INFO] IPUIPlugin:80 - create IPUIPlugin
2023-12-25 02:56:48,017 [INFO] PluginManager:220 - loadIPPluginJar : add i3c
2023-12-25 02:56:48,020 [INFO] IPUIPlugin:80 - create IPUIPlugin
2023-12-25 02:56:48,020 [INFO] PluginManager:220 - loadIPPluginJar : add ipddr
2023-12-25 02:56:48,028 [INFO] IPUIPlugin:80 - create IPUIPlugin
2023-12-25 02:56:48,028 [INFO] PluginManager:220 - loadIPPluginJar : add linkedlist
2023-12-25 02:56:48,031 [INFO] IPUIPlugin:80 - create IPUIPlugin
2023-12-25 02:56:48,031 [INFO] PluginManager:220 - loadIPPluginJar : add lorawan
2023-12-25 02:56:48,033 [INFO] IPUIPlugin:80 - create IPUIPlugin
2023-12-25 02:56:48,034 [INFO] PluginManager:220 - loadIPPluginJar : add ltdc
2023-12-25 02:56:48,040 [INFO] IPUIPlugin:80 - create IPUIPlugin
2023-12-25 02:56:48,041 [INFO] PluginManager:220 - loadIPPluginJar : add mdma
2023-12-25 02:56:48,045 [INFO] IPUIPlugin:80 - create IPUIPlugin
2023-12-25 02:56:48,045 [INFO] PluginManager:220 - loadIPPluginJar : add nvic
2023-12-25 02:56:48,048 [INFO] IPUIPlugin:80 - create IPUIPlugin
2023-12-25 02:56:48,048 [INFO] PluginManager:220 - loadIPPluginJar : add opamp
2023-12-25 02:56:48,051 [INFO] IPUIPlugin:80 - create IPUIPlugin
2023-12-25 02:56:48,051 [INFO] PluginManager:220 - loadIPPluginJar : add openamp
2023-12-25 02:56:48,056 [INFO] IPUIPlugin:80 - create IPUIPlugin
2023-12-25 02:56:48,056 [INFO] PluginManager:220 - loadIPPluginJar : add pdm2pcm
2023-12-25 02:56:48,062 [INFO] IPUIPlugin:80 - create IPUIPlugin
2023-12-25 02:56:48,066 [INFO] PluginManager:220 - loadIPPluginJar : add plateformsettings
2023-12-25 02:56:48,067 [INFO] IPUIPlugin:80 - create IPUIPlugin
2023-12-25 02:56:48,067 [INFO] PluginManager:220 - loadIPPluginJar : add quadspi
2023-12-25 02:56:48,070 [INFO] IPUIPlugin:80 - create IPUIPlugin
2023-12-25 02:56:48,070 [INFO] PluginManager:220 - loadIPPluginJar : add resmgrutility
2023-12-25 02:56:48,074 [INFO] IPUIPlugin:80 - create IPUIPlugin
2023-12-25 02:56:48,074 [INFO] PluginManager:220 - loadIPPluginJar : add sai
2023-12-25 02:56:48,076 [INFO] IPUIPlugin:80 - create IPUIPlugin
2023-12-25 02:56:48,076 [INFO] PluginManager:220 - loadIPPluginJar : add spi
2023-12-25 02:56:48,080 [INFO] IPUIPlugin:80 - create IPUIPlugin
2023-12-25 02:56:48,080 [INFO] PluginManager:220 - loadIPPluginJar : add stm32_wpan
2023-12-25 02:56:48,082 [INFO] IPUIPlugin:80 - create IPUIPlugin
2023-12-25 02:56:48,082 [INFO] PluginManager:220 - loadIPPluginJar : add tim
2023-12-25 02:56:48,085 [INFO] IPUIPlugin:80 - create IPUIPlugin
2023-12-25 02:56:48,086 [INFO] PluginManager:220 - loadIPPluginJar : add touchsensing
2023-12-25 02:56:48,088 [INFO] IPUIPlugin:80 - create IPUIPlugin
2023-12-25 02:56:48,088 [INFO] PluginManager:220 - loadIPPluginJar : add tracer_emb
2023-12-25 02:56:48,090 [INFO] IPUIPlugin:80 - create IPUIPlugin
2023-12-25 02:56:48,090 [INFO] PluginManager:220 - loadIPPluginJar : add ts
2023-12-25 02:56:48,091 [INFO] IPUIPlugin:80 - create IPUIPlugin
2023-12-25 02:56:48,091 [INFO] PluginManager:220 - loadIPPluginJar : add tsc
2023-12-25 02:56:48,093 [INFO] IPUIPlugin:80 - create IPUIPlugin
2023-12-25 02:56:48,093 [INFO] PluginManager:220 - loadIPPluginJar : add ucpd
2023-12-25 02:56:48,096 [INFO] IPUIPlugin:80 - create IPUIPlugin
2023-12-25 02:56:48,096 [INFO] PluginManager:220 - loadIPPluginJar : add usart
2023-12-25 02:56:48,098 [INFO] IPUIPlugin:80 - create IPUIPlugin
2023-12-25 02:56:48,099 [INFO] PluginManager:220 - loadIPPluginJar : add usbx
2023-12-25 02:56:48,242 [INFO] CADModel:165 - CPN selected for project level
2023-12-25 02:56:48,242 [INFO] CADModel:114 - Register for checkConnection events
2023-12-25 02:56:48,243 [FATAL] Updater:308 - Updater called before beeing initialized
2023-12-25 02:56:48,243 [ERROR] CADModel:125 - Updater not yet initialized, retry later 
2023-12-25 02:56:48,429 [INFO] CADModel:165 - CPN selected for project level
2023-12-25 02:56:48,430 [INFO] CADModel:114 - Register for checkConnection events
2023-12-25 02:56:48,430 [FATAL] Updater:308 - Updater called before beeing initialized
2023-12-25 02:56:48,430 [ERROR] CADModel:125 - Updater not yet initialized, retry later 
2023-12-25 02:56:48,435 [FATAL] Updater:308 - Updater called before beeing initialized
2023-12-25 02:56:48,551 [FATAL] Updater:308 - Updater called before beeing initialized
2023-12-25 02:56:48,557 [INFO] DbMcusAds:53 - JSON generation date=Wed Nov 29 16:22:27 IST 2023 (1701255147349)
2023-12-25 02:56:48,557 [FATAL] Updater:308 - Updater called before beeing initialized
2023-12-25 02:56:48,604 [WARN] DetailPanel:346 - Failed to get advertising image, set to default
2023-12-25 02:56:48,741 [FATAL] Updater:308 - Updater called before beeing initialized
2023-12-25 02:56:48,744 [FATAL] Updater:308 - Updater called before beeing initialized
2023-12-25 02:56:48,744 [FATAL] Updater:308 - Updater called before beeing initialized
2023-12-25 02:56:48,744 [WARN] DetailPanel:346 - Failed to get advertising image, set to default
2023-12-25 02:56:48,745 [FATAL] Updater:308 - Updater called before beeing initialized
2023-12-25 02:56:48,810 [ERROR] Updater:1120 - MainUpdater not yet initialized. External WinMGr cannot be set.
2023-12-25 02:56:48,812 [INFO] Updater:1056 - Updater Version found : 6.9.1
2023-12-25 02:56:48,836 [INFO] ApplicationProperties:184 - Using Application install path: C:\ST\STM32CubeIDE_1.13.1\STM32CubeIDE\plugins\com.st.stm32cube.common.mx_6.9.1.202307191849
2023-12-25 02:56:49,731 [INFO] MainUpdater:2868 - connection check result : 10
2023-12-25 02:56:49,733 [INFO] MainUpdater:285 - Updater Check For Update Now.
2023-12-25 02:56:49,733 [INFO] MicroXplorer:498 - Change Database Version : DB.6.0.91
2023-12-25 02:56:49,748 [INFO] McuFinderGlobals:63 - Set McuFinder mode to 2 (CubeIDE integrated)
2023-12-25 02:56:49,748 [INFO] UserAuth:179 - activating auth plugin
2023-12-25 02:56:49,763 [INFO] UserAuth:393 - Internet connection configuration mode: 1
2023-12-25 02:56:49,819 [INFO] JxBrowserEngine:151 - Initiate JxBrowser Engine with user profile folder
2023-12-25 02:56:50,012 [INFO] CheckServerUpdateThread:120 - End of CheckServer Thread
2023-12-25 02:56:50,529 [WARN] PackLoader:240 - Cannot read IP mode file for STMicroelectronics.X-CUBE-SMBUS.2.1.0
2023-12-25 02:56:50,547 [WARN] PackLoader:240 - Cannot read IP mode file for STMicroelectronics.X-CUBE-TOUCHGFX.4.23.0
2023-12-25 02:56:50,607 [WARN] PackLoader:240 - Cannot read IP mode file for STMicroelectronics.X-CUBE-AZRTOS-F7.1.1.0
2023-12-25 02:56:50,629 [WARN] PackLoader:240 - Cannot read IP mode file for STMicroelectronics.FP-SNS-MOTENV1.4.3.2
2023-12-25 02:56:50,643 [WARN] PackLoader:240 - Cannot read IP mode file for STMicroelectronics.FP-SNS-FLIGHT1.5.0.2
2023-12-25 02:56:50,660 [WARN] PackLoader:240 - Cannot read IP mode file for STMicroelectronics.X-CUBE-DISPLAY.3.0.0
2023-12-25 02:56:50,693 [WARN] PackLoader:240 - Cannot read IP mode file for STMicroelectronics.X-CUBE-BLE1.7.0.0
2023-12-25 02:56:50,705 [WARN] PackLoader:240 - Cannot read IP mode file for emotas.I-CUBE-CANOPEN.1.3.0
2023-12-25 02:56:50,712 [WARN] PackLoader:240 - Cannot read IP mode file for STMicroelectronics.X-CUBE-TOUCHGFX.4.22.0
2023-12-25 02:56:50,721 [WARN] PackLoader:240 - Cannot read IP mode file for STMicroelectronics.FP-SNS-SMARTAG2.1.2.0
2023-12-25 02:56:50,745 [INFO] LogOutputStream:77 - [STDOUT_REDIRECT] 1 : Invalid condition id : UX_CORESTACK_Condition cause : null
2023-12-25 02:56:50,746 [INFO] LogOutputStream:77 - [STDOUT_REDIRECT] 1 : Invalid condition id : UX_CORESTACK_Condition cause : null
2023-12-25 02:56:50,748 [INFO] LogOutputStream:77 - [STDOUT_REDIRECT] 1 : Invalid condition id : UX_CORESTACK_Condition cause : null
2023-12-25 02:56:50,750 [INFO] LogOutputStream:77 - [STDOUT_REDIRECT] 1 : Invalid condition id : UX_CORESTACK_Condition cause : null
2023-12-25 02:56:50,753 [INFO] LogOutputStream:77 - [STDOUT_REDIRECT] 1 : Invalid condition id : UX_CORESTACK_Condition cause : null
2023-12-25 02:56:50,765 [WARN] PackLoader:240 - Cannot read IP mode file for STMicroelectronics.X-CUBE-AZRTOS-WL.2.0.0
2023-12-25 02:56:50,788 [WARN] PackLoader:240 - Cannot read IP mode file for WES.I-CUBE-Cesium.1.3.0
2023-12-25 02:56:50,798 [WARN] PackLoader:240 - Cannot read IP mode file for STMicroelectronics.X-CUBE-BLE2.3.3.0
2023-12-25 02:56:50,807 [WARN] PackLoader:240 - Cannot read IP mode file for STMicroelectronics.X-CUBE-ALGOBUILD.1.3.0
2023-12-25 02:56:50,826 [WARN] PackLoader:240 - Cannot read IP mode file for STMicroelectronics.X-CUBE-AZRTOS-G0.1.1.0
2023-12-25 02:56:50,836 [WARN] PackLoader:240 - Cannot read IP mode file for STMicroelectronics.X-CUBE-NFC4.3.0.0
2023-12-25 02:56:50,849 [WARN] PackLoader:240 - Cannot read IP mode file for STMicroelectronics.X-CUBE-BLEMGR.3.0.0
2023-12-25 02:56:50,859 [WARN] PackLoader:240 - Cannot read IP mode file for STMicroelectronics.FP-ATR-SIGFOX1.3.2.0
2023-12-25 02:56:50,896 [WARN] PackLoader:240 - Cannot read IP mode file for SEGGER.I-CUBE-embOS.1.3.1
2023-12-25 02:56:50,951 [WARN] PackLoader:240 - Cannot read IP mode file for STMicroelectronics.X-CUBE-GNSS1.6.0.0
2023-12-25 02:56:50,976 [WARN] PackLoader:240 - Cannot read IP mode file for STMicroelectronics.X-CUBE-AZRTOS-F4.1.1.0
2023-12-25 02:56:50,988 [WARN] PackLoader:240 - Cannot read IP mode file for wolfSSL.I-CUBE-wolfSSL.5.6.4
2023-12-25 02:56:50,993 [WARN] PackLoader:240 - Cannot read IP mode file for wolfSSL.I-CUBE-wolfSSL.5.6.3
2023-12-25 02:56:51,017 [WARN] PackLoader:240 - Cannot read IP mode file for STMicroelectronics.X-CUBE-AZRTOS-L5.2.0.0
2023-12-25 02:56:51,115 [WARN] PackLoader:240 - Cannot read IP mode file for STMicroelectronics.X-CUBE-MEMS1.9.6.0
2023-12-25 02:56:51,357 [WARN] PackLoader:240 - Cannot read IP mode file for STMicroelectronics.X-CUBE-EEPRMA1.4.2.0
2023-12-25 02:56:51,363 [WARN] PackLoader:240 - Cannot read IP mode file for ITTIA_DB.I-CUBE-ITTIADB.8.8.0
2023-12-25 02:56:51,371 [WARN] PackLoader:240 - Cannot read IP mode file for STMicroelectronics.X-CUBE-BLEMGR.2.0.0
2023-12-25 02:56:51,378 [INFO] WebApp:157 - Instantiating new browser for Auth
2023-12-25 02:56:51,392 [WARN] ConditionMgr:438 - getConditionDescription Invalid condition id : UX DEVICE CLASS RTOS Condition cause : null
2023-12-25 02:56:51,392 [WARN] ConditionMgr:438 - getConditionDescription Invalid condition id : UX DEVICE CLASS RTOS Condition cause : null
2023-12-25 02:56:51,395 [WARN] PackLoader:240 - Cannot read IP mode file for STMicroelectronics.X-CUBE-AZRTOS-H7.3.1.0
2023-12-25 02:56:51,397 [WARN] ConditionMgr:1039 - genDependencies : Invalid condition id : UX DEVICE CLASS RTOS Condition cause : null
2023-12-25 02:56:51,398 [WARN] ConditionMgr:1039 - genDependencies : Invalid condition id : UX DEVICE CLASS RTOS Condition cause : null
2023-12-25 02:56:51,398 [WARN] ConditionMgr:1039 - genDependencies : Invalid condition id : UX DEVICE CLASS RTOS Condition cause : null
2023-12-25 02:56:51,398 [WARN] ConditionMgr:1039 - genDependencies : Invalid condition id : UX DEVICE CLASS RTOS Condition cause : null
2023-12-25 02:56:51,398 [WARN] ConditionMgr:1039 - genDependencies : Invalid condition id : UX DEVICE CLASS RTOS Condition cause : null
2023-12-25 02:56:51,406 [WARN] PackLoader:240 - Cannot read IP mode file for STMicroelectronics.X-CUBE-NFC7.1.0.1
2023-12-25 02:56:51,416 [WARN] PackLoader:240 - Cannot read IP mode file for STMicroelectronics.X-CUBE-NFC6.3.0.0
2023-12-25 02:56:51,427 [WARN] PackLoader:240 - Cannot read IP mode file for STMicroelectronics.X-CUBE-EEPRMA1.4.1.0
2023-12-25 02:56:51,437 [WARN] PackLoader:240 - Cannot read IP mode file for STMicroelectronics.X-CUBE-AI.8.1.0
2023-12-25 02:56:51,467 [WARN] ConditionMgr:438 - getConditionDescription Invalid condition id : LAN8742 Phy interface Condition cause : null
2023-12-25 02:56:51,468 [WARN] PackLoader:240 - Cannot read IP mode file for STMicroelectronics.X-CUBE-AZRTOS-L4.2.0.0
2023-12-25 02:56:51,470 [WARN] ConditionMgr:1039 - genDependencies : Invalid condition id : LAN8742 Phy interface Condition cause : null
2023-12-25 02:56:51,470 [WARN] ConditionMgr:1039 - genDependencies : Invalid condition id : LAN8742 Phy interface Condition cause : null
2023-12-25 02:56:51,471 [WARN] ConditionMgr:1039 - genDependencies : Invalid condition id : LAN8742 Phy interface Condition cause : null
2023-12-25 02:56:51,483 [WARN] PackLoader:240 - Cannot read IP mode file for STMicroelectronics.X-CUBE-SFXS2LP1.4.0.0
2023-12-25 02:56:51,489 [WARN] PackLoader:240 - Cannot read IP mode file for STMicroelectronics.X-CUBE-ISPU.1.1.0
2023-12-25 02:56:51,503 [WARN] ConditionMgr:438 - getConditionDescription Invalid condition id : UX DEVICE CLASS RTOS Condition cause : null
2023-12-25 02:56:51,503 [WARN] ConditionMgr:438 - getConditionDescription Invalid condition id : UX DEVICE CLASS RTOS Condition cause : null
2023-12-25 02:56:51,515 [WARN] PackLoader:240 - Cannot read IP mode file for STMicroelectronics.X-CUBE-AZRTOS-WB.2.0.0
2023-12-25 02:56:51,516 [WARN] ConditionMgr:1039 - genDependencies : Invalid condition id : UX DEVICE CLASS RTOS Condition cause : null
2023-12-25 02:56:51,517 [WARN] ConditionMgr:1039 - genDependencies : Invalid condition id : UX DEVICE CLASS RTOS Condition cause : null
2023-12-25 02:56:51,517 [WARN] ConditionMgr:1039 - genDependencies : Invalid condition id : UX DEVICE CLASS RTOS Condition cause : null
2023-12-25 02:56:51,518 [WARN] ConditionMgr:1039 - genDependencies : Invalid condition id : UX DEVICE CLASS RTOS Condition cause : null
2023-12-25 02:56:51,518 [WARN] ConditionMgr:1039 - genDependencies : Invalid condition id : UX DEVICE CLASS RTOS Condition cause : null
2023-12-25 02:56:51,531 [WARN] PackLoader:240 - Cannot read IP mode file for STMicroelectronics.X-CUBE-SUBG2.5.0.0
2023-12-25 02:56:51,550 [WARN] PackLoader:240 - Cannot read IP mode file for STMicroelectronics.X-CUBE-TOF1.3.3.1
2023-12-25 02:56:51,578 [WARN] PackLoader:240 - Cannot read IP mode file for STMicroelectronics.X-CUBE-AZRTOS-G4.2.0.0
2023-12-25 02:56:51,596 [WARN] PackLoader:240 - Cannot read IP mode file for Infineon.AIROC-Wi-Fi-Bluetooth-STM32.1.5.1
2023-12-25 02:56:51,606 [WARN] PackLoader:240 - Cannot read IP mode file for STMicroelectronics.FP-SNS-MOTENVWB1.1.3.1
2023-12-25 02:56:51,612 [WARN] PackLoader:240 - Cannot read IP mode file for STMicroelectronics.X-CUBE-ISPU.2.0.0
2023-12-25 02:56:51,659 [WARN] PackLoader:240 - Cannot read IP mode file for STMicroelectronics.X-CUBE-MEMS1.10.0.0
2023-12-25 02:56:51,790 [WARN] PackLoader:240 - Cannot read IP mode file for STMicroelectronics.X-CUBE-FREERTOS.1.1.0
2023-12-25 02:56:51,795 [WARN] PackLoader:240 - Cannot read IP mode file for portGmbH.I-Cube-SoM-uGOAL.1.1.0
2023-12-25 02:56:51,800 [WARN] PackLoader:240 - Cannot read IP mode file for STMicroelectronics.X-CUBE-ALS.1.0.1
2023-12-25 02:56:51,805 [WARN] PackLoader:240 - Cannot read IP mode file for STMicroelectronics.FP-ATR-ASTRA1.2.0.0
2023-12-25 02:56:51,815 [WARN] PackLoader:240 - Cannot read IP mode file for STMicroelectronics.X-CUBE-TOF1.3.4.0
2023-12-25 02:56:51,853 [WARN] PackLoader:240 - Cannot read IP mode file for STMicroelectronics.X-CUBE-AZRTOS-H7.3.2.0
2023-12-25 02:56:51,857 [INFO] ThirdParty:978 - Integrity check success = true
2023-12-25 02:56:51,857 [INFO] IntegrityCheckThread:100 - exiting critical section [integrity check]
2023-12-25 02:56:51,857 [INFO] IntegrityCheckThread:103 - End integrity checks thread
2023-12-25 02:56:52,613 [INFO] WebApp:753 - Register for checkConnection events
2023-12-25 02:56:52,613 [INFO] WebApp:390 - Apply proxy settings
2023-12-25 02:56:52,613 [INFO] WebApp:475 - Chromium requires no authentication
2023-12-25 02:56:52,623 [INFO] WebApp:418 - Direct internet connection detected
2023-12-25 02:56:52,855 [INFO] WebApp:188 - Starting web application
2023-12-25 02:56:52,856 [INFO] WebApp:520 - Web application path used C:\ST\STM32CubeIDE_1.13.1\STM32CubeIDE\plugins\com.st.stm32cube.common.mx_6.9.1.202307191849\db\plugins\mcufinder\reactClient1\index.html
2023-12-25 02:56:53,440 [ERROR] LogOutputStream:75 - [STDERR_REDIRECT] Dec 25, 2023 2:56:53 AM org.glassfish.grizzly.http.server.NetworkListener start
2023-12-25 02:56:53,441 [ERROR] LogOutputStream:75 - [STDERR_REDIRECT] INFO: Started listener bound to [localhost:1594]
2023-12-25 02:56:53,441 [ERROR] LogOutputStream:75 - [STDERR_REDIRECT] 
2023-12-25 02:56:53,443 [ERROR] LogOutputStream:75 - [STDERR_REDIRECT] Dec 25, 2023 2:56:53 AM org.glassfish.grizzly.http.server.HttpServer start
2023-12-25 02:56:53,443 [ERROR] LogOutputStream:75 - [STDERR_REDIRECT] INFO: [HttpServer] Started.
2023-12-25 02:56:53,443 [ERROR] LogOutputStream:75 - [STDERR_REDIRECT] 
