2023-12-23 01:06:14,296 [INFO] Activator:176 - 


2023-12-23 01:06:14,305 [INFO] Activator:177 - !SESSION log4j initialized
2023-12-23 01:06:23,382 [INFO] LogOutputStream:77 - [STDOUT_REDIRECT] 
2023-12-23 01:06:26,136 [INFO] ApplicationProperties:184 - Using Application install path: C:\ST\STM32CubeIDE_1.13.1\STM32CubeIDE\plugins\com.st.stm32cube.common.mx_6.9.1.202307191849
2023-12-23 01:06:26,164 [INFO] DbMcusXml:78 - Set database path to: C:\ST\STM32CubeIDE_1.13.1\STM32CubeIDE\plugins\com.st.stm32cube.common.mx_6.9.1.202307191849\\db\/mcu/
2023-12-23 01:06:26,164 [INFO] ApiDb:274 - Set plugin database path to: C:\ST\STM32CubeIDE_1.13.1\STM32CubeIDE\plugins\com.st.stm32cube.common.mx_6.9.1.202307191849\\db\/plugins/boardmanager/
2023-12-23 01:06:26,165 [WARN] ApiDb:259 - Overriding images path with different value:  => C:\ST\STM32CubeIDE_1.13.1\STM32CubeIDE\plugins\com.st.stm32cube.common.mx_6.9.1.202307191849\\db\/plugins/mcufinder/images/
2023-12-23 01:06:26,183 [INFO] ApiDb:250 - Set database path to: C:\Users\vinee\.stmcufinder\plugins\mcufinder//mcu/
2023-12-23 01:06:26,185 [INFO] DbMcusAds:125 - Set database path to: C:\Users\vinee\.stmcufinder\plugins\mcufinder//mcu/
2023-12-23 01:06:26,188 [INFO] CrossReferenceDbSqlite:203 - Set database path to: C:\Users\vinee\.stmcufinder\plugins\mcufinder//mcu/cs/
2023-12-23 01:06:26,362 [INFO] RulesReader:64 - Compatibility file has been processed (293 Rules)
2023-12-23 01:06:26,493 [INFO] DbMcusXml:78 - Set database path to: C:\ST\STM32CubeIDE_1.13.1\STM32CubeIDE\plugins\com.st.stm32cube.common.mx_6.9.1.202307191849\\db\/mcu/
2023-12-23 01:06:26,493 [INFO] ApiDb:274 - Set plugin database path to: C:\ST\STM32CubeIDE_1.13.1\STM32CubeIDE\plugins\com.st.stm32cube.common.mx_6.9.1.202307191849\\db\/plugins/boardmanager/
2023-12-23 01:06:26,493 [INFO] ApiDb:261 - Set plugin images path to: C:\ST\STM32CubeIDE_1.13.1\STM32CubeIDE\plugins\com.st.stm32cube.common.mx_6.9.1.202307191849\\db\/plugins/mcufinder/images/
2023-12-23 01:06:26,494 [WARN] DbFile:41 - Overriding database path with different value: C:\Users\vinee\.stmcufinder\plugins\mcufinder/ => C:\Users\vinee\.stmcufinder\plugins\mcufinder
2023-12-23 01:06:26,494 [INFO] ApiDb:250 - Set database path to: C:\Users\vinee\.stmcufinder\plugins\mcufinder//mcu/
2023-12-23 01:06:26,494 [WARN] DbFile:41 - Overriding database path with different value: C:\Users\vinee\.stmcufinder\plugins\mcufinder/ => C:\Users\vinee\.stmcufinder\plugins\mcufinder
2023-12-23 01:06:26,494 [INFO] DbMcusAds:125 - Set database path to: C:\Users\vinee\.stmcufinder\plugins\mcufinder//mcu/
2023-12-23 01:06:26,494 [WARN] DbFile:41 - Overriding database path with different value: C:\Users\vinee\.stmcufinder\plugins\mcufinder/ => C:\Users\vinee\.stmcufinder\plugins\mcufinder
2023-12-23 01:06:26,494 [WARN] DbFile:41 - Overriding database path with different value: C:\Users\vinee\.stmcufinder\plugins\mcufinder/ => C:\Users\vinee\.stmcufinder\plugins\mcufinder
2023-12-23 01:06:26,494 [INFO] CrossReferenceDbSqlite:203 - Set database path to: C:\Users\vinee\.stmcufinder\plugins\mcufinder//mcu/cs/
2023-12-23 01:06:26,621 [INFO] MainPanel:262 - HeapMemory: 268435456
2023-12-23 01:06:26,745 [INFO] DbMcusXml:78 - Set database path to: C:\ST\STM32CubeIDE_1.13.1\STM32CubeIDE\plugins\com.st.stm32cube.common.mx_6.9.1.202307191849\\db\/mcu/
2023-12-23 01:06:26,745 [INFO] ApiDb:274 - Set plugin database path to: C:\ST\STM32CubeIDE_1.13.1\STM32CubeIDE\plugins\com.st.stm32cube.common.mx_6.9.1.202307191849\\db\/plugins/boardmanager/
2023-12-23 01:06:26,745 [INFO] ApiDb:261 - Set plugin images path to: C:\ST\STM32CubeIDE_1.13.1\STM32CubeIDE\plugins\com.st.stm32cube.common.mx_6.9.1.202307191849\\db\/plugins/mcufinder/images/
2023-12-23 01:06:26,746 [WARN] DbFile:41 - Overriding database path with different value: C:\Users\vinee\.stmcufinder\plugins\mcufinder/ => C:\Users\vinee\.stmcufinder\plugins\mcufinder
2023-12-23 01:06:26,746 [INFO] ApiDb:250 - Set database path to: C:\Users\vinee\.stmcufinder\plugins\mcufinder//mcu/
2023-12-23 01:06:26,747 [WARN] DbFile:41 - Overriding database path with different value: C:\Users\vinee\.stmcufinder\plugins\mcufinder/ => C:\Users\vinee\.stmcufinder\plugins\mcufinder
2023-12-23 01:06:26,747 [INFO] DbMcusAds:125 - Set database path to: C:\Users\vinee\.stmcufinder\plugins\mcufinder//mcu/
2023-12-23 01:06:26,747 [WARN] DbFile:41 - Overriding database path with different value: C:\Users\vinee\.stmcufinder\plugins\mcufinder/ => C:\Users\vinee\.stmcufinder\plugins\mcufinder
2023-12-23 01:06:26,747 [WARN] DbFile:41 - Overriding database path with different value: C:\Users\vinee\.stmcufinder\plugins\mcufinder/ => C:\Users\vinee\.stmcufinder\plugins\mcufinder
2023-12-23 01:06:26,747 [INFO] CrossReferenceDbSqlite:203 - Set database path to: C:\Users\vinee\.stmcufinder\plugins\mcufinder//mcu/cs/
2023-12-23 01:06:26,774 [INFO] ApplicationProperties:184 - Using Application install path: C:\ST\STM32CubeIDE_1.13.1\STM32CubeIDE\plugins\com.st.stm32cube.common.mx_6.9.1.202307191849
2023-12-23 01:06:26,776 [INFO] PluginManage:196 - Search for loadable plugins [exclusion list=, ]
2023-12-23 01:06:26,779 [INFO] PluginManage:310 - Check plugin analytics
2023-12-23 01:06:27,030 [INFO] AnalyticsPlugin:253 - Accepted Software Licenses: 
2023-12-23 01:06:27,030 [INFO] AnalyticsPlugin:255 - Accepted CMSIS Pack Licenses: 
2023-12-23 01:06:27,030 [INFO] AnalyticsPlugin:257 - Accepted Firmware Licenses: FW.F4.1.27.0
2023-12-23 01:06:27,035 [INFO] PluginManage:359 - Loaded plugin analytics (category:tool,tabindex:-1)
2023-12-23 01:06:27,036 [INFO] PluginManage:310 - Check plugin cadmodel
2023-12-23 01:06:27,054 [INFO] CADModel:105 - Init CAD model plugin
2023-12-23 01:06:27,055 [INFO] PluginManage:359 - Loaded plugin cadmodel (category:power,tabindex:5)
2023-12-23 01:06:27,055 [INFO] PluginManage:310 - Check plugin clock
2023-12-23 01:06:27,083 [INFO] PluginManage:359 - Loaded plugin clock (category:base,tabindex:2)
2023-12-23 01:06:27,083 [INFO] PluginManage:310 - Check plugin ddr
2023-12-23 01:06:27,086 [INFO] PluginManage:359 - Loaded plugin ddr (category:tool,tabindex:6)
2023-12-23 01:06:27,086 [INFO] PluginManage:310 - Check plugin filemanager
2023-12-23 01:06:27,291 [INFO] PluginManage:359 - Loaded plugin filemanager (category:base,tabindex:10)
2023-12-23 01:06:27,292 [INFO] PluginManage:310 - Check plugin ipmanager
2023-12-23 01:06:27,303 [INFO] PluginManage:359 - Loaded plugin ipmanager (category:base,tabindex:5)
2023-12-23 01:06:27,303 [INFO] PluginManage:310 - Check plugin lpbam
2023-12-23 01:06:27,334 [INFO] PluginManage:359 - Loaded plugin lpbam (category:base,tabindex:0)
2023-12-23 01:06:27,334 [INFO] PluginManage:310 - Check plugin memorymap
2023-12-23 01:06:27,368 [INFO] PluginManage:359 - Loaded plugin memorymap (category:base,tabindex:4)
2023-12-23 01:06:27,369 [INFO] PluginManage:310 - Check plugin pinoutandconfiguration
2023-12-23 01:06:27,391 [INFO] PluginManage:359 - Loaded plugin pinoutandconfiguration (category:base,tabindex:1)
2023-12-23 01:06:27,391 [INFO] PluginManage:310 - Check plugin pinoutconfig
2023-12-23 01:06:27,531 [WARN] SupportedApi:132 - Cannot load RTOS API schema: s4s-elt-must-match.1: The content of 'definitions' must match (annotation?, (simpleType | complexType)?, (unique | key | keyref)*)). A problem was found starting at: attribute.
2023-12-23 01:06:27,709 [INFO] PluginManage:359 - Loaded plugin pinoutconfig (category:base,tabindex:0)
2023-12-23 01:06:27,710 [INFO] PluginManage:310 - Check plugin power
2023-12-23 01:06:27,738 [INFO] PluginManage:359 - Loaded plugin power (category:power,tabindex:4)
2023-12-23 01:06:27,739 [INFO] PluginManage:310 - Check plugin projectmanager
2023-12-23 01:06:27,757 [INFO] PluginManage:359 - Loaded plugin projectmanager (category:projectmanager,tabindex:3)
2023-12-23 01:06:27,757 [INFO] PluginManage:310 - Check plugin thirdparty
2023-12-23 01:06:28,143 [INFO] PluginManage:359 - Loaded plugin thirdparty (category:base,tabindex:-1)
2023-12-23 01:06:28,143 [INFO] PluginManage:310 - Check plugin tools
2023-12-23 01:06:28,143 [WARN] IntegrityCheckThread:84 - waiting for thirdparty lock release [integrity check]
2023-12-23 01:06:28,144 [INFO] IntegrityCheckThread:86 - entering critical section [integrity check]
2023-12-23 01:06:28,144 [INFO] ThirdPartyUpdaterWithRetryManager:70 - Updater plugin not ready yet. [1/15]
2023-12-23 01:06:28,191 [INFO] PluginManage:359 - Loaded plugin tools (category:base,tabindex:7)
2023-12-23 01:06:28,191 [INFO] PluginManage:310 - Check plugin tutovideos
2023-12-23 01:06:28,454 [INFO] PluginManage:359 - Loaded plugin tutovideos (category:base,tabindex:-1)
2023-12-23 01:06:28,454 [INFO] PluginManage:310 - Check plugin updater
2023-12-23 01:06:28,470 [INFO] PluginManage:359 - Loaded plugin updater (category:base,tabindex:12)
2023-12-23 01:06:28,471 [INFO] PluginManage:310 - Check plugin userauth
2023-12-23 01:06:28,477 [INFO] UserAuth:113 - Init User Auth plugin
2023-12-23 01:06:28,477 [INFO] PluginManage:359 - Loaded plugin userauth (category:base,tabindex:14)
2023-12-23 01:06:28,477 [INFO] PluginManage:283 - PluginManage : Loaded plugins [17]
2023-12-23 01:06:28,778 [INFO] PinOutPanel:1499 - setPackage(No Configuration,No Configuration)
2023-12-23 01:06:28,922 [INFO] CADModel:165 - CPN selected for project level
2023-12-23 01:06:28,924 [INFO] CADModel:114 - Register for checkConnection events
2023-12-23 01:06:28,962 [INFO] IPUIPlugin:80 - create IPUIPlugin
2023-12-23 01:06:28,964 [INFO] PluginManager:220 - loadIPPluginJar : add adc
2023-12-23 01:06:29,015 [INFO] IPUIPlugin:80 - create IPUIPlugin
2023-12-23 01:06:29,015 [INFO] PluginManager:220 - loadIPPluginJar : add aes
2023-12-23 01:06:29,077 [INFO] IPUIPlugin:80 - create IPUIPlugin
2023-12-23 01:06:29,077 [INFO] PluginManager:220 - loadIPPluginJar : add can
2023-12-23 01:06:29,107 [INFO] IPUIPlugin:80 - create IPUIPlugin
2023-12-23 01:06:29,108 [INFO] PluginManager:220 - loadIPPluginJar : add comp
2023-12-23 01:06:29,149 [INFO] IPUIPlugin:80 - create IPUIPlugin
2023-12-23 01:06:29,150 [INFO] PluginManager:220 - loadIPPluginJar : add cryp
2023-12-23 01:06:29,187 [INFO] IPUIPlugin:80 - create IPUIPlugin
2023-12-23 01:06:29,187 [INFO] PluginManager:220 - loadIPPluginJar : add dfsdm
2023-12-23 01:06:29,205 [INFO] IPUIPlugin:80 - create IPUIPlugin
2023-12-23 01:06:29,206 [INFO] PluginManager:220 - loadIPPluginJar : add dma
2023-12-23 01:06:29,260 [INFO] IPUIPlugin:80 - create IPUIPlugin
2023-12-23 01:06:29,260 [INFO] PluginManager:220 - loadIPPluginJar : add dma3
2023-12-23 01:06:29,287 [INFO] IPUIPlugin:80 - create IPUIPlugin
2023-12-23 01:06:29,287 [INFO] PluginManager:220 - loadIPPluginJar : add fatfs
2023-12-23 01:06:29,349 [INFO] IPUIPlugin:80 - create IPUIPlugin
2023-12-23 01:06:29,349 [INFO] PluginManager:220 - loadIPPluginJar : add fmc
2023-12-23 01:06:29,370 [INFO] IPUIPlugin:80 - create IPUIPlugin
2023-12-23 01:06:29,370 [INFO] PluginManager:220 - loadIPPluginJar : add freertos
2023-12-23 01:06:29,395 [INFO] IPUIPlugin:80 - create IPUIPlugin
2023-12-23 01:06:29,396 [INFO] PluginManager:220 - loadIPPluginJar : add genericplugin
2023-12-23 01:06:29,517 [INFO] IPUIPlugin:80 - create IPUIPlugin
2023-12-23 01:06:29,517 [INFO] PluginManager:220 - loadIPPluginJar : add gfxmmu
2023-12-23 01:06:29,696 [INFO] IPUIPlugin:80 - create IPUIPlugin
2023-12-23 01:06:29,696 [INFO] PluginManager:220 - loadIPPluginJar : add gic
2023-12-23 01:06:29,714 [INFO] IPUIPlugin:80 - create IPUIPlugin
2023-12-23 01:06:29,715 [INFO] PluginManager:220 - loadIPPluginJar : add gpio
2023-12-23 01:06:29,833 [INFO] IPUIPlugin:80 - create IPUIPlugin
2023-12-23 01:06:29,833 [INFO] PluginManager:220 - loadIPPluginJar : add gtzc
2023-12-23 01:06:29,881 [INFO] IPUIPlugin:80 - create IPUIPlugin
2023-12-23 01:06:29,881 [INFO] PluginManager:220 - loadIPPluginJar : add hash
2023-12-23 01:06:29,951 [INFO] IPUIPlugin:80 - create IPUIPlugin
2023-12-23 01:06:29,951 [INFO] PluginManager:220 - loadIPPluginJar : add i2c
2023-12-23 01:06:30,007 [INFO] IPUIPlugin:80 - create IPUIPlugin
2023-12-23 01:06:30,007 [INFO] PluginManager:220 - loadIPPluginJar : add i2s
2023-12-23 01:06:30,059 [INFO] IPUIPlugin:80 - create IPUIPlugin
2023-12-23 01:06:30,059 [INFO] PluginManager:220 - loadIPPluginJar : add i3c
2023-12-23 01:06:30,212 [INFO] IPUIPlugin:80 - create IPUIPlugin
2023-12-23 01:06:30,213 [INFO] PluginManager:220 - loadIPPluginJar : add ipddr
2023-12-23 01:06:30,338 [INFO] IPUIPlugin:80 - create IPUIPlugin
2023-12-23 01:06:30,338 [INFO] PluginManager:220 - loadIPPluginJar : add linkedlist
2023-12-23 01:06:30,384 [INFO] IPUIPlugin:80 - create IPUIPlugin
2023-12-23 01:06:30,384 [INFO] PluginManager:220 - loadIPPluginJar : add lorawan
2023-12-23 01:06:30,434 [INFO] IPUIPlugin:80 - create IPUIPlugin
2023-12-23 01:06:30,435 [INFO] PluginManager:220 - loadIPPluginJar : add ltdc
2023-12-23 01:06:30,454 [INFO] IPUIPlugin:80 - create IPUIPlugin
2023-12-23 01:06:30,454 [INFO] PluginManager:220 - loadIPPluginJar : add mdma
2023-12-23 01:06:30,471 [INFO] IPUIPlugin:80 - create IPUIPlugin
2023-12-23 01:06:30,471 [INFO] PluginManager:220 - loadIPPluginJar : add nvic
2023-12-23 01:06:30,523 [INFO] IPUIPlugin:80 - create IPUIPlugin
2023-12-23 01:06:30,523 [INFO] PluginManager:220 - loadIPPluginJar : add opamp
2023-12-23 01:06:30,599 [INFO] IPUIPlugin:80 - create IPUIPlugin
2023-12-23 01:06:30,599 [INFO] PluginManager:220 - loadIPPluginJar : add openamp
2023-12-23 01:06:30,653 [INFO] IPUIPlugin:80 - create IPUIPlugin
2023-12-23 01:06:30,653 [INFO] PluginManager:220 - loadIPPluginJar : add pdm2pcm
2023-12-23 01:06:30,674 [INFO] IPUIPlugin:80 - create IPUIPlugin
2023-12-23 01:06:30,678 [INFO] PluginManager:220 - loadIPPluginJar : add plateformsettings
2023-12-23 01:06:30,712 [INFO] IPUIPlugin:80 - create IPUIPlugin
2023-12-23 01:06:30,712 [INFO] PluginManager:220 - loadIPPluginJar : add quadspi
2023-12-23 01:06:30,731 [INFO] IPUIPlugin:80 - create IPUIPlugin
2023-12-23 01:06:30,732 [INFO] PluginManager:220 - loadIPPluginJar : add resmgrutility
2023-12-23 01:06:30,805 [INFO] IPUIPlugin:80 - create IPUIPlugin
2023-12-23 01:06:30,805 [INFO] PluginManager:220 - loadIPPluginJar : add sai
2023-12-23 01:06:30,857 [INFO] IPUIPlugin:80 - create IPUIPlugin
2023-12-23 01:06:30,857 [INFO] PluginManager:220 - loadIPPluginJar : add spi
2023-12-23 01:06:30,931 [INFO] IPUIPlugin:80 - create IPUIPlugin
2023-12-23 01:06:30,931 [INFO] PluginManager:220 - loadIPPluginJar : add stm32_wpan
2023-12-23 01:06:30,961 [INFO] IPUIPlugin:80 - create IPUIPlugin
2023-12-23 01:06:30,961 [INFO] PluginManager:220 - loadIPPluginJar : add tim
2023-12-23 01:06:31,030 [INFO] IPUIPlugin:80 - create IPUIPlugin
2023-12-23 01:06:31,030 [INFO] PluginManager:220 - loadIPPluginJar : add touchsensing
2023-12-23 01:06:31,059 [INFO] IPUIPlugin:80 - create IPUIPlugin
2023-12-23 01:06:31,059 [INFO] PluginManager:220 - loadIPPluginJar : add tracer_emb
2023-12-23 01:06:31,086 [INFO] IPUIPlugin:80 - create IPUIPlugin
2023-12-23 01:06:31,086 [INFO] PluginManager:220 - loadIPPluginJar : add ts
2023-12-23 01:06:31,114 [INFO] IPUIPlugin:80 - create IPUIPlugin
2023-12-23 01:06:31,114 [INFO] PluginManager:220 - loadIPPluginJar : add tsc
2023-12-23 01:06:31,143 [INFO] IPUIPlugin:80 - create IPUIPlugin
2023-12-23 01:06:31,143 [INFO] PluginManager:220 - loadIPPluginJar : add ucpd
2023-12-23 01:06:31,145 [INFO] ThirdPartyUpdaterWithRetryManager:70 - Updater plugin not ready yet. [2/15]
2023-12-23 01:06:31,199 [INFO] IPUIPlugin:80 - create IPUIPlugin
2023-12-23 01:06:31,199 [INFO] PluginManager:220 - loadIPPluginJar : add usart
2023-12-23 01:06:31,253 [INFO] IPUIPlugin:80 - create IPUIPlugin
2023-12-23 01:06:31,253 [INFO] PluginManager:220 - loadIPPluginJar : add usbx
2023-12-23 01:06:31,415 [INFO] CADModel:165 - CPN selected for project level
2023-12-23 01:06:31,415 [INFO] CADModel:114 - Register for checkConnection events
2023-12-23 01:06:31,415 [FATAL] Updater:308 - Updater called before beeing initialized
2023-12-23 01:06:31,415 [ERROR] CADModel:125 - Updater not yet initialized, retry later 
2023-12-23 01:06:31,668 [INFO] CADModel:165 - CPN selected for project level
2023-12-23 01:06:31,668 [INFO] CADModel:114 - Register for checkConnection events
2023-12-23 01:06:31,668 [FATAL] Updater:308 - Updater called before beeing initialized
2023-12-23 01:06:31,668 [ERROR] CADModel:125 - Updater not yet initialized, retry later 
2023-12-23 01:06:31,673 [FATAL] Updater:308 - Updater called before beeing initialized
2023-12-23 01:06:31,823 [FATAL] Updater:308 - Updater called before beeing initialized
2023-12-23 01:06:31,843 [INFO] DbMcusAds:53 - JSON generation date=Wed Nov 29 16:22:27 IST 2023 (1701255147349)
2023-12-23 01:06:31,844 [FATAL] Updater:308 - Updater called before beeing initialized
2023-12-23 01:06:31,906 [WARN] DetailPanel:346 - Failed to get advertising image, set to default
2023-12-23 01:06:32,049 [FATAL] Updater:308 - Updater called before beeing initialized
2023-12-23 01:06:32,066 [FATAL] Updater:308 - Updater called before beeing initialized
2023-12-23 01:06:32,066 [FATAL] Updater:308 - Updater called before beeing initialized
2023-12-23 01:06:32,066 [WARN] DetailPanel:346 - Failed to get advertising image, set to default
2023-12-23 01:06:32,067 [FATAL] Updater:308 - Updater called before beeing initialized
2023-12-23 01:06:32,159 [ERROR] Updater:1120 - MainUpdater not yet initialized. External WinMGr cannot be set.
2023-12-23 01:06:32,172 [INFO] Updater:1056 - Updater Version found : 6.9.1
2023-12-23 01:06:32,204 [INFO] ApplicationProperties:184 - Using Application install path: C:\ST\STM32CubeIDE_1.13.1\STM32CubeIDE\plugins\com.st.stm32cube.common.mx_6.9.1.202307191849
2023-12-23 01:06:32,462 [INFO] MainUpdater:2868 - connection check result : 10
2023-12-23 01:06:32,463 [INFO] MainUpdater:285 - Updater Check For Update Now.
2023-12-23 01:06:32,463 [INFO] MicroXplorer:498 - Change Database Version : DB.6.0.91
2023-12-23 01:06:32,499 [INFO] McuFinderGlobals:63 - Set McuFinder mode to 2 (CubeIDE integrated)
2023-12-23 01:06:32,500 [INFO] UserAuth:179 - activating auth plugin
2023-12-23 01:06:32,504 [INFO] UserAuth:393 - Internet connection configuration mode: 1
2023-12-23 01:06:32,561 [INFO] JxBrowserEngine:151 - Initiate JxBrowser Engine with user profile folder
2023-12-23 01:06:32,735 [INFO] CheckServerUpdateThread:120 - End of CheckServer Thread
2023-12-23 01:06:34,431 [WARN] PackLoader:240 - Cannot read IP mode file for STMicroelectronics.X-CUBE-SMBUS.2.1.0
2023-12-23 01:06:34,453 [WARN] PackLoader:240 - Cannot read IP mode file for STMicroelectronics.X-CUBE-TOUCHGFX.4.23.0
2023-12-23 01:06:34,515 [WARN] PackLoader:240 - Cannot read IP mode file for STMicroelectronics.X-CUBE-AZRTOS-F7.1.1.0
2023-12-23 01:06:34,548 [WARN] PackLoader:240 - Cannot read IP mode file for STMicroelectronics.FP-SNS-MOTENV1.4.3.2
2023-12-23 01:06:34,576 [WARN] PackLoader:240 - Cannot read IP mode file for STMicroelectronics.FP-SNS-FLIGHT1.5.0.2
2023-12-23 01:06:34,604 [WARN] PackLoader:240 - Cannot read IP mode file for STMicroelectronics.X-CUBE-DISPLAY.3.0.0
2023-12-23 01:06:34,634 [WARN] PackLoader:240 - Cannot read IP mode file for STMicroelectronics.X-CUBE-BLE1.7.0.0
2023-12-23 01:06:34,653 [WARN] PackLoader:240 - Cannot read IP mode file for emotas.I-CUBE-CANOPEN.1.3.0
2023-12-23 01:06:34,670 [WARN] PackLoader:240 - Cannot read IP mode file for STMicroelectronics.X-CUBE-TOUCHGFX.4.22.0
2023-12-23 01:06:34,688 [WARN] PackLoader:240 - Cannot read IP mode file for STMicroelectronics.FP-SNS-SMARTAG2.1.2.0
2023-12-23 01:06:34,713 [INFO] LogOutputStream:77 - [STDOUT_REDIRECT] 1 : Invalid condition id : UX_CORESTACK_Condition cause : null
2023-12-23 01:06:34,713 [INFO] LogOutputStream:77 - [STDOUT_REDIRECT] 1 : Invalid condition id : UX_CORESTACK_Condition cause : null
2023-12-23 01:06:34,716 [INFO] LogOutputStream:77 - [STDOUT_REDIRECT] 1 : Invalid condition id : UX_CORESTACK_Condition cause : null
2023-12-23 01:06:34,718 [INFO] LogOutputStream:77 - [STDOUT_REDIRECT] 1 : Invalid condition id : UX_CORESTACK_Condition cause : null
2023-12-23 01:06:34,719 [INFO] LogOutputStream:77 - [STDOUT_REDIRECT] 1 : Invalid condition id : UX_CORESTACK_Condition cause : null
2023-12-23 01:06:34,724 [WARN] PackLoader:240 - Cannot read IP mode file for STMicroelectronics.X-CUBE-AZRTOS-WL.2.0.0
2023-12-23 01:06:34,744 [WARN] PackLoader:240 - Cannot read IP mode file for WES.I-CUBE-Cesium.1.3.0
2023-12-23 01:06:34,760 [WARN] PackLoader:240 - Cannot read IP mode file for STMicroelectronics.X-CUBE-BLE2.3.3.0
2023-12-23 01:06:34,778 [WARN] PackLoader:240 - Cannot read IP mode file for STMicroelectronics.X-CUBE-ALGOBUILD.1.3.0
2023-12-23 01:06:34,817 [WARN] PackLoader:240 - Cannot read IP mode file for STMicroelectronics.X-CUBE-AZRTOS-G0.1.1.0
2023-12-23 01:06:34,837 [WARN] PackLoader:240 - Cannot read IP mode file for STMicroelectronics.X-CUBE-NFC4.3.0.0
2023-12-23 01:06:34,861 [WARN] PackLoader:240 - Cannot read IP mode file for STMicroelectronics.X-CUBE-BLEMGR.3.0.0
2023-12-23 01:06:34,880 [WARN] PackLoader:240 - Cannot read IP mode file for STMicroelectronics.FP-ATR-SIGFOX1.3.2.0
2023-12-23 01:06:34,930 [WARN] PackLoader:240 - Cannot read IP mode file for SEGGER.I-CUBE-embOS.1.3.1
2023-12-23 01:06:34,997 [WARN] PackLoader:240 - Cannot read IP mode file for STMicroelectronics.X-CUBE-GNSS1.6.0.0
2023-12-23 01:06:35,034 [WARN] PackLoader:240 - Cannot read IP mode file for STMicroelectronics.X-CUBE-AZRTOS-F4.1.1.0
2023-12-23 01:06:35,051 [WARN] PackLoader:240 - Cannot read IP mode file for wolfSSL.I-CUBE-wolfSSL.5.6.4
2023-12-23 01:06:35,065 [WARN] PackLoader:240 - Cannot read IP mode file for wolfSSL.I-CUBE-wolfSSL.5.6.3
2023-12-23 01:06:35,099 [WARN] PackLoader:240 - Cannot read IP mode file for STMicroelectronics.X-CUBE-AZRTOS-L5.2.0.0
2023-12-23 01:06:35,171 [WARN] PackLoader:240 - Cannot read IP mode file for STMicroelectronics.X-CUBE-MEMS1.9.6.0
2023-12-23 01:06:35,377 [WARN] PackLoader:240 - Cannot read IP mode file for STMicroelectronics.X-CUBE-EEPRMA1.4.2.0
2023-12-23 01:06:35,395 [WARN] PackLoader:240 - Cannot read IP mode file for ITTIA_DB.I-CUBE-ITTIADB.8.8.0
2023-12-23 01:06:35,417 [WARN] PackLoader:240 - Cannot read IP mode file for STMicroelectronics.X-CUBE-BLEMGR.2.0.0
2023-12-23 01:06:35,462 [WARN] ConditionMgr:438 - getConditionDescription Invalid condition id : UX DEVICE CLASS RTOS Condition cause : null
2023-12-23 01:06:35,463 [WARN] ConditionMgr:438 - getConditionDescription Invalid condition id : UX DEVICE CLASS RTOS Condition cause : null
2023-12-23 01:06:35,465 [WARN] PackLoader:240 - Cannot read IP mode file for STMicroelectronics.X-CUBE-AZRTOS-H7.3.1.0
2023-12-23 01:06:35,466 [WARN] ConditionMgr:1039 - genDependencies : Invalid condition id : UX DEVICE CLASS RTOS Condition cause : null
2023-12-23 01:06:35,466 [WARN] ConditionMgr:1039 - genDependencies : Invalid condition id : UX DEVICE CLASS RTOS Condition cause : null
2023-12-23 01:06:35,467 [WARN] ConditionMgr:1039 - genDependencies : Invalid condition id : UX DEVICE CLASS RTOS Condition cause : null
2023-12-23 01:06:35,468 [WARN] ConditionMgr:1039 - genDependencies : Invalid condition id : UX DEVICE CLASS RTOS Condition cause : null
2023-12-23 01:06:35,468 [WARN] ConditionMgr:1039 - genDependencies : Invalid condition id : UX DEVICE CLASS RTOS Condition cause : null
2023-12-23 01:06:35,486 [WARN] PackLoader:240 - Cannot read IP mode file for STMicroelectronics.X-CUBE-NFC7.1.0.1
2023-12-23 01:06:35,509 [WARN] PackLoader:240 - Cannot read IP mode file for STMicroelectronics.X-CUBE-NFC6.3.0.0
2023-12-23 01:06:35,529 [WARN] PackLoader:240 - Cannot read IP mode file for STMicroelectronics.X-CUBE-EEPRMA1.4.1.0
2023-12-23 01:06:35,548 [WARN] PackLoader:240 - Cannot read IP mode file for STMicroelectronics.X-CUBE-AI.8.1.0
2023-12-23 01:06:35,626 [WARN] ConditionMgr:438 - getConditionDescription Invalid condition id : LAN8742 Phy interface Condition cause : null
2023-12-23 01:06:35,631 [WARN] PackLoader:240 - Cannot read IP mode file for STMicroelectronics.X-CUBE-AZRTOS-L4.2.0.0
2023-12-23 01:06:35,643 [WARN] ConditionMgr:1039 - genDependencies : Invalid condition id : LAN8742 Phy interface Condition cause : null
2023-12-23 01:06:35,655 [WARN] ConditionMgr:1039 - genDependencies : Invalid condition id : LAN8742 Phy interface Condition cause : null
2023-12-23 01:06:35,657 [WARN] ConditionMgr:1039 - genDependencies : Invalid condition id : LAN8742 Phy interface Condition cause : null
2023-12-23 01:06:35,689 [WARN] PackLoader:240 - Cannot read IP mode file for STMicroelectronics.X-CUBE-SFXS2LP1.4.0.0
2023-12-23 01:06:35,710 [WARN] PackLoader:240 - Cannot read IP mode file for STMicroelectronics.X-CUBE-ISPU.1.1.0
2023-12-23 01:06:35,747 [WARN] ConditionMgr:438 - getConditionDescription Invalid condition id : UX DEVICE CLASS RTOS Condition cause : null
2023-12-23 01:06:35,748 [WARN] ConditionMgr:438 - getConditionDescription Invalid condition id : UX DEVICE CLASS RTOS Condition cause : null
2023-12-23 01:06:35,751 [WARN] PackLoader:240 - Cannot read IP mode file for STMicroelectronics.X-CUBE-AZRTOS-WB.2.0.0
2023-12-23 01:06:35,751 [WARN] ConditionMgr:1039 - genDependencies : Invalid condition id : UX DEVICE CLASS RTOS Condition cause : null
2023-12-23 01:06:35,751 [WARN] ConditionMgr:1039 - genDependencies : Invalid condition id : UX DEVICE CLASS RTOS Condition cause : null
2023-12-23 01:06:35,753 [WARN] ConditionMgr:1039 - genDependencies : Invalid condition id : UX DEVICE CLASS RTOS Condition cause : null
2023-12-23 01:06:35,753 [WARN] ConditionMgr:1039 - genDependencies : Invalid condition id : UX DEVICE CLASS RTOS Condition cause : null
2023-12-23 01:06:35,753 [WARN] ConditionMgr:1039 - genDependencies : Invalid condition id : UX DEVICE CLASS RTOS Condition cause : null
2023-12-23 01:06:35,779 [WARN] PackLoader:240 - Cannot read IP mode file for STMicroelectronics.X-CUBE-SUBG2.5.0.0
2023-12-23 01:06:35,808 [WARN] PackLoader:240 - Cannot read IP mode file for STMicroelectronics.X-CUBE-TOF1.3.3.1
2023-12-23 01:06:35,851 [WARN] PackLoader:240 - Cannot read IP mode file for STMicroelectronics.X-CUBE-AZRTOS-G4.2.0.0
2023-12-23 01:06:35,883 [WARN] PackLoader:240 - Cannot read IP mode file for Infineon.AIROC-Wi-Fi-Bluetooth-STM32.1.5.1
2023-12-23 01:06:35,903 [WARN] PackLoader:240 - Cannot read IP mode file for STMicroelectronics.FP-SNS-MOTENVWB1.1.3.1
2023-12-23 01:06:35,919 [WARN] PackLoader:240 - Cannot read IP mode file for STMicroelectronics.X-CUBE-ISPU.2.0.0
2023-12-23 01:06:35,988 [WARN] PackLoader:240 - Cannot read IP mode file for STMicroelectronics.X-CUBE-MEMS1.10.0.0
2023-12-23 01:06:36,130 [WARN] PackLoader:240 - Cannot read IP mode file for STMicroelectronics.X-CUBE-FREERTOS.1.1.0
2023-12-23 01:06:36,132 [INFO] WebApp:157 - Instantiating new browser for Auth
2023-12-23 01:06:36,149 [WARN] PackLoader:240 - Cannot read IP mode file for portGmbH.I-Cube-SoM-uGOAL.1.1.0
2023-12-23 01:06:36,170 [WARN] PackLoader:240 - Cannot read IP mode file for STMicroelectronics.X-CUBE-ALS.1.0.1
2023-12-23 01:06:36,189 [WARN] PackLoader:240 - Cannot read IP mode file for STMicroelectronics.FP-ATR-ASTRA1.2.0.0
2023-12-23 01:06:36,218 [WARN] PackLoader:240 - Cannot read IP mode file for STMicroelectronics.X-CUBE-TOF1.3.4.0
2023-12-23 01:06:36,271 [WARN] PackLoader:240 - Cannot read IP mode file for STMicroelectronics.X-CUBE-AZRTOS-H7.3.2.0
2023-12-23 01:06:36,275 [INFO] ThirdParty:978 - Integrity check success = true
2023-12-23 01:06:36,275 [INFO] IntegrityCheckThread:100 - exiting critical section [integrity check]
2023-12-23 01:06:36,275 [INFO] IntegrityCheckThread:103 - End integrity checks thread
2023-12-23 01:06:37,281 [INFO] WebApp:753 - Register for checkConnection events
2023-12-23 01:06:37,281 [INFO] WebApp:390 - Apply proxy settings
2023-12-23 01:06:37,281 [INFO] WebApp:475 - Chromium requires no authentication
2023-12-23 01:06:37,292 [INFO] WebApp:418 - Direct internet connection detected
2023-12-23 01:06:37,524 [INFO] WebApp:188 - Starting web application
2023-12-23 01:06:37,524 [INFO] WebApp:520 - Web application path used C:\ST\STM32CubeIDE_1.13.1\STM32CubeIDE\plugins\com.st.stm32cube.common.mx_6.9.1.202307191849\db\plugins\mcufinder\reactClient1\index.html
2023-12-23 01:06:58,858 [ERROR] LogOutputStream:75 - [STDERR_REDIRECT] SLF4J: Failed to load class "org.slf4j.impl.StaticLoggerBinder".
2023-12-23 01:06:58,859 [ERROR] LogOutputStream:75 - [STDERR_REDIRECT] SLF4J: Defaulting to no-operation (NOP) logger implementation
2023-12-23 01:06:58,860 [ERROR] LogOutputStream:75 - [STDERR_REDIRECT] SLF4J: See http://www.slf4j.org/codes.html#StaticLoggerBinder for further details.
2023-12-23 01:07:26,742 [INFO] McuFinderGlobals:63 - Set McuFinder mode to 2 (CubeIDE integrated)
2023-12-23 01:07:26,776 [INFO] MainUpdater:2868 - connection check result : 10
2023-12-23 01:07:26,805 [INFO] McuFinderGlobals:76 - Set McuFinderConnectedMode to true
2023-12-23 01:07:27,238 [INFO] ServerAccessManage:473 - Download File mcusAds.json._tmp_
2023-12-23 01:07:27,354 [INFO] LoadUrlFilesThread:156 - End of LoadUrlFiles Thread
2023-12-23 01:07:29,169 [INFO] ServerAccessManage:473 - Download File cube-finder-db.zip
2023-12-23 01:07:32,284 [INFO] FileExtend:240 - Unzip File : cube-finder-db.zip
2023-12-23 01:07:32,284 [INFO] FileExtend:255 - Standard Zip Deflate
2023-12-23 01:07:33,291 [INFO] LoadUrlFilesThread:156 - End of LoadUrlFiles Thread
2023-12-23 01:07:34,115 [INFO] ServerAccessManage:473 - Download File crdb.zip
2023-12-23 01:07:35,128 [INFO] FileExtend:240 - Unzip File : crdb.zip
2023-12-23 01:07:35,128 [INFO] FileExtend:255 - Standard Zip Deflate
2023-12-23 01:07:35,277 [INFO] LoadUrlFilesThread:156 - End of LoadUrlFiles Thread
2023-12-23 01:07:37,032 [INFO] ServerAccessManage:473 - Download File tutoVideoDB.zip
2023-12-23 01:07:37,045 [INFO] FileExtend:240 - Unzip File : tutoVideoDB.zip
2023-12-23 01:07:37,045 [INFO] FileExtend:255 - Standard Zip Deflate
2023-12-23 01:07:37,173 [INFO] LoadUrlFilesThread:156 - End of LoadUrlFiles Thread
2023-12-23 01:07:37,176 [WARN] DbFile:41 - Overriding database path with different value: C:\Users\vinee\.stmcufinder\plugins\mcufinder/ => C:\Users\vinee\.stmcufinder\plugins\mcufinder
2023-12-23 01:07:38,100 [INFO] ServerAccessManage:473 - Download File api_config.json
2023-12-23 01:07:38,216 [INFO] LoadUrlFilesThread:156 - End of LoadUrlFiles Thread
2023-12-23 01:07:38,219 [INFO] DbMcusAds:53 - JSON generation date=Wed Nov 29 16:22:27 IST 2023 (1701255147349)
2023-12-23 01:07:38,247 [INFO] LoadUrlFilesThread:185 - End of LoadServerUrlFiles without Thread
2023-12-23 01:07:38,249 [INFO] TargetSelectorAdapter:259 - Refresh data is successful
2023-12-23 01:07:38,398 [INFO] ApiDb:581 - Connected to CubeFinder SQLite database (C:\Users\vinee\.stmcufinder\plugins\mcufinder\mcu\cube-finder-db.db)
2023-12-23 01:07:38,490 [INFO] ApiDb:668 - CubeFinder database Data Model version=2.1
2023-12-23 01:07:38,491 [INFO] ApiDb:669 - CubeFinder database Configuration version=3.0.39
2023-12-23 01:07:38,491 [INFO] ApiDb:670 - CubeFinder database generation date=2023-12-08 (1702028721)
2023-12-23 01:07:38,491 [INFO] ApiDb:671 - CubeFinder database FW Pack versions=[FP-ATR-ASTRA1_V2.0.0, FP-SNS-FLIGHT1_V5.0.1, FP-SNS-FLIGHT1_V5.0.2, FP-SNS-MOTENV1_V4.3.1, FP-SNS-MOTENV1_V4.3.2, FP-SNS-MOTENVWB1_V1.3.1, FP-SNS-SMARTAG2_V1.2.0, STM32Cube_FW_C0_V1.1.0, STM32Cube_FW_F4_V1.28.0, STM32Cube_FW_F7_V1.17.0, STM32Cube_FW_G0_V1.6.1, STM32Cube_FW_G4_V1.5.1, STM32Cube_FW_H5_V0.5.1, STM32Cube_FW_H5_V1.1.1, STM32Cube_FW_H5_V1.2.0RC2, STM32Cube_FW_H7_V1.11.0, STM32Cube_FW_L0_V1.12.2, STM32Cube_FW_L5_V1.5.0, STM32Cube_FW_U5_V1.3.0RC4, STM32Cube_FW_U5_V1.4.0, STM32Cube_FW_WBA_V1.0.0RC1, STM32Cube_FW_WBA_V1.1.0RC1, STM32Cube_FW_WBA_V1.2.0, STM32Cube_FW_WBA_V1.2.0RC2, STM32Cube_FW_WB_V1.15.0RC1, STM32Cube_FW_WB_V1.16.0, STM32Cube_FW_WB_V1.16.0RC2, STM32Cube_FW_WB_V1.18.0, STM32Cube_FW_WL_V1.3.0, X-CUBE-ALGOBUILD_V1.3.0, X-CUBE-ALS_V1.0.1, X-CUBE-AZRTOS-F4_V1.1.0, X-CUBE-AZRTOS-F7_V1.1.0, X-CUBE-AZRTOS-G0_V1.1.0, X-CUBE-AZRTOS-G4_V2.0.0, X-CUBE-AZRTOS-H7_V3.1.0, X-CUBE-AZRTOS-L4_V1.0.0, X-CUBE-AZRTOS-L4_V2.0.0, X-CUBE-AZRTOS-L5_V1.1.0, X-CUBE-AZRTOS-WB_V2.0.0, X-CUBE-AZRTOS-WL_V2.0.0, X-CUBE-BLE1_V7.0.0, X-CUBE-BLE2_V3.3.0, X-CUBE-BLEMGR_V3.0.0, X-CUBE-EEPRMA1_V4.1.0, X-CUBE-EEPRMA1_V4.2.0, X-CUBE-FREERTOS_V1.1.0, X-CUBE-GNSS1_V6.0.0, X-CUBE-MEMS1_V10.0.0, X-CUBE-MEMS1_V9.1.0, X-CUBE-MEMS1_V9.4.0, X-CUBE-MEMS1_V9.6.0, X-CUBE-NFC4_V3.0.0, X-CUBE-NFC7_V1.0.1, X-CUBE-SFXS2LP1_V4.0.0, X-CUBE-SUBG2_V5.0.0, X-CUBE-TOF1_V3.4.0]
2023-12-23 01:07:41,122 [INFO] ApiDb:240 - Found 323 in-development CPN: [B-G473E-ZEST1S, B-WB1M-WPAN1, B-WL5M-SUBG1, NUCLEO-C031C6, NUCLEO-H503RB, NUCLEO-H563ZI, NUCLEO-U545RE-Q, NUCLEO-U5A5ZJ-Q, NUCLEO-WBA52CG, STEVAL-PROTEUS1, STEVAL-SMARTAG2, STEVAL-STWINBX1, STM320518-EVAL, STM32C0116-DK, STM32C011D6Y3TR, STM32C011D6Y6TR, STM32C011F4P3, STM32C011F4P6, STM32C011F4U3, STM32C011F4U6TR, STM32C011F6P3, STM32C011F6P6, STM32C011F6U3, STM32C011F6U6TR, STM32C011J4M3, STM32C011J4M6, STM32C011J6M3, STM32C011J6M6, STM32C0316-DK, STM32C031C4T3, STM32C031C4T6, STM32C031C4U3, STM32C031C4U6, STM32C031C6T3, STM32C031C6T6, STM32C031C6U3, STM32C031C6U6, STM32C031F4P3, STM32C031F4P6, STM32C031F6P3, STM32C031F6P6, STM32C031G4U3, STM32C031G4U6, STM32C031G6U3, STM32C031G6U6, STM32C031K4T3, STM32C031K4T6, STM32C031K4U3, STM32C031K4U6, STM32C031K6T3, STM32C031K6T6, STM32C031K6U3, STM32C031K6U6, STM32G071K8TXN, STM32G071K8UXN, STM32G081GBU6N, STM32G081KBT6N, STM32G081KBUXN, STM32G0B1CCT6N, STM32G0B1KCT6, STM32G0B1NEY6TR, STM32G0B1RCT6N, STM32G0C1CCT6, STM32G0C1CCT6N, STM32G0C1CCU6N, STM32G0C1CET6N, STM32G0C1CEU6N, STM32G0C1KCT6, STM32G0C1NEY6TR, STM32G0C1RCI6N, STM32G0C1RCT6N, STM32G0C1REI6N, STM32G0C1RET6N, STM32G0C1VCI6, STM32G0C1VEI6, STM32G471CCT6, STM32G471CCU6, STM32G471CET3, STM32G471CET6, STM32G471CEU3, STM32G471CEU6, STM32G471MCT6, STM32G471MET3, STM32G471MET6, STM32G471MEY6TR, STM32G471QCT6, STM32G471QET3, STM32G471RCT6, STM32G471RET3, STM32G471RET6, STM32G471VCH6, STM32G471VCI6, STM32G471VCT6, STM32G471VEH3, STM32G471VEH6, STM32G471VEI3, STM32G471VEI6, STM32G471VET3, STM32G471VET6, STM32G474CCT6, STM32H503CBT6, STM32H503CBU6, STM32H503EBY6TR, STM32H503KBU6, STM32H503RBT6, STM32H562AGI6, STM32H562AII6, STM32H562IGK6, STM32H562IGT6, STM32H562IIK6, STM32H562IIT6, STM32H562RGT6, STM32H562RGV6, STM32H562RIT6, STM32H562RIV6, STM32H562VGT6, STM32H562VIT6, STM32H562ZGT6, STM32H562ZIT6, STM32H563AGI6, STM32H563AII3Q, STM32H563AII6, STM32H563IGK6, STM32H563IGT6, STM32H563IIK3Q, STM32H563IIK6, STM32H563IIT3Q, STM32H563IIT6, STM32H563MIY3QTR, STM32H563RGT6, STM32H563RGV6, STM32H563RIT6, STM32H563RIV6, STM32H563VGT6, STM32H563VIT3Q, STM32H563VIT6, STM32H563ZGT6, STM32H563ZIT3Q, STM32H563ZIT6, STM32H573AII3Q, STM32H573AII6, STM32H573I-DK, STM32H573IIK3Q, STM32H573IIK6, STM32H573IIT3Q, STM32H573IIT6, STM32H573MIY3QTR, STM32H573RIT6, STM32H573RIV6, STM32H573VIT3Q, STM32H573VIT6, STM32H573ZIT3Q, STM32H573ZIT6, STM32L4R5QGI6STR, STM32MP131AAE3, STM32MP131AAF3, STM32MP131AAG3, STM32MP131CAE3, STM32MP131CAF3, STM32MP131CAG3, STM32MP131DAE7, STM32MP131DAF7, STM32MP131DAG7, STM32MP131FAE7, STM32MP131FAF7, STM32MP131FAG7, STM32MP133AAE3, STM32MP133AAF3, STM32MP133AAG3, STM32MP133CAE3, STM32MP133CAF3, STM32MP133CAG3, STM32MP133DAE7, STM32MP133DAF7, STM32MP133DAG7, STM32MP133FAE7, STM32MP133FAF7, STM32MP133FAG7, STM32MP135AAE3, STM32MP135AAF3, STM32MP135AAG3, STM32MP135CAE3, STM32MP135CAF3, STM32MP135CAG3, STM32MP135DAE7, STM32MP135DAF7, STM32MP135DAG7, STM32MP135F-DK, STM32MP135FAE7, STM32MP135FAF7, STM32MP135FAF7T, STM32MP135FAF7U, STM32MP135FAG7, STM32U535CBT6, STM32U535CBT6Q, STM32U535CBU6, STM32U535CBU6Q, STM32U535CCT6, STM32U535CCT6Q, STM32U535CCU6, STM32U535CCU6Q, STM32U535CET6, STM32U535CET6Q, STM32U535CEU6, STM32U535CEU6Q, STM32U535JEY6QTR, STM32U535NCY6QTR, STM32U535NEY6QTR, STM32U535RBI6, STM32U535RBI6Q, STM32U535RBT6, STM32U535RBT6Q, STM32U535RCI6, STM32U535RCI6Q, STM32U535RCT6, STM32U535RCT6Q, STM32U535REI6, STM32U535REI6Q, STM32U535RET6, STM32U535RET6Q, STM32U535VCI6, STM32U535VCI6Q, STM32U535VCT6, STM32U535VCT6Q, STM32U535VEI6, STM32U535VEI6Q, STM32U535VET6, STM32U535VET6Q, STM32U545CET6, STM32U545CET6Q, STM32U545CEU6, STM32U545CEU6Q, STM32U545JEY6QTR, STM32U545NEY6QTR, STM32U545REI6, STM32U545REI6Q, STM32U545RET6, STM32U545RET6Q, STM32U545VEI6, STM32U545VEI6Q, STM32U545VET6, STM32U545VET6Q, STM32U595AIH6, STM32U595AIH6Q, STM32U595AJH6, STM32U595AJH6Q, STM32U595QII6, STM32U595QII6Q, STM32U595QJI6, STM32U595QJI6Q, STM32U595RIT6, STM32U595RIT6Q, STM32U595RJT6, STM32U595RJT6Q, STM32U595VIT6, STM32U595VIT6Q, STM32U595VJT6, STM32U595VJT6Q, STM32U595ZIT6, STM32U595ZIT6Q, STM32U595ZIY6QTR, STM32U595ZJT6, STM32U595ZJT6Q, STM32U595ZJY6QTR, STM32U599BJY6QTR, STM32U599NIH6Q, STM32U599NJH6Q, STM32U599VIT6Q, STM32U599VJT6, STM32U599VJT6Q, STM32U599ZIT6Q, STM32U599ZIY6QTR, STM32U599ZJT6Q, STM32U599ZJY6QTR, STM32U5A5AJH6, STM32U5A5AJH6Q, STM32U5A5QJI6, STM32U5A5QJI6Q, STM32U5A5RJT6, STM32U5A5RJT6Q, STM32U5A5VJT6, STM32U5A5VJT6Q, STM32U5A5ZJT6, STM32U5A5ZJT6Q, STM32U5A5ZJY6QTR, STM32U5A9BJY6QTR, STM32U5A9J-DK, STM32U5A9NJH6Q, STM32U5A9VJT6Q, STM32U5A9ZJT6Q, STM32U5A9ZJY6QTR, STM32U5F7VIT6, STM32U5F7VIT6Q, STM32U5F7VJT6, STM32U5F7VJT6Q, STM32U5F9BJY6QTR, STM32U5F9NJH6Q, STM32U5F9VIT6Q, STM32U5F9VJT6Q, STM32U5F9ZIJ6QTR, STM32U5F9ZIT6Q, STM32U5F9ZJJ6QTR, STM32U5F9ZJT6Q, STM32U5G7VJT6, STM32U5G7VJT6Q, STM32U5G9BJY6QTR, STM32U5G9J-DK1, STM32U5G9J-DK2, STM32U5G9NJH6Q, STM32U5G9VJT6Q, STM32U5G9ZJJ6QTR, STM32U5G9ZJT6Q, STM32WB1MMCH6, STM32WBA52CEU6, STM32WBA52CEU6T, STM32WBA52CGU6, STM32WBA52CGU6T, STM32WBA52KEU6, STM32WBA52KEU6T, STM32WBA52KGU6, STM32WBA52KGU6T, STM32WL5MOCH6, STM32WL5MOCH6TR]
2023-12-23 01:07:41,131 [INFO] DbMcus:217 - Found 3882 MCUs, 3882 are supported
2023-12-23 01:07:41,132 [INFO] ApiDb:423 - Load user favorites file C:\Users\vinee/.stm32cubeide/favorites.mcus.txt: 0 item(s)
2023-12-23 01:07:41,132 [INFO] ApiDb:427 - User favorites MCUs=[]
2023-12-23 01:07:41,132 [INFO] DbMcus:223 - Set 0 / 0 favorites MCUs
2023-12-23 01:07:41,528 [INFO] ApiDb:668 - CubeFinder database Data Model version=2.1
2023-12-23 01:07:41,528 [INFO] ApiDb:669 - CubeFinder database Configuration version=3.0.39
2023-12-23 01:07:41,528 [INFO] ApiDb:670 - CubeFinder database generation date=2023-12-08 (1702028721)
2023-12-23 01:07:41,528 [INFO] ApiDb:671 - CubeFinder database FW Pack versions=[FP-ATR-ASTRA1_V2.0.0, FP-SNS-FLIGHT1_V5.0.1, FP-SNS-FLIGHT1_V5.0.2, FP-SNS-MOTENV1_V4.3.1, FP-SNS-MOTENV1_V4.3.2, FP-SNS-MOTENVWB1_V1.3.1, FP-SNS-SMARTAG2_V1.2.0, STM32Cube_FW_C0_V1.1.0, STM32Cube_FW_F4_V1.28.0, STM32Cube_FW_F7_V1.17.0, STM32Cube_FW_G0_V1.6.1, STM32Cube_FW_G4_V1.5.1, STM32Cube_FW_H5_V0.5.1, STM32Cube_FW_H5_V1.1.1, STM32Cube_FW_H5_V1.2.0RC2, STM32Cube_FW_H7_V1.11.0, STM32Cube_FW_L0_V1.12.2, STM32Cube_FW_L5_V1.5.0, STM32Cube_FW_U5_V1.3.0RC4, STM32Cube_FW_U5_V1.4.0, STM32Cube_FW_WBA_V1.0.0RC1, STM32Cube_FW_WBA_V1.1.0RC1, STM32Cube_FW_WBA_V1.2.0, STM32Cube_FW_WBA_V1.2.0RC2, STM32Cube_FW_WB_V1.15.0RC1, STM32Cube_FW_WB_V1.16.0, STM32Cube_FW_WB_V1.16.0RC2, STM32Cube_FW_WB_V1.18.0, STM32Cube_FW_WL_V1.3.0, X-CUBE-ALGOBUILD_V1.3.0, X-CUBE-ALS_V1.0.1, X-CUBE-AZRTOS-F4_V1.1.0, X-CUBE-AZRTOS-F7_V1.1.0, X-CUBE-AZRTOS-G0_V1.1.0, X-CUBE-AZRTOS-G4_V2.0.0, X-CUBE-AZRTOS-H7_V3.1.0, X-CUBE-AZRTOS-L4_V1.0.0, X-CUBE-AZRTOS-L4_V2.0.0, X-CUBE-AZRTOS-L5_V1.1.0, X-CUBE-AZRTOS-WB_V2.0.0, X-CUBE-AZRTOS-WL_V2.0.0, X-CUBE-BLE1_V7.0.0, X-CUBE-BLE2_V3.3.0, X-CUBE-BLEMGR_V3.0.0, X-CUBE-EEPRMA1_V4.1.0, X-CUBE-EEPRMA1_V4.2.0, X-CUBE-FREERTOS_V1.1.0, X-CUBE-GNSS1_V6.0.0, X-CUBE-MEMS1_V10.0.0, X-CUBE-MEMS1_V9.1.0, X-CUBE-MEMS1_V9.4.0, X-CUBE-MEMS1_V9.6.0, X-CUBE-NFC4_V3.0.0, X-CUBE-NFC7_V1.0.1, X-CUBE-SFXS2LP1_V4.0.0, X-CUBE-SUBG2_V5.0.0, X-CUBE-TOF1_V3.4.0]
2023-12-23 01:07:41,594 [INFO] DbBoardsSqlite:226 - include board P-NUCLEO-WB55-NUCLEO as a kit item of type 'Nucleo-64'
2023-12-23 01:07:41,594 [INFO] DbBoardsSqlite:226 - include board P-NUCLEO-WB55-USBDONGLE as a kit item of type 'Nucleo USB Dongle'
2023-12-23 01:07:41,594 [INFO] DbBoardsSqlite:226 - include board STEVAL-IDP005V1 as a kit item of type 'Evaluation Board'
2023-12-23 01:07:41,595 [INFO] DbBoardsSqlite:226 - include board STEVAL-IDP005V2 as a kit item of type 'Evaluation Board'
2023-12-23 01:07:41,648 [INFO] ApiDb:240 - Found 323 in-development CPN: [B-G473E-ZEST1S, B-WB1M-WPAN1, B-WL5M-SUBG1, NUCLEO-C031C6, NUCLEO-H503RB, NUCLEO-H563ZI, NUCLEO-U545RE-Q, NUCLEO-U5A5ZJ-Q, NUCLEO-WBA52CG, STEVAL-PROTEUS1, STEVAL-SMARTAG2, STEVAL-STWINBX1, STM320518-EVAL, STM32C0116-DK, STM32C011D6Y3TR, STM32C011D6Y6TR, STM32C011F4P3, STM32C011F4P6, STM32C011F4U3, STM32C011F4U6TR, STM32C011F6P3, STM32C011F6P6, STM32C011F6U3, STM32C011F6U6TR, STM32C011J4M3, STM32C011J4M6, STM32C011J6M3, STM32C011J6M6, STM32C0316-DK, STM32C031C4T3, STM32C031C4T6, STM32C031C4U3, STM32C031C4U6, STM32C031C6T3, STM32C031C6T6, STM32C031C6U3, STM32C031C6U6, STM32C031F4P3, STM32C031F4P6, STM32C031F6P3, STM32C031F6P6, STM32C031G4U3, STM32C031G4U6, STM32C031G6U3, STM32C031G6U6, STM32C031K4T3, STM32C031K4T6, STM32C031K4U3, STM32C031K4U6, STM32C031K6T3, STM32C031K6T6, STM32C031K6U3, STM32C031K6U6, STM32G071K8TXN, STM32G071K8UXN, STM32G081GBU6N, STM32G081KBT6N, STM32G081KBUXN, STM32G0B1CCT6N, STM32G0B1KCT6, STM32G0B1NEY6TR, STM32G0B1RCT6N, STM32G0C1CCT6, STM32G0C1CCT6N, STM32G0C1CCU6N, STM32G0C1CET6N, STM32G0C1CEU6N, STM32G0C1KCT6, STM32G0C1NEY6TR, STM32G0C1RCI6N, STM32G0C1RCT6N, STM32G0C1REI6N, STM32G0C1RET6N, STM32G0C1VCI6, STM32G0C1VEI6, STM32G471CCT6, STM32G471CCU6, STM32G471CET3, STM32G471CET6, STM32G471CEU3, STM32G471CEU6, STM32G471MCT6, STM32G471MET3, STM32G471MET6, STM32G471MEY6TR, STM32G471QCT6, STM32G471QET3, STM32G471RCT6, STM32G471RET3, STM32G471RET6, STM32G471VCH6, STM32G471VCI6, STM32G471VCT6, STM32G471VEH3, STM32G471VEH6, STM32G471VEI3, STM32G471VEI6, STM32G471VET3, STM32G471VET6, STM32G474CCT6, STM32H503CBT6, STM32H503CBU6, STM32H503EBY6TR, STM32H503KBU6, STM32H503RBT6, STM32H562AGI6, STM32H562AII6, STM32H562IGK6, STM32H562IGT6, STM32H562IIK6, STM32H562IIT6, STM32H562RGT6, STM32H562RGV6, STM32H562RIT6, STM32H562RIV6, STM32H562VGT6, STM32H562VIT6, STM32H562ZGT6, STM32H562ZIT6, STM32H563AGI6, STM32H563AII3Q, STM32H563AII6, STM32H563IGK6, STM32H563IGT6, STM32H563IIK3Q, STM32H563IIK6, STM32H563IIT3Q, STM32H563IIT6, STM32H563MIY3QTR, STM32H563RGT6, STM32H563RGV6, STM32H563RIT6, STM32H563RIV6, STM32H563VGT6, STM32H563VIT3Q, STM32H563VIT6, STM32H563ZGT6, STM32H563ZIT3Q, STM32H563ZIT6, STM32H573AII3Q, STM32H573AII6, STM32H573I-DK, STM32H573IIK3Q, STM32H573IIK6, STM32H573IIT3Q, STM32H573IIT6, STM32H573MIY3QTR, STM32H573RIT6, STM32H573RIV6, STM32H573VIT3Q, STM32H573VIT6, STM32H573ZIT3Q, STM32H573ZIT6, STM32L4R5QGI6STR, STM32MP131AAE3, STM32MP131AAF3, STM32MP131AAG3, STM32MP131CAE3, STM32MP131CAF3, STM32MP131CAG3, STM32MP131DAE7, STM32MP131DAF7, STM32MP131DAG7, STM32MP131FAE7, STM32MP131FAF7, STM32MP131FAG7, STM32MP133AAE3, STM32MP133AAF3, STM32MP133AAG3, STM32MP133CAE3, STM32MP133CAF3, STM32MP133CAG3, STM32MP133DAE7, STM32MP133DAF7, STM32MP133DAG7, STM32MP133FAE7, STM32MP133FAF7, STM32MP133FAG7, STM32MP135AAE3, STM32MP135AAF3, STM32MP135AAG3, STM32MP135CAE3, STM32MP135CAF3, STM32MP135CAG3, STM32MP135DAE7, STM32MP135DAF7, STM32MP135DAG7, STM32MP135F-DK, STM32MP135FAE7, STM32MP135FAF7, STM32MP135FAF7T, STM32MP135FAF7U, STM32MP135FAG7, STM32U535CBT6, STM32U535CBT6Q, STM32U535CBU6, STM32U535CBU6Q, STM32U535CCT6, STM32U535CCT6Q, STM32U535CCU6, STM32U535CCU6Q, STM32U535CET6, STM32U535CET6Q, STM32U535CEU6, STM32U535CEU6Q, STM32U535JEY6QTR, STM32U535NCY6QTR, STM32U535NEY6QTR, STM32U535RBI6, STM32U535RBI6Q, STM32U535RBT6, STM32U535RBT6Q, STM32U535RCI6, STM32U535RCI6Q, STM32U535RCT6, STM32U535RCT6Q, STM32U535REI6, STM32U535REI6Q, STM32U535RET6, STM32U535RET6Q, STM32U535VCI6, STM32U535VCI6Q, STM32U535VCT6, STM32U535VCT6Q, STM32U535VEI6, STM32U535VEI6Q, STM32U535VET6, STM32U535VET6Q, STM32U545CET6, STM32U545CET6Q, STM32U545CEU6, STM32U545CEU6Q, STM32U545JEY6QTR, STM32U545NEY6QTR, STM32U545REI6, STM32U545REI6Q, STM32U545RET6, STM32U545RET6Q, STM32U545VEI6, STM32U545VEI6Q, STM32U545VET6, STM32U545VET6Q, STM32U595AIH6, STM32U595AIH6Q, STM32U595AJH6, STM32U595AJH6Q, STM32U595QII6, STM32U595QII6Q, STM32U595QJI6, STM32U595QJI6Q, STM32U595RIT6, STM32U595RIT6Q, STM32U595RJT6, STM32U595RJT6Q, STM32U595VIT6, STM32U595VIT6Q, STM32U595VJT6, STM32U595VJT6Q, STM32U595ZIT6, STM32U595ZIT6Q, STM32U595ZIY6QTR, STM32U595ZJT6, STM32U595ZJT6Q, STM32U595ZJY6QTR, STM32U599BJY6QTR, STM32U599NIH6Q, STM32U599NJH6Q, STM32U599VIT6Q, STM32U599VJT6, STM32U599VJT6Q, STM32U599ZIT6Q, STM32U599ZIY6QTR, STM32U599ZJT6Q, STM32U599ZJY6QTR, STM32U5A5AJH6, STM32U5A5AJH6Q, STM32U5A5QJI6, STM32U5A5QJI6Q, STM32U5A5RJT6, STM32U5A5RJT6Q, STM32U5A5VJT6, STM32U5A5VJT6Q, STM32U5A5ZJT6, STM32U5A5ZJT6Q, STM32U5A5ZJY6QTR, STM32U5A9BJY6QTR, STM32U5A9J-DK, STM32U5A9NJH6Q, STM32U5A9VJT6Q, STM32U5A9ZJT6Q, STM32U5A9ZJY6QTR, STM32U5F7VIT6, STM32U5F7VIT6Q, STM32U5F7VJT6, STM32U5F7VJT6Q, STM32U5F9BJY6QTR, STM32U5F9NJH6Q, STM32U5F9VIT6Q, STM32U5F9VJT6Q, STM32U5F9ZIJ6QTR, STM32U5F9ZIT6Q, STM32U5F9ZJJ6QTR, STM32U5F9ZJT6Q, STM32U5G7VJT6, STM32U5G7VJT6Q, STM32U5G9BJY6QTR, STM32U5G9J-DK1, STM32U5G9J-DK2, STM32U5G9NJH6Q, STM32U5G9VJT6Q, STM32U5G9ZJJ6QTR, STM32U5G9ZJT6Q, STM32WB1MMCH6, STM32WBA52CEU6, STM32WBA52CEU6T, STM32WBA52CGU6, STM32WBA52CGU6T, STM32WBA52KEU6, STM32WBA52KEU6T, STM32WBA52KGU6, STM32WBA52KGU6T, STM32WL5MOCH6, STM32WL5MOCH6TR]
2023-12-23 01:07:41,801 [INFO] BoardInfo:880 - No configuration file found for board P-NUCLEO-WB55
2023-12-23 01:07:41,802 [INFO] DbBoards:157 - Kit is not supported: P-NUCLEO-WB55
2023-12-23 01:07:41,807 [INFO] BoardInfo:880 - No configuration file found for board STEVAL-BFA001V1B
2023-12-23 01:07:41,807 [INFO] DbBoards:157 - Kit is not supported: STEVAL-BFA001V1B
2023-12-23 01:07:41,808 [INFO] BoardInfo:880 - No configuration file found for board STEVAL-BFA001V2B
2023-12-23 01:07:41,808 [INFO] DbBoards:157 - Kit is not supported: STEVAL-BFA001V2B
2023-12-23 01:07:41,812 [INFO] BoardInfo:880 - No configuration file found for board STEVAL-MKBOXPRO
2023-12-23 01:07:41,812 [INFO] DbBoards:157 - Board is not supported: STEVAL-MKBOXPRO
2023-12-23 01:07:41,945 [INFO] DbBoards:161 - Found 191 boards, 187 are supported
2023-12-23 01:07:41,955 [INFO] ApiDb:423 - Load user favorites file C:\Users\vinee/.stm32cubeide/favorites.boards.txt: 0 item(s)
2023-12-23 01:07:41,956 [INFO] ApiDb:427 - User favorites Boards=[]
2023-12-23 01:07:41,956 [INFO] DbBoards:190 - Set 0 / 0 favorites Boards
2023-12-23 01:07:41,959 [INFO] ApiDb:668 - CubeFinder database Data Model version=2.1
2023-12-23 01:07:41,959 [INFO] ApiDb:669 - CubeFinder database Configuration version=3.0.39
2023-12-23 01:07:41,959 [INFO] ApiDb:670 - CubeFinder database generation date=2023-12-08 (1702028721)
2023-12-23 01:07:41,959 [INFO] ApiDb:671 - CubeFinder database FW Pack versions=[FP-ATR-ASTRA1_V2.0.0, FP-SNS-FLIGHT1_V5.0.1, FP-SNS-FLIGHT1_V5.0.2, FP-SNS-MOTENV1_V4.3.1, FP-SNS-MOTENV1_V4.3.2, FP-SNS-MOTENVWB1_V1.3.1, FP-SNS-SMARTAG2_V1.2.0, STM32Cube_FW_C0_V1.1.0, STM32Cube_FW_F4_V1.28.0, STM32Cube_FW_F7_V1.17.0, STM32Cube_FW_G0_V1.6.1, STM32Cube_FW_G4_V1.5.1, STM32Cube_FW_H5_V0.5.1, STM32Cube_FW_H5_V1.1.1, STM32Cube_FW_H5_V1.2.0RC2, STM32Cube_FW_H7_V1.11.0, STM32Cube_FW_L0_V1.12.2, STM32Cube_FW_L5_V1.5.0, STM32Cube_FW_U5_V1.3.0RC4, STM32Cube_FW_U5_V1.4.0, STM32Cube_FW_WBA_V1.0.0RC1, STM32Cube_FW_WBA_V1.1.0RC1, STM32Cube_FW_WBA_V1.2.0, STM32Cube_FW_WBA_V1.2.0RC2, STM32Cube_FW_WB_V1.15.0RC1, STM32Cube_FW_WB_V1.16.0, STM32Cube_FW_WB_V1.16.0RC2, STM32Cube_FW_WB_V1.18.0, STM32Cube_FW_WL_V1.3.0, X-CUBE-ALGOBUILD_V1.3.0, X-CUBE-ALS_V1.0.1, X-CUBE-AZRTOS-F4_V1.1.0, X-CUBE-AZRTOS-F7_V1.1.0, X-CUBE-AZRTOS-G0_V1.1.0, X-CUBE-AZRTOS-G4_V2.0.0, X-CUBE-AZRTOS-H7_V3.1.0, X-CUBE-AZRTOS-L4_V1.0.0, X-CUBE-AZRTOS-L4_V2.0.0, X-CUBE-AZRTOS-L5_V1.1.0, X-CUBE-AZRTOS-WB_V2.0.0, X-CUBE-AZRTOS-WL_V2.0.0, X-CUBE-BLE1_V7.0.0, X-CUBE-BLE2_V3.3.0, X-CUBE-BLEMGR_V3.0.0, X-CUBE-EEPRMA1_V4.1.0, X-CUBE-EEPRMA1_V4.2.0, X-CUBE-FREERTOS_V1.1.0, X-CUBE-GNSS1_V6.0.0, X-CUBE-MEMS1_V10.0.0, X-CUBE-MEMS1_V9.1.0, X-CUBE-MEMS1_V9.4.0, X-CUBE-MEMS1_V9.6.0, X-CUBE-NFC4_V3.0.0, X-CUBE-NFC7_V1.0.1, X-CUBE-SFXS2LP1_V4.0.0, X-CUBE-SUBG2_V5.0.0, X-CUBE-TOF1_V3.4.0]
2023-12-23 01:07:43,095 [ERROR] DbExamplesSqlite:437 - Missing JSON key: board_cpn
2023-12-23 01:07:43,096 [ERROR] DbExamplesSqlite:437 - Missing JSON key: board_cpn
2023-12-23 01:07:43,096 [ERROR] DbExamplesSqlite:437 - Missing JSON key: board_cpn
2023-12-23 01:07:43,097 [ERROR] DbExamplesSqlite:437 - Missing JSON key: board_cpn
2023-12-23 01:07:43,186 [INFO] DbExamplesSqlite:395 - Ignored 55 examples not supported by CubeIDE
2023-12-23 01:07:43,187 [INFO] DbExamplesSqlite:396 - Found 7560 examples active
2023-12-23 01:07:43,187 [INFO] DbExamplesSqlite:397 - Found 844 examples obsolete
2023-12-23 01:07:43,187 [INFO] DbExamplesSqlite:398 - Found 0 examples under development
2023-12-23 01:07:43,187 [INFO] DbExamplesSqlite:399 - Found 8 examples not building
2023-12-23 01:07:43,192 [INFO] DbExamples:125 - Found 7513 examples
2023-12-23 01:07:43,300 [ERROR] DbExamples:208 - Found 247 examples with invalid data (board or MCU)
2023-12-23 01:07:43,300 [INFO] DbExamples:222 - Found 93 boards with related examples
2023-12-23 01:07:43,301 [INFO] DbExamples:235 - Found 79 MCUs with related examples
2023-12-23 01:07:43,326 [INFO] ApiDb:414 - User favorites file not found: C:\Users\vinee/.stm32cubeide/favorites.examples.txt
2023-12-23 01:07:43,326 [INFO] DbExamples:250 - Set 0 / 0 favorites Examples
2023-12-23 01:07:43,723 [INFO] McuFinderGlobals:76 - Set McuFinderConnectedMode to true
2023-12-23 01:07:43,734 [INFO] MultiScanPanel:200 - Auto-refresh data requested => check proxy status ongoing
2023-12-23 01:07:43,739 [INFO] FinderPluginLoader:95 - Searching for filters in installed packs
2023-12-23 01:07:45,712 [INFO] LoadUrlFilesThread:185 - End of LoadServerUrlFiles without Thread
2023-12-23 01:07:45,732 [INFO] DetailPanel:341 - Set advertising image to C:/Users/vinee/STM32Cube/Repository/\en.prom-stm32wl3-mcu-finder.jpg
2023-12-23 01:08:27,210 [INFO] MainUpdater:2868 - connection check result : 10
2023-12-23 01:08:27,210 [INFO] MainUpdater:2868 - connection check result : 10
2023-12-23 01:08:27,259 [INFO] MicroXplorer:468 - Change Database Path : 
2023-12-23 01:08:27,260 [INFO] MicroXplorer:498 - Change Database Version : DB.6.0.91
2023-12-23 01:08:27,267 [WARN] ThirdParty:871 - waiting for thirdparty lock release [close project]
2023-12-23 01:08:27,267 [INFO] ThirdParty:873 - entering critical section [close project]
2023-12-23 01:08:27,268 [INFO] ThirdParty:883 - exiting critical section [close project]
2023-12-23 01:08:27,273 [INFO] PinOutPanel:1499 - setPackage(No Configuration,No Configuration)
2023-12-23 01:08:27,288 [INFO] UtilMem:75 - Begin LoadConfig() Used Memory: 407209736 Bytes (805306368)
2023-12-23 01:08:27,293 [INFO] MicroXplorer:468 - Change Database Path : 
2023-12-23 01:08:27,306 [INFO] MicroXplorer:498 - Change Database Version : DB.6.0.91
2023-12-23 01:08:27,307 [INFO] OpenFileManager:308 - Change cursor
2023-12-23 01:08:27,562 [INFO] Mcu:1946 - Initializing MCU STM32F407VGTx STM32F407VGTx STM32F407VGT6
2023-12-23 01:08:30,084 [INFO] Context:659 - Trying to add GPIOservice into a context  which must be forbidden
2023-12-23 01:08:30,965 [INFO] ImportTextPane:194 - (OptionalMessage_ERROR) Unable to find key (Mcu.ThirdPartyNb) in loaded IOC file
2023-12-23 01:08:30,966 [INFO] ImportTextPane:194 - (OptionalMessage_ERROR) Unable to find key (Mcu.PinsNb) in loaded IOC file
2023-12-23 01:08:30,966 [INFO] ImportTextPane:194 - (OptionalMessage_ERROR) Unable to find key (Mcu.IPNb) in loaded IOC file
2023-12-23 01:08:31,290 [INFO] RtosManager:555 - Registered RTOS mode: class=CMSIS, group=RTOS, mode=CMSIS_V1, owner=FREERTOS
2023-12-23 01:08:31,290 [INFO] RtosManager:555 - Registered RTOS mode: class=CMSIS, group=RTOS2, mode=CMSIS_V2, owner=FREERTOS
2023-12-23 01:08:31,290 [INFO] RtosManager:555 - Registered RTOS mode: class=RTOS, group=Core, mode=CMSIS_V1, owner=FREERTOS
2023-12-23 01:08:31,290 [INFO] RtosManager:555 - Registered RTOS mode: class=RTOS, group=Core, mode=CMSIS_V2, owner=FREERTOS
2023-12-23 01:08:31,291 [WARN] ModelIntegratedComponent:184 - Missing modes for component STMicroelectronics:FreeRTOS:0.0.1:STMicroelectronics:RTOS:FreeRTOS:Core:::10.2.0:
2023-12-23 01:08:31,304 [WARN] ModelIntegratedComponent:63 - No mode defined for component null
2023-12-23 01:08:31,304 [WARN] ModelIntegratedComponent:63 - No mode defined for component null
2023-12-23 01:08:31,304 [WARN] ModelIntegratedComponent:63 - No mode defined for component null
2023-12-23 01:08:31,305 [WARN] ModelIntegratedComponent:63 - No mode defined for component null
2023-12-23 01:08:31,305 [WARN] ModelIntegratedComponent:63 - No mode defined for component null
2023-12-23 01:08:31,305 [WARN] ModelIntegratedComponent:63 - No mode defined for component null
2023-12-23 01:08:31,305 [WARN] ModelIntegratedComponent:63 - No mode defined for component null
2023-12-23 01:08:31,305 [WARN] ModelIntegratedComponent:63 - No mode defined for component null
2023-12-23 01:08:31,305 [WARN] ModelIntegratedComponent:63 - No mode defined for component null
2023-12-23 01:08:31,305 [WARN] ModelIntegratedComponent:63 - No mode defined for component null
2023-12-23 01:08:31,305 [WARN] ModelIntegratedComponent:63 - No mode defined for component null
2023-12-23 01:08:31,305 [WARN] ModelIntegratedComponent:63 - No mode defined for component null
2023-12-23 01:08:31,306 [WARN] ModelIntegratedComponent:63 - No mode defined for component null
2023-12-23 01:08:31,306 [WARN] ModelIntegratedComponent:63 - No mode defined for component null
2023-12-23 01:08:31,306 [WARN] ModelIntegratedComponent:63 - No mode defined for component null
2023-12-23 01:08:31,306 [WARN] ModelIntegratedComponent:63 - No mode defined for component null
2023-12-23 01:08:31,306 [WARN] ModelIntegratedComponent:63 - No mode defined for component null
2023-12-23 01:08:31,306 [WARN] ModelIntegratedComponent:63 - No mode defined for component null
2023-12-23 01:08:31,306 [WARN] ModelIntegratedComponent:63 - No mode defined for component null
2023-12-23 01:08:31,306 [WARN] ModelIntegratedComponent:63 - No mode defined for component null
2023-12-23 01:08:31,306 [WARN] ModelIntegratedComponent:63 - No mode defined for component null
2023-12-23 01:08:31,306 [WARN] ModelIntegratedComponent:63 - No mode defined for component null
2023-12-23 01:08:31,307 [WARN] ModelIntegratedComponent:63 - No mode defined for component null
2023-12-23 01:08:31,307 [WARN] ModelIntegratedComponent:63 - No mode defined for component null
2023-12-23 01:08:31,307 [WARN] ModelIntegratedComponent:63 - No mode defined for component null
2023-12-23 01:08:31,307 [WARN] ModelIntegratedComponent:63 - No mode defined for component null
2023-12-23 01:08:31,307 [WARN] ModelIntegratedComponent:63 - No mode defined for component null
2023-12-23 01:08:31,307 [WARN] ModelIntegratedComponent:63 - No mode defined for component null
2023-12-23 01:08:31,307 [WARN] ModelIntegratedComponent:63 - No mode defined for component null
2023-12-23 01:08:31,307 [WARN] ModelIntegratedComponent:63 - No mode defined for component null
2023-12-23 01:08:31,307 [WARN] ModelIntegratedComponent:63 - No mode defined for component null
2023-12-23 01:08:31,308 [WARN] ModelIntegratedComponent:63 - No mode defined for component null
2023-12-23 01:08:31,308 [WARN] ModelIntegratedComponent:63 - No mode defined for component null
2023-12-23 01:08:31,425 [INFO] ThirdPartyModel:298 - Start build external matchings
2023-12-23 01:08:32,226 [INFO] ThirdPartyModel:316 - End build external matchings
2023-12-23 01:08:32,736 [INFO] UtilMem:75 - End LoadConfig() Used Memory: 637711472 Bytes (1063256064)
2023-12-23 01:08:32,788 [WARN] ThirdParty:833 - waiting for thirdparty lock release [change project]
2023-12-23 01:08:32,788 [INFO] ThirdParty:835 - entering critical section [change project]
2023-12-23 01:08:32,789 [INFO] ThirdParty:1030 - CMSIS Pack Vendor :STMicroelectronics X-CUBE-ISPU 1.1.0
2023-12-23 01:08:32,789 [INFO] ThirdParty:1030 - CMSIS Pack Vendor :STMicroelectronics USBPD 4.1
2023-12-23 01:08:32,789 [INFO] ThirdParty:1030 - CMSIS Pack Vendor :STMicroelectronics X-CUBE-GNSS1 6.0.0
2023-12-23 01:08:32,789 [INFO] ThirdParty:1030 - CMSIS Pack Vendor :STMicroelectronics USB_HOST 2.0.0
2023-12-23 01:08:32,789 [INFO] ThirdParty:1030 - CMSIS Pack Vendor :STMicroelectronics X-CUBE-AZRTOS-F4 1.1.0
2023-12-23 01:08:32,789 [INFO] ThirdParty:1030 - CMSIS Pack Vendor :STMicroelectronics LIBJPEG 8.0.0
2023-12-23 01:08:32,789 [INFO] ThirdParty:1030 - CMSIS Pack Vendor :wolfSSL I-CUBE-wolfSSL 5.6.4
2023-12-23 01:08:32,789 [INFO] ThirdParty:1030 - CMSIS Pack Vendor :wolfSSL I-CUBE-wolfSSL 5.6.3
2023-12-23 01:08:32,789 [INFO] ThirdParty:1030 - CMSIS Pack Vendor :STMicroelectronics X-CUBE-SMBUS 2.1.0
2023-12-23 01:08:32,789 [INFO] ThirdParty:1030 - CMSIS Pack Vendor :STMicroelectronics USB_DEVICE 3.0.0
2023-12-23 01:08:32,789 [INFO] ThirdParty:1030 - CMSIS Pack Vendor :STMicroelectronics X-CUBE-AZRTOS-WB 2.0.0
2023-12-23 01:08:32,789 [INFO] ThirdParty:1030 - CMSIS Pack Vendor :STMicroelectronics X-CUBE-TOUCHGFX 4.23.0
2023-12-23 01:08:32,789 [INFO] ThirdParty:1030 - CMSIS Pack Vendor :STMicroelectronics X-CUBE-AZRTOS-F7 1.1.0
2023-12-23 01:08:32,789 [INFO] ThirdParty:1030 - CMSIS Pack Vendor :STMicroelectronics X-CUBE-AZRTOS-L5 2.0.0
2023-12-23 01:08:32,790 [INFO] ThirdParty:1030 - CMSIS Pack Vendor :STMicroelectronics USB_DEVICE 2.0.0
2023-12-23 01:08:32,790 [INFO] ThirdParty:1030 - CMSIS Pack Vendor :STMicroelectronics X-CUBE-MEMS1 9.6.0
2023-12-23 01:08:32,790 [INFO] ThirdParty:1030 - CMSIS Pack Vendor :STMicroelectronics X-CUBE-EEPRMA1 4.2.0
2023-12-23 01:08:32,790 [INFO] ThirdParty:1030 - CMSIS Pack Vendor :ITTIA_DB I-CUBE-ITTIADB 8.8.0
2023-12-23 01:08:32,790 [INFO] ThirdParty:1030 - CMSIS Pack Vendor :STMicroelectronics FP-SNS-MOTENV1 4.3.2
2023-12-23 01:08:32,790 [INFO] ThirdParty:1030 - CMSIS Pack Vendor :STMicroelectronics X-CUBE-ALGOBUILD 1.3.0
2023-12-23 01:08:32,790 [INFO] ThirdParty:1030 - CMSIS Pack Vendor :STMicroelectronics FreeRTOS 0.0.1
2023-12-23 01:08:32,790 [INFO] ThirdParty:1030 - CMSIS Pack Vendor :STMicroelectronics X-CUBE-AZRTOS-G0 1.1.0
2023-12-23 01:08:32,790 [INFO] ThirdParty:1030 - CMSIS Pack Vendor :STMicroelectronics X-CUBE-BLEMGR 2.0.0
2023-12-23 01:08:32,790 [INFO] ThirdParty:1030 - CMSIS Pack Vendor :STMicroelectronics X-CUBE-NFC4 3.0.0
2023-12-23 01:08:32,790 [INFO] ThirdParty:1030 - CMSIS Pack Vendor :STMicroelectronics X-CUBE-SUBG2 5.0.0
2023-12-23 01:08:32,790 [INFO] ThirdParty:1030 - CMSIS Pack Vendor :STMicroelectronics STM32_WPAN 1.0.0
2023-12-23 01:08:32,790 [INFO] ThirdParty:1030 - CMSIS Pack Vendor :STMicroelectronics lwIP 2.0.3
2023-12-23 01:08:32,790 [INFO] ThirdParty:1030 - CMSIS Pack Vendor :STMicroelectronics FP-SNS-FLIGHT1 5.0.2
2023-12-23 01:08:32,791 [INFO] ThirdParty:1030 - CMSIS Pack Vendor :STMicroelectronics USB_HOST 1.0.0
2023-12-23 01:08:32,791 [INFO] ThirdParty:1030 - CMSIS Pack Vendor :STMicroelectronics X-CUBE-TOF1 3.3.1
2023-12-23 01:08:32,791 [INFO] ThirdParty:1030 - CMSIS Pack Vendor :STMicroelectronics X-CUBE-AZRTOS-G4 2.0.0
2023-12-23 01:08:32,791 [INFO] ThirdParty:1030 - CMSIS Pack Vendor :STMicroelectronics PDM2PCM 3.1.0
2023-12-23 01:08:32,791 [INFO] ThirdParty:1030 - CMSIS Pack Vendor :STMicroelectronics X-CUBE-AZRTOS-H7 3.1.0
2023-12-23 01:08:32,791 [INFO] ThirdParty:1030 - CMSIS Pack Vendor :Infineon AIROC-Wi-Fi-Bluetooth-STM32 1.5.1
2023-12-23 01:08:32,791 [INFO] ThirdParty:1030 - CMSIS Pack Vendor :STMicroelectronics X-CUBE-BLEMGR 3.0.0
2023-12-23 01:08:32,791 [INFO] ThirdParty:1030 - CMSIS Pack Vendor :STMicroelectronics PDM2PCM 3.3.0
2023-12-23 01:08:32,791 [INFO] ThirdParty:1030 - CMSIS Pack Vendor :STMicroelectronics X-CUBE-DISPLAY 3.0.0
2023-12-23 01:08:32,791 [INFO] ThirdParty:1030 - CMSIS Pack Vendor :STMicroelectronics FP-SNS-MOTENVWB1 1.3.1
2023-12-23 01:08:32,791 [INFO] ThirdParty:1030 - CMSIS Pack Vendor :STMicroelectronics X-CUBE-BLE1 7.0.0
2023-12-23 01:08:32,791 [INFO] ThirdParty:1030 - CMSIS Pack Vendor :STMicroelectronics FP-ATR-SIGFOX1 3.2.0
2023-12-23 01:08:32,791 [INFO] ThirdParty:1030 - CMSIS Pack Vendor :STMicroelectronics X-CUBE-ISPU 2.0.0
2023-12-23 01:08:32,791 [INFO] ThirdParty:1030 - CMSIS Pack Vendor :STMicroelectronics HAL Drivers 0.0.0
2023-12-23 01:08:32,791 [INFO] ThirdParty:1030 - CMSIS Pack Vendor :STMicroelectronics MBEDTLS 2.16.2
2023-12-23 01:08:32,791 [INFO] ThirdParty:1030 - CMSIS Pack Vendor :emotas I-CUBE-CANOPEN 1.3.0
2023-12-23 01:08:32,791 [INFO] ThirdParty:1030 - CMSIS Pack Vendor :STMicroelectronics X-CUBE-MEMS1 10.0.0
2023-12-23 01:08:32,791 [INFO] ThirdParty:1030 - CMSIS Pack Vendor :STMicroelectronics X-CUBE-FREERTOS 1.1.0
2023-12-23 01:08:32,791 [INFO] ThirdParty:1030 - CMSIS Pack Vendor :STMicroelectronics X-CUBE-TOUCHGFX 4.22.0
2023-12-23 01:08:32,792 [INFO] ThirdParty:1030 - CMSIS Pack Vendor :STMicroelectronics X-CUBE-NFC7 1.0.1
2023-12-23 01:08:32,792 [INFO] ThirdParty:1030 - CMSIS Pack Vendor :STMicroelectronics MBEDTLS 2.14.1
2023-12-23 01:08:32,792 [INFO] ThirdParty:1030 - CMSIS Pack Vendor :STMicroelectronics X-CUBE-NFC6 3.0.0
2023-12-23 01:08:32,792 [INFO] ThirdParty:1030 - CMSIS Pack Vendor :STMicroelectronics X-CUBE-EEPRMA1 4.1.0
2023-12-23 01:08:32,792 [INFO] ThirdParty:1030 - CMSIS Pack Vendor :portGmbH I-Cube-SoM-uGOAL 1.1.0
2023-12-23 01:08:32,792 [INFO] ThirdParty:1030 - CMSIS Pack Vendor :STMicroelectronics X-CUBE-ALS 1.0.1
2023-12-23 01:08:32,792 [INFO] ThirdParty:1030 - CMSIS Pack Vendor :STMicroelectronics ThreadX 1.0.0
2023-12-23 01:08:32,792 [INFO] ThirdParty:1030 - CMSIS Pack Vendor :STMicroelectronics FP-SNS-SMARTAG2 1.2.0
2023-12-23 01:08:32,792 [INFO] ThirdParty:1030 - CMSIS Pack Vendor :STMicroelectronics X-CUBE-AZRTOS-WL 2.0.0
2023-12-23 01:08:32,792 [INFO] ThirdParty:1030 - CMSIS Pack Vendor :SEGGER I-CUBE-embOS 1.3.1
2023-12-23 01:08:32,792 [INFO] ThirdParty:1030 - CMSIS Pack Vendor :STMicroelectronics USB_DEVICE 1.0.0
2023-12-23 01:08:32,792 [INFO] ThirdParty:1030 - CMSIS Pack Vendor :STMicroelectronics X-CUBE-AI 8.1.0
2023-12-23 01:08:32,792 [INFO] ThirdParty:1030 - CMSIS Pack Vendor :STMicroelectronics X-CUBE-AZRTOS-L4 2.0.0
2023-12-23 01:08:32,792 [INFO] ThirdParty:1030 - CMSIS Pack Vendor :STMicroelectronics ThreadX 0.0.2
2023-12-23 01:08:32,792 [INFO] ThirdParty:1030 - CMSIS Pack Vendor :WES I-CUBE-Cesium 1.3.0
2023-12-23 01:08:32,792 [INFO] ThirdParty:1030 - CMSIS Pack Vendor :STMicroelectronics FP-ATR-ASTRA1 2.0.0
2023-12-23 01:08:32,792 [INFO] ThirdParty:1030 - CMSIS Pack Vendor :STMicroelectronics lwIP 2.1.2
2023-12-23 01:08:32,793 [INFO] ThirdParty:1030 - CMSIS Pack Vendor :STMicroelectronics X-CUBE-SFXS2LP1 4.0.0
2023-12-23 01:08:32,793 [INFO] ThirdParty:1030 - CMSIS Pack Vendor :STMicroelectronics X-CUBE-BLE2 3.3.0
2023-12-23 01:08:32,793 [INFO] ThirdParty:1030 - CMSIS Pack Vendor :STMicroelectronics X-CUBE-TOF1 3.4.0
2023-12-23 01:08:32,793 [INFO] ThirdParty:1030 - CMSIS Pack Vendor :STMicroelectronics X-CUBE-AZRTOS-H7 3.2.0
2023-12-23 01:08:32,793 [INFO] ThirdParty:1030 - CMSIS Pack Vendor :STMicroelectronics PDM2PCM 3.2.0
2023-12-23 01:08:32,793 [INFO] ThirdParty:841 - exiting critical section [change project]
2023-12-23 01:08:33,455 [INFO] PinOutPanel:1499 - setPackage(No Configuration,No Configuration)
2023-12-23 01:08:33,456 [INFO] PinOutPanel:1499 - setPackage(STM32F407VGTx,LQFP100)
2023-12-23 01:08:34,093 [INFO] UtilMem:75 - Before build in PCC Used Memory: 471984512 Bytes (1063256064)
2023-12-23 01:08:35,555 [INFO] UtilMem:75 - After build in PCC Used Memory: 542239104 Bytes (1063256064)
2023-12-23 01:08:35,623 [INFO] IPUIPlugin:80 - create IPUIPlugin
2023-12-23 01:08:35,623 [INFO] IPUIPlugin:80 - create IPUIPlugin
2023-12-23 01:08:35,623 [INFO] IPUIPlugin:80 - create IPUIPlugin
2023-12-23 01:08:35,624 [INFO] IPUIPlugin:80 - create IPUIPlugin
2023-12-23 01:08:35,624 [INFO] IPUIPlugin:80 - create IPUIPlugin
2023-12-23 01:08:35,624 [INFO] IPUIPlugin:80 - create IPUIPlugin
2023-12-23 01:08:35,625 [INFO] IPUIPlugin:80 - create IPUIPlugin
2023-12-23 01:08:35,625 [INFO] IPUIPlugin:80 - create IPUIPlugin
2023-12-23 01:08:35,625 [INFO] IPUIPlugin:80 - create IPUIPlugin
2023-12-23 01:08:35,626 [INFO] IPUIPlugin:80 - create IPUIPlugin
2023-12-23 01:08:35,626 [INFO] IPUIPlugin:80 - create IPUIPlugin
2023-12-23 01:08:35,626 [INFO] IPUIPlugin:80 - create IPUIPlugin
2023-12-23 01:08:35,626 [INFO] IPUIPlugin:80 - create IPUIPlugin
2023-12-23 01:08:35,627 [INFO] IPUIPlugin:80 - create IPUIPlugin
2023-12-23 01:08:35,627 [INFO] IPUIPlugin:80 - create IPUIPlugin
2023-12-23 01:08:35,627 [INFO] IPUIPlugin:80 - create IPUIPlugin
2023-12-23 01:08:35,628 [INFO] IPUIPlugin:80 - create IPUIPlugin
2023-12-23 01:08:35,628 [INFO] IPUIPlugin:80 - create IPUIPlugin
2023-12-23 01:08:35,628 [INFO] IPUIPlugin:80 - create IPUIPlugin
2023-12-23 01:08:35,629 [INFO] IPUIPlugin:80 - create IPUIPlugin
2023-12-23 01:08:35,630 [INFO] IPUIPlugin:80 - create IPUIPlugin
2023-12-23 01:08:35,630 [INFO] IPUIPlugin:80 - create IPUIPlugin
2023-12-23 01:08:35,630 [INFO] IPUIPlugin:80 - create IPUIPlugin
2023-12-23 01:08:35,631 [INFO] IPUIPlugin:80 - create IPUIPlugin
2023-12-23 01:08:35,631 [INFO] IPUIPlugin:80 - create IPUIPlugin
2023-12-23 01:08:35,632 [INFO] IPUIPlugin:80 - create IPUIPlugin
2023-12-23 01:08:35,632 [INFO] IPUIPlugin:80 - create IPUIPlugin
2023-12-23 01:08:35,633 [INFO] IPUIPlugin:80 - create IPUIPlugin
2023-12-23 01:08:35,635 [INFO] IPUIPlugin:80 - create IPUIPlugin
2023-12-23 01:08:35,635 [INFO] IPUIPlugin:80 - create IPUIPlugin
2023-12-23 01:08:35,636 [INFO] IPUIPlugin:80 - create IPUIPlugin
2023-12-23 01:08:35,636 [INFO] IPUIPlugin:80 - create IPUIPlugin
2023-12-23 01:08:35,637 [INFO] IPUIPlugin:80 - create IPUIPlugin
2023-12-23 01:08:35,638 [INFO] IPUIPlugin:80 - create IPUIPlugin
2023-12-23 01:08:35,638 [INFO] IPUIPlugin:80 - create IPUIPlugin
2023-12-23 01:08:35,638 [INFO] IPUIPlugin:80 - create IPUIPlugin
2023-12-23 01:08:35,639 [INFO] IPUIPlugin:80 - create IPUIPlugin
2023-12-23 01:08:35,639 [INFO] IPUIPlugin:80 - create IPUIPlugin
2023-12-23 01:08:35,639 [INFO] IPUIPlugin:80 - create IPUIPlugin
2023-12-23 01:08:35,640 [INFO] IPUIPlugin:80 - create IPUIPlugin
2023-12-23 01:08:35,640 [INFO] IPUIPlugin:80 - create IPUIPlugin
2023-12-23 01:08:35,641 [INFO] IPUIPlugin:80 - create IPUIPlugin
2023-12-23 01:08:35,641 [INFO] IPUIPlugin:80 - create IPUIPlugin
2023-12-23 01:08:35,642 [INFO] IPUIPlugin:80 - create IPUIPlugin
2023-12-23 01:08:35,642 [INFO] IPUIPlugin:80 - create IPUIPlugin
2023-12-23 01:08:35,642 [INFO] IPUIPlugin:80 - create IPUIPlugin
2023-12-23 01:08:35,643 [INFO] IPUIPlugin:80 - create IPUIPlugin
2023-12-23 01:08:35,643 [INFO] IPUIPlugin:80 - create IPUIPlugin
2023-12-23 01:08:35,644 [INFO] IPUIPlugin:80 - create IPUIPlugin
2023-12-23 01:08:35,644 [INFO] IPUIPlugin:80 - create IPUIPlugin
2023-12-23 01:08:35,645 [INFO] IPUIPlugin:80 - create IPUIPlugin
2023-12-23 01:08:35,645 [INFO] IPUIPlugin:80 - create IPUIPlugin
2023-12-23 01:08:35,646 [INFO] IPUIPlugin:80 - create IPUIPlugin
2023-12-23 01:08:35,647 [INFO] IPUIPlugin:80 - create IPUIPlugin
2023-12-23 01:08:35,649 [INFO] IPUIPlugin:80 - create IPUIPlugin
2023-12-23 01:08:35,650 [INFO] IPUIPlugin:80 - create IPUIPlugin
2023-12-23 01:08:35,651 [INFO] IPUIPlugin:80 - create IPUIPlugin
2023-12-23 01:08:35,651 [INFO] IPUIPlugin:80 - create IPUIPlugin
2023-12-23 01:08:35,974 [INFO] ApiDbMcu:507 - Load IP Config File for PDM2PCM
2023-12-23 01:08:36,379 [INFO] CADModel:165 - CPN selected for project levelSTM32F407VGT6
2023-12-23 01:08:36,379 [INFO] CADModel:114 - Register for checkConnection events
2023-12-23 01:08:36,422 [INFO] OpenFileManager:328 - Restore cursor
2023-12-23 01:08:39,550 [INFO] UtilMem:75 - End SaveConfig() Used Memory: 522319048 Bytes (1063256064)
2023-12-23 01:08:39,690 [INFO] UtilMem:75 - End SaveConfig() Used Memory: 545957976 Bytes (1063256064)
2023-12-23 01:08:40,363 [INFO] BlockDiagram:2759 - set Specific Code input for plugin: RCC
2023-12-23 01:08:40,364 [INFO] BlockDiagram:2759 - set Specific Code input for plugin: NVIC
2023-12-23 01:08:40,366 [INFO] CodeGenerator:799 - code generatio: config db path: C:\ST\STM32CubeIDE_1.13.1\STM32CubeIDE\plugins\com.st.stm32cube.common.mx_6.9.1.202307191849\\db\
2023-12-23 01:08:40,632 [INFO] CodeEngine:255 - oldGeneratedFile, C:\Users\vinee\STM32CubeIDE\workspace_1.13.1\StructureQueue\MXTmpFiles\license.tmp_save
2023-12-23 01:08:41,208 [INFO] CodeEngine:279 - Generated code: C:\Users\vinee\STM32CubeIDE\workspace_1.13.1\StructureQueue\MXTmpFiles\license.tmp
2023-12-23 01:08:41,244 [INFO] CodeEngine:255 - oldGeneratedFile, C:\Users\vinee\STM32CubeIDE\workspace_1.13.1\StructureQueue\Core\Src\stm32f4xx_it.c_save
2023-12-23 01:08:41,610 [INFO] CodeEngine:279 - Generated code: C:\Users\vinee\STM32CubeIDE\workspace_1.13.1\StructureQueue\Core\Src\stm32f4xx_it.c
2023-12-23 01:08:41,631 [INFO] CodeEngine:255 - oldGeneratedFile, C:\Users\vinee\STM32CubeIDE\workspace_1.13.1\StructureQueue\Core\Inc\stm32f4xx_it.h_save
2023-12-23 01:08:41,808 [INFO] CodeEngine:279 - Generated code: C:\Users\vinee\STM32CubeIDE\workspace_1.13.1\StructureQueue\Core\Inc\stm32f4xx_it.h
2023-12-23 01:08:41,957 [INFO] CodeEngine:255 - oldGeneratedFile, C:\Users\vinee\STM32CubeIDE\workspace_1.13.1\StructureQueue\Core\Src\stm32f4xx_hal_msp.c_save
2023-12-23 01:08:42,182 [INFO] CodeEngine:279 - Generated code: C:\Users\vinee\STM32CubeIDE\workspace_1.13.1\StructureQueue\Core\Src\stm32f4xx_hal_msp.c
2023-12-23 01:08:42,200 [INFO] CodeEngine:255 - oldGeneratedFile, C:\Users\vinee\STM32CubeIDE\workspace_1.13.1\StructureQueue\MXTmpFiles\system.tmp_save
2023-12-23 01:08:42,332 [INFO] CodeEngine:279 - Generated code: C:\Users\vinee\STM32CubeIDE\workspace_1.13.1\StructureQueue\MXTmpFiles\system.tmp
2023-12-23 01:08:42,359 [INFO] CodeEngine:311 - oldGeneratedFile, C:\Users\vinee\STM32CubeIDE\workspace_1.13.1\StructureQueue\Core\Inc\stm32f4xx_hal_conf.h_save
2023-12-23 01:08:42,548 [INFO] CodeEngine:335 - Generated code: C:\Users\vinee\STM32CubeIDE\workspace_1.13.1\StructureQueue\Core\Inc\stm32f4xx_hal_conf.h
2023-12-23 01:08:42,662 [INFO] CodeEngine:255 - oldGeneratedFile, C:\Users\vinee\STM32CubeIDE\workspace_1.13.1\StructureQueue\Core\Inc\main.h_save
2023-12-23 01:08:42,898 [INFO] CodeEngine:279 - Generated code: C:\Users\vinee\STM32CubeIDE\workspace_1.13.1\StructureQueue\Core\Inc\main.h
2023-12-23 01:08:42,912 [INFO] CodeEngine:255 - oldGeneratedFile, C:\Users\vinee\STM32CubeIDE\workspace_1.13.1\StructureQueue\Core\Src\main.c_save
2023-12-23 01:08:43,134 [INFO] CodeEngine:279 - Generated code: C:\Users\vinee\STM32CubeIDE\workspace_1.13.1\StructureQueue\Core\Src\main.c
2023-12-23 01:08:43,706 [INFO] ProjectBuilder:3064 - Time for Copy HAL[1] : 187mS.
2023-12-23 01:08:43,715 [INFO] ProjectBuilder:4404 - Project Generator version: 4.1.0
2023-12-23 01:08:44,076 [INFO] ConfigFileManager:1457 - The Die is : DIE413
2023-12-23 01:08:44,099 [INFO] ApiDbMcu:507 - Load IP Config File for FATFS
2023-12-23 01:08:44,118 [INFO] ApiDbMcu:507 - Load IP Config File for FREERTOS
2023-12-23 01:08:44,131 [INFO] ApiDbMcu:507 - Load IP Config File for LIBJPEG
2023-12-23 01:08:44,151 [INFO] ApiDbMcu:507 - Load IP Config File for LWIP
2023-12-23 01:08:44,172 [INFO] ApiDbMcu:507 - Load IP Config File for MBEDTLS
2023-12-23 01:08:44,198 [INFO] ApiDbMcu:507 - Load IP Config File for USB_DEVICE
2023-12-23 01:08:44,219 [INFO] ApiDbMcu:507 - Load IP Config File for USB_HOST
2023-12-23 01:08:45,404 [INFO] LogOutputStream:77 - [STDOUT_REDIRECT] 
2023-12-23 01:08:52,197 [INFO] ProjectBuilder:4626 - Time for Generating toolchain IDE Files: 8482mS.
2023-12-23 01:08:52,198 [INFO] ProjectBuilder:2935 - Time for Copy CMSIS : 1mS.
2023-12-23 01:08:52,202 [INFO] ProjectBuilder:2935 - Time for Copy CMSIS : 0mS.
2023-12-23 01:08:53,780 [INFO] McuFinderGlobals:76 - Set McuFinderConnectedMode to true
2023-12-23 01:08:53,784 [INFO] ApiDb:448 - Save user favorites file C:\Users\vinee/.stm32cubeide/favorites.mcus.txt: 0 item(s)
2023-12-23 01:08:53,784 [INFO] ApiDb:452 - User favorites MCUs=[]
2023-12-23 01:10:26,126 [INFO] NvicIntPanel:101 - NVIC parent = com.st.microxplorer.plugins.ip.nvic.MultiNvicIntPanel[,0,0,450x123,layout=javax.swing.BoxLayout,alignmentX=0.0,alignmentY=0.0,border=,flags=9,maximumSize=,minimumSize=,preferredSize=]
2023-12-23 01:10:27,744 [INFO] NvicIntPanel:101 - NVIC parent = com.st.microxplorer.plugins.ip.nvic.MultiNvicIntPanel[,0,0,0x0,invalid,layout=javax.swing.BoxLayout,alignmentX=0.0,alignmentY=0.0,border=,flags=9,maximumSize=,minimumSize=,preferredSize=]
2023-12-23 01:10:37,330 [INFO] NvicIntPanel:101 - NVIC parent = com.st.microxplorer.plugins.ip.nvic.MultiNvicIntPanel[,0,0,0x0,invalid,layout=javax.swing.BoxLayout,alignmentX=0.0,alignmentY=0.0,border=,flags=9,maximumSize=,minimumSize=,preferredSize=]
2023-12-23 01:10:40,651 [INFO] NvicIntPanel:101 - NVIC parent = com.st.microxplorer.plugins.ip.nvic.MultiNvicIntPanel[,0,0,0x0,invalid,layout=javax.swing.BoxLayout,alignmentX=0.0,alignmentY=0.0,border=,flags=9,maximumSize=,minimumSize=,preferredSize=]
2023-12-23 01:10:43,287 [INFO] NvicIntPanel:101 - NVIC parent = com.st.microxplorer.plugins.ip.nvic.MultiNvicIntPanel[,0,0,0x0,invalid,layout=javax.swing.BoxLayout,alignmentX=0.0,alignmentY=0.0,border=,flags=9,maximumSize=,minimumSize=,preferredSize=]
2023-12-23 01:10:47,294 [INFO] NvicIntPanel:101 - NVIC parent = com.st.microxplorer.plugins.ip.nvic.MultiNvicIntPanel[,0,0,0x0,invalid,layout=javax.swing.BoxLayout,alignmentX=0.0,alignmentY=0.0,border=,flags=9,maximumSize=,minimumSize=,preferredSize=]
2023-12-23 01:10:58,912 [INFO] RtosManager:919 - Current active RTOS is FREERTOS [Cortex-M4NS]
2023-12-23 01:10:59,474 [ERROR] RtosPanel:558 - Can not restore the selected Tab for FREERTOS(A reason can be that the tab is no more available.)
2023-12-23 01:10:59,563 [ERROR] RtosPanel:558 - Can not restore the selected Tab for FREERTOS(A reason can be that the tab is no more available.)
2023-12-23 01:11:09,732 [ERROR] RtosPanel:558 - Can not restore the selected Tab for FREERTOS(A reason can be that the tab is no more available.)
2023-12-23 01:11:11,163 [INFO] UtilMem:75 - End SaveConfig() Used Memory: 716818320 Bytes (1073741824)
2023-12-23 01:11:12,931 [INFO] UtilMem:75 - End SaveConfig() Used Memory: 755615896 Bytes (1073741824)
2023-12-23 01:11:20,447 [INFO] UtilMem:75 - End SaveConfig() Used Memory: 845793160 Bytes (1073741824)
2023-12-23 01:11:20,861 [INFO] BlockDiagram:2759 - set Specific Code input for plugin: FREERTOS
2023-12-23 01:11:20,861 [INFO] BlockDiagram:2759 - set Specific Code input for plugin: SYS
2023-12-23 01:11:20,862 [INFO] BlockDiagram:2759 - set Specific Code input for plugin: RCC
2023-12-23 01:11:20,862 [INFO] BlockDiagram:2759 - set Specific Code input for plugin: NVIC
2023-12-23 01:11:20,862 [INFO] BlockDiagram:2759 - set Specific Code input for plugin: USART
2023-12-23 01:11:20,862 [INFO] BlockDiagram:2759 - set Specific Code input for plugin: GPIO
2023-12-23 01:11:20,864 [INFO] CodeGenerator:799 - code generatio: config db path: C:\ST\STM32CubeIDE_1.13.1\STM32CubeIDE\plugins\com.st.stm32cube.common.mx_6.9.1.202307191849\\db\
2023-12-23 01:11:21,116 [INFO] CodeEngine:255 - oldGeneratedFile, C:\Users\vinee\STM32CubeIDE\workspace_1.13.1\StructureQueue\MXTmpFiles\license.tmp_save
2023-12-23 01:11:21,264 [INFO] CodeEngine:279 - Generated code: C:\Users\vinee\STM32CubeIDE\workspace_1.13.1\StructureQueue\MXTmpFiles\license.tmp
2023-12-23 01:11:21,350 [INFO] CodeEngine:255 - oldGeneratedFile, C:\Users\vinee\STM32CubeIDE\workspace_1.13.1\StructureQueue\MXTmpFiles\gpio.tmp_save
2023-12-23 01:11:21,490 [INFO] CodeEngine:279 - Generated code: C:\Users\vinee\STM32CubeIDE\workspace_1.13.1\StructureQueue\MXTmpFiles\gpio.tmp
2023-12-23 01:11:21,651 [INFO] Middleware:1439 - No code input for Bsp Dependency
2023-12-23 01:11:21,672 [INFO] CodeEngine:255 - oldGeneratedFile, C:\Users\vinee\STM32CubeIDE\workspace_1.13.1\StructureQueue\MXTmpFiles\rtos_inc.tmp_save
2023-12-23 01:11:21,793 [INFO] CodeEngine:279 - Generated code: C:\Users\vinee\STM32CubeIDE\workspace_1.13.1\StructureQueue\MXTmpFiles\rtos_inc.tmp
2023-12-23 01:11:21,821 [INFO] CodeEngine:255 - oldGeneratedFile, C:\Users\vinee\STM32CubeIDE\workspace_1.13.1\StructureQueue\MXTmpFiles\rtos_vars.tmp_save
2023-12-23 01:11:21,935 [INFO] CodeEngine:279 - Generated code: C:\Users\vinee\STM32CubeIDE\workspace_1.13.1\StructureQueue\MXTmpFiles\rtos_vars.tmp
2023-12-23 01:11:21,948 [INFO] CodeEngine:255 - oldGeneratedFile, C:\Users\vinee\STM32CubeIDE\workspace_1.13.1\StructureQueue\MXTmpFiles\rtos_pfp.tmp_save
2023-12-23 01:11:22,043 [INFO] CodeEngine:279 - Generated code: C:\Users\vinee\STM32CubeIDE\workspace_1.13.1\StructureQueue\MXTmpFiles\rtos_pfp.tmp
2023-12-23 01:11:22,062 [INFO] CodeEngine:255 - oldGeneratedFile, C:\Users\vinee\STM32CubeIDE\workspace_1.13.1\StructureQueue\MXTmpFiles\rtos_obj_creat.tmp_save
2023-12-23 01:11:22,179 [INFO] CodeEngine:279 - Generated code: C:\Users\vinee\STM32CubeIDE\workspace_1.13.1\StructureQueue\MXTmpFiles\rtos_obj_creat.tmp
2023-12-23 01:11:22,199 [INFO] CodeEngine:255 - oldGeneratedFile, C:\Users\vinee\STM32CubeIDE\workspace_1.13.1\StructureQueue\MXTmpFiles\rtos_kernelStart.tmp_save
2023-12-23 01:11:22,296 [INFO] CodeEngine:279 - Generated code: C:\Users\vinee\STM32CubeIDE\workspace_1.13.1\StructureQueue\MXTmpFiles\rtos_kernelStart.tmp
2023-12-23 01:11:22,315 [INFO] CodeEngine:255 - oldGeneratedFile, C:\Users\vinee\STM32CubeIDE\workspace_1.13.1\StructureQueue\MXTmpFiles\rtos_default_thread.tmp_save
2023-12-23 01:11:22,422 [INFO] CodeEngine:279 - Generated code: C:\Users\vinee\STM32CubeIDE\workspace_1.13.1\StructureQueue\MXTmpFiles\rtos_default_thread.tmp
2023-12-23 01:11:22,441 [INFO] CodeEngine:255 - oldGeneratedFile, C:\Users\vinee\STM32CubeIDE\workspace_1.13.1\StructureQueue\MXTmpFiles\rtos_threads.tmp_save
2023-12-23 01:11:22,518 [INFO] CodeEngine:279 - Generated code: C:\Users\vinee\STM32CubeIDE\workspace_1.13.1\StructureQueue\MXTmpFiles\rtos_threads.tmp
2023-12-23 01:11:22,532 [INFO] Middleware:1439 - No code input for Bsp Dependency
2023-12-23 01:11:22,542 [INFO] CodeEngine:255 - oldGeneratedFile, C:\Users\vinee\STM32CubeIDE\workspace_1.13.1\StructureQueue\MXTmpFiles\rtos_inc.tmp_save
2023-12-23 01:11:22,641 [INFO] CodeEngine:279 - Generated code: C:\Users\vinee\STM32CubeIDE\workspace_1.13.1\StructureQueue\MXTmpFiles\rtos_inc.tmp
2023-12-23 01:11:22,647 [INFO] CodeEngine:255 - oldGeneratedFile, C:\Users\vinee\STM32CubeIDE\workspace_1.13.1\StructureQueue\MXTmpFiles\rtos_vars.tmp_save
2023-12-23 01:11:22,730 [INFO] CodeEngine:279 - Generated code: C:\Users\vinee\STM32CubeIDE\workspace_1.13.1\StructureQueue\MXTmpFiles\rtos_vars.tmp
2023-12-23 01:11:22,739 [INFO] CodeEngine:255 - oldGeneratedFile, C:\Users\vinee\STM32CubeIDE\workspace_1.13.1\StructureQueue\MXTmpFiles\rtos_pfp.tmp_save
2023-12-23 01:11:22,824 [INFO] CodeEngine:279 - Generated code: C:\Users\vinee\STM32CubeIDE\workspace_1.13.1\StructureQueue\MXTmpFiles\rtos_pfp.tmp
2023-12-23 01:11:22,841 [INFO] CodeEngine:255 - oldGeneratedFile, C:\Users\vinee\STM32CubeIDE\workspace_1.13.1\StructureQueue\MXTmpFiles\rtos_obj_creat.tmp_save
2023-12-23 01:11:22,943 [INFO] CodeEngine:279 - Generated code: C:\Users\vinee\STM32CubeIDE\workspace_1.13.1\StructureQueue\MXTmpFiles\rtos_obj_creat.tmp
2023-12-23 01:11:22,954 [INFO] CodeEngine:255 - oldGeneratedFile, C:\Users\vinee\STM32CubeIDE\workspace_1.13.1\StructureQueue\MXTmpFiles\rtos_kernelStart.tmp_save
2023-12-23 01:11:23,062 [INFO] CodeEngine:279 - Generated code: C:\Users\vinee\STM32CubeIDE\workspace_1.13.1\StructureQueue\MXTmpFiles\rtos_kernelStart.tmp
2023-12-23 01:11:23,069 [INFO] CodeEngine:255 - oldGeneratedFile, C:\Users\vinee\STM32CubeIDE\workspace_1.13.1\StructureQueue\MXTmpFiles\rtos_default_thread.tmp_save
2023-12-23 01:11:23,141 [INFO] CodeEngine:279 - Generated code: C:\Users\vinee\STM32CubeIDE\workspace_1.13.1\StructureQueue\MXTmpFiles\rtos_default_thread.tmp
2023-12-23 01:11:23,149 [INFO] CodeEngine:255 - oldGeneratedFile, C:\Users\vinee\STM32CubeIDE\workspace_1.13.1\StructureQueue\MXTmpFiles\rtos_threads.tmp_save
2023-12-23 01:11:23,223 [INFO] CodeEngine:279 - Generated code: C:\Users\vinee\STM32CubeIDE\workspace_1.13.1\StructureQueue\MXTmpFiles\rtos_threads.tmp
2023-12-23 01:11:23,245 [INFO] CodeEngine:255 - oldGeneratedFile, C:\Users\vinee\STM32CubeIDE\workspace_1.13.1\StructureQueue\Core\Inc\FreeRTOSConfig.h_save
2023-12-23 01:11:23,383 [INFO] CodeEngine:279 - Generated code: C:\Users\vinee\STM32CubeIDE\workspace_1.13.1\StructureQueue\Core\Inc\FreeRTOSConfig.h
2023-12-23 01:11:23,410 [INFO] CodeEngine:255 - oldGeneratedFile, C:\Users\vinee\STM32CubeIDE\workspace_1.13.1\StructureQueue\Core\Src\freertos.c_save
2023-12-23 01:11:23,566 [INFO] CodeEngine:279 - Generated code: C:\Users\vinee\STM32CubeIDE\workspace_1.13.1\StructureQueue\Core\Src\freertos.c
2023-12-23 01:11:23,608 [INFO] CodeEngine:255 - oldGeneratedFile, C:\Users\vinee\STM32CubeIDE\workspace_1.13.1\StructureQueue\Core\Src\stm32f4xx_it.c_save
2023-12-23 01:11:23,753 [INFO] CodeEngine:279 - Generated code: C:\Users\vinee\STM32CubeIDE\workspace_1.13.1\StructureQueue\Core\Src\stm32f4xx_it.c
2023-12-23 01:11:23,779 [INFO] CodeEngine:255 - oldGeneratedFile, C:\Users\vinee\STM32CubeIDE\workspace_1.13.1\StructureQueue\Core\Inc\stm32f4xx_it.h_save
2023-12-23 01:11:23,942 [INFO] CodeEngine:279 - Generated code: C:\Users\vinee\STM32CubeIDE\workspace_1.13.1\StructureQueue\Core\Inc\stm32f4xx_it.h
2023-12-23 01:11:23,980 [INFO] CodeEngine:255 - oldGeneratedFile, C:\Users\vinee\STM32CubeIDE\workspace_1.13.1\StructureQueue\Core\Src\stm32f4xx_hal_msp.c_save
2023-12-23 01:11:24,205 [INFO] CodeEngine:279 - Generated code: C:\Users\vinee\STM32CubeIDE\workspace_1.13.1\StructureQueue\Core\Src\stm32f4xx_hal_msp.c
2023-12-23 01:11:24,222 [INFO] CodeEngine:255 - oldGeneratedFile, C:\Users\vinee\STM32CubeIDE\workspace_1.13.1\StructureQueue\MXTmpFiles\system.tmp_save
2023-12-23 01:11:24,319 [INFO] CodeEngine:279 - Generated code: C:\Users\vinee\STM32CubeIDE\workspace_1.13.1\StructureQueue\MXTmpFiles\system.tmp
2023-12-23 01:11:24,339 [INFO] CodeEngine:255 - oldGeneratedFile, C:\Users\vinee\STM32CubeIDE\workspace_1.13.1\StructureQueue\Core\Src\stm32f4xx_hal_timebase_tim.c_save
2023-12-23 01:11:24,453 [INFO] CodeEngine:279 - Generated code: C:\Users\vinee\STM32CubeIDE\workspace_1.13.1\StructureQueue\Core\Src\stm32f4xx_hal_timebase_tim.c
2023-12-23 01:11:24,481 [INFO] CodeEngine:311 - oldGeneratedFile, C:\Users\vinee\STM32CubeIDE\workspace_1.13.1\StructureQueue\Core\Inc\stm32f4xx_hal_conf.h_save
2023-12-23 01:11:24,607 [INFO] CodeEngine:335 - Generated code: C:\Users\vinee\STM32CubeIDE\workspace_1.13.1\StructureQueue\Core\Inc\stm32f4xx_hal_conf.h
2023-12-23 01:11:24,691 [INFO] CodeEngine:255 - oldGeneratedFile, C:\Users\vinee\STM32CubeIDE\workspace_1.13.1\StructureQueue\Core\Inc\main.h_save
2023-12-23 01:11:24,832 [INFO] CodeEngine:279 - Generated code: C:\Users\vinee\STM32CubeIDE\workspace_1.13.1\StructureQueue\Core\Inc\main.h
2023-12-23 01:11:24,863 [INFO] CodeEngine:255 - oldGeneratedFile, C:\Users\vinee\STM32CubeIDE\workspace_1.13.1\StructureQueue\Core\Src\main.c_save
2023-12-23 01:11:25,043 [INFO] CodeEngine:279 - Generated code: C:\Users\vinee\STM32CubeIDE\workspace_1.13.1\StructureQueue\Core\Src\main.c
2023-12-23 01:11:25,776 [INFO] ProjectBuilder:3064 - Time for Copy HAL[1] : 346mS.
2023-12-23 01:11:25,782 [INFO] ProjectBuilder:4404 - Project Generator version: 4.1.0
2023-12-23 01:11:26,072 [INFO] ConfigFileManager:1457 - The Die is : DIE413
2023-12-23 01:11:28,274 [INFO] ProjectBuilder:4626 - Time for Generating toolchain IDE Files: 2492mS.
2023-12-23 01:11:28,276 [INFO] ProjectBuilder:2935 - Time for Copy CMSIS : 1mS.
2023-12-23 01:11:28,285 [INFO] ProjectBuilder:2935 - Time for Copy CMSIS : 0mS.
2023-12-23 01:32:49,836 [ERROR] LogOutputStream:75 - [STDERR_REDIRECT] 
