2023-12-16 00:32:09,994 [INFO] MainUpdater:2868 - connection check result : 10
2023-12-16 00:32:10,143 [INFO] McuFinderGlobals:76 - Set McuFinderConnectedMode to true
2023-12-16 00:32:10,144 [INFO] MultiScanPanel:200 - Auto-refresh data requested => check proxy status ongoing
2023-12-16 00:32:10,145 [INFO] FinderPluginLoader:95 - Searching for filters in installed packs
2023-12-16 00:32:12,088 [INFO] LoadUrlFilesThread:185 - End of LoadServerUrlFiles without Thread
2023-12-16 00:32:12,088 [INFO] DetailPanel:341 - Set advertising image to C:/Users/vinee/STM32Cube/Repository/\en.prom-stm32wl3-mcu-finder.jpg
2023-12-16 00:32:21,058 [INFO] ApiDb:581 - Connected to CubeFinder SQLite database (C:\Users\vinee\.stmcufinder\plugins\mcufinder\mcu\cube-finder-db.db)
2023-12-16 00:35:12,466 [INFO] MainUpdater:2868 - connection check result : 10
2023-12-16 00:35:12,466 [INFO] MainUpdater:2868 - connection check result : 10
2023-12-16 00:35:12,572 [INFO] MicroXplorer:468 - Change Database Path : 
2023-12-16 00:35:12,572 [INFO] MicroXplorer:498 - Change Database Version : DB.6.0.91
2023-12-16 00:35:12,600 [WARN] ThirdParty:871 - waiting for thirdparty lock release [close project]
2023-12-16 00:35:12,600 [INFO] ThirdParty:873 - entering critical section [close project]
2023-12-16 00:35:12,601 [INFO] ThirdParty:883 - exiting critical section [close project]
2023-12-16 00:35:12,603 [INFO] PinOutPanel:1499 - setPackage(No Configuration,No Configuration)
2023-12-16 00:35:12,614 [INFO] UtilMem:75 - Begin LoadConfig() Used Memory: 713329288 Bytes (1073741824)
2023-12-16 00:35:12,615 [INFO] MicroXplorer:468 - Change Database Path : 
2023-12-16 00:35:12,615 [INFO] MicroXplorer:498 - Change Database Version : DB.6.0.91
2023-12-16 00:35:12,615 [INFO] OpenFileManager:308 - Change cursor
2023-12-16 00:35:12,632 [INFO] RulesReader:64 - Compatibility file has been processed (293 Rules)
2023-12-16 00:35:12,650 [INFO] Mcu:1946 - Initializing MCU STM32F407VGTx STM32F407VGTx STM32F407VGT6
2023-12-16 00:35:14,664 [INFO] Context:659 - Trying to add GPIOservice into a context  which must be forbidden
2023-12-16 00:35:15,062 [INFO] ImportTextPane:194 - (OptionalMessage_ERROR) Unable to find key (Mcu.ThirdPartyNb) in loaded IOC file
2023-12-16 00:35:15,062 [INFO] ImportTextPane:194 - (OptionalMessage_ERROR) Unable to find key (Mcu.PinsNb) in loaded IOC file
2023-12-16 00:35:15,062 [INFO] ImportTextPane:194 - (OptionalMessage_ERROR) Unable to find key (Mcu.IPNb) in loaded IOC file
2023-12-16 00:35:15,219 [INFO] RtosManager:555 - Registered RTOS mode: class=CMSIS, group=RTOS, mode=CMSIS_V1, owner=FREERTOS
2023-12-16 00:35:15,219 [INFO] RtosManager:555 - Registered RTOS mode: class=CMSIS, group=RTOS2, mode=CMSIS_V2, owner=FREERTOS
2023-12-16 00:35:15,219 [INFO] RtosManager:555 - Registered RTOS mode: class=RTOS, group=Core, mode=CMSIS_V1, owner=FREERTOS
2023-12-16 00:35:15,219 [INFO] RtosManager:555 - Registered RTOS mode: class=RTOS, group=Core, mode=CMSIS_V2, owner=FREERTOS
2023-12-16 00:35:15,219 [WARN] ModelIntegratedComponent:184 - Missing modes for component STMicroelectronics:FreeRTOS:0.0.1:STMicroelectronics:RTOS:FreeRTOS:Core:::10.2.0:
2023-12-16 00:35:15,233 [WARN] ModelIntegratedComponent:63 - No mode defined for component null
2023-12-16 00:35:15,233 [WARN] ModelIntegratedComponent:63 - No mode defined for component null
2023-12-16 00:35:15,233 [WARN] ModelIntegratedComponent:63 - No mode defined for component null
2023-12-16 00:35:15,233 [WARN] ModelIntegratedComponent:63 - No mode defined for component null
2023-12-16 00:35:15,233 [WARN] ModelIntegratedComponent:63 - No mode defined for component null
2023-12-16 00:35:15,233 [WARN] ModelIntegratedComponent:63 - No mode defined for component null
2023-12-16 00:35:15,233 [WARN] ModelIntegratedComponent:63 - No mode defined for component null
2023-12-16 00:35:15,233 [WARN] ModelIntegratedComponent:63 - No mode defined for component null
2023-12-16 00:35:15,234 [WARN] ModelIntegratedComponent:63 - No mode defined for component null
2023-12-16 00:35:15,234 [WARN] ModelIntegratedComponent:63 - No mode defined for component null
2023-12-16 00:35:15,234 [WARN] ModelIntegratedComponent:63 - No mode defined for component null
2023-12-16 00:35:15,234 [WARN] ModelIntegratedComponent:63 - No mode defined for component null
2023-12-16 00:35:15,234 [WARN] ModelIntegratedComponent:63 - No mode defined for component null
2023-12-16 00:35:15,234 [WARN] ModelIntegratedComponent:63 - No mode defined for component null
2023-12-16 00:35:15,234 [WARN] ModelIntegratedComponent:63 - No mode defined for component null
2023-12-16 00:35:15,234 [WARN] ModelIntegratedComponent:63 - No mode defined for component null
2023-12-16 00:35:15,234 [WARN] ModelIntegratedComponent:63 - No mode defined for component null
2023-12-16 00:35:15,234 [WARN] ModelIntegratedComponent:63 - No mode defined for component null
2023-12-16 00:35:15,234 [WARN] ModelIntegratedComponent:63 - No mode defined for component null
2023-12-16 00:35:15,234 [WARN] ModelIntegratedComponent:63 - No mode defined for component null
2023-12-16 00:35:15,234 [WARN] ModelIntegratedComponent:63 - No mode defined for component null
2023-12-16 00:35:15,234 [WARN] ModelIntegratedComponent:63 - No mode defined for component null
2023-12-16 00:35:15,234 [WARN] ModelIntegratedComponent:63 - No mode defined for component null
2023-12-16 00:35:15,234 [WARN] ModelIntegratedComponent:63 - No mode defined for component null
2023-12-16 00:35:15,234 [WARN] ModelIntegratedComponent:63 - No mode defined for component null
2023-12-16 00:35:15,234 [WARN] ModelIntegratedComponent:63 - No mode defined for component null
2023-12-16 00:35:15,234 [WARN] ModelIntegratedComponent:63 - No mode defined for component null
2023-12-16 00:35:15,234 [WARN] ModelIntegratedComponent:63 - No mode defined for component null
2023-12-16 00:35:15,234 [WARN] ModelIntegratedComponent:63 - No mode defined for component null
2023-12-16 00:35:15,234 [WARN] ModelIntegratedComponent:63 - No mode defined for component null
2023-12-16 00:35:15,234 [WARN] ModelIntegratedComponent:63 - No mode defined for component null
2023-12-16 00:35:15,234 [WARN] ModelIntegratedComponent:63 - No mode defined for component null
2023-12-16 00:35:15,234 [WARN] ModelIntegratedComponent:63 - No mode defined for component null
2023-12-16 00:35:15,361 [INFO] ThirdPartyModel:298 - Start build external matchings
2023-12-16 00:35:16,350 [INFO] ThirdPartyModel:316 - End build external matchings
2023-12-16 00:35:16,687 [INFO] UtilMem:75 - End LoadConfig() Used Memory: 613538448 Bytes (1073741824)
2023-12-16 00:35:16,729 [WARN] ThirdParty:833 - waiting for thirdparty lock release [change project]
2023-12-16 00:35:16,729 [INFO] ThirdParty:835 - entering critical section [change project]
2023-12-16 00:35:16,730 [INFO] ThirdParty:1030 - CMSIS Pack Vendor :STMicroelectronics X-CUBE-ISPU 1.1.0
2023-12-16 00:35:16,730 [INFO] ThirdParty:1030 - CMSIS Pack Vendor :STMicroelectronics USBPD 4.1
2023-12-16 00:35:16,730 [INFO] ThirdParty:1030 - CMSIS Pack Vendor :STMicroelectronics X-CUBE-GNSS1 6.0.0
2023-12-16 00:35:16,730 [INFO] ThirdParty:1030 - CMSIS Pack Vendor :STMicroelectronics USB_HOST 2.0.0
2023-12-16 00:35:16,730 [INFO] ThirdParty:1030 - CMSIS Pack Vendor :STMicroelectronics X-CUBE-AZRTOS-F4 1.1.0
2023-12-16 00:35:16,730 [INFO] ThirdParty:1030 - CMSIS Pack Vendor :STMicroelectronics LIBJPEG 8.0.0
2023-12-16 00:35:16,730 [INFO] ThirdParty:1030 - CMSIS Pack Vendor :wolfSSL I-CUBE-wolfSSL 5.6.4
2023-12-16 00:35:16,730 [INFO] ThirdParty:1030 - CMSIS Pack Vendor :wolfSSL I-CUBE-wolfSSL 5.6.3
2023-12-16 00:35:16,730 [INFO] ThirdParty:1030 - CMSIS Pack Vendor :STMicroelectronics X-CUBE-SMBUS 2.1.0
2023-12-16 00:35:16,730 [INFO] ThirdParty:1030 - CMSIS Pack Vendor :STMicroelectronics USB_DEVICE 3.0.0
2023-12-16 00:35:16,730 [INFO] ThirdParty:1030 - CMSIS Pack Vendor :STMicroelectronics X-CUBE-AZRTOS-WB 2.0.0
2023-12-16 00:35:16,730 [INFO] ThirdParty:1030 - CMSIS Pack Vendor :STMicroelectronics X-CUBE-TOUCHGFX 4.23.0
2023-12-16 00:35:16,730 [INFO] ThirdParty:1030 - CMSIS Pack Vendor :STMicroelectronics X-CUBE-AZRTOS-F7 1.1.0
2023-12-16 00:35:16,730 [INFO] ThirdParty:1030 - CMSIS Pack Vendor :STMicroelectronics X-CUBE-AZRTOS-L5 2.0.0
2023-12-16 00:35:16,730 [INFO] ThirdParty:1030 - CMSIS Pack Vendor :STMicroelectronics USB_DEVICE 2.0.0
2023-12-16 00:35:16,730 [INFO] ThirdParty:1030 - CMSIS Pack Vendor :STMicroelectronics X-CUBE-MEMS1 9.6.0
2023-12-16 00:35:16,730 [INFO] ThirdParty:1030 - CMSIS Pack Vendor :STMicroelectronics X-CUBE-EEPRMA1 4.2.0
2023-12-16 00:35:16,730 [INFO] ThirdParty:1030 - CMSIS Pack Vendor :ITTIA_DB I-CUBE-ITTIADB 8.8.0
2023-12-16 00:35:16,730 [INFO] ThirdParty:1030 - CMSIS Pack Vendor :STMicroelectronics FP-SNS-MOTENV1 4.3.2
2023-12-16 00:35:16,731 [INFO] ThirdParty:1030 - CMSIS Pack Vendor :STMicroelectronics X-CUBE-ALGOBUILD 1.3.0
2023-12-16 00:35:16,731 [INFO] ThirdParty:1030 - CMSIS Pack Vendor :STMicroelectronics FreeRTOS 0.0.1
2023-12-16 00:35:16,731 [INFO] ThirdParty:1030 - CMSIS Pack Vendor :STMicroelectronics X-CUBE-AZRTOS-G0 1.1.0
2023-12-16 00:35:16,731 [INFO] ThirdParty:1030 - CMSIS Pack Vendor :STMicroelectronics X-CUBE-BLEMGR 2.0.0
2023-12-16 00:35:16,731 [INFO] ThirdParty:1030 - CMSIS Pack Vendor :STMicroelectronics X-CUBE-NFC4 3.0.0
2023-12-16 00:35:16,731 [INFO] ThirdParty:1030 - CMSIS Pack Vendor :STMicroelectronics X-CUBE-SUBG2 5.0.0
2023-12-16 00:35:16,731 [INFO] ThirdParty:1030 - CMSIS Pack Vendor :STMicroelectronics STM32_WPAN 1.0.0
2023-12-16 00:35:16,731 [INFO] ThirdParty:1030 - CMSIS Pack Vendor :STMicroelectronics lwIP 2.0.3
2023-12-16 00:35:16,731 [INFO] ThirdParty:1030 - CMSIS Pack Vendor :STMicroelectronics FP-SNS-FLIGHT1 5.0.2
2023-12-16 00:35:16,731 [INFO] ThirdParty:1030 - CMSIS Pack Vendor :STMicroelectronics USB_HOST 1.0.0
2023-12-16 00:35:16,731 [INFO] ThirdParty:1030 - CMSIS Pack Vendor :STMicroelectronics X-CUBE-TOF1 3.3.1
2023-12-16 00:35:16,731 [INFO] ThirdParty:1030 - CMSIS Pack Vendor :STMicroelectronics X-CUBE-AZRTOS-G4 2.0.0
2023-12-16 00:35:16,731 [INFO] ThirdParty:1030 - CMSIS Pack Vendor :STMicroelectronics PDM2PCM 3.1.0
2023-12-16 00:35:16,731 [INFO] ThirdParty:1030 - CMSIS Pack Vendor :STMicroelectronics X-CUBE-AZRTOS-H7 3.1.0
2023-12-16 00:35:16,732 [INFO] ThirdParty:1030 - CMSIS Pack Vendor :Infineon AIROC-Wi-Fi-Bluetooth-STM32 1.5.1
2023-12-16 00:35:16,732 [INFO] ThirdParty:1030 - CMSIS Pack Vendor :STMicroelectronics X-CUBE-BLEMGR 3.0.0
2023-12-16 00:35:16,732 [INFO] ThirdParty:1030 - CMSIS Pack Vendor :STMicroelectronics PDM2PCM 3.3.0
2023-12-16 00:35:16,732 [INFO] ThirdParty:1030 - CMSIS Pack Vendor :STMicroelectronics X-CUBE-DISPLAY 3.0.0
2023-12-16 00:35:16,732 [INFO] ThirdParty:1030 - CMSIS Pack Vendor :STMicroelectronics FP-SNS-MOTENVWB1 1.3.1
2023-12-16 00:35:16,732 [INFO] ThirdParty:1030 - CMSIS Pack Vendor :STMicroelectronics X-CUBE-BLE1 7.0.0
2023-12-16 00:35:16,732 [INFO] ThirdParty:1030 - CMSIS Pack Vendor :STMicroelectronics FP-ATR-SIGFOX1 3.2.0
2023-12-16 00:35:16,732 [INFO] ThirdParty:1030 - CMSIS Pack Vendor :STMicroelectronics X-CUBE-ISPU 2.0.0
2023-12-16 00:35:16,732 [INFO] ThirdParty:1030 - CMSIS Pack Vendor :STMicroelectronics HAL Drivers 0.0.0
2023-12-16 00:35:16,732 [INFO] ThirdParty:1030 - CMSIS Pack Vendor :STMicroelectronics MBEDTLS 2.16.2
2023-12-16 00:35:16,732 [INFO] ThirdParty:1030 - CMSIS Pack Vendor :emotas I-CUBE-CANOPEN 1.3.0
2023-12-16 00:35:16,732 [INFO] ThirdParty:1030 - CMSIS Pack Vendor :STMicroelectronics X-CUBE-MEMS1 10.0.0
2023-12-16 00:35:16,732 [INFO] ThirdParty:1030 - CMSIS Pack Vendor :STMicroelectronics X-CUBE-FREERTOS 1.1.0
2023-12-16 00:35:16,732 [INFO] ThirdParty:1030 - CMSIS Pack Vendor :STMicroelectronics X-CUBE-TOUCHGFX 4.22.0
2023-12-16 00:35:16,732 [INFO] ThirdParty:1030 - CMSIS Pack Vendor :STMicroelectronics X-CUBE-NFC7 1.0.1
2023-12-16 00:35:16,733 [INFO] ThirdParty:1030 - CMSIS Pack Vendor :STMicroelectronics MBEDTLS 2.14.1
2023-12-16 00:35:16,733 [INFO] ThirdParty:1030 - CMSIS Pack Vendor :STMicroelectronics X-CUBE-NFC6 3.0.0
2023-12-16 00:35:16,733 [INFO] ThirdParty:1030 - CMSIS Pack Vendor :STMicroelectronics X-CUBE-EEPRMA1 4.1.0
2023-12-16 00:35:16,733 [INFO] ThirdParty:1030 - CMSIS Pack Vendor :portGmbH I-Cube-SoM-uGOAL 1.1.0
2023-12-16 00:35:16,733 [INFO] ThirdParty:1030 - CMSIS Pack Vendor :STMicroelectronics X-CUBE-ALS 1.0.1
2023-12-16 00:35:16,733 [INFO] ThirdParty:1030 - CMSIS Pack Vendor :STMicroelectronics ThreadX 1.0.0
2023-12-16 00:35:16,733 [INFO] ThirdParty:1030 - CMSIS Pack Vendor :STMicroelectronics FP-SNS-SMARTAG2 1.2.0
2023-12-16 00:35:16,733 [INFO] ThirdParty:1030 - CMSIS Pack Vendor :STMicroelectronics X-CUBE-AZRTOS-WL 2.0.0
2023-12-16 00:35:16,733 [INFO] ThirdParty:1030 - CMSIS Pack Vendor :SEGGER I-CUBE-embOS 1.3.1
2023-12-16 00:35:16,733 [INFO] ThirdParty:1030 - CMSIS Pack Vendor :STMicroelectronics USB_DEVICE 1.0.0
2023-12-16 00:35:16,733 [INFO] ThirdParty:1030 - CMSIS Pack Vendor :STMicroelectronics X-CUBE-AI 8.1.0
2023-12-16 00:35:16,733 [INFO] ThirdParty:1030 - CMSIS Pack Vendor :STMicroelectronics X-CUBE-AZRTOS-L4 2.0.0
2023-12-16 00:35:16,733 [INFO] ThirdParty:1030 - CMSIS Pack Vendor :STMicroelectronics ThreadX 0.0.2
2023-12-16 00:35:16,733 [INFO] ThirdParty:1030 - CMSIS Pack Vendor :WES I-CUBE-Cesium 1.3.0
2023-12-16 00:35:16,733 [INFO] ThirdParty:1030 - CMSIS Pack Vendor :STMicroelectronics FP-ATR-ASTRA1 2.0.0
2023-12-16 00:35:16,733 [INFO] ThirdParty:1030 - CMSIS Pack Vendor :STMicroelectronics lwIP 2.1.2
2023-12-16 00:35:16,733 [INFO] ThirdParty:1030 - CMSIS Pack Vendor :STMicroelectronics X-CUBE-SFXS2LP1 4.0.0
2023-12-16 00:35:16,733 [INFO] ThirdParty:1030 - CMSIS Pack Vendor :STMicroelectronics X-CUBE-BLE2 3.3.0
2023-12-16 00:35:16,734 [INFO] ThirdParty:1030 - CMSIS Pack Vendor :STMicroelectronics X-CUBE-TOF1 3.4.0
2023-12-16 00:35:16,734 [INFO] ThirdParty:1030 - CMSIS Pack Vendor :STMicroelectronics X-CUBE-AZRTOS-H7 3.2.0
2023-12-16 00:35:16,734 [INFO] ThirdParty:1030 - CMSIS Pack Vendor :STMicroelectronics PDM2PCM 3.2.0
2023-12-16 00:35:16,734 [INFO] ThirdParty:841 - exiting critical section [change project]
2023-12-16 00:35:16,962 [INFO] PinOutPanel:1499 - setPackage(No Configuration,No Configuration)
2023-12-16 00:35:16,963 [INFO] PinOutPanel:1499 - setPackage(STM32F407VGTx,LQFP100)
2023-12-16 00:35:17,284 [INFO] UtilMem:75 - Before build in PCC Used Memory: 830071440 Bytes (1073741824)
2023-12-16 00:35:17,543 [INFO] UtilMem:75 - After build in PCC Used Memory: 874111632 Bytes (1073741824)
2023-12-16 00:35:17,564 [INFO] IPUIPlugin:80 - create IPUIPlugin
2023-12-16 00:35:17,564 [INFO] IPUIPlugin:80 - create IPUIPlugin
2023-12-16 00:35:17,564 [INFO] IPUIPlugin:80 - create IPUIPlugin
2023-12-16 00:35:17,565 [INFO] IPUIPlugin:80 - create IPUIPlugin
2023-12-16 00:35:17,565 [INFO] IPUIPlugin:80 - create IPUIPlugin
2023-12-16 00:35:17,565 [INFO] IPUIPlugin:80 - create IPUIPlugin
2023-12-16 00:35:17,565 [INFO] IPUIPlugin:80 - create IPUIPlugin
2023-12-16 00:35:17,565 [INFO] IPUIPlugin:80 - create IPUIPlugin
2023-12-16 00:35:17,565 [INFO] IPUIPlugin:80 - create IPUIPlugin
2023-12-16 00:35:17,566 [INFO] IPUIPlugin:80 - create IPUIPlugin
2023-12-16 00:35:17,566 [INFO] IPUIPlugin:80 - create IPUIPlugin
2023-12-16 00:35:17,566 [INFO] IPUIPlugin:80 - create IPUIPlugin
2023-12-16 00:35:17,566 [INFO] IPUIPlugin:80 - create IPUIPlugin
2023-12-16 00:35:17,566 [INFO] IPUIPlugin:80 - create IPUIPlugin
2023-12-16 00:35:17,566 [INFO] IPUIPlugin:80 - create IPUIPlugin
2023-12-16 00:35:17,566 [INFO] IPUIPlugin:80 - create IPUIPlugin
2023-12-16 00:35:17,567 [INFO] IPUIPlugin:80 - create IPUIPlugin
2023-12-16 00:35:17,567 [INFO] IPUIPlugin:80 - create IPUIPlugin
2023-12-16 00:35:17,567 [INFO] IPUIPlugin:80 - create IPUIPlugin
2023-12-16 00:35:17,567 [INFO] IPUIPlugin:80 - create IPUIPlugin
2023-12-16 00:35:17,567 [INFO] IPUIPlugin:80 - create IPUIPlugin
2023-12-16 00:35:17,568 [INFO] IPUIPlugin:80 - create IPUIPlugin
2023-12-16 00:35:17,568 [INFO] IPUIPlugin:80 - create IPUIPlugin
2023-12-16 00:35:17,568 [INFO] IPUIPlugin:80 - create IPUIPlugin
2023-12-16 00:35:17,569 [INFO] IPUIPlugin:80 - create IPUIPlugin
2023-12-16 00:35:17,569 [INFO] IPUIPlugin:80 - create IPUIPlugin
2023-12-16 00:35:17,569 [INFO] IPUIPlugin:80 - create IPUIPlugin
2023-12-16 00:35:17,569 [INFO] IPUIPlugin:80 - create IPUIPlugin
2023-12-16 00:35:17,570 [INFO] IPUIPlugin:80 - create IPUIPlugin
2023-12-16 00:35:17,570 [INFO] IPUIPlugin:80 - create IPUIPlugin
2023-12-16 00:35:17,570 [INFO] IPUIPlugin:80 - create IPUIPlugin
2023-12-16 00:35:17,571 [INFO] IPUIPlugin:80 - create IPUIPlugin
2023-12-16 00:35:17,571 [INFO] IPUIPlugin:80 - create IPUIPlugin
2023-12-16 00:35:17,571 [INFO] IPUIPlugin:80 - create IPUIPlugin
2023-12-16 00:35:17,572 [INFO] IPUIPlugin:80 - create IPUIPlugin
2023-12-16 00:35:17,572 [INFO] IPUIPlugin:80 - create IPUIPlugin
2023-12-16 00:35:17,572 [INFO] IPUIPlugin:80 - create IPUIPlugin
2023-12-16 00:35:17,572 [INFO] IPUIPlugin:80 - create IPUIPlugin
2023-12-16 00:35:17,572 [INFO] IPUIPlugin:80 - create IPUIPlugin
2023-12-16 00:35:17,572 [INFO] IPUIPlugin:80 - create IPUIPlugin
2023-12-16 00:35:17,573 [INFO] IPUIPlugin:80 - create IPUIPlugin
2023-12-16 00:35:17,573 [INFO] IPUIPlugin:80 - create IPUIPlugin
2023-12-16 00:35:17,573 [INFO] IPUIPlugin:80 - create IPUIPlugin
2023-12-16 00:35:17,573 [INFO] IPUIPlugin:80 - create IPUIPlugin
2023-12-16 00:35:17,573 [INFO] IPUIPlugin:80 - create IPUIPlugin
2023-12-16 00:35:17,574 [INFO] IPUIPlugin:80 - create IPUIPlugin
2023-12-16 00:35:17,574 [INFO] IPUIPlugin:80 - create IPUIPlugin
2023-12-16 00:35:17,574 [INFO] IPUIPlugin:80 - create IPUIPlugin
2023-12-16 00:35:17,574 [INFO] IPUIPlugin:80 - create IPUIPlugin
2023-12-16 00:35:17,575 [INFO] IPUIPlugin:80 - create IPUIPlugin
2023-12-16 00:35:17,575 [INFO] IPUIPlugin:80 - create IPUIPlugin
2023-12-16 00:35:17,575 [INFO] IPUIPlugin:80 - create IPUIPlugin
2023-12-16 00:35:17,576 [INFO] IPUIPlugin:80 - create IPUIPlugin
2023-12-16 00:35:17,576 [INFO] IPUIPlugin:80 - create IPUIPlugin
2023-12-16 00:35:17,576 [INFO] IPUIPlugin:80 - create IPUIPlugin
2023-12-16 00:35:17,577 [INFO] IPUIPlugin:80 - create IPUIPlugin
2023-12-16 00:35:17,578 [INFO] IPUIPlugin:80 - create IPUIPlugin
2023-12-16 00:35:17,578 [INFO] IPUIPlugin:80 - create IPUIPlugin
2023-12-16 00:35:17,611 [INFO] ApiDbMcu:507 - Load IP Config File for PDM2PCM
2023-12-16 00:35:17,639 [INFO] CADModel:165 - CPN selected for project levelSTM32F407VGT6
2023-12-16 00:35:17,639 [INFO] CADModel:114 - Register for checkConnection events
2023-12-16 00:35:17,698 [INFO] OpenFileManager:328 - Restore cursor
2023-12-16 00:35:18,143 [INFO] UtilMem:75 - End SaveConfig() Used Memory: 648501408 Bytes (1073741824)
2023-12-16 00:35:19,353 [INFO] ServerAccessManage:473 - Download File stm32cube_fw_f4_v1270.zip
2023-12-16 00:36:22,902 [INFO] AnalyticsPlugin:368 - Accepted License(s): [FW.F4.1.27.0]
2023-12-16 00:36:22,903 [INFO] FileExtend:240 - Unzip File : stm32cube_fw_f4_v1270.zip
2023-12-16 00:36:22,904 [INFO] FileExtend:255 - Standard Zip Deflate
2023-12-16 00:37:22,214 [INFO] ServerAccessManage:473 - Download File stm32cube_fw_f4_v1271.zip
2023-12-16 00:37:39,415 [INFO] FileExtend:240 - Unzip File : stm32cube_fw_f4_v1271.zip
2023-12-16 00:37:39,416 [INFO] FileExtend:255 - Standard Zip Deflate
2023-12-16 00:37:40,399 [INFO] LoadServerPackagesThread:196 - End of LoadServerPackages Thread
2023-12-16 00:37:40,544 [INFO] ThirdPartyModel:298 - Start build external matchings
2023-12-16 00:37:40,552 [INFO] UtilMem:75 - End SaveConfig() Used Memory: 793608456 Bytes (1073741824)
2023-12-16 00:37:40,777 [INFO] BlockDiagram:2759 - set Specific Code input for plugin: RCC
2023-12-16 00:37:40,777 [INFO] BlockDiagram:2759 - set Specific Code input for plugin: NVIC
2023-12-16 00:37:40,778 [INFO] CodeGenerator:799 - code generatio: config db path: C:\ST\STM32CubeIDE_1.13.1\STM32CubeIDE\plugins\com.st.stm32cube.common.mx_6.9.1.202307191849\\db\
2023-12-16 00:37:40,942 [INFO] CodeEngine:255 - oldGeneratedFile, C:\Users\vinee\STM32CubeIDE\workspace_1.13.1\FreeRTOS_101\MXTmpFiles\license.tmp_save
2023-12-16 00:37:41,146 [INFO] CodeEngine:279 - Generated code: C:\Users\vinee\STM32CubeIDE\workspace_1.13.1\FreeRTOS_101\MXTmpFiles\license.tmp
2023-12-16 00:37:41,165 [INFO] CodeEngine:255 - oldGeneratedFile, C:\Users\vinee\STM32CubeIDE\workspace_1.13.1\FreeRTOS_101\Core\Src\stm32f4xx_it.c_save
2023-12-16 00:37:41,550 [INFO] CodeEngine:279 - Generated code: C:\Users\vinee\STM32CubeIDE\workspace_1.13.1\FreeRTOS_101\Core\Src\stm32f4xx_it.c
2023-12-16 00:37:41,557 [INFO] CodeEngine:255 - oldGeneratedFile, C:\Users\vinee\STM32CubeIDE\workspace_1.13.1\FreeRTOS_101\Core\Inc\stm32f4xx_it.h_save
2023-12-16 00:37:41,720 [INFO] CodeEngine:279 - Generated code: C:\Users\vinee\STM32CubeIDE\workspace_1.13.1\FreeRTOS_101\Core\Inc\stm32f4xx_it.h
2023-12-16 00:37:41,805 [INFO] CodeEngine:255 - oldGeneratedFile, C:\Users\vinee\STM32CubeIDE\workspace_1.13.1\FreeRTOS_101\Core\Src\stm32f4xx_hal_msp.c_save
2023-12-16 00:37:41,881 [INFO] ThirdPartyModel:316 - End build external matchings
2023-12-16 00:37:41,895 [INFO] CheckServerUpdateThread:120 - End of CheckServer Thread
2023-12-16 00:37:41,990 [INFO] CodeEngine:279 - Generated code: C:\Users\vinee\STM32CubeIDE\workspace_1.13.1\FreeRTOS_101\Core\Src\stm32f4xx_hal_msp.c
2023-12-16 00:37:41,996 [INFO] CodeEngine:255 - oldGeneratedFile, C:\Users\vinee\STM32CubeIDE\workspace_1.13.1\FreeRTOS_101\MXTmpFiles\system.tmp_save
2023-12-16 00:37:42,109 [INFO] CodeEngine:279 - Generated code: C:\Users\vinee\STM32CubeIDE\workspace_1.13.1\FreeRTOS_101\MXTmpFiles\system.tmp
2023-12-16 00:37:42,133 [INFO] CodeEngine:311 - oldGeneratedFile, C:\Users\vinee\STM32CubeIDE\workspace_1.13.1\FreeRTOS_101\Core\Inc\stm32f4xx_hal_conf.h_save
2023-12-16 00:37:42,290 [INFO] CodeEngine:335 - Generated code: C:\Users\vinee\STM32CubeIDE\workspace_1.13.1\FreeRTOS_101\Core\Inc\stm32f4xx_hal_conf.h
2023-12-16 00:37:42,353 [INFO] CodeEngine:255 - oldGeneratedFile, C:\Users\vinee\STM32CubeIDE\workspace_1.13.1\FreeRTOS_101\Core\Inc\main.h_save
2023-12-16 00:37:42,540 [INFO] CodeEngine:279 - Generated code: C:\Users\vinee\STM32CubeIDE\workspace_1.13.1\FreeRTOS_101\Core\Inc\main.h
2023-12-16 00:37:42,544 [INFO] CodeEngine:255 - oldGeneratedFile, C:\Users\vinee\STM32CubeIDE\workspace_1.13.1\FreeRTOS_101\Core\Src\main.c_save
2023-12-16 00:37:42,700 [INFO] CodeEngine:279 - Generated code: C:\Users\vinee\STM32CubeIDE\workspace_1.13.1\FreeRTOS_101\Core\Src\main.c
2023-12-16 00:37:43,462 [INFO] ProjectBuilder:3064 - Time for Copy HAL[1] : 174mS.
2023-12-16 00:37:43,467 [INFO] ProjectBuilder:4404 - Project Generator version: 4.1.0
2023-12-16 00:37:43,792 [INFO] ConfigFileManager:1457 - The Die is : DIE413
2023-12-16 00:37:43,815 [INFO] ApiDbMcu:507 - Load IP Config File for FATFS
2023-12-16 00:37:43,836 [INFO] ApiDbMcu:507 - Load IP Config File for FREERTOS
2023-12-16 00:37:43,852 [INFO] ApiDbMcu:507 - Load IP Config File for LIBJPEG
2023-12-16 00:37:43,877 [INFO] ApiDbMcu:507 - Load IP Config File for LWIP
2023-12-16 00:37:43,895 [INFO] ApiDbMcu:507 - Load IP Config File for MBEDTLS
2023-12-16 00:37:43,914 [INFO] ApiDbMcu:507 - Load IP Config File for USB_DEVICE
2023-12-16 00:37:43,929 [INFO] ApiDbMcu:507 - Load IP Config File for USB_HOST
2023-12-16 00:37:46,237 [INFO] ProjectBuilder:4626 - Time for Generating toolchain IDE Files: 2771mS.
2023-12-16 00:37:46,238 [INFO] ProjectBuilder:2935 - Time for Copy CMSIS : 0mS.
2023-12-16 00:37:46,242 [INFO] ProjectBuilder:2935 - Time for Copy CMSIS : 0mS.
2023-12-16 00:37:46,993 [INFO] McuFinderGlobals:76 - Set McuFinderConnectedMode to true
2023-12-16 00:37:46,995 [INFO] ApiDb:448 - Save user favorites file C:\Users\vinee/.stm32cubeide/favorites.mcus.txt: 0 item(s)
2023-12-16 00:37:46,996 [INFO] ApiDb:452 - User favorites MCUs=[]
2023-12-16 00:42:40,412 [INFO] RtosManager:919 - Current active RTOS is FREERTOS [Cortex-M4NS]
2023-12-16 00:42:40,973 [ERROR] RtosPanel:558 - Can not restore the selected Tab for FREERTOS(A reason can be that the tab is no more available.)
2023-12-16 00:42:41,065 [ERROR] RtosPanel:558 - Can not restore the selected Tab for FREERTOS(A reason can be that the tab is no more available.)
2023-12-16 00:43:21,879 [INFO] TasksAndQueuesTab:757 - Dynamic
2023-12-16 00:43:21,879 [WARN] TasksAndQueuesTab:763 - 128 128
2023-12-16 00:43:21,879 [WARN] TasksAndQueuesTab:775 - max value is: 3840.0
2023-12-16 00:43:53,360 [ERROR] RtosPanel:558 - Can not restore the selected Tab for FREERTOS(A reason can be that the tab is no more available.)
2023-12-16 00:44:17,477 [INFO] TasksAndQueuesTab:757 - Dynamic
2023-12-16 00:44:17,477 [WARN] TasksAndQueuesTab:763 - 128 128
2023-12-16 00:44:17,477 [WARN] TasksAndQueuesTab:775 - max value is: 3840.0
2023-12-16 00:44:21,218 [INFO] EditThreadDialog:704 - RAM SIZE (in KB): 128
2023-12-16 00:44:21,218 [INFO] EditThreadDialog:706 - RAM SIZE (in words): 32768
2023-12-16 00:44:34,565 [INFO] TasksAndQueuesTab:757 - Dynamic
2023-12-16 00:44:34,565 [WARN] TasksAndQueuesTab:763 - 128 128
2023-12-16 00:44:34,565 [WARN] TasksAndQueuesTab:775 - max value is: 3840.0
2023-12-16 00:44:34,565 [INFO] TasksAndQueuesTab:757 - Dynamic
2023-12-16 00:44:34,565 [WARN] TasksAndQueuesTab:763 - 128 128
2023-12-16 00:44:34,565 [WARN] TasksAndQueuesTab:775 - max value is: 3840.0
2023-12-16 00:44:37,957 [INFO] UtilMem:75 - End SaveConfig() Used Memory: 649112608 Bytes (1073741824)
2023-12-16 00:44:40,053 [INFO] UtilMem:75 - End SaveConfig() Used Memory: 675327008 Bytes (1073741824)
2023-12-16 00:44:45,194 [INFO] UtilMem:75 - End SaveConfig() Used Memory: 766086168 Bytes (1073741824)
2023-12-16 00:44:45,401 [INFO] BlockDiagram:2759 - set Specific Code input for plugin: FREERTOS
2023-12-16 00:44:45,401 [INFO] BlockDiagram:2759 - set Specific Code input for plugin: SYS
2023-12-16 00:44:45,401 [INFO] BlockDiagram:2759 - set Specific Code input for plugin: RCC
2023-12-16 00:44:45,401 [INFO] BlockDiagram:2759 - set Specific Code input for plugin: NVIC
2023-12-16 00:44:45,401 [INFO] BlockDiagram:2759 - set Specific Code input for plugin: USART
2023-12-16 00:44:45,401 [INFO] BlockDiagram:2759 - set Specific Code input for plugin: GPIO
2023-12-16 00:44:45,402 [INFO] CodeGenerator:799 - code generatio: config db path: C:\ST\STM32CubeIDE_1.13.1\STM32CubeIDE\plugins\com.st.stm32cube.common.mx_6.9.1.202307191849\\db\
2023-12-16 00:44:45,552 [INFO] CodeEngine:255 - oldGeneratedFile, C:\Users\vinee\STM32CubeIDE\workspace_1.13.1\FreeRTOS_101\MXTmpFiles\license.tmp_save
2023-12-16 00:44:45,685 [INFO] CodeEngine:279 - Generated code: C:\Users\vinee\STM32CubeIDE\workspace_1.13.1\FreeRTOS_101\MXTmpFiles\license.tmp
2023-12-16 00:44:45,735 [INFO] CodeEngine:255 - oldGeneratedFile, C:\Users\vinee\STM32CubeIDE\workspace_1.13.1\FreeRTOS_101\MXTmpFiles\gpio.tmp_save
2023-12-16 00:44:45,871 [INFO] CodeEngine:279 - Generated code: C:\Users\vinee\STM32CubeIDE\workspace_1.13.1\FreeRTOS_101\MXTmpFiles\gpio.tmp
2023-12-16 00:44:45,967 [INFO] Middleware:1439 - No code input for Bsp Dependency
2023-12-16 00:44:45,976 [INFO] CodeEngine:255 - oldGeneratedFile, C:\Users\vinee\STM32CubeIDE\workspace_1.13.1\FreeRTOS_101\MXTmpFiles\rtos_inc.tmp_save
2023-12-16 00:44:46,105 [INFO] CodeEngine:279 - Generated code: C:\Users\vinee\STM32CubeIDE\workspace_1.13.1\FreeRTOS_101\MXTmpFiles\rtos_inc.tmp
2023-12-16 00:44:46,110 [INFO] CodeEngine:255 - oldGeneratedFile, C:\Users\vinee\STM32CubeIDE\workspace_1.13.1\FreeRTOS_101\MXTmpFiles\rtos_vars.tmp_save
2023-12-16 00:44:46,211 [INFO] CodeEngine:279 - Generated code: C:\Users\vinee\STM32CubeIDE\workspace_1.13.1\FreeRTOS_101\MXTmpFiles\rtos_vars.tmp
2023-12-16 00:44:46,215 [INFO] CodeEngine:255 - oldGeneratedFile, C:\Users\vinee\STM32CubeIDE\workspace_1.13.1\FreeRTOS_101\MXTmpFiles\rtos_pfp.tmp_save
2023-12-16 00:44:46,344 [INFO] CodeEngine:279 - Generated code: C:\Users\vinee\STM32CubeIDE\workspace_1.13.1\FreeRTOS_101\MXTmpFiles\rtos_pfp.tmp
2023-12-16 00:44:46,376 [INFO] CodeEngine:255 - oldGeneratedFile, C:\Users\vinee\STM32CubeIDE\workspace_1.13.1\FreeRTOS_101\MXTmpFiles\rtos_obj_creat.tmp_save
2023-12-16 00:44:46,477 [INFO] CodeEngine:279 - Generated code: C:\Users\vinee\STM32CubeIDE\workspace_1.13.1\FreeRTOS_101\MXTmpFiles\rtos_obj_creat.tmp
2023-12-16 00:44:46,481 [INFO] CodeEngine:255 - oldGeneratedFile, C:\Users\vinee\STM32CubeIDE\workspace_1.13.1\FreeRTOS_101\MXTmpFiles\rtos_kernelStart.tmp_save
2023-12-16 00:44:46,565 [INFO] CodeEngine:279 - Generated code: C:\Users\vinee\STM32CubeIDE\workspace_1.13.1\FreeRTOS_101\MXTmpFiles\rtos_kernelStart.tmp
2023-12-16 00:44:46,569 [INFO] CodeEngine:255 - oldGeneratedFile, C:\Users\vinee\STM32CubeIDE\workspace_1.13.1\FreeRTOS_101\MXTmpFiles\rtos_default_thread.tmp_save
2023-12-16 00:44:46,666 [INFO] CodeEngine:279 - Generated code: C:\Users\vinee\STM32CubeIDE\workspace_1.13.1\FreeRTOS_101\MXTmpFiles\rtos_default_thread.tmp
2023-12-16 00:44:46,671 [INFO] CodeEngine:255 - oldGeneratedFile, C:\Users\vinee\STM32CubeIDE\workspace_1.13.1\FreeRTOS_101\MXTmpFiles\rtos_threads.tmp_save
2023-12-16 00:44:46,768 [INFO] CodeEngine:279 - Generated code: C:\Users\vinee\STM32CubeIDE\workspace_1.13.1\FreeRTOS_101\MXTmpFiles\rtos_threads.tmp
2023-12-16 00:44:46,777 [INFO] Middleware:1439 - No code input for Bsp Dependency
2023-12-16 00:44:46,789 [INFO] CodeEngine:255 - oldGeneratedFile, C:\Users\vinee\STM32CubeIDE\workspace_1.13.1\FreeRTOS_101\MXTmpFiles\rtos_inc.tmp_save
2023-12-16 00:44:46,901 [INFO] CodeEngine:279 - Generated code: C:\Users\vinee\STM32CubeIDE\workspace_1.13.1\FreeRTOS_101\MXTmpFiles\rtos_inc.tmp
2023-12-16 00:44:46,909 [INFO] CodeEngine:255 - oldGeneratedFile, C:\Users\vinee\STM32CubeIDE\workspace_1.13.1\FreeRTOS_101\MXTmpFiles\rtos_vars.tmp_save
2023-12-16 00:44:46,985 [INFO] CodeEngine:279 - Generated code: C:\Users\vinee\STM32CubeIDE\workspace_1.13.1\FreeRTOS_101\MXTmpFiles\rtos_vars.tmp
2023-12-16 00:44:46,991 [INFO] CodeEngine:255 - oldGeneratedFile, C:\Users\vinee\STM32CubeIDE\workspace_1.13.1\FreeRTOS_101\MXTmpFiles\rtos_pfp.tmp_save
2023-12-16 00:44:47,065 [INFO] CodeEngine:279 - Generated code: C:\Users\vinee\STM32CubeIDE\workspace_1.13.1\FreeRTOS_101\MXTmpFiles\rtos_pfp.tmp
2023-12-16 00:44:47,082 [INFO] CodeEngine:255 - oldGeneratedFile, C:\Users\vinee\STM32CubeIDE\workspace_1.13.1\FreeRTOS_101\MXTmpFiles\rtos_obj_creat.tmp_save
2023-12-16 00:44:47,173 [INFO] CodeEngine:279 - Generated code: C:\Users\vinee\STM32CubeIDE\workspace_1.13.1\FreeRTOS_101\MXTmpFiles\rtos_obj_creat.tmp
2023-12-16 00:44:47,179 [INFO] CodeEngine:255 - oldGeneratedFile, C:\Users\vinee\STM32CubeIDE\workspace_1.13.1\FreeRTOS_101\MXTmpFiles\rtos_kernelStart.tmp_save
2023-12-16 00:44:47,252 [INFO] CodeEngine:279 - Generated code: C:\Users\vinee\STM32CubeIDE\workspace_1.13.1\FreeRTOS_101\MXTmpFiles\rtos_kernelStart.tmp
2023-12-16 00:44:47,259 [INFO] CodeEngine:255 - oldGeneratedFile, C:\Users\vinee\STM32CubeIDE\workspace_1.13.1\FreeRTOS_101\MXTmpFiles\rtos_default_thread.tmp_save
2023-12-16 00:44:47,337 [INFO] CodeEngine:279 - Generated code: C:\Users\vinee\STM32CubeIDE\workspace_1.13.1\FreeRTOS_101\MXTmpFiles\rtos_default_thread.tmp
2023-12-16 00:44:47,345 [INFO] CodeEngine:255 - oldGeneratedFile, C:\Users\vinee\STM32CubeIDE\workspace_1.13.1\FreeRTOS_101\MXTmpFiles\rtos_threads.tmp_save
2023-12-16 00:44:47,417 [INFO] CodeEngine:279 - Generated code: C:\Users\vinee\STM32CubeIDE\workspace_1.13.1\FreeRTOS_101\MXTmpFiles\rtos_threads.tmp
2023-12-16 00:44:47,439 [INFO] CodeEngine:255 - oldGeneratedFile, C:\Users\vinee\STM32CubeIDE\workspace_1.13.1\FreeRTOS_101\Core\Inc\FreeRTOSConfig.h_save
2023-12-16 00:44:47,565 [INFO] CodeEngine:279 - Generated code: C:\Users\vinee\STM32CubeIDE\workspace_1.13.1\FreeRTOS_101\Core\Inc\FreeRTOSConfig.h
2023-12-16 00:44:47,585 [INFO] CodeEngine:255 - oldGeneratedFile, C:\Users\vinee\STM32CubeIDE\workspace_1.13.1\FreeRTOS_101\Core\Src\freertos.c_save
2023-12-16 00:44:47,696 [INFO] CodeEngine:279 - Generated code: C:\Users\vinee\STM32CubeIDE\workspace_1.13.1\FreeRTOS_101\Core\Src\freertos.c
2023-12-16 00:44:47,718 [INFO] CodeEngine:255 - oldGeneratedFile, C:\Users\vinee\STM32CubeIDE\workspace_1.13.1\FreeRTOS_101\Core\Src\stm32f4xx_it.c_save
2023-12-16 00:44:47,856 [INFO] CodeEngine:279 - Generated code: C:\Users\vinee\STM32CubeIDE\workspace_1.13.1\FreeRTOS_101\Core\Src\stm32f4xx_it.c
2023-12-16 00:44:47,863 [INFO] CodeEngine:255 - oldGeneratedFile, C:\Users\vinee\STM32CubeIDE\workspace_1.13.1\FreeRTOS_101\Core\Inc\stm32f4xx_it.h_save
2023-12-16 00:44:47,957 [INFO] CodeEngine:279 - Generated code: C:\Users\vinee\STM32CubeIDE\workspace_1.13.1\FreeRTOS_101\Core\Inc\stm32f4xx_it.h
2023-12-16 00:44:47,983 [INFO] CodeEngine:255 - oldGeneratedFile, C:\Users\vinee\STM32CubeIDE\workspace_1.13.1\FreeRTOS_101\Core\Src\stm32f4xx_hal_msp.c_save
2023-12-16 00:44:48,137 [INFO] CodeEngine:279 - Generated code: C:\Users\vinee\STM32CubeIDE\workspace_1.13.1\FreeRTOS_101\Core\Src\stm32f4xx_hal_msp.c
2023-12-16 00:44:48,143 [INFO] CodeEngine:255 - oldGeneratedFile, C:\Users\vinee\STM32CubeIDE\workspace_1.13.1\FreeRTOS_101\MXTmpFiles\system.tmp_save
2023-12-16 00:44:48,224 [INFO] CodeEngine:279 - Generated code: C:\Users\vinee\STM32CubeIDE\workspace_1.13.1\FreeRTOS_101\MXTmpFiles\system.tmp
2023-12-16 00:44:48,228 [INFO] CodeEngine:255 - oldGeneratedFile, C:\Users\vinee\STM32CubeIDE\workspace_1.13.1\FreeRTOS_101\Core\Src\stm32f4xx_hal_timebase_tim.c_save
2023-12-16 00:44:48,346 [INFO] CodeEngine:279 - Generated code: C:\Users\vinee\STM32CubeIDE\workspace_1.13.1\FreeRTOS_101\Core\Src\stm32f4xx_hal_timebase_tim.c
2023-12-16 00:44:48,372 [INFO] CodeEngine:311 - oldGeneratedFile, C:\Users\vinee\STM32CubeIDE\workspace_1.13.1\FreeRTOS_101\Core\Inc\stm32f4xx_hal_conf.h_save
2023-12-16 00:44:48,508 [INFO] CodeEngine:335 - Generated code: C:\Users\vinee\STM32CubeIDE\workspace_1.13.1\FreeRTOS_101\Core\Inc\stm32f4xx_hal_conf.h
2023-12-16 00:44:48,566 [INFO] CodeEngine:255 - oldGeneratedFile, C:\Users\vinee\STM32CubeIDE\workspace_1.13.1\FreeRTOS_101\Core\Inc\main.h_save
2023-12-16 00:44:48,737 [INFO] CodeEngine:279 - Generated code: C:\Users\vinee\STM32CubeIDE\workspace_1.13.1\FreeRTOS_101\Core\Inc\main.h
2023-12-16 00:44:48,758 [INFO] CodeEngine:255 - oldGeneratedFile, C:\Users\vinee\STM32CubeIDE\workspace_1.13.1\FreeRTOS_101\Core\Src\main.c_save
2023-12-16 00:44:48,925 [INFO] CodeEngine:279 - Generated code: C:\Users\vinee\STM32CubeIDE\workspace_1.13.1\FreeRTOS_101\Core\Src\main.c
2023-12-16 00:44:49,598 [INFO] ProjectBuilder:3064 - Time for Copy HAL[1] : 260mS.
2023-12-16 00:44:49,606 [INFO] ProjectBuilder:4404 - Project Generator version: 4.1.0
2023-12-16 00:44:49,920 [INFO] ConfigFileManager:1457 - The Die is : DIE413
2023-12-16 00:44:51,221 [INFO] ProjectBuilder:4626 - Time for Generating toolchain IDE Files: 1614mS.
2023-12-16 00:44:51,225 [INFO] ProjectBuilder:2935 - Time for Copy CMSIS : 3mS.
2023-12-16 00:44:51,243 [INFO] ProjectBuilder:2935 - Time for Copy CMSIS : 0mS.
2023-12-16 01:03:49,843 [ERROR] RtosPanel:558 - Can not restore the selected Tab for FREERTOS(A reason can be that the tab is no more available.)
2023-12-16 01:04:13,151 [ERROR] RtosPanel:558 - Can not restore the selected Tab for FREERTOS(A reason can be that the tab is no more available.)
2023-12-16 01:04:16,800 [ERROR] RtosPanel:558 - Can not restore the selected Tab for FREERTOS(A reason can be that the tab is no more available.)
2023-12-16 01:04:24,575 [ERROR] RtosPanel:558 - Can not restore the selected Tab for FREERTOS(A reason can be that the tab is no more available.)
2023-12-16 01:04:26,185 [INFO] UtilMem:75 - End SaveConfig() Used Memory: 924099696 Bytes (1073741824)
2023-12-16 01:04:28,198 [INFO] UtilMem:75 - End SaveConfig() Used Memory: 961326192 Bytes (1073741824)
2023-12-16 01:04:30,349 [INFO] UtilMem:75 - End SaveConfig() Used Memory: 704492280 Bytes (1073741824)
2023-12-16 01:04:30,577 [INFO] BlockDiagram:2759 - set Specific Code input for plugin: FREERTOS
2023-12-16 01:04:30,579 [INFO] BlockDiagram:2759 - set Specific Code input for plugin: SYS
2023-12-16 01:04:30,579 [INFO] BlockDiagram:2759 - set Specific Code input for plugin: RCC
2023-12-16 01:04:30,579 [INFO] BlockDiagram:2759 - set Specific Code input for plugin: NVIC
2023-12-16 01:04:30,579 [INFO] BlockDiagram:2759 - set Specific Code input for plugin: USART
2023-12-16 01:04:30,579 [INFO] BlockDiagram:2759 - set Specific Code input for plugin: GPIO
2023-12-16 01:04:30,580 [INFO] CodeGenerator:799 - code generatio: config db path: C:\ST\STM32CubeIDE_1.13.1\STM32CubeIDE\plugins\com.st.stm32cube.common.mx_6.9.1.202307191849\\db\
2023-12-16 01:04:30,748 [INFO] CodeEngine:255 - oldGeneratedFile, C:\Users\vinee\STM32CubeIDE\workspace_1.13.1\FreeRTOS_101\MXTmpFiles\license.tmp_save
2023-12-16 01:04:30,897 [INFO] CodeEngine:279 - Generated code: C:\Users\vinee\STM32CubeIDE\workspace_1.13.1\FreeRTOS_101\MXTmpFiles\license.tmp
2023-12-16 01:04:30,919 [INFO] CodeEngine:255 - oldGeneratedFile, C:\Users\vinee\STM32CubeIDE\workspace_1.13.1\FreeRTOS_101\MXTmpFiles\gpio.tmp_save
2023-12-16 01:04:31,080 [INFO] CodeEngine:279 - Generated code: C:\Users\vinee\STM32CubeIDE\workspace_1.13.1\FreeRTOS_101\MXTmpFiles\gpio.tmp
2023-12-16 01:04:31,160 [INFO] Middleware:1439 - No code input for Bsp Dependency
2023-12-16 01:04:31,168 [INFO] CodeEngine:255 - oldGeneratedFile, C:\Users\vinee\STM32CubeIDE\workspace_1.13.1\FreeRTOS_101\MXTmpFiles\rtos_inc.tmp_save
2023-12-16 01:04:31,289 [INFO] CodeEngine:279 - Generated code: C:\Users\vinee\STM32CubeIDE\workspace_1.13.1\FreeRTOS_101\MXTmpFiles\rtos_inc.tmp
2023-12-16 01:04:31,294 [INFO] CodeEngine:255 - oldGeneratedFile, C:\Users\vinee\STM32CubeIDE\workspace_1.13.1\FreeRTOS_101\MXTmpFiles\rtos_vars.tmp_save
2023-12-16 01:04:31,373 [INFO] CodeEngine:279 - Generated code: C:\Users\vinee\STM32CubeIDE\workspace_1.13.1\FreeRTOS_101\MXTmpFiles\rtos_vars.tmp
2023-12-16 01:04:31,377 [INFO] CodeEngine:255 - oldGeneratedFile, C:\Users\vinee\STM32CubeIDE\workspace_1.13.1\FreeRTOS_101\MXTmpFiles\rtos_pfp.tmp_save
2023-12-16 01:04:31,466 [INFO] CodeEngine:279 - Generated code: C:\Users\vinee\STM32CubeIDE\workspace_1.13.1\FreeRTOS_101\MXTmpFiles\rtos_pfp.tmp
2023-12-16 01:04:31,471 [INFO] CodeEngine:255 - oldGeneratedFile, C:\Users\vinee\STM32CubeIDE\workspace_1.13.1\FreeRTOS_101\MXTmpFiles\rtos_obj_creat.tmp_save
2023-12-16 01:04:31,565 [INFO] CodeEngine:279 - Generated code: C:\Users\vinee\STM32CubeIDE\workspace_1.13.1\FreeRTOS_101\MXTmpFiles\rtos_obj_creat.tmp
2023-12-16 01:04:31,569 [INFO] CodeEngine:255 - oldGeneratedFile, C:\Users\vinee\STM32CubeIDE\workspace_1.13.1\FreeRTOS_101\MXTmpFiles\rtos_kernelStart.tmp_save
2023-12-16 01:04:31,655 [INFO] CodeEngine:279 - Generated code: C:\Users\vinee\STM32CubeIDE\workspace_1.13.1\FreeRTOS_101\MXTmpFiles\rtos_kernelStart.tmp
2023-12-16 01:04:31,660 [INFO] CodeEngine:255 - oldGeneratedFile, C:\Users\vinee\STM32CubeIDE\workspace_1.13.1\FreeRTOS_101\MXTmpFiles\rtos_default_thread.tmp_save
2023-12-16 01:04:31,754 [INFO] CodeEngine:279 - Generated code: C:\Users\vinee\STM32CubeIDE\workspace_1.13.1\FreeRTOS_101\MXTmpFiles\rtos_default_thread.tmp
2023-12-16 01:04:31,759 [INFO] CodeEngine:255 - oldGeneratedFile, C:\Users\vinee\STM32CubeIDE\workspace_1.13.1\FreeRTOS_101\MXTmpFiles\rtos_threads.tmp_save
2023-12-16 01:04:31,843 [INFO] CodeEngine:279 - Generated code: C:\Users\vinee\STM32CubeIDE\workspace_1.13.1\FreeRTOS_101\MXTmpFiles\rtos_threads.tmp
2023-12-16 01:04:31,908 [INFO] Middleware:1439 - No code input for Bsp Dependency
2023-12-16 01:04:31,919 [INFO] CodeEngine:255 - oldGeneratedFile, C:\Users\vinee\STM32CubeIDE\workspace_1.13.1\FreeRTOS_101\MXTmpFiles\rtos_inc.tmp_save
2023-12-16 01:04:32,033 [INFO] CodeEngine:279 - Generated code: C:\Users\vinee\STM32CubeIDE\workspace_1.13.1\FreeRTOS_101\MXTmpFiles\rtos_inc.tmp
2023-12-16 01:04:32,040 [INFO] CodeEngine:255 - oldGeneratedFile, C:\Users\vinee\STM32CubeIDE\workspace_1.13.1\FreeRTOS_101\MXTmpFiles\rtos_vars.tmp_save
2023-12-16 01:04:32,140 [INFO] CodeEngine:279 - Generated code: C:\Users\vinee\STM32CubeIDE\workspace_1.13.1\FreeRTOS_101\MXTmpFiles\rtos_vars.tmp
2023-12-16 01:04:32,145 [INFO] CodeEngine:255 - oldGeneratedFile, C:\Users\vinee\STM32CubeIDE\workspace_1.13.1\FreeRTOS_101\MXTmpFiles\rtos_pfp.tmp_save
2023-12-16 01:04:32,219 [INFO] CodeEngine:279 - Generated code: C:\Users\vinee\STM32CubeIDE\workspace_1.13.1\FreeRTOS_101\MXTmpFiles\rtos_pfp.tmp
2023-12-16 01:04:32,236 [INFO] CodeEngine:255 - oldGeneratedFile, C:\Users\vinee\STM32CubeIDE\workspace_1.13.1\FreeRTOS_101\MXTmpFiles\rtos_obj_creat.tmp_save
2023-12-16 01:04:32,319 [INFO] CodeEngine:279 - Generated code: C:\Users\vinee\STM32CubeIDE\workspace_1.13.1\FreeRTOS_101\MXTmpFiles\rtos_obj_creat.tmp
2023-12-16 01:04:32,326 [INFO] CodeEngine:255 - oldGeneratedFile, C:\Users\vinee\STM32CubeIDE\workspace_1.13.1\FreeRTOS_101\MXTmpFiles\rtos_kernelStart.tmp_save
2023-12-16 01:04:32,401 [INFO] CodeEngine:279 - Generated code: C:\Users\vinee\STM32CubeIDE\workspace_1.13.1\FreeRTOS_101\MXTmpFiles\rtos_kernelStart.tmp
2023-12-16 01:04:32,408 [INFO] CodeEngine:255 - oldGeneratedFile, C:\Users\vinee\STM32CubeIDE\workspace_1.13.1\FreeRTOS_101\MXTmpFiles\rtos_default_thread.tmp_save
2023-12-16 01:04:32,499 [INFO] CodeEngine:279 - Generated code: C:\Users\vinee\STM32CubeIDE\workspace_1.13.1\FreeRTOS_101\MXTmpFiles\rtos_default_thread.tmp
2023-12-16 01:04:32,505 [INFO] CodeEngine:255 - oldGeneratedFile, C:\Users\vinee\STM32CubeIDE\workspace_1.13.1\FreeRTOS_101\MXTmpFiles\rtos_threads.tmp_save
2023-12-16 01:04:32,584 [INFO] CodeEngine:279 - Generated code: C:\Users\vinee\STM32CubeIDE\workspace_1.13.1\FreeRTOS_101\MXTmpFiles\rtos_threads.tmp
2023-12-16 01:04:32,606 [INFO] CodeEngine:255 - oldGeneratedFile, C:\Users\vinee\STM32CubeIDE\workspace_1.13.1\FreeRTOS_101\Core\Inc\FreeRTOSConfig.h_save
2023-12-16 01:04:32,718 [INFO] CodeEngine:279 - Generated code: C:\Users\vinee\STM32CubeIDE\workspace_1.13.1\FreeRTOS_101\Core\Inc\FreeRTOSConfig.h
2023-12-16 01:04:32,738 [INFO] CodeEngine:255 - oldGeneratedFile, C:\Users\vinee\STM32CubeIDE\workspace_1.13.1\FreeRTOS_101\Core\Src\freertos.c_save
2023-12-16 01:04:32,842 [INFO] CodeEngine:279 - Generated code: C:\Users\vinee\STM32CubeIDE\workspace_1.13.1\FreeRTOS_101\Core\Src\freertos.c
2023-12-16 01:04:32,867 [INFO] CodeEngine:255 - oldGeneratedFile, C:\Users\vinee\STM32CubeIDE\workspace_1.13.1\FreeRTOS_101\Core\Src\stm32f4xx_it.c_save
2023-12-16 01:04:33,074 [INFO] CodeEngine:279 - Generated code: C:\Users\vinee\STM32CubeIDE\workspace_1.13.1\FreeRTOS_101\Core\Src\stm32f4xx_it.c
2023-12-16 01:04:33,080 [INFO] CodeEngine:255 - oldGeneratedFile, C:\Users\vinee\STM32CubeIDE\workspace_1.13.1\FreeRTOS_101\Core\Inc\stm32f4xx_it.h_save
2023-12-16 01:04:33,160 [INFO] CodeEngine:279 - Generated code: C:\Users\vinee\STM32CubeIDE\workspace_1.13.1\FreeRTOS_101\Core\Inc\stm32f4xx_it.h
2023-12-16 01:04:33,185 [INFO] CodeEngine:255 - oldGeneratedFile, C:\Users\vinee\STM32CubeIDE\workspace_1.13.1\FreeRTOS_101\Core\Src\stm32f4xx_hal_msp.c_save
2023-12-16 01:04:33,338 [INFO] CodeEngine:279 - Generated code: C:\Users\vinee\STM32CubeIDE\workspace_1.13.1\FreeRTOS_101\Core\Src\stm32f4xx_hal_msp.c
2023-12-16 01:04:33,343 [INFO] CodeEngine:255 - oldGeneratedFile, C:\Users\vinee\STM32CubeIDE\workspace_1.13.1\FreeRTOS_101\MXTmpFiles\system.tmp_save
2023-12-16 01:04:33,414 [INFO] CodeEngine:279 - Generated code: C:\Users\vinee\STM32CubeIDE\workspace_1.13.1\FreeRTOS_101\MXTmpFiles\system.tmp
2023-12-16 01:04:33,430 [INFO] CodeEngine:255 - oldGeneratedFile, C:\Users\vinee\STM32CubeIDE\workspace_1.13.1\FreeRTOS_101\Core\Src\stm32f4xx_hal_timebase_tim.c_save
2023-12-16 01:04:33,526 [INFO] CodeEngine:279 - Generated code: C:\Users\vinee\STM32CubeIDE\workspace_1.13.1\FreeRTOS_101\Core\Src\stm32f4xx_hal_timebase_tim.c
2023-12-16 01:04:33,549 [INFO] CodeEngine:311 - oldGeneratedFile, C:\Users\vinee\STM32CubeIDE\workspace_1.13.1\FreeRTOS_101\Core\Inc\stm32f4xx_hal_conf.h_save
2023-12-16 01:04:33,683 [INFO] CodeEngine:335 - Generated code: C:\Users\vinee\STM32CubeIDE\workspace_1.13.1\FreeRTOS_101\Core\Inc\stm32f4xx_hal_conf.h
2023-12-16 01:04:33,735 [INFO] CodeEngine:255 - oldGeneratedFile, C:\Users\vinee\STM32CubeIDE\workspace_1.13.1\FreeRTOS_101\Core\Inc\main.h_save
2023-12-16 01:04:33,857 [INFO] CodeEngine:279 - Generated code: C:\Users\vinee\STM32CubeIDE\workspace_1.13.1\FreeRTOS_101\Core\Inc\main.h
2023-12-16 01:04:33,875 [INFO] CodeEngine:255 - oldGeneratedFile, C:\Users\vinee\STM32CubeIDE\workspace_1.13.1\FreeRTOS_101\Core\Src\main.c_save
2023-12-16 01:04:34,044 [INFO] CodeEngine:279 - Generated code: C:\Users\vinee\STM32CubeIDE\workspace_1.13.1\FreeRTOS_101\Core\Src\main.c
2023-12-16 01:04:34,885 [INFO] ProjectBuilder:3064 - Time for Copy HAL[1] : 358mS.
2023-12-16 01:04:34,890 [INFO] ProjectBuilder:4404 - Project Generator version: 4.1.0
2023-12-16 01:04:35,121 [INFO] ConfigFileManager:1457 - The Die is : DIE413
2023-12-16 01:04:36,541 [INFO] ProjectBuilder:4626 - Time for Generating toolchain IDE Files: 1651mS.
2023-12-16 01:04:36,542 [INFO] ProjectBuilder:2935 - Time for Copy CMSIS : 1mS.
2023-12-16 01:04:36,550 [INFO] ProjectBuilder:2935 - Time for Copy CMSIS : 0mS.
2023-12-16 01:15:36,715 [INFO] UtilMem:75 - End SaveConfig() Used Memory: 727970608 Bytes (1073741824)
2023-12-16 01:15:38,752 [INFO] UtilMem:75 - End SaveConfig() Used Memory: 756279512 Bytes (1073741824)
2023-12-16 01:15:40,686 [INFO] UtilMem:75 - End SaveConfig() Used Memory: 809756880 Bytes (1073741824)
2023-12-16 01:15:40,955 [INFO] BlockDiagram:2759 - set Specific Code input for plugin: FREERTOS
2023-12-16 01:15:40,955 [INFO] BlockDiagram:2759 - set Specific Code input for plugin: SYS
2023-12-16 01:15:40,955 [INFO] BlockDiagram:2759 - set Specific Code input for plugin: RCC
2023-12-16 01:15:40,955 [INFO] BlockDiagram:2759 - set Specific Code input for plugin: NVIC
2023-12-16 01:15:40,955 [INFO] BlockDiagram:2759 - set Specific Code input for plugin: USART
2023-12-16 01:15:40,955 [INFO] BlockDiagram:2759 - set Specific Code input for plugin: GPIO
2023-12-16 01:15:40,956 [INFO] CodeGenerator:799 - code generatio: config db path: C:\ST\STM32CubeIDE_1.13.1\STM32CubeIDE\plugins\com.st.stm32cube.common.mx_6.9.1.202307191849\\db\
2023-12-16 01:15:41,111 [INFO] CodeEngine:255 - oldGeneratedFile, C:\Users\vinee\STM32CubeIDE\workspace_1.13.1\FreeRTOS_101\MXTmpFiles\license.tmp_save
2023-12-16 01:15:41,232 [INFO] CodeEngine:279 - Generated code: C:\Users\vinee\STM32CubeIDE\workspace_1.13.1\FreeRTOS_101\MXTmpFiles\license.tmp
2023-12-16 01:15:41,253 [INFO] CodeEngine:255 - oldGeneratedFile, C:\Users\vinee\STM32CubeIDE\workspace_1.13.1\FreeRTOS_101\MXTmpFiles\gpio.tmp_save
2023-12-16 01:15:41,475 [INFO] CodeEngine:279 - Generated code: C:\Users\vinee\STM32CubeIDE\workspace_1.13.1\FreeRTOS_101\MXTmpFiles\gpio.tmp
2023-12-16 01:15:41,537 [INFO] Middleware:1439 - No code input for Bsp Dependency
2023-12-16 01:15:41,545 [INFO] CodeEngine:255 - oldGeneratedFile, C:\Users\vinee\STM32CubeIDE\workspace_1.13.1\FreeRTOS_101\MXTmpFiles\rtos_inc.tmp_save
2023-12-16 01:15:41,650 [INFO] CodeEngine:279 - Generated code: C:\Users\vinee\STM32CubeIDE\workspace_1.13.1\FreeRTOS_101\MXTmpFiles\rtos_inc.tmp
2023-12-16 01:15:41,655 [INFO] CodeEngine:255 - oldGeneratedFile, C:\Users\vinee\STM32CubeIDE\workspace_1.13.1\FreeRTOS_101\MXTmpFiles\rtos_vars.tmp_save
2023-12-16 01:15:41,735 [INFO] CodeEngine:279 - Generated code: C:\Users\vinee\STM32CubeIDE\workspace_1.13.1\FreeRTOS_101\MXTmpFiles\rtos_vars.tmp
2023-12-16 01:15:41,739 [INFO] CodeEngine:255 - oldGeneratedFile, C:\Users\vinee\STM32CubeIDE\workspace_1.13.1\FreeRTOS_101\MXTmpFiles\rtos_pfp.tmp_save
2023-12-16 01:15:41,811 [INFO] CodeEngine:279 - Generated code: C:\Users\vinee\STM32CubeIDE\workspace_1.13.1\FreeRTOS_101\MXTmpFiles\rtos_pfp.tmp
2023-12-16 01:15:41,819 [INFO] CodeEngine:255 - oldGeneratedFile, C:\Users\vinee\STM32CubeIDE\workspace_1.13.1\FreeRTOS_101\MXTmpFiles\rtos_obj_creat.tmp_save
2023-12-16 01:15:41,900 [INFO] CodeEngine:279 - Generated code: C:\Users\vinee\STM32CubeIDE\workspace_1.13.1\FreeRTOS_101\MXTmpFiles\rtos_obj_creat.tmp
2023-12-16 01:15:41,906 [INFO] CodeEngine:255 - oldGeneratedFile, C:\Users\vinee\STM32CubeIDE\workspace_1.13.1\FreeRTOS_101\MXTmpFiles\rtos_kernelStart.tmp_save
2023-12-16 01:15:41,978 [INFO] CodeEngine:279 - Generated code: C:\Users\vinee\STM32CubeIDE\workspace_1.13.1\FreeRTOS_101\MXTmpFiles\rtos_kernelStart.tmp
2023-12-16 01:15:41,982 [INFO] CodeEngine:255 - oldGeneratedFile, C:\Users\vinee\STM32CubeIDE\workspace_1.13.1\FreeRTOS_101\MXTmpFiles\rtos_default_thread.tmp_save
2023-12-16 01:15:42,053 [INFO] CodeEngine:279 - Generated code: C:\Users\vinee\STM32CubeIDE\workspace_1.13.1\FreeRTOS_101\MXTmpFiles\rtos_default_thread.tmp
2023-12-16 01:15:42,058 [INFO] CodeEngine:255 - oldGeneratedFile, C:\Users\vinee\STM32CubeIDE\workspace_1.13.1\FreeRTOS_101\MXTmpFiles\rtos_threads.tmp_save
2023-12-16 01:15:42,134 [INFO] CodeEngine:279 - Generated code: C:\Users\vinee\STM32CubeIDE\workspace_1.13.1\FreeRTOS_101\MXTmpFiles\rtos_threads.tmp
2023-12-16 01:15:42,143 [INFO] Middleware:1439 - No code input for Bsp Dependency
2023-12-16 01:15:42,155 [INFO] CodeEngine:255 - oldGeneratedFile, C:\Users\vinee\STM32CubeIDE\workspace_1.13.1\FreeRTOS_101\MXTmpFiles\rtos_inc.tmp_save
2023-12-16 01:15:42,307 [INFO] CodeEngine:279 - Generated code: C:\Users\vinee\STM32CubeIDE\workspace_1.13.1\FreeRTOS_101\MXTmpFiles\rtos_inc.tmp
2023-12-16 01:15:42,312 [INFO] CodeEngine:255 - oldGeneratedFile, C:\Users\vinee\STM32CubeIDE\workspace_1.13.1\FreeRTOS_101\MXTmpFiles\rtos_vars.tmp_save
2023-12-16 01:15:42,385 [INFO] CodeEngine:279 - Generated code: C:\Users\vinee\STM32CubeIDE\workspace_1.13.1\FreeRTOS_101\MXTmpFiles\rtos_vars.tmp
2023-12-16 01:15:42,390 [INFO] CodeEngine:255 - oldGeneratedFile, C:\Users\vinee\STM32CubeIDE\workspace_1.13.1\FreeRTOS_101\MXTmpFiles\rtos_pfp.tmp_save
2023-12-16 01:15:42,462 [INFO] CodeEngine:279 - Generated code: C:\Users\vinee\STM32CubeIDE\workspace_1.13.1\FreeRTOS_101\MXTmpFiles\rtos_pfp.tmp
2023-12-16 01:15:42,478 [INFO] CodeEngine:255 - oldGeneratedFile, C:\Users\vinee\STM32CubeIDE\workspace_1.13.1\FreeRTOS_101\MXTmpFiles\rtos_obj_creat.tmp_save
2023-12-16 01:15:42,573 [INFO] CodeEngine:279 - Generated code: C:\Users\vinee\STM32CubeIDE\workspace_1.13.1\FreeRTOS_101\MXTmpFiles\rtos_obj_creat.tmp
2023-12-16 01:15:42,578 [INFO] CodeEngine:255 - oldGeneratedFile, C:\Users\vinee\STM32CubeIDE\workspace_1.13.1\FreeRTOS_101\MXTmpFiles\rtos_kernelStart.tmp_save
2023-12-16 01:15:42,649 [INFO] CodeEngine:279 - Generated code: C:\Users\vinee\STM32CubeIDE\workspace_1.13.1\FreeRTOS_101\MXTmpFiles\rtos_kernelStart.tmp
2023-12-16 01:15:42,655 [INFO] CodeEngine:255 - oldGeneratedFile, C:\Users\vinee\STM32CubeIDE\workspace_1.13.1\FreeRTOS_101\MXTmpFiles\rtos_default_thread.tmp_save
2023-12-16 01:15:42,727 [INFO] CodeEngine:279 - Generated code: C:\Users\vinee\STM32CubeIDE\workspace_1.13.1\FreeRTOS_101\MXTmpFiles\rtos_default_thread.tmp
2023-12-16 01:15:42,734 [INFO] CodeEngine:255 - oldGeneratedFile, C:\Users\vinee\STM32CubeIDE\workspace_1.13.1\FreeRTOS_101\MXTmpFiles\rtos_threads.tmp_save
2023-12-16 01:15:42,812 [INFO] CodeEngine:279 - Generated code: C:\Users\vinee\STM32CubeIDE\workspace_1.13.1\FreeRTOS_101\MXTmpFiles\rtos_threads.tmp
2023-12-16 01:15:42,832 [INFO] CodeEngine:255 - oldGeneratedFile, C:\Users\vinee\STM32CubeIDE\workspace_1.13.1\FreeRTOS_101\Core\Inc\FreeRTOSConfig.h_save
2023-12-16 01:15:42,923 [INFO] CodeEngine:279 - Generated code: C:\Users\vinee\STM32CubeIDE\workspace_1.13.1\FreeRTOS_101\Core\Inc\FreeRTOSConfig.h
2023-12-16 01:15:42,940 [INFO] CodeEngine:255 - oldGeneratedFile, C:\Users\vinee\STM32CubeIDE\workspace_1.13.1\FreeRTOS_101\Core\Src\freertos.c_save
2023-12-16 01:15:43,033 [INFO] CodeEngine:279 - Generated code: C:\Users\vinee\STM32CubeIDE\workspace_1.13.1\FreeRTOS_101\Core\Src\freertos.c
2023-12-16 01:15:43,063 [INFO] CodeEngine:255 - oldGeneratedFile, C:\Users\vinee\STM32CubeIDE\workspace_1.13.1\FreeRTOS_101\Core\Src\stm32f4xx_it.c_save
2023-12-16 01:15:43,248 [INFO] CodeEngine:279 - Generated code: C:\Users\vinee\STM32CubeIDE\workspace_1.13.1\FreeRTOS_101\Core\Src\stm32f4xx_it.c
2023-12-16 01:15:43,255 [INFO] CodeEngine:255 - oldGeneratedFile, C:\Users\vinee\STM32CubeIDE\workspace_1.13.1\FreeRTOS_101\Core\Inc\stm32f4xx_it.h_save
2023-12-16 01:15:43,340 [INFO] CodeEngine:279 - Generated code: C:\Users\vinee\STM32CubeIDE\workspace_1.13.1\FreeRTOS_101\Core\Inc\stm32f4xx_it.h
2023-12-16 01:15:43,369 [INFO] CodeEngine:255 - oldGeneratedFile, C:\Users\vinee\STM32CubeIDE\workspace_1.13.1\FreeRTOS_101\Core\Src\stm32f4xx_hal_msp.c_save
2023-12-16 01:15:43,520 [INFO] CodeEngine:279 - Generated code: C:\Users\vinee\STM32CubeIDE\workspace_1.13.1\FreeRTOS_101\Core\Src\stm32f4xx_hal_msp.c
2023-12-16 01:15:43,526 [INFO] CodeEngine:255 - oldGeneratedFile, C:\Users\vinee\STM32CubeIDE\workspace_1.13.1\FreeRTOS_101\MXTmpFiles\system.tmp_save
2023-12-16 01:15:43,601 [INFO] CodeEngine:279 - Generated code: C:\Users\vinee\STM32CubeIDE\workspace_1.13.1\FreeRTOS_101\MXTmpFiles\system.tmp
2023-12-16 01:15:43,619 [INFO] CodeEngine:255 - oldGeneratedFile, C:\Users\vinee\STM32CubeIDE\workspace_1.13.1\FreeRTOS_101\Core\Src\stm32f4xx_hal_timebase_tim.c_save
2023-12-16 01:15:43,706 [INFO] CodeEngine:279 - Generated code: C:\Users\vinee\STM32CubeIDE\workspace_1.13.1\FreeRTOS_101\Core\Src\stm32f4xx_hal_timebase_tim.c
2023-12-16 01:15:43,732 [INFO] CodeEngine:311 - oldGeneratedFile, C:\Users\vinee\STM32CubeIDE\workspace_1.13.1\FreeRTOS_101\Core\Inc\stm32f4xx_hal_conf.h_save
2023-12-16 01:15:43,902 [INFO] CodeEngine:335 - Generated code: C:\Users\vinee\STM32CubeIDE\workspace_1.13.1\FreeRTOS_101\Core\Inc\stm32f4xx_hal_conf.h
2023-12-16 01:15:43,962 [INFO] CodeEngine:255 - oldGeneratedFile, C:\Users\vinee\STM32CubeIDE\workspace_1.13.1\FreeRTOS_101\Core\Inc\main.h_save
2023-12-16 01:15:44,072 [INFO] CodeEngine:279 - Generated code: C:\Users\vinee\STM32CubeIDE\workspace_1.13.1\FreeRTOS_101\Core\Inc\main.h
2023-12-16 01:15:44,089 [INFO] CodeEngine:255 - oldGeneratedFile, C:\Users\vinee\STM32CubeIDE\workspace_1.13.1\FreeRTOS_101\Core\Src\main.c_save
2023-12-16 01:15:44,253 [INFO] CodeEngine:279 - Generated code: C:\Users\vinee\STM32CubeIDE\workspace_1.13.1\FreeRTOS_101\Core\Src\main.c
2023-12-16 01:15:44,950 [INFO] ProjectBuilder:3064 - Time for Copy HAL[1] : 286mS.
2023-12-16 01:15:44,954 [INFO] ProjectBuilder:4404 - Project Generator version: 4.1.0
2023-12-16 01:15:45,277 [INFO] ConfigFileManager:1457 - The Die is : DIE413
2023-12-16 01:15:46,609 [INFO] ProjectBuilder:4626 - Time for Generating toolchain IDE Files: 1655mS.
2023-12-16 01:15:46,609 [INFO] ProjectBuilder:2935 - Time for Copy CMSIS : 0mS.
2023-12-16 01:15:46,620 [INFO] ProjectBuilder:2935 - Time for Copy CMSIS : 0mS.
2023-12-16 01:28:38,562 [INFO] UtilMem:75 - End SaveConfig() Used Memory: 892508088 Bytes (1073741824)
2023-12-16 01:28:41,045 [INFO] UtilMem:75 - End SaveConfig() Used Memory: 920819640 Bytes (1073741824)
2023-12-16 01:28:43,157 [INFO] UtilMem:75 - End SaveConfig() Used Memory: 682001208 Bytes (1073741824)
2023-12-16 01:28:43,374 [INFO] BlockDiagram:2759 - set Specific Code input for plugin: FREERTOS
2023-12-16 01:28:43,374 [INFO] BlockDiagram:2759 - set Specific Code input for plugin: SYS
2023-12-16 01:28:43,374 [INFO] BlockDiagram:2759 - set Specific Code input for plugin: RCC
2023-12-16 01:28:43,374 [INFO] BlockDiagram:2759 - set Specific Code input for plugin: NVIC
2023-12-16 01:28:43,374 [INFO] BlockDiagram:2759 - set Specific Code input for plugin: USART
2023-12-16 01:28:43,375 [INFO] BlockDiagram:2759 - set Specific Code input for plugin: GPIO
2023-12-16 01:28:43,376 [INFO] CodeGenerator:799 - code generatio: config db path: C:\ST\STM32CubeIDE_1.13.1\STM32CubeIDE\plugins\com.st.stm32cube.common.mx_6.9.1.202307191849\\db\
2023-12-16 01:28:43,523 [INFO] CodeEngine:255 - oldGeneratedFile, C:\Users\vinee\STM32CubeIDE\workspace_1.13.1\FreeRTOS_101\MXTmpFiles\license.tmp_save
2023-12-16 01:28:43,641 [INFO] CodeEngine:279 - Generated code: C:\Users\vinee\STM32CubeIDE\workspace_1.13.1\FreeRTOS_101\MXTmpFiles\license.tmp
2023-12-16 01:28:43,666 [INFO] CodeEngine:255 - oldGeneratedFile, C:\Users\vinee\STM32CubeIDE\workspace_1.13.1\FreeRTOS_101\MXTmpFiles\gpio.tmp_save
2023-12-16 01:28:43,776 [INFO] CodeEngine:279 - Generated code: C:\Users\vinee\STM32CubeIDE\workspace_1.13.1\FreeRTOS_101\MXTmpFiles\gpio.tmp
2023-12-16 01:28:43,840 [INFO] Middleware:1439 - No code input for Bsp Dependency
2023-12-16 01:28:43,846 [INFO] CodeEngine:255 - oldGeneratedFile, C:\Users\vinee\STM32CubeIDE\workspace_1.13.1\FreeRTOS_101\MXTmpFiles\rtos_inc.tmp_save
2023-12-16 01:28:43,958 [INFO] CodeEngine:279 - Generated code: C:\Users\vinee\STM32CubeIDE\workspace_1.13.1\FreeRTOS_101\MXTmpFiles\rtos_inc.tmp
2023-12-16 01:28:43,963 [INFO] CodeEngine:255 - oldGeneratedFile, C:\Users\vinee\STM32CubeIDE\workspace_1.13.1\FreeRTOS_101\MXTmpFiles\rtos_vars.tmp_save
2023-12-16 01:28:44,078 [INFO] CodeEngine:279 - Generated code: C:\Users\vinee\STM32CubeIDE\workspace_1.13.1\FreeRTOS_101\MXTmpFiles\rtos_vars.tmp
2023-12-16 01:28:44,083 [INFO] CodeEngine:255 - oldGeneratedFile, C:\Users\vinee\STM32CubeIDE\workspace_1.13.1\FreeRTOS_101\MXTmpFiles\rtos_pfp.tmp_save
2023-12-16 01:28:44,196 [INFO] CodeEngine:279 - Generated code: C:\Users\vinee\STM32CubeIDE\workspace_1.13.1\FreeRTOS_101\MXTmpFiles\rtos_pfp.tmp
2023-12-16 01:28:44,200 [INFO] CodeEngine:255 - oldGeneratedFile, C:\Users\vinee\STM32CubeIDE\workspace_1.13.1\FreeRTOS_101\MXTmpFiles\rtos_obj_creat.tmp_save
2023-12-16 01:28:44,284 [INFO] CodeEngine:279 - Generated code: C:\Users\vinee\STM32CubeIDE\workspace_1.13.1\FreeRTOS_101\MXTmpFiles\rtos_obj_creat.tmp
2023-12-16 01:28:44,289 [INFO] CodeEngine:255 - oldGeneratedFile, C:\Users\vinee\STM32CubeIDE\workspace_1.13.1\FreeRTOS_101\MXTmpFiles\rtos_kernelStart.tmp_save
2023-12-16 01:28:44,365 [INFO] CodeEngine:279 - Generated code: C:\Users\vinee\STM32CubeIDE\workspace_1.13.1\FreeRTOS_101\MXTmpFiles\rtos_kernelStart.tmp
2023-12-16 01:28:44,369 [INFO] CodeEngine:255 - oldGeneratedFile, C:\Users\vinee\STM32CubeIDE\workspace_1.13.1\FreeRTOS_101\MXTmpFiles\rtos_default_thread.tmp_save
2023-12-16 01:28:44,441 [INFO] CodeEngine:279 - Generated code: C:\Users\vinee\STM32CubeIDE\workspace_1.13.1\FreeRTOS_101\MXTmpFiles\rtos_default_thread.tmp
2023-12-16 01:28:44,446 [INFO] CodeEngine:255 - oldGeneratedFile, C:\Users\vinee\STM32CubeIDE\workspace_1.13.1\FreeRTOS_101\MXTmpFiles\rtos_threads.tmp_save
2023-12-16 01:28:44,525 [INFO] CodeEngine:279 - Generated code: C:\Users\vinee\STM32CubeIDE\workspace_1.13.1\FreeRTOS_101\MXTmpFiles\rtos_threads.tmp
2023-12-16 01:28:44,536 [INFO] Middleware:1439 - No code input for Bsp Dependency
2023-12-16 01:28:44,546 [INFO] CodeEngine:255 - oldGeneratedFile, C:\Users\vinee\STM32CubeIDE\workspace_1.13.1\FreeRTOS_101\MXTmpFiles\rtos_inc.tmp_save
2023-12-16 01:28:44,649 [INFO] CodeEngine:279 - Generated code: C:\Users\vinee\STM32CubeIDE\workspace_1.13.1\FreeRTOS_101\MXTmpFiles\rtos_inc.tmp
2023-12-16 01:28:44,656 [INFO] CodeEngine:255 - oldGeneratedFile, C:\Users\vinee\STM32CubeIDE\workspace_1.13.1\FreeRTOS_101\MXTmpFiles\rtos_vars.tmp_save
2023-12-16 01:28:44,742 [INFO] CodeEngine:279 - Generated code: C:\Users\vinee\STM32CubeIDE\workspace_1.13.1\FreeRTOS_101\MXTmpFiles\rtos_vars.tmp
2023-12-16 01:28:44,749 [INFO] CodeEngine:255 - oldGeneratedFile, C:\Users\vinee\STM32CubeIDE\workspace_1.13.1\FreeRTOS_101\MXTmpFiles\rtos_pfp.tmp_save
2023-12-16 01:28:44,827 [INFO] CodeEngine:279 - Generated code: C:\Users\vinee\STM32CubeIDE\workspace_1.13.1\FreeRTOS_101\MXTmpFiles\rtos_pfp.tmp
2023-12-16 01:28:44,844 [INFO] CodeEngine:255 - oldGeneratedFile, C:\Users\vinee\STM32CubeIDE\workspace_1.13.1\FreeRTOS_101\MXTmpFiles\rtos_obj_creat.tmp_save
2023-12-16 01:28:44,924 [INFO] CodeEngine:279 - Generated code: C:\Users\vinee\STM32CubeIDE\workspace_1.13.1\FreeRTOS_101\MXTmpFiles\rtos_obj_creat.tmp
2023-12-16 01:28:44,931 [INFO] CodeEngine:255 - oldGeneratedFile, C:\Users\vinee\STM32CubeIDE\workspace_1.13.1\FreeRTOS_101\MXTmpFiles\rtos_kernelStart.tmp_save
2023-12-16 01:28:45,016 [INFO] CodeEngine:279 - Generated code: C:\Users\vinee\STM32CubeIDE\workspace_1.13.1\FreeRTOS_101\MXTmpFiles\rtos_kernelStart.tmp
2023-12-16 01:28:45,022 [INFO] CodeEngine:255 - oldGeneratedFile, C:\Users\vinee\STM32CubeIDE\workspace_1.13.1\FreeRTOS_101\MXTmpFiles\rtos_default_thread.tmp_save
2023-12-16 01:28:45,096 [INFO] CodeEngine:279 - Generated code: C:\Users\vinee\STM32CubeIDE\workspace_1.13.1\FreeRTOS_101\MXTmpFiles\rtos_default_thread.tmp
2023-12-16 01:28:45,101 [INFO] CodeEngine:255 - oldGeneratedFile, C:\Users\vinee\STM32CubeIDE\workspace_1.13.1\FreeRTOS_101\MXTmpFiles\rtos_threads.tmp_save
2023-12-16 01:28:45,171 [INFO] CodeEngine:279 - Generated code: C:\Users\vinee\STM32CubeIDE\workspace_1.13.1\FreeRTOS_101\MXTmpFiles\rtos_threads.tmp
2023-12-16 01:28:45,190 [INFO] CodeEngine:255 - oldGeneratedFile, C:\Users\vinee\STM32CubeIDE\workspace_1.13.1\FreeRTOS_101\Core\Inc\FreeRTOSConfig.h_save
2023-12-16 01:28:45,289 [INFO] CodeEngine:279 - Generated code: C:\Users\vinee\STM32CubeIDE\workspace_1.13.1\FreeRTOS_101\Core\Inc\FreeRTOSConfig.h
2023-12-16 01:28:45,307 [INFO] CodeEngine:255 - oldGeneratedFile, C:\Users\vinee\STM32CubeIDE\workspace_1.13.1\FreeRTOS_101\Core\Src\freertos.c_save
2023-12-16 01:28:45,407 [INFO] CodeEngine:279 - Generated code: C:\Users\vinee\STM32CubeIDE\workspace_1.13.1\FreeRTOS_101\Core\Src\freertos.c
2023-12-16 01:28:45,432 [INFO] CodeEngine:255 - oldGeneratedFile, C:\Users\vinee\STM32CubeIDE\workspace_1.13.1\FreeRTOS_101\Core\Src\stm32f4xx_it.c_save
2023-12-16 01:28:45,647 [INFO] CodeEngine:279 - Generated code: C:\Users\vinee\STM32CubeIDE\workspace_1.13.1\FreeRTOS_101\Core\Src\stm32f4xx_it.c
2023-12-16 01:28:45,663 [INFO] CodeEngine:255 - oldGeneratedFile, C:\Users\vinee\STM32CubeIDE\workspace_1.13.1\FreeRTOS_101\Core\Inc\stm32f4xx_it.h_save
2023-12-16 01:28:45,755 [INFO] CodeEngine:279 - Generated code: C:\Users\vinee\STM32CubeIDE\workspace_1.13.1\FreeRTOS_101\Core\Inc\stm32f4xx_it.h
2023-12-16 01:28:45,781 [INFO] CodeEngine:255 - oldGeneratedFile, C:\Users\vinee\STM32CubeIDE\workspace_1.13.1\FreeRTOS_101\Core\Src\stm32f4xx_hal_msp.c_save
2023-12-16 01:28:45,928 [INFO] CodeEngine:279 - Generated code: C:\Users\vinee\STM32CubeIDE\workspace_1.13.1\FreeRTOS_101\Core\Src\stm32f4xx_hal_msp.c
2023-12-16 01:28:45,933 [INFO] CodeEngine:255 - oldGeneratedFile, C:\Users\vinee\STM32CubeIDE\workspace_1.13.1\FreeRTOS_101\MXTmpFiles\system.tmp_save
2023-12-16 01:28:46,006 [INFO] CodeEngine:279 - Generated code: C:\Users\vinee\STM32CubeIDE\workspace_1.13.1\FreeRTOS_101\MXTmpFiles\system.tmp
2023-12-16 01:28:46,049 [INFO] CodeEngine:255 - oldGeneratedFile, C:\Users\vinee\STM32CubeIDE\workspace_1.13.1\FreeRTOS_101\Core\Src\stm32f4xx_hal_timebase_tim.c_save
2023-12-16 01:28:46,173 [INFO] CodeEngine:279 - Generated code: C:\Users\vinee\STM32CubeIDE\workspace_1.13.1\FreeRTOS_101\Core\Src\stm32f4xx_hal_timebase_tim.c
2023-12-16 01:28:46,200 [INFO] CodeEngine:311 - oldGeneratedFile, C:\Users\vinee\STM32CubeIDE\workspace_1.13.1\FreeRTOS_101\Core\Inc\stm32f4xx_hal_conf.h_save
2023-12-16 01:28:46,325 [INFO] CodeEngine:335 - Generated code: C:\Users\vinee\STM32CubeIDE\workspace_1.13.1\FreeRTOS_101\Core\Inc\stm32f4xx_hal_conf.h
2023-12-16 01:28:46,372 [INFO] CodeEngine:255 - oldGeneratedFile, C:\Users\vinee\STM32CubeIDE\workspace_1.13.1\FreeRTOS_101\Core\Inc\main.h_save
2023-12-16 01:28:46,481 [INFO] CodeEngine:279 - Generated code: C:\Users\vinee\STM32CubeIDE\workspace_1.13.1\FreeRTOS_101\Core\Inc\main.h
2023-12-16 01:28:46,497 [INFO] CodeEngine:255 - oldGeneratedFile, C:\Users\vinee\STM32CubeIDE\workspace_1.13.1\FreeRTOS_101\Core\Src\main.c_save
2023-12-16 01:28:46,656 [INFO] CodeEngine:279 - Generated code: C:\Users\vinee\STM32CubeIDE\workspace_1.13.1\FreeRTOS_101\Core\Src\main.c
2023-12-16 01:28:47,348 [INFO] ProjectBuilder:3064 - Time for Copy HAL[1] : 300mS.
2023-12-16 01:28:47,353 [INFO] ProjectBuilder:4404 - Project Generator version: 4.1.0
2023-12-16 01:28:47,584 [INFO] ConfigFileManager:1457 - The Die is : DIE413
2023-12-16 01:28:48,856 [INFO] ProjectBuilder:4626 - Time for Generating toolchain IDE Files: 1503mS.
2023-12-16 01:28:48,857 [INFO] ProjectBuilder:2935 - Time for Copy CMSIS : 1mS.
2023-12-16 01:28:48,865 [INFO] ProjectBuilder:2935 - Time for Copy CMSIS : 0mS.
2023-12-16 02:08:55,761 [INFO] UtilMem:75 - End SaveConfig() Used Memory: 760890024 Bytes (1073741824)
2023-12-16 02:08:57,637 [INFO] UtilMem:75 - End SaveConfig() Used Memory: 789201576 Bytes (1073741824)
2023-12-16 02:09:00,067 [INFO] UtilMem:75 - End SaveConfig() Used Memory: 880949928 Bytes (1073741824)
2023-12-16 02:09:25,059 [INFO] UtilMem:75 - End SaveConfig() Used Memory: 815766104 Bytes (1073741824)
2023-12-16 02:09:26,709 [INFO] UtilMem:75 - End SaveConfig() Used Memory: 842506840 Bytes (1073741824)
2023-12-16 02:09:28,783 [INFO] UtilMem:75 - End SaveConfig() Used Memory: 893887064 Bytes (1073741824)
2023-12-16 02:09:28,857 [ERROR] IocParser:95 - Exception caught: Index 4 out of bounds for length 4
2023-12-16 02:09:29,073 [INFO] BlockDiagram:2759 - set Specific Code input for plugin: FREERTOS
2023-12-16 02:09:29,073 [INFO] BlockDiagram:2759 - set Specific Code input for plugin: SYS
2023-12-16 02:09:29,074 [INFO] BlockDiagram:2759 - set Specific Code input for plugin: RCC
2023-12-16 02:09:29,074 [INFO] BlockDiagram:2759 - set Specific Code input for plugin: NVIC
2023-12-16 02:09:29,074 [INFO] BlockDiagram:2759 - set Specific Code input for plugin: USART
2023-12-16 02:09:29,074 [INFO] BlockDiagram:2759 - set Specific Code input for plugin: GPIO
2023-12-16 02:09:29,075 [INFO] CodeGenerator:799 - code generatio: config db path: C:\ST\STM32CubeIDE_1.13.1\STM32CubeIDE\plugins\com.st.stm32cube.common.mx_6.9.1.202307191849\\db\
2023-12-16 02:09:29,282 [INFO] CodeEngine:255 - oldGeneratedFile, C:\Users\vinee\STM32CubeIDE\workspace_1.13.1\FreeRTOS_101\MXTmpFiles\license.tmp_save
2023-12-16 02:09:29,412 [INFO] CodeEngine:279 - Generated code: C:\Users\vinee\STM32CubeIDE\workspace_1.13.1\FreeRTOS_101\MXTmpFiles\license.tmp
2023-12-16 02:09:29,435 [INFO] CodeEngine:255 - oldGeneratedFile, C:\Users\vinee\STM32CubeIDE\workspace_1.13.1\FreeRTOS_101\MXTmpFiles\gpio.tmp_save
2023-12-16 02:09:29,587 [INFO] CodeEngine:279 - Generated code: C:\Users\vinee\STM32CubeIDE\workspace_1.13.1\FreeRTOS_101\MXTmpFiles\gpio.tmp
2023-12-16 02:09:29,670 [INFO] Middleware:1439 - No code input for Bsp Dependency
2023-12-16 02:09:29,678 [INFO] CodeEngine:255 - oldGeneratedFile, C:\Users\vinee\STM32CubeIDE\workspace_1.13.1\FreeRTOS_101\MXTmpFiles\rtos_inc.tmp_save
2023-12-16 02:09:29,783 [INFO] CodeEngine:279 - Generated code: C:\Users\vinee\STM32CubeIDE\workspace_1.13.1\FreeRTOS_101\MXTmpFiles\rtos_inc.tmp
2023-12-16 02:09:29,788 [INFO] CodeEngine:255 - oldGeneratedFile, C:\Users\vinee\STM32CubeIDE\workspace_1.13.1\FreeRTOS_101\MXTmpFiles\rtos_vars.tmp_save
2023-12-16 02:09:29,865 [INFO] CodeEngine:279 - Generated code: C:\Users\vinee\STM32CubeIDE\workspace_1.13.1\FreeRTOS_101\MXTmpFiles\rtos_vars.tmp
2023-12-16 02:09:29,869 [INFO] CodeEngine:255 - oldGeneratedFile, C:\Users\vinee\STM32CubeIDE\workspace_1.13.1\FreeRTOS_101\MXTmpFiles\rtos_pfp.tmp_save
2023-12-16 02:09:29,948 [INFO] CodeEngine:279 - Generated code: C:\Users\vinee\STM32CubeIDE\workspace_1.13.1\FreeRTOS_101\MXTmpFiles\rtos_pfp.tmp
2023-12-16 02:09:29,952 [INFO] CodeEngine:255 - oldGeneratedFile, C:\Users\vinee\STM32CubeIDE\workspace_1.13.1\FreeRTOS_101\MXTmpFiles\rtos_obj_creat.tmp_save
2023-12-16 02:09:30,039 [INFO] CodeEngine:279 - Generated code: C:\Users\vinee\STM32CubeIDE\workspace_1.13.1\FreeRTOS_101\MXTmpFiles\rtos_obj_creat.tmp
2023-12-16 02:09:30,044 [INFO] CodeEngine:255 - oldGeneratedFile, C:\Users\vinee\STM32CubeIDE\workspace_1.13.1\FreeRTOS_101\MXTmpFiles\rtos_kernelStart.tmp_save
2023-12-16 02:09:30,123 [INFO] CodeEngine:279 - Generated code: C:\Users\vinee\STM32CubeIDE\workspace_1.13.1\FreeRTOS_101\MXTmpFiles\rtos_kernelStart.tmp
2023-12-16 02:09:30,127 [INFO] CodeEngine:255 - oldGeneratedFile, C:\Users\vinee\STM32CubeIDE\workspace_1.13.1\FreeRTOS_101\MXTmpFiles\rtos_default_thread.tmp_save
2023-12-16 02:09:30,225 [INFO] CodeEngine:279 - Generated code: C:\Users\vinee\STM32CubeIDE\workspace_1.13.1\FreeRTOS_101\MXTmpFiles\rtos_default_thread.tmp
2023-12-16 02:09:30,231 [INFO] CodeEngine:255 - oldGeneratedFile, C:\Users\vinee\STM32CubeIDE\workspace_1.13.1\FreeRTOS_101\MXTmpFiles\rtos_threads.tmp_save
2023-12-16 02:09:30,314 [INFO] CodeEngine:279 - Generated code: C:\Users\vinee\STM32CubeIDE\workspace_1.13.1\FreeRTOS_101\MXTmpFiles\rtos_threads.tmp
2023-12-16 02:09:30,325 [INFO] Middleware:1439 - No code input for Bsp Dependency
2023-12-16 02:09:30,334 [INFO] CodeEngine:255 - oldGeneratedFile, C:\Users\vinee\STM32CubeIDE\workspace_1.13.1\FreeRTOS_101\MXTmpFiles\rtos_inc.tmp_save
2023-12-16 02:09:30,440 [INFO] CodeEngine:279 - Generated code: C:\Users\vinee\STM32CubeIDE\workspace_1.13.1\FreeRTOS_101\MXTmpFiles\rtos_inc.tmp
2023-12-16 02:09:30,446 [INFO] CodeEngine:255 - oldGeneratedFile, C:\Users\vinee\STM32CubeIDE\workspace_1.13.1\FreeRTOS_101\MXTmpFiles\rtos_vars.tmp_save
2023-12-16 02:09:30,521 [INFO] CodeEngine:279 - Generated code: C:\Users\vinee\STM32CubeIDE\workspace_1.13.1\FreeRTOS_101\MXTmpFiles\rtos_vars.tmp
2023-12-16 02:09:30,527 [INFO] CodeEngine:255 - oldGeneratedFile, C:\Users\vinee\STM32CubeIDE\workspace_1.13.1\FreeRTOS_101\MXTmpFiles\rtos_pfp.tmp_save
2023-12-16 02:09:30,599 [INFO] CodeEngine:279 - Generated code: C:\Users\vinee\STM32CubeIDE\workspace_1.13.1\FreeRTOS_101\MXTmpFiles\rtos_pfp.tmp
2023-12-16 02:09:30,615 [INFO] CodeEngine:255 - oldGeneratedFile, C:\Users\vinee\STM32CubeIDE\workspace_1.13.1\FreeRTOS_101\MXTmpFiles\rtos_obj_creat.tmp_save
2023-12-16 02:09:30,691 [INFO] CodeEngine:279 - Generated code: C:\Users\vinee\STM32CubeIDE\workspace_1.13.1\FreeRTOS_101\MXTmpFiles\rtos_obj_creat.tmp
2023-12-16 02:09:30,697 [INFO] CodeEngine:255 - oldGeneratedFile, C:\Users\vinee\STM32CubeIDE\workspace_1.13.1\FreeRTOS_101\MXTmpFiles\rtos_kernelStart.tmp_save
2023-12-16 02:09:30,779 [INFO] CodeEngine:279 - Generated code: C:\Users\vinee\STM32CubeIDE\workspace_1.13.1\FreeRTOS_101\MXTmpFiles\rtos_kernelStart.tmp
2023-12-16 02:09:30,786 [INFO] CodeEngine:255 - oldGeneratedFile, C:\Users\vinee\STM32CubeIDE\workspace_1.13.1\FreeRTOS_101\MXTmpFiles\rtos_default_thread.tmp_save
2023-12-16 02:09:30,858 [INFO] CodeEngine:279 - Generated code: C:\Users\vinee\STM32CubeIDE\workspace_1.13.1\FreeRTOS_101\MXTmpFiles\rtos_default_thread.tmp
2023-12-16 02:09:30,864 [INFO] CodeEngine:255 - oldGeneratedFile, C:\Users\vinee\STM32CubeIDE\workspace_1.13.1\FreeRTOS_101\MXTmpFiles\rtos_threads.tmp_save
2023-12-16 02:09:30,941 [INFO] CodeEngine:279 - Generated code: C:\Users\vinee\STM32CubeIDE\workspace_1.13.1\FreeRTOS_101\MXTmpFiles\rtos_threads.tmp
2023-12-16 02:09:30,961 [INFO] CodeEngine:255 - oldGeneratedFile, C:\Users\vinee\STM32CubeIDE\workspace_1.13.1\FreeRTOS_101\Core\Inc\FreeRTOSConfig.h_save
2023-12-16 02:09:31,101 [INFO] CodeEngine:279 - Generated code: C:\Users\vinee\STM32CubeIDE\workspace_1.13.1\FreeRTOS_101\Core\Inc\FreeRTOSConfig.h
2023-12-16 02:09:31,117 [INFO] CodeEngine:255 - oldGeneratedFile, C:\Users\vinee\STM32CubeIDE\workspace_1.13.1\FreeRTOS_101\Core\Src\freertos.c_save
2023-12-16 02:09:31,199 [INFO] CodeEngine:279 - Generated code: C:\Users\vinee\STM32CubeIDE\workspace_1.13.1\FreeRTOS_101\Core\Src\freertos.c
2023-12-16 02:09:31,223 [INFO] CodeEngine:255 - oldGeneratedFile, C:\Users\vinee\STM32CubeIDE\workspace_1.13.1\FreeRTOS_101\Core\Src\stm32f4xx_it.c_save
2023-12-16 02:09:31,469 [INFO] CodeEngine:279 - Generated code: C:\Users\vinee\STM32CubeIDE\workspace_1.13.1\FreeRTOS_101\Core\Src\stm32f4xx_it.c
2023-12-16 02:09:31,475 [INFO] CodeEngine:255 - oldGeneratedFile, C:\Users\vinee\STM32CubeIDE\workspace_1.13.1\FreeRTOS_101\Core\Inc\stm32f4xx_it.h_save
2023-12-16 02:09:31,572 [INFO] CodeEngine:279 - Generated code: C:\Users\vinee\STM32CubeIDE\workspace_1.13.1\FreeRTOS_101\Core\Inc\stm32f4xx_it.h
2023-12-16 02:09:31,593 [INFO] CodeEngine:255 - oldGeneratedFile, C:\Users\vinee\STM32CubeIDE\workspace_1.13.1\FreeRTOS_101\Core\Src\stm32f4xx_hal_msp.c_save
2023-12-16 02:09:31,734 [INFO] CodeEngine:279 - Generated code: C:\Users\vinee\STM32CubeIDE\workspace_1.13.1\FreeRTOS_101\Core\Src\stm32f4xx_hal_msp.c
2023-12-16 02:09:31,739 [INFO] CodeEngine:255 - oldGeneratedFile, C:\Users\vinee\STM32CubeIDE\workspace_1.13.1\FreeRTOS_101\MXTmpFiles\system.tmp_save
2023-12-16 02:09:31,815 [INFO] CodeEngine:279 - Generated code: C:\Users\vinee\STM32CubeIDE\workspace_1.13.1\FreeRTOS_101\MXTmpFiles\system.tmp
2023-12-16 02:09:31,833 [INFO] CodeEngine:255 - oldGeneratedFile, C:\Users\vinee\STM32CubeIDE\workspace_1.13.1\FreeRTOS_101\Core\Src\stm32f4xx_hal_timebase_tim.c_save
2023-12-16 02:09:31,947 [INFO] CodeEngine:279 - Generated code: C:\Users\vinee\STM32CubeIDE\workspace_1.13.1\FreeRTOS_101\Core\Src\stm32f4xx_hal_timebase_tim.c
2023-12-16 02:09:31,971 [INFO] CodeEngine:311 - oldGeneratedFile, C:\Users\vinee\STM32CubeIDE\workspace_1.13.1\FreeRTOS_101\Core\Inc\stm32f4xx_hal_conf.h_save
2023-12-16 02:09:32,122 [INFO] CodeEngine:335 - Generated code: C:\Users\vinee\STM32CubeIDE\workspace_1.13.1\FreeRTOS_101\Core\Inc\stm32f4xx_hal_conf.h
2023-12-16 02:09:32,185 [INFO] CodeEngine:255 - oldGeneratedFile, C:\Users\vinee\STM32CubeIDE\workspace_1.13.1\FreeRTOS_101\Core\Inc\main.h_save
2023-12-16 02:09:32,318 [INFO] CodeEngine:279 - Generated code: C:\Users\vinee\STM32CubeIDE\workspace_1.13.1\FreeRTOS_101\Core\Inc\main.h
2023-12-16 02:09:32,339 [INFO] CodeEngine:255 - oldGeneratedFile, C:\Users\vinee\STM32CubeIDE\workspace_1.13.1\FreeRTOS_101\Core\Src\main.c_save
2023-12-16 02:09:32,511 [INFO] CodeEngine:279 - Generated code: C:\Users\vinee\STM32CubeIDE\workspace_1.13.1\FreeRTOS_101\Core\Src\main.c
2023-12-16 02:09:33,279 [INFO] ProjectBuilder:3064 - Time for Copy HAL[1] : 283mS.
2023-12-16 02:09:33,285 [INFO] ProjectBuilder:4404 - Project Generator version: 4.1.0
2023-12-16 02:09:33,563 [INFO] ConfigFileManager:1457 - The Die is : DIE413
2023-12-16 02:09:34,894 [INFO] ProjectBuilder:4626 - Time for Generating toolchain IDE Files: 1609mS.
2023-12-16 02:09:34,895 [INFO] ProjectBuilder:2935 - Time for Copy CMSIS : 0mS.
2023-12-16 02:09:34,903 [INFO] ProjectBuilder:2935 - Time for Copy CMSIS : 0mS.
2023-12-16 02:16:37,487 [INFO] WebAppUi:241 - Path where cad_preferences.json is located C:\Users\vinee/.stm32cubeide/
2023-12-16 02:16:37,487 [INFO] WebAppUi:242 - Updating consent from JSON file
2023-12-16 02:16:37,734 [INFO] WebAppUi:241 - Path where cad_preferences.json is located C:\Users\vinee/.stm32cubeide/
2023-12-16 02:16:37,734 [INFO] WebAppUi:242 - Updating consent from JSON file
2023-12-16 02:16:38,248 [INFO] WebApp:330 - JxBrowser engine has been closed 
2023-12-16 02:16:38,248 [INFO] WebAppUi:430 - JxBrowser engine has been closed 
2023-12-16 02:16:38,248 [INFO] WebAppUi:467 - Close the Jxbrowser engine manually
