2023-09-09 01:52:04,789 [INFO] Activator:176 - 


2023-09-09 01:52:04,795 [INFO] Activator:177 - !SESSION log4j initialized
2023-09-09 01:52:10,492 [INFO] LogOutputStream:77 - [STDOUT_REDIRECT] 
2023-09-09 01:52:12,402 [INFO] ApplicationProperties:184 - Using Application install path: C:\ST\STM32CubeIDE_1.13.1\STM32CubeIDE\plugins\com.st.stm32cube.common.mx_6.9.1.202307191849
2023-09-09 01:52:12,430 [INFO] DbMcusXml:78 - Set database path to: C:\ST\STM32CubeIDE_1.13.1\STM32CubeIDE\plugins\com.st.stm32cube.common.mx_6.9.1.202307191849\\db\/mcu/
2023-09-09 01:52:12,431 [INFO] ApiDb:274 - Set plugin database path to: C:\ST\STM32CubeIDE_1.13.1\STM32CubeIDE\plugins\com.st.stm32cube.common.mx_6.9.1.202307191849\\db\/plugins/boardmanager/
2023-09-09 01:52:12,431 [WARN] ApiDb:259 - Overriding images path with different value:  => C:\ST\STM32CubeIDE_1.13.1\STM32CubeIDE\plugins\com.st.stm32cube.common.mx_6.9.1.202307191849\\db\/plugins/mcufinder/images/
2023-09-09 01:52:12,447 [INFO] ApiDb:250 - Set database path to: C:\Users\vinee\.stmcufinder\plugins\mcufinder//mcu/
2023-09-09 01:52:12,449 [INFO] DbMcusAds:125 - Set database path to: C:\Users\vinee\.stmcufinder\plugins\mcufinder//mcu/
2023-09-09 01:52:12,452 [INFO] CrossReferenceDbSqlite:203 - Set database path to: C:\Users\vinee\.stmcufinder\plugins\mcufinder//mcu/cs/
2023-09-09 01:52:12,613 [INFO] RulesReader:64 - Compatibility file has been processed (293 Rules)
2023-09-09 01:52:12,742 [INFO] DbMcusXml:78 - Set database path to: C:\ST\STM32CubeIDE_1.13.1\STM32CubeIDE\plugins\com.st.stm32cube.common.mx_6.9.1.202307191849\\db\/mcu/
2023-09-09 01:52:12,742 [INFO] ApiDb:274 - Set plugin database path to: C:\ST\STM32CubeIDE_1.13.1\STM32CubeIDE\plugins\com.st.stm32cube.common.mx_6.9.1.202307191849\\db\/plugins/boardmanager/
2023-09-09 01:52:12,742 [INFO] ApiDb:261 - Set plugin images path to: C:\ST\STM32CubeIDE_1.13.1\STM32CubeIDE\plugins\com.st.stm32cube.common.mx_6.9.1.202307191849\\db\/plugins/mcufinder/images/
2023-09-09 01:52:12,744 [WARN] DbFile:41 - Overriding database path with different value: C:\Users\vinee\.stmcufinder\plugins\mcufinder/ => C:\Users\vinee\.stmcufinder\plugins\mcufinder
2023-09-09 01:52:12,744 [INFO] ApiDb:250 - Set database path to: C:\Users\vinee\.stmcufinder\plugins\mcufinder//mcu/
2023-09-09 01:52:12,744 [WARN] DbFile:41 - Overriding database path with different value: C:\Users\vinee\.stmcufinder\plugins\mcufinder/ => C:\Users\vinee\.stmcufinder\plugins\mcufinder
2023-09-09 01:52:12,744 [INFO] DbMcusAds:125 - Set database path to: C:\Users\vinee\.stmcufinder\plugins\mcufinder//mcu/
2023-09-09 01:52:12,744 [WARN] DbFile:41 - Overriding database path with different value: C:\Users\vinee\.stmcufinder\plugins\mcufinder/ => C:\Users\vinee\.stmcufinder\plugins\mcufinder
2023-09-09 01:52:12,744 [WARN] DbFile:41 - Overriding database path with different value: C:\Users\vinee\.stmcufinder\plugins\mcufinder/ => C:\Users\vinee\.stmcufinder\plugins\mcufinder
2023-09-09 01:52:12,744 [INFO] CrossReferenceDbSqlite:203 - Set database path to: C:\Users\vinee\.stmcufinder\plugins\mcufinder//mcu/cs/
2023-09-09 01:52:12,843 [INFO] MainPanel:262 - HeapMemory: 268435456
2023-09-09 01:52:12,955 [INFO] DbMcusXml:78 - Set database path to: C:\ST\STM32CubeIDE_1.13.1\STM32CubeIDE\plugins\com.st.stm32cube.common.mx_6.9.1.202307191849\\db\/mcu/
2023-09-09 01:52:12,955 [INFO] ApiDb:274 - Set plugin database path to: C:\ST\STM32CubeIDE_1.13.1\STM32CubeIDE\plugins\com.st.stm32cube.common.mx_6.9.1.202307191849\\db\/plugins/boardmanager/
2023-09-09 01:52:12,955 [INFO] ApiDb:261 - Set plugin images path to: C:\ST\STM32CubeIDE_1.13.1\STM32CubeIDE\plugins\com.st.stm32cube.common.mx_6.9.1.202307191849\\db\/plugins/mcufinder/images/
2023-09-09 01:52:12,955 [WARN] DbFile:41 - Overriding database path with different value: C:\Users\vinee\.stmcufinder\plugins\mcufinder/ => C:\Users\vinee\.stmcufinder\plugins\mcufinder
2023-09-09 01:52:12,955 [INFO] ApiDb:250 - Set database path to: C:\Users\vinee\.stmcufinder\plugins\mcufinder//mcu/
2023-09-09 01:52:12,957 [WARN] DbFile:41 - Overriding database path with different value: C:\Users\vinee\.stmcufinder\plugins\mcufinder/ => C:\Users\vinee\.stmcufinder\plugins\mcufinder
2023-09-09 01:52:12,957 [INFO] DbMcusAds:125 - Set database path to: C:\Users\vinee\.stmcufinder\plugins\mcufinder//mcu/
2023-09-09 01:52:12,957 [WARN] DbFile:41 - Overriding database path with different value: C:\Users\vinee\.stmcufinder\plugins\mcufinder/ => C:\Users\vinee\.stmcufinder\plugins\mcufinder
2023-09-09 01:52:12,957 [WARN] DbFile:41 - Overriding database path with different value: C:\Users\vinee\.stmcufinder\plugins\mcufinder/ => C:\Users\vinee\.stmcufinder\plugins\mcufinder
2023-09-09 01:52:12,957 [INFO] CrossReferenceDbSqlite:203 - Set database path to: C:\Users\vinee\.stmcufinder\plugins\mcufinder//mcu/cs/
2023-09-09 01:52:12,975 [INFO] ApplicationProperties:184 - Using Application install path: C:\ST\STM32CubeIDE_1.13.1\STM32CubeIDE\plugins\com.st.stm32cube.common.mx_6.9.1.202307191849
2023-09-09 01:52:12,976 [INFO] PluginManage:196 - Search for loadable plugins [exclusion list=, ]
2023-09-09 01:52:12,978 [INFO] PluginManage:310 - Check plugin analytics
2023-09-09 01:52:13,133 [INFO] AnalyticsPlugin:253 - Accepted Software Licenses: 
2023-09-09 01:52:13,134 [INFO] AnalyticsPlugin:255 - Accepted CMSIS Pack Licenses: 
2023-09-09 01:52:13,134 [INFO] AnalyticsPlugin:257 - Accepted Firmware Licenses: 
2023-09-09 01:52:13,137 [INFO] PluginManage:359 - Loaded plugin analytics (category:tool,tabindex:-1)
2023-09-09 01:52:13,137 [INFO] PluginManage:310 - Check plugin cadmodel
2023-09-09 01:52:13,154 [INFO] CADModel:105 - Init CAD model plugin
2023-09-09 01:52:13,154 [INFO] PluginManage:359 - Loaded plugin cadmodel (category:power,tabindex:5)
2023-09-09 01:52:13,154 [INFO] PluginManage:310 - Check plugin clock
2023-09-09 01:52:13,176 [INFO] PluginManage:359 - Loaded plugin clock (category:base,tabindex:2)
2023-09-09 01:52:13,176 [INFO] PluginManage:310 - Check plugin ddr
2023-09-09 01:52:13,179 [INFO] PluginManage:359 - Loaded plugin ddr (category:tool,tabindex:6)
2023-09-09 01:52:13,179 [INFO] PluginManage:310 - Check plugin filemanager
2023-09-09 01:52:13,346 [INFO] PluginManage:359 - Loaded plugin filemanager (category:base,tabindex:10)
2023-09-09 01:52:13,346 [INFO] PluginManage:310 - Check plugin ipmanager
2023-09-09 01:52:13,357 [INFO] PluginManage:359 - Loaded plugin ipmanager (category:base,tabindex:5)
2023-09-09 01:52:13,357 [INFO] PluginManage:310 - Check plugin lpbam
2023-09-09 01:52:13,377 [INFO] PluginManage:359 - Loaded plugin lpbam (category:base,tabindex:0)
2023-09-09 01:52:13,377 [INFO] PluginManage:310 - Check plugin memorymap
2023-09-09 01:52:13,411 [INFO] PluginManage:359 - Loaded plugin memorymap (category:base,tabindex:4)
2023-09-09 01:52:13,412 [INFO] PluginManage:310 - Check plugin pinoutandconfiguration
2023-09-09 01:52:13,434 [INFO] PluginManage:359 - Loaded plugin pinoutandconfiguration (category:base,tabindex:1)
2023-09-09 01:52:13,434 [INFO] PluginManage:310 - Check plugin pinoutconfig
2023-09-09 01:52:13,563 [WARN] SupportedApi:132 - Cannot load RTOS API schema: s4s-elt-must-match.1: The content of 'definitions' must match (annotation?, (simpleType | complexType)?, (unique | key | keyref)*)). A problem was found starting at: attribute.
2023-09-09 01:52:13,758 [INFO] PluginManage:359 - Loaded plugin pinoutconfig (category:base,tabindex:0)
2023-09-09 01:52:13,759 [INFO] PluginManage:310 - Check plugin power
2023-09-09 01:52:13,784 [INFO] PluginManage:359 - Loaded plugin power (category:power,tabindex:4)
2023-09-09 01:52:13,784 [INFO] PluginManage:310 - Check plugin projectmanager
2023-09-09 01:52:13,799 [INFO] PluginManage:359 - Loaded plugin projectmanager (category:projectmanager,tabindex:3)
2023-09-09 01:52:13,799 [INFO] PluginManage:310 - Check plugin thirdparty
2023-09-09 01:52:14,146 [INFO] PluginManage:359 - Loaded plugin thirdparty (category:base,tabindex:-1)
2023-09-09 01:52:14,146 [WARN] IntegrityCheckThread:84 - waiting for thirdparty lock release [integrity check]
2023-09-09 01:52:14,147 [INFO] PluginManage:310 - Check plugin tools
2023-09-09 01:52:14,147 [INFO] IntegrityCheckThread:86 - entering critical section [integrity check]
2023-09-09 01:52:14,147 [INFO] ThirdPartyUpdaterWithRetryManager:70 - Updater plugin not ready yet. [1/15]
2023-09-09 01:52:14,188 [INFO] PluginManage:359 - Loaded plugin tools (category:base,tabindex:7)
2023-09-09 01:52:14,189 [INFO] PluginManage:310 - Check plugin tutovideos
2023-09-09 01:52:14,459 [INFO] PluginManage:359 - Loaded plugin tutovideos (category:base,tabindex:-1)
2023-09-09 01:52:14,459 [INFO] PluginManage:310 - Check plugin updater
2023-09-09 01:52:14,474 [INFO] PluginManage:359 - Loaded plugin updater (category:base,tabindex:12)
2023-09-09 01:52:14,474 [INFO] PluginManage:310 - Check plugin userauth
2023-09-09 01:52:14,483 [INFO] UserAuth:113 - Init User Auth plugin
2023-09-09 01:52:14,484 [INFO] PluginManage:359 - Loaded plugin userauth (category:base,tabindex:14)
2023-09-09 01:52:14,484 [INFO] PluginManage:283 - PluginManage : Loaded plugins [17]
2023-09-09 01:52:14,731 [INFO] PinOutPanel:1499 - setPackage(No Configuration,No Configuration)
2023-09-09 01:52:14,827 [INFO] CADModel:165 - CPN selected for project level
2023-09-09 01:52:14,828 [INFO] CADModel:114 - Register for checkConnection events
2023-09-09 01:52:14,852 [INFO] IPUIPlugin:80 - create IPUIPlugin
2023-09-09 01:52:14,852 [INFO] PluginManager:220 - loadIPPluginJar : add adc
2023-09-09 01:52:14,876 [INFO] IPUIPlugin:80 - create IPUIPlugin
2023-09-09 01:52:14,878 [INFO] PluginManager:220 - loadIPPluginJar : add aes
2023-09-09 01:52:14,904 [INFO] IPUIPlugin:80 - create IPUIPlugin
2023-09-09 01:52:14,904 [INFO] PluginManager:220 - loadIPPluginJar : add can
2023-09-09 01:52:14,920 [INFO] IPUIPlugin:80 - create IPUIPlugin
2023-09-09 01:52:14,920 [INFO] PluginManager:220 - loadIPPluginJar : add comp
2023-09-09 01:52:14,943 [INFO] IPUIPlugin:80 - create IPUIPlugin
2023-09-09 01:52:14,943 [INFO] PluginManager:220 - loadIPPluginJar : add cryp
2023-09-09 01:52:14,963 [INFO] IPUIPlugin:80 - create IPUIPlugin
2023-09-09 01:52:14,963 [INFO] PluginManager:220 - loadIPPluginJar : add dfsdm
2023-09-09 01:52:14,973 [INFO] IPUIPlugin:80 - create IPUIPlugin
2023-09-09 01:52:14,975 [INFO] PluginManager:220 - loadIPPluginJar : add dma
2023-09-09 01:52:15,002 [INFO] IPUIPlugin:80 - create IPUIPlugin
2023-09-09 01:52:15,002 [INFO] PluginManager:220 - loadIPPluginJar : add dma3
2023-09-09 01:52:15,017 [INFO] IPUIPlugin:80 - create IPUIPlugin
2023-09-09 01:52:15,018 [INFO] PluginManager:220 - loadIPPluginJar : add fatfs
2023-09-09 01:52:15,063 [INFO] IPUIPlugin:80 - create IPUIPlugin
2023-09-09 01:52:15,063 [INFO] PluginManager:220 - loadIPPluginJar : add fmc
2023-09-09 01:52:15,077 [INFO] IPUIPlugin:80 - create IPUIPlugin
2023-09-09 01:52:15,077 [INFO] PluginManager:220 - loadIPPluginJar : add freertos
2023-09-09 01:52:15,096 [INFO] IPUIPlugin:80 - create IPUIPlugin
2023-09-09 01:52:15,096 [INFO] PluginManager:220 - loadIPPluginJar : add genericplugin
2023-09-09 01:52:15,176 [INFO] IPUIPlugin:80 - create IPUIPlugin
2023-09-09 01:52:15,177 [INFO] PluginManager:220 - loadIPPluginJar : add gfxmmu
2023-09-09 01:52:15,265 [INFO] IPUIPlugin:80 - create IPUIPlugin
2023-09-09 01:52:15,265 [INFO] PluginManager:220 - loadIPPluginJar : add gic
2023-09-09 01:52:15,275 [INFO] IPUIPlugin:80 - create IPUIPlugin
2023-09-09 01:52:15,276 [INFO] PluginManager:220 - loadIPPluginJar : add gpio
2023-09-09 01:52:15,348 [INFO] IPUIPlugin:80 - create IPUIPlugin
2023-09-09 01:52:15,348 [INFO] PluginManager:220 - loadIPPluginJar : add gtzc
2023-09-09 01:52:15,372 [INFO] IPUIPlugin:80 - create IPUIPlugin
2023-09-09 01:52:15,372 [INFO] PluginManager:220 - loadIPPluginJar : add hash
2023-09-09 01:52:15,410 [INFO] IPUIPlugin:80 - create IPUIPlugin
2023-09-09 01:52:15,410 [INFO] PluginManager:220 - loadIPPluginJar : add i2c
2023-09-09 01:52:15,436 [INFO] IPUIPlugin:80 - create IPUIPlugin
2023-09-09 01:52:15,437 [INFO] PluginManager:220 - loadIPPluginJar : add i2s
2023-09-09 01:52:15,465 [INFO] IPUIPlugin:80 - create IPUIPlugin
2023-09-09 01:52:15,465 [INFO] PluginManager:220 - loadIPPluginJar : add i3c
2023-09-09 01:52:15,539 [INFO] IPUIPlugin:80 - create IPUIPlugin
2023-09-09 01:52:15,539 [INFO] PluginManager:220 - loadIPPluginJar : add ipddr
2023-09-09 01:52:15,600 [INFO] IPUIPlugin:80 - create IPUIPlugin
2023-09-09 01:52:15,600 [INFO] PluginManager:220 - loadIPPluginJar : add linkedlist
2023-09-09 01:52:15,623 [INFO] IPUIPlugin:80 - create IPUIPlugin
2023-09-09 01:52:15,623 [INFO] PluginManager:220 - loadIPPluginJar : add lorawan
2023-09-09 01:52:15,648 [INFO] IPUIPlugin:80 - create IPUIPlugin
2023-09-09 01:52:15,648 [INFO] PluginManager:220 - loadIPPluginJar : add ltdc
2023-09-09 01:52:15,660 [INFO] IPUIPlugin:80 - create IPUIPlugin
2023-09-09 01:52:15,660 [INFO] PluginManager:220 - loadIPPluginJar : add mdma
2023-09-09 01:52:15,669 [INFO] IPUIPlugin:80 - create IPUIPlugin
2023-09-09 01:52:15,669 [INFO] PluginManager:220 - loadIPPluginJar : add nvic
2023-09-09 01:52:15,693 [INFO] IPUIPlugin:80 - create IPUIPlugin
2023-09-09 01:52:15,693 [INFO] PluginManager:220 - loadIPPluginJar : add opamp
2023-09-09 01:52:15,731 [INFO] IPUIPlugin:80 - create IPUIPlugin
2023-09-09 01:52:15,731 [INFO] PluginManager:220 - loadIPPluginJar : add openamp
2023-09-09 01:52:15,760 [INFO] IPUIPlugin:80 - create IPUIPlugin
2023-09-09 01:52:15,760 [INFO] PluginManager:220 - loadIPPluginJar : add pdm2pcm
2023-09-09 01:52:15,771 [INFO] IPUIPlugin:80 - create IPUIPlugin
2023-09-09 01:52:15,773 [INFO] PluginManager:220 - loadIPPluginJar : add plateformsettings
2023-09-09 01:52:15,788 [INFO] IPUIPlugin:80 - create IPUIPlugin
2023-09-09 01:52:15,788 [INFO] PluginManager:220 - loadIPPluginJar : add quadspi
2023-09-09 01:52:15,799 [INFO] IPUIPlugin:80 - create IPUIPlugin
2023-09-09 01:52:15,799 [INFO] PluginManager:220 - loadIPPluginJar : add resmgrutility
2023-09-09 01:52:15,833 [INFO] IPUIPlugin:80 - create IPUIPlugin
2023-09-09 01:52:15,833 [INFO] PluginManager:220 - loadIPPluginJar : add sai
2023-09-09 01:52:15,857 [INFO] IPUIPlugin:80 - create IPUIPlugin
2023-09-09 01:52:15,857 [INFO] PluginManager:220 - loadIPPluginJar : add spi
2023-09-09 01:52:15,895 [INFO] IPUIPlugin:80 - create IPUIPlugin
2023-09-09 01:52:15,895 [INFO] PluginManager:220 - loadIPPluginJar : add stm32_wpan
2023-09-09 01:52:15,910 [INFO] IPUIPlugin:80 - create IPUIPlugin
2023-09-09 01:52:15,910 [INFO] PluginManager:220 - loadIPPluginJar : add tim
2023-09-09 01:52:15,947 [INFO] IPUIPlugin:80 - create IPUIPlugin
2023-09-09 01:52:15,948 [INFO] PluginManager:220 - loadIPPluginJar : add touchsensing
2023-09-09 01:52:15,963 [INFO] IPUIPlugin:80 - create IPUIPlugin
2023-09-09 01:52:15,964 [INFO] PluginManager:220 - loadIPPluginJar : add tracer_emb
2023-09-09 01:52:15,979 [INFO] IPUIPlugin:80 - create IPUIPlugin
2023-09-09 01:52:15,979 [INFO] PluginManager:220 - loadIPPluginJar : add ts
2023-09-09 01:52:15,995 [INFO] IPUIPlugin:80 - create IPUIPlugin
2023-09-09 01:52:15,995 [INFO] PluginManager:220 - loadIPPluginJar : add tsc
2023-09-09 01:52:16,012 [INFO] IPUIPlugin:80 - create IPUIPlugin
2023-09-09 01:52:16,012 [INFO] PluginManager:220 - loadIPPluginJar : add ucpd
2023-09-09 01:52:16,056 [INFO] IPUIPlugin:80 - create IPUIPlugin
2023-09-09 01:52:16,057 [INFO] PluginManager:220 - loadIPPluginJar : add usart
2023-09-09 01:52:16,088 [INFO] IPUIPlugin:80 - create IPUIPlugin
2023-09-09 01:52:16,088 [INFO] PluginManager:220 - loadIPPluginJar : add usbx
2023-09-09 01:52:16,202 [INFO] CADModel:165 - CPN selected for project level
2023-09-09 01:52:16,202 [INFO] CADModel:114 - Register for checkConnection events
2023-09-09 01:52:16,202 [FATAL] Updater:308 - Updater called before beeing initialized
2023-09-09 01:52:16,202 [ERROR] CADModel:125 - Updater not yet initialized, retry later 
2023-09-09 01:52:16,336 [INFO] CADModel:165 - CPN selected for project level
2023-09-09 01:52:16,336 [INFO] CADModel:114 - Register for checkConnection events
2023-09-09 01:52:16,336 [FATAL] Updater:308 - Updater called before beeing initialized
2023-09-09 01:52:16,336 [ERROR] CADModel:125 - Updater not yet initialized, retry later 
2023-09-09 01:52:16,339 [FATAL] Updater:308 - Updater called before beeing initialized
2023-09-09 01:52:16,414 [FATAL] Updater:308 - Updater called before beeing initialized
2023-09-09 01:52:16,423 [INFO] DbMcusAds:53 - JSON generation date=Thu Sep 30 12:25:09 IST 2021 (1632984909247)
2023-09-09 01:52:16,424 [FATAL] Updater:308 - Updater called before beeing initialized
2023-09-09 01:52:16,455 [WARN] DetailPanel:346 - Failed to get advertising image, set to default
2023-09-09 01:52:16,538 [FATAL] Updater:308 - Updater called before beeing initialized
2023-09-09 01:52:16,540 [FATAL] Updater:308 - Updater called before beeing initialized
2023-09-09 01:52:16,540 [FATAL] Updater:308 - Updater called before beeing initialized
2023-09-09 01:52:16,540 [WARN] DetailPanel:346 - Failed to get advertising image, set to default
2023-09-09 01:52:16,541 [FATAL] Updater:308 - Updater called before beeing initialized
2023-09-09 01:52:16,608 [ERROR] Updater:1120 - MainUpdater not yet initialized. External WinMGr cannot be set.
2023-09-09 01:52:16,617 [INFO] Updater:1056 - Updater Version found : 6.9.1
2023-09-09 01:52:16,632 [INFO] ApplicationProperties:184 - Using Application install path: C:\ST\STM32CubeIDE_1.13.1\STM32CubeIDE\plugins\com.st.stm32cube.common.mx_6.9.1.202307191849
2023-09-09 01:52:17,149 [INFO] ThirdPartyUpdaterWithRetryManager:70 - Updater plugin not ready yet. [2/15]
2023-09-09 01:52:17,405 [INFO] MainUpdater:2868 - connection check result : 10
2023-09-09 01:52:17,405 [INFO] MainUpdater:3562 - Updater definition file requires update
2023-09-09 01:52:17,405 [INFO] MainUpdater:285 - Updater Check For Update Now.
2023-09-09 01:52:17,406 [INFO] MicroXplorer:498 - Change Database Version : DB.6.0.91
2023-09-09 01:52:17,418 [INFO] McuFinderGlobals:63 - Set McuFinder mode to 2 (CubeIDE integrated)
2023-09-09 01:52:17,419 [INFO] UserAuth:179 - activating auth plugin
2023-09-09 01:52:17,420 [INFO] UserAuth:393 - Internet connection configuration mode: 1
2023-09-09 01:52:17,439 [INFO] JxBrowserEngine:151 - Initiate JxBrowser Engine with user profile folder
2023-09-09 01:52:18,737 [INFO] ServerAccessManage:473 - Download File updaters.zip
2023-09-09 01:52:18,788 [INFO] FileExtend:240 - Unzip File : updaters.zip
2023-09-09 01:52:18,788 [INFO] FileExtend:255 - Standard Zip Deflate
2023-09-09 01:52:19,324 [INFO] WebApp:157 - Instantiating new browser for Auth
2023-09-09 01:52:19,790 [INFO] WebApp:753 - Register for checkConnection events
2023-09-09 01:52:19,790 [INFO] WebApp:390 - Apply proxy settings
2023-09-09 01:52:19,790 [INFO] WebApp:475 - Chromium requires no authentication
2023-09-09 01:52:19,797 [INFO] WebApp:418 - Direct internet connection detected
2023-09-09 01:52:19,893 [INFO] ServerAccessManage:473 - Download File PacksControlFlags.xml
2023-09-09 01:52:19,933 [INFO] WebApp:188 - Starting web application
2023-09-09 01:52:19,933 [INFO] WebApp:520 - Web application path used C:\ST\STM32CubeIDE_1.13.1\STM32CubeIDE\plugins\com.st.stm32cube.common.mx_6.9.1.202307191849\db\plugins\mcufinder\reactClient1\index.html
2023-09-09 01:52:20,149 [WARN] MainUpdater:1189 - Updater busy. Cannot search thirdparties
2023-09-09 01:52:20,149 [INFO] ThirdPartyUpdaterWithRetryManager:96 - Updater plugin is busy. [1/15]
2023-09-09 01:52:20,629 [INFO] ServerAccessManage:473 - Download File cubemx.pidx
2023-09-09 01:52:21,213 [INFO] ServerAccessManage:473 - Download File STMicroelectronics.FP-SNS-SMARTAG2.pdsc
2023-09-09 01:52:22,179 [INFO] ServerAccessManage:473 - Download File STMicroelectronics.X-CUBE-NFC6.pdsc
2023-09-09 01:52:23,152 [WARN] MainUpdater:1189 - Updater busy. Cannot search thirdparties
2023-09-09 01:52:23,152 [INFO] ThirdPartyUpdaterWithRetryManager:96 - Updater plugin is busy. [2/15]
2023-09-09 01:52:24,321 [ERROR] ServerAccessManage:1096 - Problem, Http access forbiden
2023-09-09 01:52:24,322 [ERROR] ServerAccessManage:651 - Problem, Http access forbiden : RoweBots.I-CUBE-UNISONRTOS.pdsc.
2023-09-09 01:52:24,418 [WARN] PackLoader:240 - Cannot read IP mode file for STMicroelectronics.FP-SNS-SMARTAG2.1.2.0
2023-09-09 01:52:24,427 [WARN] PackLoader:240 - Cannot read IP mode file for STMicroelectronics.X-CUBE-NFC6.3.0.0
2023-09-09 01:52:24,430 [INFO] PopulateThirdPartyThread:66 - Ending populate Thread
2023-09-09 01:52:24,432 [INFO] ThirdParty:1030 - CMSIS Pack Vendor :STMicroelectronics FP-SNS-SMARTAG2 1.2.0
2023-09-09 01:52:24,432 [INFO] ThirdParty:1030 - CMSIS Pack Vendor :STMicroelectronics X-CUBE-NFC6 3.0.0
2023-09-09 01:52:24,432 [INFO] LoadServerUpdatesThread:373 - End of LoadServerUpdate Thread
2023-09-09 01:52:24,534 [INFO] CheckServerUpdateThread:120 - End of CheckServer Thread
2023-09-09 01:52:26,244 [WARN] PackLoader:240 - Cannot read IP mode file for STMicroelectronics.X-CUBE-SMBUS.2.1.0
2023-09-09 01:52:26,267 [WARN] PackLoader:240 - Cannot read IP mode file for STMicroelectronics.X-CUBE-AZRTOS-F7.1.1.0
2023-09-09 01:52:26,281 [WARN] PackLoader:240 - Cannot read IP mode file for STMicroelectronics.FP-SNS-MOTENV1.4.3.2
2023-09-09 01:52:26,286 [WARN] PackLoader:240 - Cannot read IP mode file for STMicroelectronics.FP-SNS-FLIGHT1.5.0.2
2023-09-09 01:52:26,297 [WARN] PackLoader:240 - Cannot read IP mode file for STMicroelectronics.X-CUBE-DISPLAY.3.0.0
2023-09-09 01:52:26,308 [WARN] PackLoader:240 - Cannot read IP mode file for STMicroelectronics.X-CUBE-BLE1.7.0.0
2023-09-09 01:52:26,318 [WARN] PackLoader:240 - Cannot read IP mode file for emotas.I-CUBE-CANOPEN.1.3.0
2023-09-09 01:52:26,329 [WARN] PackLoader:240 - Cannot read IP mode file for STMicroelectronics.X-CUBE-TOUCHGFX.4.22.0
2023-09-09 01:52:26,331 [WARN] PackLoader:240 - Cannot read IP mode file for STMicroelectronics.FP-SNS-SMARTAG2.1.2.0
2023-09-09 01:52:26,346 [INFO] LogOutputStream:77 - [STDOUT_REDIRECT] 1 : Invalid condition id : UX_CORESTACK_Condition cause : null
2023-09-09 01:52:26,347 [INFO] LogOutputStream:77 - [STDOUT_REDIRECT] 1 : Invalid condition id : UX_CORESTACK_Condition cause : null
2023-09-09 01:52:26,348 [INFO] LogOutputStream:77 - [STDOUT_REDIRECT] 1 : Invalid condition id : UX_CORESTACK_Condition cause : null
2023-09-09 01:52:26,348 [INFO] LogOutputStream:77 - [STDOUT_REDIRECT] 1 : Invalid condition id : UX_CORESTACK_Condition cause : null
2023-09-09 01:52:26,349 [INFO] LogOutputStream:77 - [STDOUT_REDIRECT] 1 : Invalid condition id : UX_CORESTACK_Condition cause : null
2023-09-09 01:52:26,354 [WARN] PackLoader:240 - Cannot read IP mode file for STMicroelectronics.X-CUBE-AZRTOS-WL.2.0.0
2023-09-09 01:52:26,366 [WARN] PackLoader:240 - Cannot read IP mode file for WES.I-CUBE-Cesium.1.3.0
2023-09-09 01:52:26,374 [WARN] PackLoader:240 - Cannot read IP mode file for STMicroelectronics.X-CUBE-BLE2.3.3.0
2023-09-09 01:52:26,383 [WARN] PackLoader:240 - Cannot read IP mode file for STMicroelectronics.X-CUBE-ALGOBUILD.1.3.0
2023-09-09 01:52:26,403 [WARN] PackLoader:240 - Cannot read IP mode file for STMicroelectronics.X-CUBE-AZRTOS-G0.1.1.0
2023-09-09 01:52:26,413 [WARN] PackLoader:240 - Cannot read IP mode file for STMicroelectronics.X-CUBE-NFC4.3.0.0
2023-09-09 01:52:26,417 [WARN] PackLoader:240 - Cannot read IP mode file for STMicroelectronics.FP-ATR-SIGFOX1.3.2.0
2023-09-09 01:52:26,441 [WARN] PackLoader:240 - Cannot read IP mode file for SEGGER.I-CUBE-embOS.1.3.1
2023-09-09 01:52:26,470 [WARN] PackLoader:240 - Cannot read IP mode file for STMicroelectronics.X-CUBE-GNSS1.6.0.0
2023-09-09 01:52:26,492 [WARN] PackLoader:240 - Cannot read IP mode file for STMicroelectronics.X-CUBE-AZRTOS-F4.1.1.0
2023-09-09 01:52:26,506 [WARN] PackLoader:240 - Cannot read IP mode file for wolfSSL.I-CUBE-wolfSSL.5.6.3
2023-09-09 01:52:26,528 [WARN] PackLoader:240 - Cannot read IP mode file for STMicroelectronics.X-CUBE-AZRTOS-L5.2.0.0
2023-09-09 01:52:26,565 [WARN] PackLoader:240 - Cannot read IP mode file for STMicroelectronics.X-CUBE-MEMS1.9.6.0
2023-09-09 01:52:26,654 [WARN] PackLoader:240 - Cannot read IP mode file for STMicroelectronics.X-CUBE-BLEMGR.2.0.0
2023-09-09 01:52:26,677 [WARN] ConditionMgr:438 - getConditionDescription Invalid condition id : UX DEVICE CLASS RTOS Condition cause : null
2023-09-09 01:52:26,677 [WARN] ConditionMgr:438 - getConditionDescription Invalid condition id : UX DEVICE CLASS RTOS Condition cause : null
2023-09-09 01:52:26,679 [WARN] PackLoader:240 - Cannot read IP mode file for STMicroelectronics.X-CUBE-AZRTOS-H7.3.1.0
2023-09-09 01:52:26,680 [WARN] ConditionMgr:1039 - genDependencies : Invalid condition id : UX DEVICE CLASS RTOS Condition cause : null
2023-09-09 01:52:26,680 [WARN] ConditionMgr:1039 - genDependencies : Invalid condition id : UX DEVICE CLASS RTOS Condition cause : null
2023-09-09 01:52:26,681 [WARN] ConditionMgr:1039 - genDependencies : Invalid condition id : UX DEVICE CLASS RTOS Condition cause : null
2023-09-09 01:52:26,681 [WARN] ConditionMgr:1039 - genDependencies : Invalid condition id : UX DEVICE CLASS RTOS Condition cause : null
2023-09-09 01:52:26,681 [WARN] ConditionMgr:1039 - genDependencies : Invalid condition id : UX DEVICE CLASS RTOS Condition cause : null
2023-09-09 01:52:26,693 [WARN] PackLoader:240 - Cannot read IP mode file for STMicroelectronics.X-CUBE-NFC7.1.0.1
2023-09-09 01:52:26,698 [WARN] PackLoader:240 - Cannot read IP mode file for STMicroelectronics.X-CUBE-NFC6.3.0.0
2023-09-09 01:52:26,709 [WARN] PackLoader:240 - Cannot read IP mode file for STMicroelectronics.X-CUBE-EEPRMA1.4.1.0
2023-09-09 01:52:26,722 [WARN] PackLoader:240 - Cannot read IP mode file for STMicroelectronics.X-CUBE-AI.8.1.0
2023-09-09 01:52:26,747 [WARN] ConditionMgr:438 - getConditionDescription Invalid condition id : LAN8742 Phy interface Condition cause : null
2023-09-09 01:52:26,747 [WARN] PackLoader:240 - Cannot read IP mode file for STMicroelectronics.X-CUBE-AZRTOS-L4.2.0.0
2023-09-09 01:52:26,748 [WARN] ConditionMgr:1039 - genDependencies : Invalid condition id : LAN8742 Phy interface Condition cause : null
2023-09-09 01:52:26,748 [WARN] ConditionMgr:1039 - genDependencies : Invalid condition id : LAN8742 Phy interface Condition cause : null
2023-09-09 01:52:26,748 [WARN] ConditionMgr:1039 - genDependencies : Invalid condition id : LAN8742 Phy interface Condition cause : null
2023-09-09 01:52:26,764 [WARN] PackLoader:240 - Cannot read IP mode file for STMicroelectronics.X-CUBE-SFXS2LP1.4.0.0
2023-09-09 01:52:26,775 [WARN] PackLoader:240 - Cannot read IP mode file for STMicroelectronics.X-CUBE-ISPU.1.1.0
2023-09-09 01:52:26,795 [WARN] ConditionMgr:438 - getConditionDescription Invalid condition id : UX DEVICE CLASS RTOS Condition cause : null
2023-09-09 01:52:26,795 [WARN] ConditionMgr:438 - getConditionDescription Invalid condition id : UX DEVICE CLASS RTOS Condition cause : null
2023-09-09 01:52:26,797 [WARN] PackLoader:240 - Cannot read IP mode file for STMicroelectronics.X-CUBE-AZRTOS-WB.2.0.0
2023-09-09 01:52:26,797 [WARN] ConditionMgr:1039 - genDependencies : Invalid condition id : UX DEVICE CLASS RTOS Condition cause : null
2023-09-09 01:52:26,798 [WARN] ConditionMgr:1039 - genDependencies : Invalid condition id : UX DEVICE CLASS RTOS Condition cause : null
2023-09-09 01:52:26,798 [WARN] ConditionMgr:1039 - genDependencies : Invalid condition id : UX DEVICE CLASS RTOS Condition cause : null
2023-09-09 01:52:26,798 [WARN] ConditionMgr:1039 - genDependencies : Invalid condition id : UX DEVICE CLASS RTOS Condition cause : null
2023-09-09 01:52:26,798 [WARN] ConditionMgr:1039 - genDependencies : Invalid condition id : UX DEVICE CLASS RTOS Condition cause : null
2023-09-09 01:52:26,814 [WARN] PackLoader:240 - Cannot read IP mode file for STMicroelectronics.X-CUBE-SUBG2.5.0.0
2023-09-09 01:52:26,833 [WARN] PackLoader:240 - Cannot read IP mode file for STMicroelectronics.X-CUBE-TOF1.3.3.1
2023-09-09 01:52:26,856 [WARN] PackLoader:240 - Cannot read IP mode file for STMicroelectronics.X-CUBE-AZRTOS-G4.2.0.0
2023-09-09 01:52:26,866 [WARN] PackLoader:240 - Cannot read IP mode file for STMicroelectronics.X-CUBE-FREERTOS.1.1.0
2023-09-09 01:52:26,879 [WARN] PackLoader:240 - Cannot read IP mode file for portGmbH.I-Cube-SoM-uGOAL.1.1.0
2023-09-09 01:52:26,890 [WARN] PackLoader:240 - Cannot read IP mode file for STMicroelectronics.X-CUBE-ALS.1.0.1
2023-09-09 01:52:26,895 [WARN] PackLoader:240 - Cannot read IP mode file for STMicroelectronics.FP-ATR-ASTRA1.2.0.0
2023-09-09 01:52:26,896 [INFO] ThirdParty:978 - Integrity check success = true
2023-09-09 01:52:26,896 [INFO] IntegrityCheckThread:100 - exiting critical section [integrity check]
2023-09-09 01:52:26,896 [INFO] IntegrityCheckThread:103 - End integrity checks thread
2023-09-09 01:52:40,630 [ERROR] LogOutputStream:75 - [STDERR_REDIRECT] SLF4J: Failed to load class "org.slf4j.impl.StaticLoggerBinder".
2023-09-09 01:52:40,630 [ERROR] LogOutputStream:75 - [STDERR_REDIRECT] SLF4J: Defaulting to no-operation (NOP) logger implementation
2023-09-09 01:52:40,632 [ERROR] LogOutputStream:75 - [STDERR_REDIRECT] SLF4J: See http://www.slf4j.org/codes.html#StaticLoggerBinder for further details.
2023-09-09 01:56:56,412 [ERROR] LogOutputStream:75 - [STDERR_REDIRECT] 
